{"name":"test_POST_11_10","status":"failed","statusDetails":{"known":false,"muted":false,"flaky":false,"message":"Scenario FAILED: 2 out of 3 steps failed. In microservice testing, all workflow steps must succeed for end-to-end validation.","trace":"java.lang.AssertionError: Scenario FAILED: 2 out of 3 steps failed. In microservice testing, all workflow steps must succeed for end-to-end validation.\r\n\tat org.junit.Assert.fail(Assert.java:89)\r\n\tat trainticket_twostage_test.TrainTicketTwoStageTest_1754441806855.POST_api_v1_adminrouteservice_adminroute_11.test_POST_11_10(Unknown Source)\r\n\tat java.base/jdk.internal.reflect.NativeMethodAccessorImpl.invoke0(Native Method)\r\n\tat java.base/jdk.internal.reflect.NativeMethodAccessorImpl.invoke(NativeMethodAccessorImpl.java:62)\r\n\tat java.base/jdk.internal.reflect.DelegatingMethodAccessorImpl.invoke(DelegatingMethodAccessorImpl.java:43)\r\n\tat java.base/java.lang.reflect.Method.invoke(Method.java:566)\r\n\tat org.junit.runners.model.FrameworkMethod$1.runReflectiveCall(FrameworkMethod.java:59)\r\n\tat org.junit.internal.runners.model.ReflectiveCallable.run(ReflectiveCallable.java:12)\r\n\tat org.junit.runners.model.FrameworkMethod.invokeExplosively(FrameworkMethod.java:56)\r\n\tat org.junit.internal.runners.statements.InvokeMethod.evaluate(InvokeMethod.java:17)\r\n\tat org.junit.runners.ParentRunner$3.evaluate(ParentRunner.java:306)\r\n\tat org.junit.runners.BlockJUnit4ClassRunner$1.evaluate(BlockJUnit4ClassRunner.java:100)\r\n\tat org.junit.runners.ParentRunner.runLeaf(ParentRunner.java:366)\r\n\tat org.junit.runners.BlockJUnit4ClassRunner.runChild(BlockJUnit4ClassRunner.java:103)\r\n\tat org.junit.runners.BlockJUnit4ClassRunner.runChild(BlockJUnit4ClassRunner.java:63)\r\n\tat org.junit.runners.ParentRunner$4.run(ParentRunner.java:331)\r\n\tat org.junit.runners.ParentRunner$1.schedule(ParentRunner.java:79)\r\n\tat org.junit.runners.ParentRunner.runChildren(ParentRunner.java:329)\r\n\tat org.junit.runners.ParentRunner.access$100(ParentRunner.java:66)\r\n\tat org.junit.runners.ParentRunner$2.evaluate(ParentRunner.java:293)\r\n\tat org.junit.internal.runners.statements.RunBefores.evaluate(RunBefores.java:26)\r\n\tat org.junit.runners.ParentRunner$3.evaluate(ParentRunner.java:306)\r\n\tat org.junit.runners.ParentRunner.run(ParentRunner.java:413)\r\n\tat org.junit.runners.Suite.runChild(Suite.java:128)\r\n\tat org.junit.runners.Suite.runChild(Suite.java:27)\r\n\tat org.junit.runners.ParentRunner$4.run(ParentRunner.java:331)\r\n\tat org.junit.runners.ParentRunner$1.schedule(ParentRunner.java:79)\r\n\tat org.junit.runners.ParentRunner.runChildren(ParentRunner.java:329)\r\n\tat org.junit.runners.ParentRunner.access$100(ParentRunner.java:66)\r\n\tat org.junit.runners.ParentRunner$2.evaluate(ParentRunner.java:293)\r\n\tat org.junit.runners.ParentRunner$3.evaluate(ParentRunner.java:306)\r\n\tat org.junit.runners.ParentRunner.run(ParentRunner.java:413)\r\n\tat org.junit.runner.JUnitCore.run(JUnitCore.java:137)\r\n\tat org.junit.runner.JUnitCore.run(JUnitCore.java:115)\r\n\tat org.junit.runner.JUnitCore.run(JUnitCore.java:105)\r\n\tat org.junit.runner.JUnitCore.run(JUnitCore.java:94)\r\n\tat es.us.isa.restest.main.TestGenerationAndExecution.executeGeneratedTestsWithJUnit(TestGenerationAndExecution.java:910)\r\n\tat es.us.isa.restest.main.TestGenerationAndExecution.main(TestGenerationAndExecution.java:198)\r\n"},"stage":"finished","description":"Microservice test scenario with 3 steps.","steps":[{"name":"\uD83D\uDD10 Step 0: Authentication (Login)","status":"passed","stage":"finished","steps":[],"attachments":[{"name":"Request","source":"d07be062-6c15-4c83-97ef-894255c5ac28-attachment.html","type":"text/html"},{"name":"Request","source":"f8a7a05b-3fd4-4056-99a2-0b19fd10016d-attachment.html","type":"text/html"},{"name":"Request","source":"fa23c29e-12d0-441e-ab2a-9f35e14d0352-attachment.html","type":"text/html"},{"name":"Request","source":"6312d053-4a26-4976-b00b-f6b678e3b38b-attachment.html","type":"text/html"},{"name":"Request","source":"fba9b274-169f-47b9-a3e2-f0723902ee84-attachment.html","type":"text/html"},{"name":"HTTP/1.1 200 ","source":"d9e1b3c2-4937-4c70-91ea-7dc5cb9097d1-attachment.html","type":"text/html"},{"name":"HTTP/1.1 200 ","source":"fd3871a8-ce15-4bd3-8504-64909171c257-attachment.html","type":"text/html"},{"name":"HTTP/1.1 200 ","source":"16bcd678-cfbf-40f6-9804-db065fc88ef1-attachment.html","type":"text/html"},{"name":"HTTP/1.1 200 ","source":"df8f035a-d101-4eac-ac0e-c7a349c9a8da-attachment.html","type":"text/html"},{"name":"HTTP/1.1 200 ","source":"cad9777b-e088-4393-b900-ca388d24a45a-attachment.html","type":"text/html"},{"name":"\uD83D\uDD10 Login Response","source":"aa5224e5-8748-4ea3-994c-5db108a97f91-attachment.txt","type":"application/json"}],"parameters":[],"start":1754442635968,"stop":1754442636082},{"name":"Step 1: ts-admin-route-service POST /api/v1/adminrouteservice/adminroute (expect 200)","status":"broken","statusDetails":{"known":false,"muted":false,"flaky":false,"message":"Step failed: Status Code Mismatch","trace":"java.lang.RuntimeException: Step failed: Status Code Mismatch\r\n\tat trainticket_twostage_test.TrainTicketTwoStageTest_1754441806855.POST_api_v1_adminrouteservice_adminroute_11.lambda$test_POST_11_10$55(Unknown Source)\r\n\tat io.qameta.allure.Allure.lambda$step$0(Allure.java:113)\r\n\tat io.qameta.allure.Allure.lambda$step$1(Allure.java:127)\r\n\tat io.qameta.allure.Allure.step(Allure.java:181)\r\n\tat io.qameta.allure.Allure.step(Allure.java:125)\r\n\tat io.qameta.allure.Allure.step(Allure.java:112)\r\n\tat trainticket_twostage_test.TrainTicketTwoStageTest_1754441806855.POST_api_v1_adminrouteservice_adminroute_11.test_POST_11_10(Unknown Source)\r\n\tat java.base/jdk.internal.reflect.NativeMethodAccessorImpl.invoke0(Native Method)\r\n\tat java.base/jdk.internal.reflect.NativeMethodAccessorImpl.invoke(NativeMethodAccessorImpl.java:62)\r\n\tat java.base/jdk.internal.reflect.DelegatingMethodAccessorImpl.invoke(DelegatingMethodAccessorImpl.java:43)\r\n\tat java.base/java.lang.reflect.Method.invoke(Method.java:566)\r\n\tat org.junit.runners.model.FrameworkMethod$1.runReflectiveCall(FrameworkMethod.java:59)\r\n\tat org.junit.internal.runners.model.ReflectiveCallable.run(ReflectiveCallable.java:12)\r\n\tat org.junit.runners.model.FrameworkMethod.invokeExplosively(FrameworkMethod.java:56)\r\n\tat org.junit.internal.runners.statements.InvokeMethod.evaluate(InvokeMethod.java:17)\r\n\tat org.junit.runners.ParentRunner$3.evaluate(ParentRunner.java:306)\r\n\tat org.junit.runners.BlockJUnit4ClassRunner$1.evaluate(BlockJUnit4ClassRunner.java:100)\r\n\tat org.junit.runners.ParentRunner.runLeaf(ParentRunner.java:366)\r\n\tat org.junit.runners.BlockJUnit4ClassRunner.runChild(BlockJUnit4ClassRunner.java:103)\r\n\tat org.junit.runners.BlockJUnit4ClassRunner.runChild(BlockJUnit4ClassRunner.java:63)\r\n\tat org.junit.runners.ParentRunner$4.run(ParentRunner.java:331)\r\n\tat org.junit.runners.ParentRunner$1.schedule(ParentRunner.java:79)\r\n\tat org.junit.runners.ParentRunner.runChildren(ParentRunner.java:329)\r\n\tat org.junit.runners.ParentRunner.access$100(ParentRunner.java:66)\r\n\tat org.junit.runners.ParentRunner$2.evaluate(ParentRunner.java:293)\r\n\tat org.junit.internal.runners.statements.RunBefores.evaluate(RunBefores.java:26)\r\n\tat org.junit.runners.ParentRunner$3.evaluate(ParentRunner.java:306)\r\n\tat org.junit.runners.ParentRunner.run(ParentRunner.java:413)\r\n\tat org.junit.runners.Suite.runChild(Suite.java:128)\r\n\tat org.junit.runners.Suite.runChild(Suite.java:27)\r\n\tat org.junit.runners.ParentRunner$4.run(ParentRunner.java:331)\r\n\tat org.junit.runners.ParentRunner$1.schedule(ParentRunner.java:79)\r\n\tat org.junit.runners.ParentRunner.runChildren(ParentRunner.java:329)\r\n\tat org.junit.runners.ParentRunner.access$100(ParentRunner.java:66)\r\n\tat org.junit.runners.ParentRunner$2.evaluate(ParentRunner.java:293)\r\n\tat org.junit.runners.ParentRunner$3.evaluate(ParentRunner.java:306)\r\n\tat org.junit.runners.ParentRunner.run(ParentRunner.java:413)\r\n\tat org.junit.runner.JUnitCore.run(JUnitCore.java:137)\r\n\tat org.junit.runner.JUnitCore.run(JUnitCore.java:115)\r\n\tat org.junit.runner.JUnitCore.run(JUnitCore.java:105)\r\n\tat org.junit.runner.JUnitCore.run(JUnitCore.java:94)\r\n\tat es.us.isa.restest.main.TestGenerationAndExecution.executeGeneratedTestsWithJUnit(TestGenerationAndExecution.java:910)\r\n\tat es.us.isa.restest.main.TestGenerationAndExecution.main(TestGenerationAndExecution.java:198)\r\nCaused by: java.lang.AssertionError: 1 expectation failed.\nExpected status code <200> but was <400>.\n\r\n\tat java.base/jdk.internal.reflect.GeneratedConstructorAccessor91.newInstance(Unknown Source)\r\n\tat java.base/jdk.internal.reflect.DelegatingConstructorAccessorImpl.newInstance(DelegatingConstructorAccessorImpl.java:45)\r\n\tat java.base/java.lang.reflect.Constructor.newInstance(Constructor.java:490)\r\n\tat org.codehaus.groovy.reflection.CachedConstructor.invoke(CachedConstructor.java:80)\r\n\tat org.codehaus.groovy.reflection.CachedConstructor.doConstructorInvoke(CachedConstructor.java:74)\r\n\tat org.codehaus.groovy.runtime.callsite.ConstructorSite$ConstructorSiteNoUnwrap.callConstructor(ConstructorSite.java:84)\r\n\tat org.codehaus.groovy.runtime.callsite.AbstractCallSite.callConstructor(AbstractCallSite.java:249)\r\n\tat io.restassured.internal.ResponseSpecificationImpl$HamcrestAssertionClosure.validate(ResponseSpecificationImpl.groovy:493)\r\n\tat io.restassured.internal.ResponseSpecificationImpl$HamcrestAssertionClosure$validate$1.call(Unknown Source)\r\n\tat io.restassured.internal.ResponseSpecificationImpl.validateResponseIfRequired(ResponseSpecificationImpl.groovy:674)\r\n\tat jdk.internal.reflect.GeneratedMethodAccessor167.invoke(Unknown Source)\r\n\tat java.base/jdk.internal.reflect.DelegatingMethodAccessorImpl.invoke(DelegatingMethodAccessorImpl.java:43)\r\n\tat java.base/java.lang.reflect.Method.invoke(Method.java:566)\r\n\tat org.codehaus.groovy.runtime.callsite.PlainObjectMetaMethodSite.doInvoke(PlainObjectMetaMethodSite.java:43)\r\n\tat org.codehaus.groovy.runtime.callsite.PogoMetaMethodSite$PogoCachedMethodSiteNoUnwrapNoCoerce.invoke(PogoMetaMethodSite.java:190)\r\n\tat org.codehaus.groovy.runtime.callsite.PogoMetaMethodSite.callCurrent(PogoMetaMethodSite.java:58)\r\n\tat org.codehaus.groovy.runtime.callsite.AbstractCallSite.callCurrent(AbstractCallSite.java:168)\r\n\tat io.restassured.internal.ResponseSpecificationImpl.statusCode(ResponseSpecificationImpl.groovy:126)\r\n\tat io.restassured.specification.ResponseSpecification$statusCode$0.callCurrent(Unknown Source)\r\n\tat io.restassured.internal.ResponseSpecificationImpl.statusCode(ResponseSpecificationImpl.groovy:134)\r\n\tat io.restassured.internal.ValidatableResponseOptionsImpl.statusCode(ValidatableResponseOptionsImpl.java:89)\r\n\tat io.restassured.internal.ValidatableResponseImpl.super$2$statusCode(ValidatableResponseImpl.groovy)\r\n\tat jdk.internal.reflect.GeneratedMethodAccessor166.invoke(Unknown Source)\r\n\tat java.base/jdk.internal.reflect.DelegatingMethodAccessorImpl.invoke(DelegatingMethodAccessorImpl.java:43)\r\n\tat java.base/java.lang.reflect.Method.invoke(Method.java:566)\r\n\tat org.codehaus.groovy.reflection.CachedMethod.invoke(CachedMethod.java:101)\r\n\tat groovy.lang.MetaMethod.doMethodInvoke(MetaMethod.java:323)\r\n\tat groovy.lang.MetaClassImpl.invokeMethod(MetaClassImpl.java:1217)\r\n\tat org.codehaus.groovy.runtime.ScriptBytecodeAdapter.invokeMethodOnSuperN(ScriptBytecodeAdapter.java:144)\r\n\tat io.restassured.internal.ValidatableResponseImpl.statusCode(ValidatableResponseImpl.groovy:142)\r\n\tat io.restassured.internal.ValidatableResponseImpl.statusCode(ValidatableResponseImpl.groovy)\r\n\t... 43 more\r\n"},"stage":"finished","steps":[],"attachments":[{"name":"\uD83D\uDCE4 Request Body","source":"655ebcbd-81ba-4820-983a-4e7d0434232e-attachment.txt","type":"application/json"},{"name":"Request","source":"506be503-c9ca-4b2c-b61b-652ce5e208c4-attachment.html","type":"text/html"},{"name":"Request","source":"e92e0293-ef52-4bc1-aa43-815b5a4329a5-attachment.html","type":"text/html"},{"name":"Request","source":"f2ad2459-cf55-43c8-bf14-3959f5235cd5-attachment.html","type":"text/html"},{"name":"Request","source":"2859f5ef-4634-4ae0-a979-a04796efc6a1-attachment.html","type":"text/html"},{"name":"Request","source":"092d12f4-0665-48d2-aff2-076cb3a7a58f-attachment.html","type":"text/html"},{"name":"HTTP/1.1 400 ","source":"51d02e0a-75f1-46f7-988b-51a5d2c5e2f6-attachment.html","type":"text/html"},{"name":"HTTP/1.1 400 ","source":"cbb030cc-8886-4fcc-a27f-3b97a3d62da0-attachment.html","type":"text/html"},{"name":"HTTP/1.1 400 ","source":"edfbfe47-56e5-431a-a46d-046ff6594e45-attachment.html","type":"text/html"},{"name":"HTTP/1.1 400 ","source":"b5e9a54a-fe8e-41c4-ba03-d0e23a94da4c-attachment.html","type":"text/html"},{"name":"HTTP/1.1 400 ","source":"e8e791e3-de9b-4312-b545-0411b15b0543-attachment.html","type":"text/html"},{"name":"\uD83D\uDCA5 Error Details","source":"d5547e53-6f8a-4159-ad68-91dc18698972-attachment.txt","type":"text/plain"}],"parameters":[],"start":1754442636083,"stop":1754442636108},{"name":"Step 2: ts-station-service POST /api/v1/stationservice/stations/idlist (expect 200)","status":"passed","stage":"finished","steps":[],"attachments":[{"name":"\uD83D\uDCE4 Request Body","source":"e3ca9da2-6e63-4a98-8450-c3a24fb12132-attachment.txt","type":"application/json"},{"name":"Request","source":"57ac96eb-8617-4cb6-bc83-939edb717fbe-attachment.html","type":"text/html"},{"name":"Request","source":"19ef97b4-1c0e-4209-8df4-64c4982494c9-attachment.html","type":"text/html"},{"name":"Request","source":"a3fae9c6-60db-40f8-959c-b10d14fae36b-attachment.html","type":"text/html"},{"name":"Request","source":"2664784a-fa9c-45f0-8b75-6c38e98f8af8-attachment.html","type":"text/html"},{"name":"Request","source":"9c76f434-ed99-44de-8afc-f9bd5d5f01a3-attachment.html","type":"text/html"},{"name":"HTTP/1.1 200 ","source":"3592c6e2-76b9-43f3-8ed8-34ef158670ee-attachment.html","type":"text/html"},{"name":"HTTP/1.1 200 ","source":"5f8b70a1-aa47-4ba4-b1b1-f66fb4c54298-attachment.html","type":"text/html"},{"name":"HTTP/1.1 200 ","source":"a7b2a19e-e7f9-4a58-85fd-7f9ad3d94fe2-attachment.html","type":"text/html"},{"name":"HTTP/1.1 200 ","source":"a4799a71-93d2-4a4a-9553-ee079b73777a-attachment.html","type":"text/html"},{"name":"HTTP/1.1 200 ","source":"faf0a58b-4e24-475f-8921-a7f047ba4104-attachment.html","type":"text/html"},{"name":"\uD83D\uDCE5 Response (200)","source":"13c8a5cc-48fd-445a-a58f-da490de1b44d-attachment.txt","type":"application/json"}],"parameters":[],"start":1754442636108,"stop":1754442636137},{"name":"Step 3: ts-route-service POST /api/v1/routeservice/routes (expect 200)","status":"broken","statusDetails":{"known":false,"muted":false,"flaky":false,"message":"Step failed: Status Code Mismatch","trace":"java.lang.RuntimeException: Step failed: Status Code Mismatch\r\n\tat trainticket_twostage_test.TrainTicketTwoStageTest_1754441806855.POST_api_v1_adminrouteservice_adminroute_11.lambda$test_POST_11_10$57(Unknown Source)\r\n\tat io.qameta.allure.Allure.lambda$step$0(Allure.java:113)\r\n\tat io.qameta.allure.Allure.lambda$step$1(Allure.java:127)\r\n\tat io.qameta.allure.Allure.step(Allure.java:181)\r\n\tat io.qameta.allure.Allure.step(Allure.java:125)\r\n\tat io.qameta.allure.Allure.step(Allure.java:112)\r\n\tat trainticket_twostage_test.TrainTicketTwoStageTest_1754441806855.POST_api_v1_adminrouteservice_adminroute_11.test_POST_11_10(Unknown Source)\r\n\tat java.base/jdk.internal.reflect.NativeMethodAccessorImpl.invoke0(Native Method)\r\n\tat java.base/jdk.internal.reflect.NativeMethodAccessorImpl.invoke(NativeMethodAccessorImpl.java:62)\r\n\tat java.base/jdk.internal.reflect.DelegatingMethodAccessorImpl.invoke(DelegatingMethodAccessorImpl.java:43)\r\n\tat java.base/java.lang.reflect.Method.invoke(Method.java:566)\r\n\tat org.junit.runners.model.FrameworkMethod$1.runReflectiveCall(FrameworkMethod.java:59)\r\n\tat org.junit.internal.runners.model.ReflectiveCallable.run(ReflectiveCallable.java:12)\r\n\tat org.junit.runners.model.FrameworkMethod.invokeExplosively(FrameworkMethod.java:56)\r\n\tat org.junit.internal.runners.statements.InvokeMethod.evaluate(InvokeMethod.java:17)\r\n\tat org.junit.runners.ParentRunner$3.evaluate(ParentRunner.java:306)\r\n\tat org.junit.runners.BlockJUnit4ClassRunner$1.evaluate(BlockJUnit4ClassRunner.java:100)\r\n\tat org.junit.runners.ParentRunner.runLeaf(ParentRunner.java:366)\r\n\tat org.junit.runners.BlockJUnit4ClassRunner.runChild(BlockJUnit4ClassRunner.java:103)\r\n\tat org.junit.runners.BlockJUnit4ClassRunner.runChild(BlockJUnit4ClassRunner.java:63)\r\n\tat org.junit.runners.ParentRunner$4.run(ParentRunner.java:331)\r\n\tat org.junit.runners.ParentRunner$1.schedule(ParentRunner.java:79)\r\n\tat org.junit.runners.ParentRunner.runChildren(ParentRunner.java:329)\r\n\tat org.junit.runners.ParentRunner.access$100(ParentRunner.java:66)\r\n\tat org.junit.runners.ParentRunner$2.evaluate(ParentRunner.java:293)\r\n\tat org.junit.internal.runners.statements.RunBefores.evaluate(RunBefores.java:26)\r\n\tat org.junit.runners.ParentRunner$3.evaluate(ParentRunner.java:306)\r\n\tat org.junit.runners.ParentRunner.run(ParentRunner.java:413)\r\n\tat org.junit.runners.Suite.runChild(Suite.java:128)\r\n\tat org.junit.runners.Suite.runChild(Suite.java:27)\r\n\tat org.junit.runners.ParentRunner$4.run(ParentRunner.java:331)\r\n\tat org.junit.runners.ParentRunner$1.schedule(ParentRunner.java:79)\r\n\tat org.junit.runners.ParentRunner.runChildren(ParentRunner.java:329)\r\n\tat org.junit.runners.ParentRunner.access$100(ParentRunner.java:66)\r\n\tat org.junit.runners.ParentRunner$2.evaluate(ParentRunner.java:293)\r\n\tat org.junit.runners.ParentRunner$3.evaluate(ParentRunner.java:306)\r\n\tat org.junit.runners.ParentRunner.run(ParentRunner.java:413)\r\n\tat org.junit.runner.JUnitCore.run(JUnitCore.java:137)\r\n\tat org.junit.runner.JUnitCore.run(JUnitCore.java:115)\r\n\tat org.junit.runner.JUnitCore.run(JUnitCore.java:105)\r\n\tat org.junit.runner.JUnitCore.run(JUnitCore.java:94)\r\n\tat es.us.isa.restest.main.TestGenerationAndExecution.executeGeneratedTestsWithJUnit(TestGenerationAndExecution.java:910)\r\n\tat es.us.isa.restest.main.TestGenerationAndExecution.main(TestGenerationAndExecution.java:198)\r\nCaused by: java.lang.AssertionError: 1 expectation failed.\nExpected status code <200> but was <500>.\n\r\n\tat java.base/jdk.internal.reflect.GeneratedConstructorAccessor91.newInstance(Unknown Source)\r\n\tat java.base/jdk.internal.reflect.DelegatingConstructorAccessorImpl.newInstance(DelegatingConstructorAccessorImpl.java:45)\r\n\tat java.base/java.lang.reflect.Constructor.newInstance(Constructor.java:490)\r\n\tat org.codehaus.groovy.reflection.CachedConstructor.invoke(CachedConstructor.java:80)\r\n\tat org.codehaus.groovy.reflection.CachedConstructor.doConstructorInvoke(CachedConstructor.java:74)\r\n\tat org.codehaus.groovy.runtime.callsite.ConstructorSite$ConstructorSiteNoUnwrap.callConstructor(ConstructorSite.java:84)\r\n\tat org.codehaus.groovy.runtime.callsite.AbstractCallSite.callConstructor(AbstractCallSite.java:249)\r\n\tat io.restassured.internal.ResponseSpecificationImpl$HamcrestAssertionClosure.validate(ResponseSpecificationImpl.groovy:493)\r\n\tat io.restassured.internal.ResponseSpecificationImpl$HamcrestAssertionClosure$validate$1.call(Unknown Source)\r\n\tat io.restassured.internal.ResponseSpecificationImpl.validateResponseIfRequired(ResponseSpecificationImpl.groovy:674)\r\n\tat jdk.internal.reflect.GeneratedMethodAccessor167.invoke(Unknown Source)\r\n\tat java.base/jdk.internal.reflect.DelegatingMethodAccessorImpl.invoke(DelegatingMethodAccessorImpl.java:43)\r\n\tat java.base/java.lang.reflect.Method.invoke(Method.java:566)\r\n\tat org.codehaus.groovy.runtime.callsite.PlainObjectMetaMethodSite.doInvoke(PlainObjectMetaMethodSite.java:43)\r\n\tat org.codehaus.groovy.runtime.callsite.PogoMetaMethodSite$PogoCachedMethodSiteNoUnwrapNoCoerce.invoke(PogoMetaMethodSite.java:190)\r\n\tat org.codehaus.groovy.runtime.callsite.PogoMetaMethodSite.callCurrent(PogoMetaMethodSite.java:58)\r\n\tat org.codehaus.groovy.runtime.callsite.AbstractCallSite.callCurrent(AbstractCallSite.java:168)\r\n\tat io.restassured.internal.ResponseSpecificationImpl.statusCode(ResponseSpecificationImpl.groovy:126)\r\n\tat io.restassured.specification.ResponseSpecification$statusCode$0.callCurrent(Unknown Source)\r\n\tat io.restassured.internal.ResponseSpecificationImpl.statusCode(ResponseSpecificationImpl.groovy:134)\r\n\tat io.restassured.internal.ValidatableResponseOptionsImpl.statusCode(ValidatableResponseOptionsImpl.java:89)\r\n\tat io.restassured.internal.ValidatableResponseImpl.super$2$statusCode(ValidatableResponseImpl.groovy)\r\n\tat jdk.internal.reflect.GeneratedMethodAccessor166.invoke(Unknown Source)\r\n\tat java.base/jdk.internal.reflect.DelegatingMethodAccessorImpl.invoke(DelegatingMethodAccessorImpl.java:43)\r\n\tat java.base/java.lang.reflect.Method.invoke(Method.java:566)\r\n\tat org.codehaus.groovy.reflection.CachedMethod.invoke(CachedMethod.java:101)\r\n\tat groovy.lang.MetaMethod.doMethodInvoke(MetaMethod.java:323)\r\n\tat groovy.lang.MetaClassImpl.invokeMethod(MetaClassImpl.java:1217)\r\n\tat org.codehaus.groovy.runtime.ScriptBytecodeAdapter.invokeMethodOnSuperN(ScriptBytecodeAdapter.java:144)\r\n\tat io.restassured.internal.ValidatableResponseImpl.statusCode(ValidatableResponseImpl.groovy:142)\r\n\tat io.restassured.internal.ValidatableResponseImpl.statusCode(ValidatableResponseImpl.groovy)\r\n\t... 43 more\r\n"},"stage":"finished","steps":[],"attachments":[{"name":"\uD83D\uDCE4 Request Body","source":"9b110d37-0d26-4a1d-b815-9f4f03e88331-attachment.txt","type":"application/json"},{"name":"Request","source":"6374cc37-fa6c-44c7-b8ac-d59125c04e9d-attachment.html","type":"text/html"},{"name":"Request","source":"0deaa3ae-7ade-4d29-ad03-98c1aba76460-attachment.html","type":"text/html"},{"name":"Request","source":"cb658e0e-10e6-466e-877c-f290414414f9-attachment.html","type":"text/html"},{"name":"Request","source":"46c05901-d60f-4cd4-805a-10b94be0ea76-attachment.html","type":"text/html"},{"name":"Request","source":"bf14789b-9ea4-407c-ade4-ea0acec0a984-attachment.html","type":"text/html"},{"name":"HTTP/1.1 500 ","source":"98096249-1653-4434-887c-8dc92382b8f6-attachment.html","type":"text/html"},{"name":"HTTP/1.1 500 ","source":"986723b9-13cb-4cf6-a61f-f520cd670ddb-attachment.html","type":"text/html"},{"name":"HTTP/1.1 500 ","source":"c6f10461-1076-465e-a8f4-5950b7929cd5-attachment.html","type":"text/html"},{"name":"HTTP/1.1 500 ","source":"a304e082-cada-4b2c-92c0-4d087d8550a8-attachment.html","type":"text/html"},{"name":"HTTP/1.1 500 ","source":"a94b7ebf-a3c9-43bb-a7de-99f47b54433a-attachment.html","type":"text/html"},{"name":"\uD83D\uDCA5 Error Details","source":"3cdea98a-c8c0-4488-b9eb-b6a346ebcdd3-attachment.txt","type":"text/plain"}],"parameters":[],"start":1754442636137,"stop":1754442636165}],"attachments":[],"parameters":[{"name":"\uD83C\uDFE2 Service","value":"Authentication Service"},{"name":"\uD83D\uDCE1 HTTP Method","value":"POST"},{"name":"\uD83D\uDD17 Endpoint","value":"/api/v1/users/login"},{"name":"\uD83C\uDFAF Expected Status","value":"200"},{"name":"\uD83D\uDC64 Username","value":"admin"},{"name":"\uD83D\uDEA6 Execution Decision","value":"▶️ EXECUTE - Authentication required"},{"name":"\uD83C\uDFAF Result","value":"✅ SUCCESS (Token: Yes)"},{"name":"\uD83C\uDFE2 Service","value":"ts-admin-route-service"},{"name":"\uD83D\uDCE1 HTTP Method","value":"POST"},{"name":"\uD83D\uDD17 Endpoint","value":"/api/v1/adminrouteservice/adminroute"},{"name":"\uD83C\uDFAF Expected Status","value":"200"},{"name":"\uD83D\uDD17 Dependency Type","value":"INDEPENDENT (can execute regardless of other step results)"},{"name":"\uD83D\uDEA6 Execution Decision","value":"▶️ EXECUTE - All dependencies satisfied"},{"name":"\uD83C\uDFAF Result","value":"❌ FAILED (Status Code Mismatch)"},{"name":"\uD83C\uDFE2 Service","value":"ts-station-service"},{"name":"\uD83D\uDCE1 HTTP Method","value":"POST"},{"name":"\uD83D\uDD17 Endpoint","value":"/api/v1/stationservice/stations/idlist"},{"name":"\uD83C\uDFAF Expected Status","value":"200"},{"name":"\uD83D\uDD17 Dependency Type","value":"INDEPENDENT (can execute regardless of other step results)"},{"name":"\uD83D\uDEA6 Execution Decision","value":"▶️ EXECUTE - All dependencies satisfied"},{"name":"\uD83C\uDFAF Result","value":"✅ SUCCESS (200 in 15ms)"},{"name":"\uD83C\uDFE2 Service","value":"ts-route-service"},{"name":"\uD83D\uDCE1 HTTP Method","value":"POST"},{"name":"\uD83D\uDD17 Endpoint","value":"/api/v1/routeservice/routes"},{"name":"\uD83C\uDFAF Expected Status","value":"200"},{"name":"\uD83D\uDD17 Dependency Type","value":"INDEPENDENT (can execute regardless of other step results)"},{"name":"\uD83D\uDEA6 Execution Decision","value":"▶️ EXECUTE - All dependencies satisfied"},{"name":"\uD83C\uDFAF Result","value":"❌ FAILED (Status Code Mismatch)"},{"name":"\uD83D\uDCCA Scenario Result","value":"⚠️ PARTIAL FAILURE (1/3 steps)"}],"start":1754442635968,"stop":1754442636165,"uuid":"1cde7fa0-e91f-419f-a985-2b4f367a7024","historyId":"171fcf3a23b8e9e5ba005b2c567ed211","fullName":"trainticket_twostage_test.TrainTicketTwoStageTest_1754441806855.POST_api_v1_adminrouteservice_adminroute_11.test_POST_11_10","labels":[{"name":"package","value":"trainticket_twostage_test.TrainTicketTwoStageTest_1754441806855"},{"name":"testClass","value":"trainticket_twostage_test.TrainTicketTwoStageTest_1754441806855.POST_api_v1_adminrouteservice_adminroute_11"},{"name":"testMethod","value":"test_POST_11_10"},{"name":"suite","value":"trainticket_twostage_test.TrainTicketTwoStageTest_1754441806855.POST_api_v1_adminrouteservice_adminroute_11"},{"name":"host","value":"CSGRAD08"},{"name":"thread","value":"14616@CSGRAD08.main(1)"},{"name":"framework","value":"junit4"},{"name":"language","value":"java"},{"name":"severity","value":"major"},{"name":"feature","value":"Microservice Workflow"},{"name":"story","value":"test_POST_11_10"}],"links":[]}