{"name":"testScenario36","status":"failed","statusDetails":{"known":false,"muted":false,"flaky":false,"message":"Scenario FAILED: 1 out of 2 steps failed. In microservice testing, all workflow steps must succeed for end-to-end validation.","trace":"java.lang.AssertionError: Scenario FAILED: 1 out of 2 steps failed. In microservice testing, all workflow steps must succeed for end-to-end validation.\r\n\tat org.junit.Assert.fail(Assert.java:89)\r\n\tat trainticket_twostage_test.TrainTicketTwoStageTest_1752099561271.testScenario36(TrainTicketTwoStageTest_1752099561271.java:11693)\r\n\tat java.base/jdk.internal.reflect.NativeMethodAccessorImpl.invoke0(Native Method)\r\n\tat java.base/jdk.internal.reflect.NativeMethodAccessorImpl.invoke(NativeMethodAccessorImpl.java:62)\r\n\tat java.base/jdk.internal.reflect.DelegatingMethodAccessorImpl.invoke(DelegatingMethodAccessorImpl.java:43)\r\n\tat java.base/java.lang.reflect.Method.invoke(Method.java:566)\r\n\tat org.junit.runners.model.FrameworkMethod$1.runReflectiveCall(FrameworkMethod.java:59)\r\n\tat org.junit.internal.runners.model.ReflectiveCallable.run(ReflectiveCallable.java:12)\r\n\tat org.junit.runners.model.FrameworkMethod.invokeExplosively(FrameworkMethod.java:56)\r\n\tat org.junit.internal.runners.statements.InvokeMethod.evaluate(InvokeMethod.java:17)\r\n\tat org.junit.runners.ParentRunner$3.evaluate(ParentRunner.java:306)\r\n\tat org.junit.runners.BlockJUnit4ClassRunner$1.evaluate(BlockJUnit4ClassRunner.java:100)\r\n\tat org.junit.runners.ParentRunner.runLeaf(ParentRunner.java:366)\r\n\tat org.junit.runners.BlockJUnit4ClassRunner.runChild(BlockJUnit4ClassRunner.java:103)\r\n\tat org.junit.runners.BlockJUnit4ClassRunner.runChild(BlockJUnit4ClassRunner.java:63)\r\n\tat org.junit.runners.ParentRunner$4.run(ParentRunner.java:331)\r\n\tat org.junit.runners.ParentRunner$1.schedule(ParentRunner.java:79)\r\n\tat org.junit.runners.ParentRunner.runChildren(ParentRunner.java:329)\r\n\tat org.junit.runners.ParentRunner.access$100(ParentRunner.java:66)\r\n\tat org.junit.runners.ParentRunner$2.evaluate(ParentRunner.java:293)\r\n\tat org.junit.internal.runners.statements.RunBefores.evaluate(RunBefores.java:26)\r\n\tat org.junit.runners.ParentRunner$3.evaluate(ParentRunner.java:306)\r\n\tat org.junit.runners.ParentRunner.run(ParentRunner.java:413)\r\n\tat org.junit.runners.Suite.runChild(Suite.java:128)\r\n\tat org.junit.runners.Suite.runChild(Suite.java:27)\r\n\tat org.junit.runners.ParentRunner$4.run(ParentRunner.java:331)\r\n\tat org.junit.runners.ParentRunner$1.schedule(ParentRunner.java:79)\r\n\tat org.junit.runners.ParentRunner.runChildren(ParentRunner.java:329)\r\n\tat org.junit.runners.ParentRunner.access$100(ParentRunner.java:66)\r\n\tat org.junit.runners.ParentRunner$2.evaluate(ParentRunner.java:293)\r\n\tat org.junit.runners.ParentRunner$3.evaluate(ParentRunner.java:306)\r\n\tat org.junit.runners.ParentRunner.run(ParentRunner.java:413)\r\n\tat org.junit.runner.JUnitCore.run(JUnitCore.java:137)\r\n\tat org.junit.runner.JUnitCore.run(JUnitCore.java:115)\r\n\tat org.junit.runner.JUnitCore.run(JUnitCore.java:105)\r\n\tat org.junit.runner.JUnitCore.run(JUnitCore.java:94)\r\n\tat es.us.isa.restest.runners.RESTestWorkflow.testExecution(RESTestWorkflow.java:121)\r\n\tat es.us.isa.restest.runners.RESTestWorkflow.run(RESTestWorkflow.java:69)\r\n\tat es.us.isa.restest.main.TestGenerationAndExecution.main(TestGenerationAndExecution.java:152)\r\n"},"stage":"finished","description":"Microservice test scenario with 2 steps. Generated using two-stage LLM + semantic expansion approach.","steps":[{"name":"Login","status":"passed","stage":"finished","steps":[],"attachments":[{"name":"Request","source":"cd262150-3183-4ce0-961b-712049228c1e-attachment.html","type":"text/html"},{"name":"HTTP/1.1 200 ","source":"d934e93a-f2cf-4f5d-9d59-47b6253629ce-attachment.html","type":"text/html"}],"parameters":[],"start":1752100911816,"stop":1752100911930},{"name":"Step 1: ts-admin-basic-info-service POST /api/v1/adminbasicservice/adminbasic/prices","status":"passed","stage":"finished","description":"Service: ts-admin-basic-info-service | Method: POST | Path: /api/v1/adminbasicservice/adminbasic/prices | Expected Status: 200","steps":[],"attachments":[{"name":"Request Body","source":"430fb001-f029-44f9-8198-532b7699e1b9-attachment.txt","type":"application/json"},{"name":"Request","source":"6a998de5-93aa-41fb-8433-6b9aa8fb0215-attachment.html","type":"text/html"},{"name":"HTTP/1.1 200 ","source":"225d9b18-4c30-4248-84e3-3f8f9425141c-attachment.html","type":"text/html"},{"name":"Response Body (Status: 200)","source":"62fbc89d-028c-4cbf-89b4-5c572061dac8-attachment.txt","type":"application/json"}],"parameters":[],"start":1752100911930,"stop":1752100911962},{"name":"Step 2: ts-price-service POST /api/v1/priceservice/prices","status":"failed","stage":"finished","description":"Service: ts-price-service | Method: POST | Path: /api/v1/priceservice/prices | Expected Status: 200","steps":[],"attachments":[{"name":"Request Body","source":"8712f571-d59e-429a-9328-0bdb15fd6b38-attachment.txt","type":"application/json"},{"name":"Request","source":"58ad619c-2dd5-4aad-8c33-a65a365a9790-attachment.html","type":"text/html"},{"name":"HTTP/1.1 201 ","source":"d779f254-a3b7-48a6-9a5c-f25d7d095d00-attachment.html","type":"text/html"},{"name":"Detailed Error Report â€¢ Step 2: ts-price-service POST /api/v1/priceservice/prices","source":"f4a56c43-91e9-4dc4-b9d9-c7b809d78868-attachment.txt","type":"text/plain"}],"parameters":[],"start":1752100911962,"stop":1752100911990}],"attachments":[{"name":"Test Execution Summary","source":"7c1e66d3-c8a4-46af-9dc5-f024f0debb85-attachment.txt","type":"text/plain"}],"parameters":[{"name":"Service","value":"ts-admin-basic-info-service"},{"name":"HTTP Method","value":"POST"},{"name":"Endpoint","value":"/api/v1/adminbasicservice/adminbasic/prices"},{"name":"Expected Status","value":"200"},{"name":"Actual Status Code","value":"200"},{"name":"Response Time (ms)","value":"29"},{"name":"Service","value":"ts-price-service"},{"name":"HTTP Method","value":"POST"},{"name":"Endpoint","value":"/api/v1/priceservice/prices"},{"name":"Expected Status","value":"200"},{"name":"Error Category","value":"Assertion Failed - Unexpected Response"}],"start":1752100911816,"stop":1752100911990,"uuid":"514a2bc1-eb18-4b5b-a9e7-bd11115b8eaa","historyId":"2ba43253a85495b240e561f9789ad170","fullName":"trainticket_twostage_test.TrainTicketTwoStageTest_1752099561271.testScenario36","labels":[{"name":"package","value":"trainticket_twostage_test"},{"name":"testClass","value":"trainticket_twostage_test.TrainTicketTwoStageTest_1752099561271"},{"name":"testMethod","value":"testScenario36"},{"name":"suite","value":"trainticket_twostage_test.TrainTicketTwoStageTest_1752099561271"},{"name":"host","value":"CSGRAD08"},{"name":"thread","value":"14060@CSGRAD08.main(1)"},{"name":"framework","value":"junit4"},{"name":"language","value":"java"},{"name":"testType","value":"Partial Failure"},{"name":"severity","value":"major"},{"name":"feature","value":"Microservice Workflow"},{"name":"story","value":"Scenario_31_variant5"}],"links":[]}