{"name":"testScenario23","status":"failed","statusDetails":{"known":false,"muted":false,"flaky":false,"message":"Scenario FAILED: 2 out of 2 steps failed. In microservice testing, all workflow steps must succeed for end-to-end validation.","trace":"java.lang.AssertionError: Scenario FAILED: 2 out of 2 steps failed. In microservice testing, all workflow steps must succeed for end-to-end validation.\r\n\tat org.junit.Assert.fail(Assert.java:89)\r\n\tat trainticket_twostage_test.TrainTicketTwoStageTest_1752099561271.testScenario23(TrainTicketTwoStageTest_1752099561271.java:8118)\r\n\tat java.base/jdk.internal.reflect.NativeMethodAccessorImpl.invoke0(Native Method)\r\n\tat java.base/jdk.internal.reflect.NativeMethodAccessorImpl.invoke(NativeMethodAccessorImpl.java:62)\r\n\tat java.base/jdk.internal.reflect.DelegatingMethodAccessorImpl.invoke(DelegatingMethodAccessorImpl.java:43)\r\n\tat java.base/java.lang.reflect.Method.invoke(Method.java:566)\r\n\tat org.junit.runners.model.FrameworkMethod$1.runReflectiveCall(FrameworkMethod.java:59)\r\n\tat org.junit.internal.runners.model.ReflectiveCallable.run(ReflectiveCallable.java:12)\r\n\tat org.junit.runners.model.FrameworkMethod.invokeExplosively(FrameworkMethod.java:56)\r\n\tat org.junit.internal.runners.statements.InvokeMethod.evaluate(InvokeMethod.java:17)\r\n\tat org.junit.runners.ParentRunner$3.evaluate(ParentRunner.java:306)\r\n\tat org.junit.runners.BlockJUnit4ClassRunner$1.evaluate(BlockJUnit4ClassRunner.java:100)\r\n\tat org.junit.runners.ParentRunner.runLeaf(ParentRunner.java:366)\r\n\tat org.junit.runners.BlockJUnit4ClassRunner.runChild(BlockJUnit4ClassRunner.java:103)\r\n\tat org.junit.runners.BlockJUnit4ClassRunner.runChild(BlockJUnit4ClassRunner.java:63)\r\n\tat org.junit.runners.ParentRunner$4.run(ParentRunner.java:331)\r\n\tat org.junit.runners.ParentRunner$1.schedule(ParentRunner.java:79)\r\n\tat org.junit.runners.ParentRunner.runChildren(ParentRunner.java:329)\r\n\tat org.junit.runners.ParentRunner.access$100(ParentRunner.java:66)\r\n\tat org.junit.runners.ParentRunner$2.evaluate(ParentRunner.java:293)\r\n\tat org.junit.internal.runners.statements.RunBefores.evaluate(RunBefores.java:26)\r\n\tat org.junit.runners.ParentRunner$3.evaluate(ParentRunner.java:306)\r\n\tat org.junit.runners.ParentRunner.run(ParentRunner.java:413)\r\n\tat org.junit.runners.Suite.runChild(Suite.java:128)\r\n\tat org.junit.runners.Suite.runChild(Suite.java:27)\r\n\tat org.junit.runners.ParentRunner$4.run(ParentRunner.java:331)\r\n\tat org.junit.runners.ParentRunner$1.schedule(ParentRunner.java:79)\r\n\tat org.junit.runners.ParentRunner.runChildren(ParentRunner.java:329)\r\n\tat org.junit.runners.ParentRunner.access$100(ParentRunner.java:66)\r\n\tat org.junit.runners.ParentRunner$2.evaluate(ParentRunner.java:293)\r\n\tat org.junit.runners.ParentRunner$3.evaluate(ParentRunner.java:306)\r\n\tat org.junit.runners.ParentRunner.run(ParentRunner.java:413)\r\n\tat org.junit.runner.JUnitCore.run(JUnitCore.java:137)\r\n\tat org.junit.runner.JUnitCore.run(JUnitCore.java:115)\r\n\tat org.junit.runner.JUnitCore.run(JUnitCore.java:105)\r\n\tat org.junit.runner.JUnitCore.run(JUnitCore.java:94)\r\n\tat es.us.isa.restest.runners.RESTestWorkflow.testExecution(RESTestWorkflow.java:121)\r\n\tat es.us.isa.restest.runners.RESTestWorkflow.run(RESTestWorkflow.java:69)\r\n\tat es.us.isa.restest.main.TestGenerationAndExecution.main(TestGenerationAndExecution.java:152)\r\n"},"stage":"finished","description":"Microservice test scenario with 2 steps. Generated using two-stage LLM + semantic expansion approach.","steps":[{"name":"Login","status":"passed","stage":"finished","steps":[],"attachments":[{"name":"Request","source":"16bbff10-997f-4681-a63c-a2ee6a3fe62b-attachment.html","type":"text/html"},{"name":"HTTP/1.1 200 ","source":"b9e5651a-99d1-43d5-8824-422cb17dbe77-attachment.html","type":"text/html"}],"parameters":[],"start":1752100909087,"stop":1752100909216},{"name":"Step 1: ts-admin-order-service POST /api/v1/adminorderservice/adminorder","status":"failed","stage":"finished","description":"Service: ts-admin-order-service | Method: POST | Path: /api/v1/adminorderservice/adminorder | Expected Status: 200","steps":[],"attachments":[{"name":"Request Body","source":"210c5d20-27bb-4922-9a87-c59306f5c0c7-attachment.txt","type":"application/json"},{"name":"Request","source":"4f20fa98-e503-4402-bdb9-fac6c325fa5a-attachment.html","type":"text/html"},{"name":"HTTP/1.1 400 ","source":"6f7220ca-e940-470b-8d11-cb0060850db1-attachment.html","type":"text/html"},{"name":"Detailed Error Report • Step 1: ts-admin-order-service POST /api/v1/adminorderservice/adminorder","source":"5ebbe187-22e9-4979-80a0-6035feaeb3b2-attachment.txt","type":"text/plain"}],"parameters":[],"start":1752100909216,"stop":1752100909256},{"name":"Step 2: ts-order-other-service POST /api/v1/orderOtherService/orderOther/admin","status":"failed","stage":"finished","description":"Service: ts-order-other-service | Method: POST | Path: /api/v1/orderOtherService/orderOther/admin | Expected Status: 200","steps":[],"attachments":[{"name":"Request Body","source":"864141ab-39ff-4318-b4be-b2888c0dcb52-attachment.txt","type":"application/json"},{"name":"Request","source":"50a4b10f-872c-4817-9188-3a01b097b552-attachment.html","type":"text/html"},{"name":"HTTP/1.1 400 ","source":"a9bdc61e-cf58-4ba3-9ff2-32d82427be63-attachment.html","type":"text/html"},{"name":"Detailed Error Report • Step 2: ts-order-other-service POST /api/v1/orderOtherService/orderOther/admin","source":"493155a0-dc9d-407f-b40c-26f7527b4f34-attachment.txt","type":"text/plain"}],"parameters":[],"start":1752100909256,"stop":1752100909283}],"attachments":[{"name":"Test Execution Summary","source":"1d84dba6-6272-40f3-b2ec-4dd6288da940-attachment.txt","type":"text/plain"}],"parameters":[{"name":"Service","value":"ts-admin-order-service"},{"name":"HTTP Method","value":"POST"},{"name":"Endpoint","value":"/api/v1/adminorderservice/adminorder"},{"name":"Expected Status","value":"200"},{"name":"Error Category","value":"Assertion Failed - Unexpected Response"},{"name":"Service","value":"ts-order-other-service"},{"name":"HTTP Method","value":"POST"},{"name":"Endpoint","value":"/api/v1/orderOtherService/orderOther/admin"},{"name":"Expected Status","value":"200"},{"name":"Error Category","value":"Assertion Failed - Unexpected Response"}],"start":1752100909087,"stop":1752100909283,"uuid":"8bd3ba9b-c9ff-4af0-8496-ad58b1715d8b","historyId":"b58013c1d28f15cb8a85328993057338","fullName":"trainticket_twostage_test.TrainTicketTwoStageTest_1752099561271.testScenario23","labels":[{"name":"package","value":"trainticket_twostage_test"},{"name":"testClass","value":"trainticket_twostage_test.TrainTicketTwoStageTest_1752099561271"},{"name":"testMethod","value":"testScenario23"},{"name":"suite","value":"trainticket_twostage_test.TrainTicketTwoStageTest_1752099561271"},{"name":"host","value":"CSGRAD08"},{"name":"thread","value":"14060@CSGRAD08.main(1)"},{"name":"framework","value":"junit4"},{"name":"language","value":"java"},{"name":"testType","value":"Complete Failure"},{"name":"severity","value":"critical"},{"name":"feature","value":"Microservice Workflow"},{"name":"story","value":"Scenario_21_variant2"}],"links":[]}