{"name":"testScenario34","status":"failed","statusDetails":{"known":false,"muted":false,"flaky":false,"message":"Scenario FAILED: 1 out of 2 steps failed. In microservice testing, all workflow steps must succeed for end-to-end validation.","trace":"java.lang.AssertionError: Scenario FAILED: 1 out of 2 steps failed. In microservice testing, all workflow steps must succeed for end-to-end validation.\r\n\tat org.junit.Assert.fail(Assert.java:89)\r\n\tat trainticket_twostage_test.TrainTicketTwoStageTest_1752099561271.testScenario34(TrainTicketTwoStageTest_1752099561271.java:11143)\r\n\tat java.base/jdk.internal.reflect.NativeMethodAccessorImpl.invoke0(Native Method)\r\n\tat java.base/jdk.internal.reflect.NativeMethodAccessorImpl.invoke(NativeMethodAccessorImpl.java:62)\r\n\tat java.base/jdk.internal.reflect.DelegatingMethodAccessorImpl.invoke(DelegatingMethodAccessorImpl.java:43)\r\n\tat java.base/java.lang.reflect.Method.invoke(Method.java:566)\r\n\tat org.junit.runners.model.FrameworkMethod$1.runReflectiveCall(FrameworkMethod.java:59)\r\n\tat org.junit.internal.runners.model.ReflectiveCallable.run(ReflectiveCallable.java:12)\r\n\tat org.junit.runners.model.FrameworkMethod.invokeExplosively(FrameworkMethod.java:56)\r\n\tat org.junit.internal.runners.statements.InvokeMethod.evaluate(InvokeMethod.java:17)\r\n\tat org.junit.runners.ParentRunner$3.evaluate(ParentRunner.java:306)\r\n\tat org.junit.runners.BlockJUnit4ClassRunner$1.evaluate(BlockJUnit4ClassRunner.java:100)\r\n\tat org.junit.runners.ParentRunner.runLeaf(ParentRunner.java:366)\r\n\tat org.junit.runners.BlockJUnit4ClassRunner.runChild(BlockJUnit4ClassRunner.java:103)\r\n\tat org.junit.runners.BlockJUnit4ClassRunner.runChild(BlockJUnit4ClassRunner.java:63)\r\n\tat org.junit.runners.ParentRunner$4.run(ParentRunner.java:331)\r\n\tat org.junit.runners.ParentRunner$1.schedule(ParentRunner.java:79)\r\n\tat org.junit.runners.ParentRunner.runChildren(ParentRunner.java:329)\r\n\tat org.junit.runners.ParentRunner.access$100(ParentRunner.java:66)\r\n\tat org.junit.runners.ParentRunner$2.evaluate(ParentRunner.java:293)\r\n\tat org.junit.internal.runners.statements.RunBefores.evaluate(RunBefores.java:26)\r\n\tat org.junit.runners.ParentRunner$3.evaluate(ParentRunner.java:306)\r\n\tat org.junit.runners.ParentRunner.run(ParentRunner.java:413)\r\n\tat org.junit.runners.Suite.runChild(Suite.java:128)\r\n\tat org.junit.runners.Suite.runChild(Suite.java:27)\r\n\tat org.junit.runners.ParentRunner$4.run(ParentRunner.java:331)\r\n\tat org.junit.runners.ParentRunner$1.schedule(ParentRunner.java:79)\r\n\tat org.junit.runners.ParentRunner.runChildren(ParentRunner.java:329)\r\n\tat org.junit.runners.ParentRunner.access$100(ParentRunner.java:66)\r\n\tat org.junit.runners.ParentRunner$2.evaluate(ParentRunner.java:293)\r\n\tat org.junit.runners.ParentRunner$3.evaluate(ParentRunner.java:306)\r\n\tat org.junit.runners.ParentRunner.run(ParentRunner.java:413)\r\n\tat org.junit.runner.JUnitCore.run(JUnitCore.java:137)\r\n\tat org.junit.runner.JUnitCore.run(JUnitCore.java:115)\r\n\tat org.junit.runner.JUnitCore.run(JUnitCore.java:105)\r\n\tat org.junit.runner.JUnitCore.run(JUnitCore.java:94)\r\n\tat es.us.isa.restest.runners.RESTestWorkflow.testExecution(RESTestWorkflow.java:121)\r\n\tat es.us.isa.restest.runners.RESTestWorkflow.run(RESTestWorkflow.java:69)\r\n\tat es.us.isa.restest.main.TestGenerationAndExecution.main(TestGenerationAndExecution.java:152)\r\n"},"stage":"finished","description":"Microservice test scenario with 2 steps. Generated using two-stage LLM + semantic expansion approach.","steps":[{"name":"Login","status":"passed","stage":"finished","steps":[],"attachments":[{"name":"Request","source":"fc0154b0-42a9-4867-a754-d1ed587d4688-attachment.html","type":"text/html"},{"name":"HTTP/1.1 200 ","source":"7791f8c4-6225-4916-ab2b-b1b84cab0628-attachment.html","type":"text/html"}],"parameters":[],"start":1752100911390,"stop":1752100911533},{"name":"Step 1: ts-admin-basic-info-service POST /api/v1/adminbasicservice/adminbasic/prices","status":"passed","stage":"finished","description":"Service: ts-admin-basic-info-service | Method: POST | Path: /api/v1/adminbasicservice/adminbasic/prices | Expected Status: 200","steps":[],"attachments":[{"name":"Request Body","source":"8f922b4a-09ba-4b4c-b21e-5dc6ad2f6951-attachment.txt","type":"application/json"},{"name":"Request","source":"2ee00aca-2a1d-431b-b2f2-2732937e525d-attachment.html","type":"text/html"},{"name":"HTTP/1.1 200 ","source":"e9be7512-3214-4a13-a8bc-49f183d367dc-attachment.html","type":"text/html"},{"name":"Response Body (Status: 200)","source":"0892ab38-2d16-4946-a374-7236aa46c46e-attachment.txt","type":"application/json"}],"parameters":[],"start":1752100911533,"stop":1752100911564},{"name":"Step 2: ts-price-service POST /api/v1/priceservice/prices","status":"failed","stage":"finished","description":"Service: ts-price-service | Method: POST | Path: /api/v1/priceservice/prices | Expected Status: 200","steps":[],"attachments":[{"name":"Request Body","source":"cc985a83-3808-47d5-b444-d73e9cdf14a6-attachment.txt","type":"application/json"},{"name":"Request","source":"d47c3fef-1085-40b2-90bc-a149f0745283-attachment.html","type":"text/html"},{"name":"HTTP/1.1 201 ","source":"7e3c34ad-0bd8-4516-922b-427ad00925b6-attachment.html","type":"text/html"},{"name":"Detailed Error Report â€¢ Step 2: ts-price-service POST /api/v1/priceservice/prices","source":"e904b94c-858c-4701-9089-8abd96b21797-attachment.txt","type":"text/plain"}],"parameters":[],"start":1752100911564,"stop":1752100911590}],"attachments":[{"name":"Test Execution Summary","source":"6327852c-42f6-496c-a45a-22e776f2041f-attachment.txt","type":"text/plain"}],"parameters":[{"name":"Service","value":"ts-admin-basic-info-service"},{"name":"HTTP Method","value":"POST"},{"name":"Endpoint","value":"/api/v1/adminbasicservice/adminbasic/prices"},{"name":"Expected Status","value":"200"},{"name":"Actual Status Code","value":"200"},{"name":"Response Time (ms)","value":"27"},{"name":"Service","value":"ts-price-service"},{"name":"HTTP Method","value":"POST"},{"name":"Endpoint","value":"/api/v1/priceservice/prices"},{"name":"Expected Status","value":"200"},{"name":"Error Category","value":"Assertion Failed - Unexpected Response"}],"start":1752100911390,"stop":1752100911590,"uuid":"ae140a7c-7952-47c2-a0a3-4c64e41f7b77","historyId":"649d18cf2d495a50862a124bd4ef3a28","fullName":"trainticket_twostage_test.TrainTicketTwoStageTest_1752099561271.testScenario34","labels":[{"name":"package","value":"trainticket_twostage_test"},{"name":"testClass","value":"trainticket_twostage_test.TrainTicketTwoStageTest_1752099561271"},{"name":"testMethod","value":"testScenario34"},{"name":"suite","value":"trainticket_twostage_test.TrainTicketTwoStageTest_1752099561271"},{"name":"host","value":"CSGRAD08"},{"name":"thread","value":"14060@CSGRAD08.main(1)"},{"name":"framework","value":"junit4"},{"name":"language","value":"java"},{"name":"testType","value":"Partial Failure"},{"name":"severity","value":"major"},{"name":"feature","value":"Microservice Workflow"},{"name":"story","value":"Scenario_31_variant3"}],"links":[]}