{"name":"testScenario22","status":"failed","statusDetails":{"known":false,"muted":false,"flaky":false,"message":"Scenario FAILED: 2 out of 2 steps failed. In microservice testing, all workflow steps must succeed for end-to-end validation.","trace":"java.lang.AssertionError: Scenario FAILED: 2 out of 2 steps failed. In microservice testing, all workflow steps must succeed for end-to-end validation.\r\n\tat org.junit.Assert.fail(Assert.java:89)\r\n\tat trainticket_twostage_test.TrainTicketTwoStageTest_1752099561271.testScenario22(TrainTicketTwoStageTest_1752099561271.java:7843)\r\n\tat java.base/jdk.internal.reflect.NativeMethodAccessorImpl.invoke0(Native Method)\r\n\tat java.base/jdk.internal.reflect.NativeMethodAccessorImpl.invoke(NativeMethodAccessorImpl.java:62)\r\n\tat java.base/jdk.internal.reflect.DelegatingMethodAccessorImpl.invoke(DelegatingMethodAccessorImpl.java:43)\r\n\tat java.base/java.lang.reflect.Method.invoke(Method.java:566)\r\n\tat org.junit.runners.model.FrameworkMethod$1.runReflectiveCall(FrameworkMethod.java:59)\r\n\tat org.junit.internal.runners.model.ReflectiveCallable.run(ReflectiveCallable.java:12)\r\n\tat org.junit.runners.model.FrameworkMethod.invokeExplosively(FrameworkMethod.java:56)\r\n\tat org.junit.internal.runners.statements.InvokeMethod.evaluate(InvokeMethod.java:17)\r\n\tat org.junit.runners.ParentRunner$3.evaluate(ParentRunner.java:306)\r\n\tat org.junit.runners.BlockJUnit4ClassRunner$1.evaluate(BlockJUnit4ClassRunner.java:100)\r\n\tat org.junit.runners.ParentRunner.runLeaf(ParentRunner.java:366)\r\n\tat org.junit.runners.BlockJUnit4ClassRunner.runChild(BlockJUnit4ClassRunner.java:103)\r\n\tat org.junit.runners.BlockJUnit4ClassRunner.runChild(BlockJUnit4ClassRunner.java:63)\r\n\tat org.junit.runners.ParentRunner$4.run(ParentRunner.java:331)\r\n\tat org.junit.runners.ParentRunner$1.schedule(ParentRunner.java:79)\r\n\tat org.junit.runners.ParentRunner.runChildren(ParentRunner.java:329)\r\n\tat org.junit.runners.ParentRunner.access$100(ParentRunner.java:66)\r\n\tat org.junit.runners.ParentRunner$2.evaluate(ParentRunner.java:293)\r\n\tat org.junit.internal.runners.statements.RunBefores.evaluate(RunBefores.java:26)\r\n\tat org.junit.runners.ParentRunner$3.evaluate(ParentRunner.java:306)\r\n\tat org.junit.runners.ParentRunner.run(ParentRunner.java:413)\r\n\tat org.junit.runners.Suite.runChild(Suite.java:128)\r\n\tat org.junit.runners.Suite.runChild(Suite.java:27)\r\n\tat org.junit.runners.ParentRunner$4.run(ParentRunner.java:331)\r\n\tat org.junit.runners.ParentRunner$1.schedule(ParentRunner.java:79)\r\n\tat org.junit.runners.ParentRunner.runChildren(ParentRunner.java:329)\r\n\tat org.junit.runners.ParentRunner.access$100(ParentRunner.java:66)\r\n\tat org.junit.runners.ParentRunner$2.evaluate(ParentRunner.java:293)\r\n\tat org.junit.runners.ParentRunner$3.evaluate(ParentRunner.java:306)\r\n\tat org.junit.runners.ParentRunner.run(ParentRunner.java:413)\r\n\tat org.junit.runner.JUnitCore.run(JUnitCore.java:137)\r\n\tat org.junit.runner.JUnitCore.run(JUnitCore.java:115)\r\n\tat org.junit.runner.JUnitCore.run(JUnitCore.java:105)\r\n\tat org.junit.runner.JUnitCore.run(JUnitCore.java:94)\r\n\tat es.us.isa.restest.runners.RESTestWorkflow.testExecution(RESTestWorkflow.java:121)\r\n\tat es.us.isa.restest.runners.RESTestWorkflow.run(RESTestWorkflow.java:69)\r\n\tat es.us.isa.restest.main.TestGenerationAndExecution.main(TestGenerationAndExecution.java:152)\r\n"},"stage":"finished","description":"Microservice test scenario with 2 steps. Generated using two-stage LLM + semantic expansion approach.","steps":[{"name":"Login","status":"passed","stage":"finished","steps":[],"attachments":[{"name":"Request","source":"d835beef-63ca-4b11-a09c-2fbd886a0305-attachment.html","type":"text/html"},{"name":"HTTP/1.1 200 ","source":"a0c32174-b6aa-4c62-89fa-9d430ed87b36-attachment.html","type":"text/html"}],"parameters":[],"start":1752100908922,"stop":1752100909033},{"name":"Step 1: ts-admin-order-service POST /api/v1/adminorderservice/adminorder","status":"failed","stage":"finished","description":"Service: ts-admin-order-service | Method: POST | Path: /api/v1/adminorderservice/adminorder | Expected Status: 200","steps":[],"attachments":[{"name":"Request Body","source":"d32925f5-4124-4d82-8729-16201802c74e-attachment.txt","type":"application/json"},{"name":"Request","source":"2926cf0f-cb65-4e65-9deb-94d54b0eae3b-attachment.html","type":"text/html"},{"name":"HTTP/1.1 400 ","source":"3ff3d1eb-f241-4403-9e28-5c71c3f949b9-attachment.html","type":"text/html"},{"name":"Detailed Error Report • Step 1: ts-admin-order-service POST /api/v1/adminorderservice/adminorder","source":"17177ad1-20fc-4f85-9cdd-c7b23b186178-attachment.txt","type":"text/plain"}],"parameters":[],"start":1752100909033,"stop":1752100909062},{"name":"Step 2: ts-order-other-service POST /api/v1/orderOtherService/orderOther/admin","status":"failed","stage":"finished","description":"Service: ts-order-other-service | Method: POST | Path: /api/v1/orderOtherService/orderOther/admin | Expected Status: 200","steps":[],"attachments":[{"name":"Request Body","source":"1a47cb0d-1fc6-4225-982c-40b3dd27d300-attachment.txt","type":"application/json"},{"name":"Request","source":"dc95b48e-8fd9-4811-bbaa-1009bc2c4ac1-attachment.html","type":"text/html"},{"name":"HTTP/1.1 400 ","source":"d265cede-8267-4368-a413-067dc6865539-attachment.html","type":"text/html"},{"name":"Detailed Error Report • Step 2: ts-order-other-service POST /api/v1/orderOtherService/orderOther/admin","source":"2965a2c2-830a-41d3-8e64-9630edadb51a-attachment.txt","type":"text/plain"}],"parameters":[],"start":1752100909062,"stop":1752100909087}],"attachments":[{"name":"Test Execution Summary","source":"c6f66c34-b51d-458b-a80d-bb347752f7f7-attachment.txt","type":"text/plain"}],"parameters":[{"name":"Service","value":"ts-admin-order-service"},{"name":"HTTP Method","value":"POST"},{"name":"Endpoint","value":"/api/v1/adminorderservice/adminorder"},{"name":"Expected Status","value":"200"},{"name":"Error Category","value":"Assertion Failed - Unexpected Response"},{"name":"Service","value":"ts-order-other-service"},{"name":"HTTP Method","value":"POST"},{"name":"Endpoint","value":"/api/v1/orderOtherService/orderOther/admin"},{"name":"Expected Status","value":"200"},{"name":"Error Category","value":"Assertion Failed - Unexpected Response"}],"start":1752100908922,"stop":1752100909087,"uuid":"b484c666-742e-4682-bfa5-aa8dd2957dc6","historyId":"ad93996258193fdf2b753ad54bc5d094","fullName":"trainticket_twostage_test.TrainTicketTwoStageTest_1752099561271.testScenario22","labels":[{"name":"package","value":"trainticket_twostage_test"},{"name":"testClass","value":"trainticket_twostage_test.TrainTicketTwoStageTest_1752099561271"},{"name":"testMethod","value":"testScenario22"},{"name":"suite","value":"trainticket_twostage_test.TrainTicketTwoStageTest_1752099561271"},{"name":"host","value":"CSGRAD08"},{"name":"thread","value":"14060@CSGRAD08.main(1)"},{"name":"framework","value":"junit4"},{"name":"language","value":"java"},{"name":"testType","value":"Complete Failure"},{"name":"severity","value":"critical"},{"name":"feature","value":"Microservice Workflow"},{"name":"story","value":"Scenario_21_variant1"}],"links":[]}