{"name":"testScenario18","status":"failed","statusDetails":{"known":false,"muted":false,"flaky":false,"message":"Scenario FAILED: 3 out of 3 steps failed. In microservice testing, all workflow steps must succeed for end-to-end validation.","trace":"java.lang.AssertionError: Scenario FAILED: 3 out of 3 steps failed. In microservice testing, all workflow steps must succeed for end-to-end validation.\r\n\tat org.junit.Assert.fail(Assert.java:89)\r\n\tat trainticket_twostage_test.TrainTicketTwoStageTest_1752099561271.testScenario18(TrainTicketTwoStageTest_1752099561271.java:6565)\r\n\tat java.base/jdk.internal.reflect.NativeMethodAccessorImpl.invoke0(Native Method)\r\n\tat java.base/jdk.internal.reflect.NativeMethodAccessorImpl.invoke(NativeMethodAccessorImpl.java:62)\r\n\tat java.base/jdk.internal.reflect.DelegatingMethodAccessorImpl.invoke(DelegatingMethodAccessorImpl.java:43)\r\n\tat java.base/java.lang.reflect.Method.invoke(Method.java:566)\r\n\tat org.junit.runners.model.FrameworkMethod$1.runReflectiveCall(FrameworkMethod.java:59)\r\n\tat org.junit.internal.runners.model.ReflectiveCallable.run(ReflectiveCallable.java:12)\r\n\tat org.junit.runners.model.FrameworkMethod.invokeExplosively(FrameworkMethod.java:56)\r\n\tat org.junit.internal.runners.statements.InvokeMethod.evaluate(InvokeMethod.java:17)\r\n\tat org.junit.runners.ParentRunner$3.evaluate(ParentRunner.java:306)\r\n\tat org.junit.runners.BlockJUnit4ClassRunner$1.evaluate(BlockJUnit4ClassRunner.java:100)\r\n\tat org.junit.runners.ParentRunner.runLeaf(ParentRunner.java:366)\r\n\tat org.junit.runners.BlockJUnit4ClassRunner.runChild(BlockJUnit4ClassRunner.java:103)\r\n\tat org.junit.runners.BlockJUnit4ClassRunner.runChild(BlockJUnit4ClassRunner.java:63)\r\n\tat org.junit.runners.ParentRunner$4.run(ParentRunner.java:331)\r\n\tat org.junit.runners.ParentRunner$1.schedule(ParentRunner.java:79)\r\n\tat org.junit.runners.ParentRunner.runChildren(ParentRunner.java:329)\r\n\tat org.junit.runners.ParentRunner.access$100(ParentRunner.java:66)\r\n\tat org.junit.runners.ParentRunner$2.evaluate(ParentRunner.java:293)\r\n\tat org.junit.internal.runners.statements.RunBefores.evaluate(RunBefores.java:26)\r\n\tat org.junit.runners.ParentRunner$3.evaluate(ParentRunner.java:306)\r\n\tat org.junit.runners.ParentRunner.run(ParentRunner.java:413)\r\n\tat org.junit.runners.Suite.runChild(Suite.java:128)\r\n\tat org.junit.runners.Suite.runChild(Suite.java:27)\r\n\tat org.junit.runners.ParentRunner$4.run(ParentRunner.java:331)\r\n\tat org.junit.runners.ParentRunner$1.schedule(ParentRunner.java:79)\r\n\tat org.junit.runners.ParentRunner.runChildren(ParentRunner.java:329)\r\n\tat org.junit.runners.ParentRunner.access$100(ParentRunner.java:66)\r\n\tat org.junit.runners.ParentRunner$2.evaluate(ParentRunner.java:293)\r\n\tat org.junit.runners.ParentRunner$3.evaluate(ParentRunner.java:306)\r\n\tat org.junit.runners.ParentRunner.run(ParentRunner.java:413)\r\n\tat org.junit.runner.JUnitCore.run(JUnitCore.java:137)\r\n\tat org.junit.runner.JUnitCore.run(JUnitCore.java:115)\r\n\tat org.junit.runner.JUnitCore.run(JUnitCore.java:105)\r\n\tat org.junit.runner.JUnitCore.run(JUnitCore.java:94)\r\n\tat es.us.isa.restest.runners.RESTestWorkflow.testExecution(RESTestWorkflow.java:121)\r\n\tat es.us.isa.restest.runners.RESTestWorkflow.run(RESTestWorkflow.java:69)\r\n\tat es.us.isa.restest.main.TestGenerationAndExecution.main(TestGenerationAndExecution.java:152)\r\n"},"stage":"finished","description":"Microservice test scenario with 3 steps. Generated using two-stage LLM + semantic expansion approach.","steps":[{"name":"Login","status":"passed","stage":"finished","steps":[],"attachments":[{"name":"Request","source":"495fcb5b-24f4-483e-9466-88cf8c215905-attachment.html","type":"text/html"},{"name":"HTTP/1.1 200 ","source":"978691ee-c356-497f-9645-f7056965264d-attachment.html","type":"text/html"}],"parameters":[],"start":1752100908104,"stop":1752100908238},{"name":"Step 1: ts-admin-route-service POST /api/v1/adminrouteservice/adminroute","status":"failed","stage":"finished","description":"Service: ts-admin-route-service | Method: POST | Path: /api/v1/adminrouteservice/adminroute | Expected Status: 200","steps":[],"attachments":[{"name":"Request Body","source":"5d90a4ff-631b-4e73-9b61-13487ae8f4e2-attachment.txt","type":"application/json"},{"name":"Request","source":"2e257981-04ea-43a7-bf63-9baa48ba9485-attachment.html","type":"text/html"},{"name":"HTTP/1.1 400 ","source":"b94addca-362d-4d04-ab16-2ddb2aad0aec-attachment.html","type":"text/html"},{"name":"Detailed Error Report • Step 1: ts-admin-route-service POST /api/v1/adminrouteservice/adminroute","source":"13dff9e8-9d81-45bf-b7d3-6d02958cc133-attachment.txt","type":"text/plain"}],"parameters":[],"start":1752100908238,"stop":1752100908255},{"name":"Step 2: ts-station-service POST /api/v1/stationservice/stations/idlist","status":"failed","stage":"finished","description":"Service: ts-station-service | Method: POST | Path: /api/v1/stationservice/stations/idlist | Expected Status: 200","steps":[],"attachments":[{"name":"Request","source":"33af8598-0c42-40cb-9ab2-be6eec214d33-attachment.html","type":"text/html"},{"name":"HTTP/1.1 415 ","source":"6efb4547-a4f7-4998-95e3-dbfb51d010fc-attachment.html","type":"text/html"},{"name":"Detailed Error Report • Step 2: ts-station-service POST /api/v1/stationservice/stations/idlist","source":"36204965-48b3-4c4d-a8fa-ba843c3e7473-attachment.txt","type":"text/plain"}],"parameters":[],"start":1752100908255,"stop":1752100908288},{"name":"Step 3: ts-route-service POST /api/v1/routeservice/routes","status":"failed","stage":"finished","description":"Service: ts-route-service | Method: POST | Path: /api/v1/routeservice/routes | Expected Status: 200","steps":[],"attachments":[{"name":"Request Body","source":"354e6ffc-4bbf-4afb-8845-bb783b325842-attachment.txt","type":"application/json"},{"name":"Request","source":"c279ce85-7281-458a-9547-9d0cead02889-attachment.html","type":"text/html"},{"name":"HTTP/1.1 500 ","source":"c9c1ff7c-3658-454b-9019-9571831d577a-attachment.html","type":"text/html"},{"name":"Detailed Error Report • Step 3: ts-route-service POST /api/v1/routeservice/routes","source":"0609d624-8173-4ac8-bd73-b2ead4893096-attachment.txt","type":"text/plain"}],"parameters":[],"start":1752100908288,"stop":1752100908313}],"attachments":[{"name":"Test Execution Summary","source":"29ba70a9-fe44-4b5a-b1b1-0e108b2aea3a-attachment.txt","type":"text/plain"}],"parameters":[{"name":"Service","value":"ts-admin-route-service"},{"name":"HTTP Method","value":"POST"},{"name":"Endpoint","value":"/api/v1/adminrouteservice/adminroute"},{"name":"Expected Status","value":"200"},{"name":"Error Category","value":"Assertion Failed - Unexpected Response"},{"name":"Service","value":"ts-station-service"},{"name":"HTTP Method","value":"POST"},{"name":"Endpoint","value":"/api/v1/stationservice/stations/idlist"},{"name":"Expected Status","value":"200"},{"name":"Error Category","value":"Assertion Failed - Unexpected Response"},{"name":"Service","value":"ts-route-service"},{"name":"HTTP Method","value":"POST"},{"name":"Endpoint","value":"/api/v1/routeservice/routes"},{"name":"Expected Status","value":"200"},{"name":"Error Category","value":"Assertion Failed - Unexpected Response"}],"start":1752100908104,"stop":1752100908314,"uuid":"bad05575-6400-4352-a5e8-f14f34f71473","historyId":"70a7f1e9fde090a92cb5f4fc22d18e7","fullName":"trainticket_twostage_test.TrainTicketTwoStageTest_1752099561271.testScenario18","labels":[{"name":"package","value":"trainticket_twostage_test"},{"name":"testClass","value":"trainticket_twostage_test.TrainTicketTwoStageTest_1752099561271"},{"name":"testMethod","value":"testScenario18"},{"name":"suite","value":"trainticket_twostage_test.TrainTicketTwoStageTest_1752099561271"},{"name":"host","value":"CSGRAD08"},{"name":"thread","value":"14060@CSGRAD08.main(1)"},{"name":"framework","value":"junit4"},{"name":"language","value":"java"},{"name":"testType","value":"Complete Failure"},{"name":"severity","value":"critical"},{"name":"feature","value":"Microservice Workflow"},{"name":"story","value":"Scenario_11_variant7"}],"links":[]}