{"name":"testScenario24","status":"failed","statusDetails":{"known":false,"muted":false,"flaky":false,"message":"Scenario FAILED: 2 out of 2 steps failed. In microservice testing, all workflow steps must succeed for end-to-end validation.","trace":"java.lang.AssertionError: Scenario FAILED: 2 out of 2 steps failed. In microservice testing, all workflow steps must succeed for end-to-end validation.\r\n\tat org.junit.Assert.fail(Assert.java:89)\r\n\tat trainticket_twostage_test.TrainTicketTwoStageTest_1752099561271.testScenario24(TrainTicketTwoStageTest_1752099561271.java:8393)\r\n\tat java.base/jdk.internal.reflect.NativeMethodAccessorImpl.invoke0(Native Method)\r\n\tat java.base/jdk.internal.reflect.NativeMethodAccessorImpl.invoke(NativeMethodAccessorImpl.java:62)\r\n\tat java.base/jdk.internal.reflect.DelegatingMethodAccessorImpl.invoke(DelegatingMethodAccessorImpl.java:43)\r\n\tat java.base/java.lang.reflect.Method.invoke(Method.java:566)\r\n\tat org.junit.runners.model.FrameworkMethod$1.runReflectiveCall(FrameworkMethod.java:59)\r\n\tat org.junit.internal.runners.model.ReflectiveCallable.run(ReflectiveCallable.java:12)\r\n\tat org.junit.runners.model.FrameworkMethod.invokeExplosively(FrameworkMethod.java:56)\r\n\tat org.junit.internal.runners.statements.InvokeMethod.evaluate(InvokeMethod.java:17)\r\n\tat org.junit.runners.ParentRunner$3.evaluate(ParentRunner.java:306)\r\n\tat org.junit.runners.BlockJUnit4ClassRunner$1.evaluate(BlockJUnit4ClassRunner.java:100)\r\n\tat org.junit.runners.ParentRunner.runLeaf(ParentRunner.java:366)\r\n\tat org.junit.runners.BlockJUnit4ClassRunner.runChild(BlockJUnit4ClassRunner.java:103)\r\n\tat org.junit.runners.BlockJUnit4ClassRunner.runChild(BlockJUnit4ClassRunner.java:63)\r\n\tat org.junit.runners.ParentRunner$4.run(ParentRunner.java:331)\r\n\tat org.junit.runners.ParentRunner$1.schedule(ParentRunner.java:79)\r\n\tat org.junit.runners.ParentRunner.runChildren(ParentRunner.java:329)\r\n\tat org.junit.runners.ParentRunner.access$100(ParentRunner.java:66)\r\n\tat org.junit.runners.ParentRunner$2.evaluate(ParentRunner.java:293)\r\n\tat org.junit.internal.runners.statements.RunBefores.evaluate(RunBefores.java:26)\r\n\tat org.junit.runners.ParentRunner$3.evaluate(ParentRunner.java:306)\r\n\tat org.junit.runners.ParentRunner.run(ParentRunner.java:413)\r\n\tat org.junit.runners.Suite.runChild(Suite.java:128)\r\n\tat org.junit.runners.Suite.runChild(Suite.java:27)\r\n\tat org.junit.runners.ParentRunner$4.run(ParentRunner.java:331)\r\n\tat org.junit.runners.ParentRunner$1.schedule(ParentRunner.java:79)\r\n\tat org.junit.runners.ParentRunner.runChildren(ParentRunner.java:329)\r\n\tat org.junit.runners.ParentRunner.access$100(ParentRunner.java:66)\r\n\tat org.junit.runners.ParentRunner$2.evaluate(ParentRunner.java:293)\r\n\tat org.junit.runners.ParentRunner$3.evaluate(ParentRunner.java:306)\r\n\tat org.junit.runners.ParentRunner.run(ParentRunner.java:413)\r\n\tat org.junit.runner.JUnitCore.run(JUnitCore.java:137)\r\n\tat org.junit.runner.JUnitCore.run(JUnitCore.java:115)\r\n\tat org.junit.runner.JUnitCore.run(JUnitCore.java:105)\r\n\tat org.junit.runner.JUnitCore.run(JUnitCore.java:94)\r\n\tat es.us.isa.restest.runners.RESTestWorkflow.testExecution(RESTestWorkflow.java:121)\r\n\tat es.us.isa.restest.runners.RESTestWorkflow.run(RESTestWorkflow.java:69)\r\n\tat es.us.isa.restest.main.TestGenerationAndExecution.main(TestGenerationAndExecution.java:152)\r\n"},"stage":"finished","description":"Microservice test scenario with 2 steps. Generated using two-stage LLM + semantic expansion approach.","steps":[{"name":"Login","status":"passed","stage":"finished","steps":[],"attachments":[{"name":"Request","source":"7f970f0a-f0e2-4127-b7f1-bd7cd00367ae-attachment.html","type":"text/html"},{"name":"HTTP/1.1 200 ","source":"5a33da26-c11e-4ffd-a135-59a4e648e7ce-attachment.html","type":"text/html"}],"parameters":[],"start":1752100909283,"stop":1752100909436},{"name":"Step 1: ts-admin-order-service POST /api/v1/adminorderservice/adminorder","status":"failed","stage":"finished","description":"Service: ts-admin-order-service | Method: POST | Path: /api/v1/adminorderservice/adminorder | Expected Status: 200","steps":[],"attachments":[{"name":"Request Body","source":"a6a75e3e-c18a-4ebd-b45a-180fabbc53b6-attachment.txt","type":"application/json"},{"name":"Request","source":"316daf32-7949-487e-8394-e9b5e0b0a84b-attachment.html","type":"text/html"},{"name":"HTTP/1.1 400 ","source":"80ba91ec-c05e-43ce-abbb-4ed8231b2903-attachment.html","type":"text/html"},{"name":"Detailed Error Report • Step 1: ts-admin-order-service POST /api/v1/adminorderservice/adminorder","source":"1283daf1-fac7-441c-889c-715dd5e8645b-attachment.txt","type":"text/plain"}],"parameters":[],"start":1752100909436,"stop":1752100909460},{"name":"Step 2: ts-order-other-service POST /api/v1/orderOtherService/orderOther/admin","status":"failed","stage":"finished","description":"Service: ts-order-other-service | Method: POST | Path: /api/v1/orderOtherService/orderOther/admin | Expected Status: 200","steps":[],"attachments":[{"name":"Request Body","source":"093f254e-e3e3-4b87-8ae1-b8b5aeb83c0b-attachment.txt","type":"application/json"},{"name":"Request","source":"ab7b6947-3db9-44ba-bcf3-23d2502253bd-attachment.html","type":"text/html"},{"name":"HTTP/1.1 400 ","source":"7cac0bbe-b338-48a0-84ac-3d7640b41f80-attachment.html","type":"text/html"},{"name":"Detailed Error Report • Step 2: ts-order-other-service POST /api/v1/orderOtherService/orderOther/admin","source":"88692b8c-1fd9-491f-babc-f9bdc03febe5-attachment.txt","type":"text/plain"}],"parameters":[],"start":1752100909460,"stop":1752100909487}],"attachments":[{"name":"Test Execution Summary","source":"6cfeb407-e617-4baa-81ce-d9115dc2091a-attachment.txt","type":"text/plain"}],"parameters":[{"name":"Service","value":"ts-admin-order-service"},{"name":"HTTP Method","value":"POST"},{"name":"Endpoint","value":"/api/v1/adminorderservice/adminorder"},{"name":"Expected Status","value":"200"},{"name":"Error Category","value":"Assertion Failed - Unexpected Response"},{"name":"Service","value":"ts-order-other-service"},{"name":"HTTP Method","value":"POST"},{"name":"Endpoint","value":"/api/v1/orderOtherService/orderOther/admin"},{"name":"Expected Status","value":"200"},{"name":"Error Category","value":"Assertion Failed - Unexpected Response"}],"start":1752100909283,"stop":1752100909488,"uuid":"dc7537b8-d436-4543-a3ef-18b1547ea3a1","historyId":"7dd1c83f00810569b77a842a9443a021","fullName":"trainticket_twostage_test.TrainTicketTwoStageTest_1752099561271.testScenario24","labels":[{"name":"package","value":"trainticket_twostage_test"},{"name":"testClass","value":"trainticket_twostage_test.TrainTicketTwoStageTest_1752099561271"},{"name":"testMethod","value":"testScenario24"},{"name":"suite","value":"trainticket_twostage_test.TrainTicketTwoStageTest_1752099561271"},{"name":"host","value":"CSGRAD08"},{"name":"thread","value":"14060@CSGRAD08.main(1)"},{"name":"framework","value":"junit4"},{"name":"language","value":"java"},{"name":"testType","value":"Complete Failure"},{"name":"severity","value":"critical"},{"name":"feature","value":"Microservice Workflow"},{"name":"story","value":"Scenario_21_variant3"}],"links":[]}