{"name":"testScenario8","status":"failed","statusDetails":{"known":false,"muted":false,"flaky":false,"message":"Scenario FAILED: 3 out of 3 steps failed. In microservice testing, all workflow steps must succeed for end-to-end validation.","trace":"java.lang.AssertionError: Scenario FAILED: 3 out of 3 steps failed. In microservice testing, all workflow steps must succeed for end-to-end validation.\r\n\tat org.junit.Assert.fail(Assert.java:89)\r\n\tat trainticket_twostage_test.TrainTicketTwoStageTest_1752105782555.testScenario8(TrainTicketTwoStageTest_1752105782555.java:2925)\r\n\tat java.base/jdk.internal.reflect.NativeMethodAccessorImpl.invoke0(Native Method)\r\n\tat java.base/jdk.internal.reflect.NativeMethodAccessorImpl.invoke(NativeMethodAccessorImpl.java:62)\r\n\tat java.base/jdk.internal.reflect.DelegatingMethodAccessorImpl.invoke(DelegatingMethodAccessorImpl.java:43)\r\n\tat java.base/java.lang.reflect.Method.invoke(Method.java:566)\r\n\tat org.junit.runners.model.FrameworkMethod$1.runReflectiveCall(FrameworkMethod.java:59)\r\n\tat org.junit.internal.runners.model.ReflectiveCallable.run(ReflectiveCallable.java:12)\r\n\tat org.junit.runners.model.FrameworkMethod.invokeExplosively(FrameworkMethod.java:56)\r\n\tat org.junit.internal.runners.statements.InvokeMethod.evaluate(InvokeMethod.java:17)\r\n\tat org.junit.runners.ParentRunner$3.evaluate(ParentRunner.java:306)\r\n\tat org.junit.runners.BlockJUnit4ClassRunner$1.evaluate(BlockJUnit4ClassRunner.java:100)\r\n\tat org.junit.runners.ParentRunner.runLeaf(ParentRunner.java:366)\r\n\tat org.junit.runners.BlockJUnit4ClassRunner.runChild(BlockJUnit4ClassRunner.java:103)\r\n\tat org.junit.runners.BlockJUnit4ClassRunner.runChild(BlockJUnit4ClassRunner.java:63)\r\n\tat org.junit.runners.ParentRunner$4.run(ParentRunner.java:331)\r\n\tat org.junit.runners.ParentRunner$1.schedule(ParentRunner.java:79)\r\n\tat org.junit.runners.ParentRunner.runChildren(ParentRunner.java:329)\r\n\tat org.junit.runners.ParentRunner.access$100(ParentRunner.java:66)\r\n\tat org.junit.runners.ParentRunner$2.evaluate(ParentRunner.java:293)\r\n\tat org.junit.internal.runners.statements.RunBefores.evaluate(RunBefores.java:26)\r\n\tat org.junit.runners.ParentRunner$3.evaluate(ParentRunner.java:306)\r\n\tat org.junit.runners.ParentRunner.run(ParentRunner.java:413)\r\n\tat org.junit.runners.Suite.runChild(Suite.java:128)\r\n\tat org.junit.runners.Suite.runChild(Suite.java:27)\r\n\tat org.junit.runners.ParentRunner$4.run(ParentRunner.java:331)\r\n\tat org.junit.runners.ParentRunner$1.schedule(ParentRunner.java:79)\r\n\tat org.junit.runners.ParentRunner.runChildren(ParentRunner.java:329)\r\n\tat org.junit.runners.ParentRunner.access$100(ParentRunner.java:66)\r\n\tat org.junit.runners.ParentRunner$2.evaluate(ParentRunner.java:293)\r\n\tat org.junit.runners.ParentRunner$3.evaluate(ParentRunner.java:306)\r\n\tat org.junit.runners.ParentRunner.run(ParentRunner.java:413)\r\n\tat org.junit.runner.JUnitCore.run(JUnitCore.java:137)\r\n\tat org.junit.runner.JUnitCore.run(JUnitCore.java:115)\r\n\tat org.junit.runner.JUnitCore.run(JUnitCore.java:105)\r\n\tat org.junit.runner.JUnitCore.run(JUnitCore.java:94)\r\n\tat es.us.isa.restest.runners.RESTestWorkflow.testExecution(RESTestWorkflow.java:121)\r\n\tat es.us.isa.restest.runners.RESTestWorkflow.run(RESTestWorkflow.java:69)\r\n\tat es.us.isa.restest.main.TestGenerationAndExecution.main(TestGenerationAndExecution.java:152)\r\n"},"stage":"finished","description":"Microservice test scenario with 3 steps. Generated using two-stage LLM + semantic expansion approach.","steps":[{"name":"Login","status":"passed","stage":"finished","steps":[],"attachments":[{"name":"Request","source":"114d61c9-24d1-493a-82e5-f87019249510-attachment.html","type":"text/html"},{"name":"HTTP/1.1 200 ","source":"54273978-cf0e-4fb5-bb1d-568a91055dee-attachment.html","type":"text/html"}],"parameters":[],"start":1752107140528,"stop":1752107140693},{"name":"Step 1: ts-admin-route-service POST /api/v1/adminrouteservice/adminroute","status":"failed","stage":"finished","description":"Service: ts-admin-route-service | Method: POST | Path: /api/v1/adminrouteservice/adminroute | Expected Status: 200","steps":[],"attachments":[{"name":"Request Body","source":"e6744bdc-5eed-4952-9ebf-2f5f63ef07cb-attachment.txt","type":"application/json"},{"name":"Request","source":"4a014a1f-b4a0-4a55-97c4-007798331af6-attachment.html","type":"text/html"},{"name":"HTTP/1.1 400 ","source":"688787c7-a674-45b0-a9bb-19b6f12dae19-attachment.html","type":"text/html"},{"name":"Detailed Error Report • Step 1: ts-admin-route-service POST /api/v1/adminrouteservice/adminroute","source":"d68bc205-4e3a-4e5c-87ec-3cb471e00dbd-attachment.txt","type":"text/plain"}],"parameters":[],"start":1752107140693,"stop":1752107140720},{"name":"Step 2: ts-station-service POST /api/v1/stationservice/stations/idlist","status":"failed","stage":"finished","description":"Service: ts-station-service | Method: POST | Path: /api/v1/stationservice/stations/idlist | Expected Status: 200","steps":[],"attachments":[{"name":"Request","source":"0f40430d-eab4-42a7-984b-8852af93c6cc-attachment.html","type":"text/html"},{"name":"HTTP/1.1 415 ","source":"ad29d048-ef53-41f1-83ff-9dafaa620974-attachment.html","type":"text/html"},{"name":"Detailed Error Report • Step 2: ts-station-service POST /api/v1/stationservice/stations/idlist","source":"5753e4c0-cb1a-44c2-be9d-06e43916ea4b-attachment.txt","type":"text/plain"}],"parameters":[],"start":1752107140720,"stop":1752107140745},{"name":"Step 3: ts-route-service POST /api/v1/routeservice/routes","status":"failed","stage":"finished","description":"Service: ts-route-service | Method: POST | Path: /api/v1/routeservice/routes | Expected Status: 200","steps":[],"attachments":[{"name":"Request Body","source":"c02656cb-75e3-4e27-ada6-7d98bb4c28a5-attachment.txt","type":"application/json"},{"name":"Request","source":"80ac5aae-3205-4cbb-8039-4043ebb74034-attachment.html","type":"text/html"},{"name":"HTTP/1.1 500 ","source":"22f40196-c151-4d30-8843-312651b0f15e-attachment.html","type":"text/html"},{"name":"Detailed Error Report • Step 3: ts-route-service POST /api/v1/routeservice/routes","source":"9779b872-4a74-4e4c-9848-6c51f7fae68f-attachment.txt","type":"text/plain"}],"parameters":[],"start":1752107140745,"stop":1752107140771}],"attachments":[{"name":"Test Execution Summary","source":"af0492b4-b1a0-4f92-9c0a-f70f24f2be5f-attachment.txt","type":"text/plain"}],"parameters":[{"name":"Service","value":"ts-admin-route-service"},{"name":"HTTP Method","value":"POST"},{"name":"Endpoint","value":"/api/v1/adminrouteservice/adminroute"},{"name":"Expected Status","value":"200"},{"name":"Error Category","value":"Assertion Failed - Unexpected Response"},{"name":"Service","value":"ts-station-service"},{"name":"HTTP Method","value":"POST"},{"name":"Endpoint","value":"/api/v1/stationservice/stations/idlist"},{"name":"Expected Status","value":"200"},{"name":"Error Category","value":"Assertion Failed - Unexpected Response"},{"name":"Service","value":"ts-route-service"},{"name":"HTTP Method","value":"POST"},{"name":"Endpoint","value":"/api/v1/routeservice/routes"},{"name":"Expected Status","value":"200"},{"name":"Error Category","value":"Assertion Failed - Unexpected Response"}],"start":1752107140528,"stop":1752107140772,"uuid":"02ef5f3c-522b-45b3-b3fd-b704ee54e509","historyId":"31d4bd09a944ed8386ce9fdc8235c762","fullName":"trainticket_twostage_test.TrainTicketTwoStageTest_1752105782555.testScenario8","labels":[{"name":"package","value":"trainticket_twostage_test"},{"name":"testClass","value":"trainticket_twostage_test.TrainTicketTwoStageTest_1752105782555"},{"name":"testMethod","value":"testScenario8"},{"name":"suite","value":"trainticket_twostage_test.TrainTicketTwoStageTest_1752105782555"},{"name":"host","value":"CSGRAD08"},{"name":"thread","value":"9292@CSGRAD08.main(1)"},{"name":"framework","value":"junit4"},{"name":"language","value":"java"},{"name":"testType","value":"Complete Failure"},{"name":"severity","value":"critical"},{"name":"feature","value":"Microservice Workflow"},{"name":"story","value":"test_POST_8"}],"links":[]}