{"name":"testScenario34","status":"failed","statusDetails":{"known":false,"muted":false,"flaky":false,"message":"Scenario FAILED: 1 out of 2 steps failed. In microservice testing, all workflow steps must succeed for end-to-end validation.","trace":"java.lang.AssertionError: Scenario FAILED: 1 out of 2 steps failed. In microservice testing, all workflow steps must succeed for end-to-end validation.\r\n\tat org.junit.Assert.fail(Assert.java:89)\r\n\tat trainticket_twostage_test.TrainTicketTwoStageTest_1752105782555.testScenario34(TrainTicketTwoStageTest_1752105782555.java:11143)\r\n\tat java.base/jdk.internal.reflect.NativeMethodAccessorImpl.invoke0(Native Method)\r\n\tat java.base/jdk.internal.reflect.NativeMethodAccessorImpl.invoke(NativeMethodAccessorImpl.java:62)\r\n\tat java.base/jdk.internal.reflect.DelegatingMethodAccessorImpl.invoke(DelegatingMethodAccessorImpl.java:43)\r\n\tat java.base/java.lang.reflect.Method.invoke(Method.java:566)\r\n\tat org.junit.runners.model.FrameworkMethod$1.runReflectiveCall(FrameworkMethod.java:59)\r\n\tat org.junit.internal.runners.model.ReflectiveCallable.run(ReflectiveCallable.java:12)\r\n\tat org.junit.runners.model.FrameworkMethod.invokeExplosively(FrameworkMethod.java:56)\r\n\tat org.junit.internal.runners.statements.InvokeMethod.evaluate(InvokeMethod.java:17)\r\n\tat org.junit.runners.ParentRunner$3.evaluate(ParentRunner.java:306)\r\n\tat org.junit.runners.BlockJUnit4ClassRunner$1.evaluate(BlockJUnit4ClassRunner.java:100)\r\n\tat org.junit.runners.ParentRunner.runLeaf(ParentRunner.java:366)\r\n\tat org.junit.runners.BlockJUnit4ClassRunner.runChild(BlockJUnit4ClassRunner.java:103)\r\n\tat org.junit.runners.BlockJUnit4ClassRunner.runChild(BlockJUnit4ClassRunner.java:63)\r\n\tat org.junit.runners.ParentRunner$4.run(ParentRunner.java:331)\r\n\tat org.junit.runners.ParentRunner$1.schedule(ParentRunner.java:79)\r\n\tat org.junit.runners.ParentRunner.runChildren(ParentRunner.java:329)\r\n\tat org.junit.runners.ParentRunner.access$100(ParentRunner.java:66)\r\n\tat org.junit.runners.ParentRunner$2.evaluate(ParentRunner.java:293)\r\n\tat org.junit.internal.runners.statements.RunBefores.evaluate(RunBefores.java:26)\r\n\tat org.junit.runners.ParentRunner$3.evaluate(ParentRunner.java:306)\r\n\tat org.junit.runners.ParentRunner.run(ParentRunner.java:413)\r\n\tat org.junit.runners.Suite.runChild(Suite.java:128)\r\n\tat org.junit.runners.Suite.runChild(Suite.java:27)\r\n\tat org.junit.runners.ParentRunner$4.run(ParentRunner.java:331)\r\n\tat org.junit.runners.ParentRunner$1.schedule(ParentRunner.java:79)\r\n\tat org.junit.runners.ParentRunner.runChildren(ParentRunner.java:329)\r\n\tat org.junit.runners.ParentRunner.access$100(ParentRunner.java:66)\r\n\tat org.junit.runners.ParentRunner$2.evaluate(ParentRunner.java:293)\r\n\tat org.junit.runners.ParentRunner$3.evaluate(ParentRunner.java:306)\r\n\tat org.junit.runners.ParentRunner.run(ParentRunner.java:413)\r\n\tat org.junit.runner.JUnitCore.run(JUnitCore.java:137)\r\n\tat org.junit.runner.JUnitCore.run(JUnitCore.java:115)\r\n\tat org.junit.runner.JUnitCore.run(JUnitCore.java:105)\r\n\tat org.junit.runner.JUnitCore.run(JUnitCore.java:94)\r\n\tat es.us.isa.restest.runners.RESTestWorkflow.testExecution(RESTestWorkflow.java:121)\r\n\tat es.us.isa.restest.runners.RESTestWorkflow.run(RESTestWorkflow.java:69)\r\n\tat es.us.isa.restest.main.TestGenerationAndExecution.main(TestGenerationAndExecution.java:152)\r\n"},"stage":"finished","description":"Microservice test scenario with 2 steps. Generated using two-stage LLM + semantic expansion approach.","steps":[{"name":"Login","status":"passed","stage":"finished","steps":[],"attachments":[{"name":"Request","source":"53024570-d7ac-4773-9452-3868c393eb56-attachment.html","type":"text/html"},{"name":"HTTP/1.1 200 ","source":"d9858757-f96c-4ec0-aa41-29f2d8a6a975-attachment.html","type":"text/html"}],"parameters":[],"start":1752107146548,"stop":1752107146685},{"name":"Step 1: ts-admin-basic-info-service POST /api/v1/adminbasicservice/adminbasic/prices","status":"passed","stage":"finished","description":"Service: ts-admin-basic-info-service | Method: POST | Path: /api/v1/adminbasicservice/adminbasic/prices | Expected Status: 200","steps":[],"attachments":[{"name":"Request Body","source":"42c29175-1d8b-4866-a283-4fa737dc1539-attachment.txt","type":"application/json"},{"name":"Request","source":"cbc91545-0d6f-44b1-82b6-fa84ed475fd2-attachment.html","type":"text/html"},{"name":"HTTP/1.1 200 ","source":"607b74e5-2338-48c1-9f97-08ab2a3e00d3-attachment.html","type":"text/html"},{"name":"Response Body (Status: 200)","source":"085e7df5-08a6-4370-9202-905cb82ff2d6-attachment.txt","type":"application/json"}],"parameters":[],"start":1752107146685,"stop":1752107146716},{"name":"Step 2: ts-price-service POST /api/v1/priceservice/prices","status":"failed","stage":"finished","description":"Service: ts-price-service | Method: POST | Path: /api/v1/priceservice/prices | Expected Status: 200","steps":[],"attachments":[{"name":"Request Body","source":"31431e93-b038-4cbd-ab21-c0c4f053577e-attachment.txt","type":"application/json"},{"name":"Request","source":"7a77f724-7580-4e8a-8b10-ee7d4805ebea-attachment.html","type":"text/html"},{"name":"HTTP/1.1 201 ","source":"8c41c20e-ff5e-4893-8e6d-f849cd4e542b-attachment.html","type":"text/html"},{"name":"Detailed Error Report â€¢ Step 2: ts-price-service POST /api/v1/priceservice/prices","source":"90bcfb80-ea5c-4cac-bd31-c3230f63412d-attachment.txt","type":"text/plain"}],"parameters":[],"start":1752107146716,"stop":1752107146741}],"attachments":[{"name":"Test Execution Summary","source":"9a90440f-a51c-472b-a8bd-5a307aa9a098-attachment.txt","type":"text/plain"}],"parameters":[{"name":"Service","value":"ts-admin-basic-info-service"},{"name":"HTTP Method","value":"POST"},{"name":"Endpoint","value":"/api/v1/adminbasicservice/adminbasic/prices"},{"name":"Expected Status","value":"200"},{"name":"Actual Status Code","value":"200"},{"name":"Response Time (ms)","value":"26"},{"name":"Service","value":"ts-price-service"},{"name":"HTTP Method","value":"POST"},{"name":"Endpoint","value":"/api/v1/priceservice/prices"},{"name":"Expected Status","value":"200"},{"name":"Error Category","value":"Assertion Failed - Unexpected Response"}],"start":1752107146547,"stop":1752107146741,"uuid":"03b210dc-0dce-41b5-a26c-cea59b77b558","historyId":"a77f049abed379e4b55b82a189a89b3e","fullName":"trainticket_twostage_test.TrainTicketTwoStageTest_1752105782555.testScenario34","labels":[{"name":"package","value":"trainticket_twostage_test"},{"name":"testClass","value":"trainticket_twostage_test.TrainTicketTwoStageTest_1752105782555"},{"name":"testMethod","value":"testScenario34"},{"name":"suite","value":"trainticket_twostage_test.TrainTicketTwoStageTest_1752105782555"},{"name":"host","value":"CSGRAD08"},{"name":"thread","value":"9292@CSGRAD08.main(1)"},{"name":"framework","value":"junit4"},{"name":"language","value":"java"},{"name":"testType","value":"Partial Failure"},{"name":"severity","value":"major"},{"name":"feature","value":"Microservice Workflow"},{"name":"story","value":"test_POST_4"}],"links":[]}