{"name":"testScenario3","status":"failed","statusDetails":{"known":false,"muted":false,"flaky":false,"message":"Scenario FAILED: 3 out of 3 steps failed. In microservice testing, all workflow steps must succeed for end-to-end validation.","trace":"java.lang.AssertionError: Scenario FAILED: 3 out of 3 steps failed. In microservice testing, all workflow steps must succeed for end-to-end validation.\r\n\tat org.junit.Assert.fail(Assert.java:89)\r\n\tat trainticket_twostage_test.TrainTicketTwoStageTest_1752105782555.testScenario3(TrainTicketTwoStageTest_1752105782555.java:1105)\r\n\tat java.base/jdk.internal.reflect.NativeMethodAccessorImpl.invoke0(Native Method)\r\n\tat java.base/jdk.internal.reflect.NativeMethodAccessorImpl.invoke(NativeMethodAccessorImpl.java:62)\r\n\tat java.base/jdk.internal.reflect.DelegatingMethodAccessorImpl.invoke(DelegatingMethodAccessorImpl.java:43)\r\n\tat java.base/java.lang.reflect.Method.invoke(Method.java:566)\r\n\tat org.junit.runners.model.FrameworkMethod$1.runReflectiveCall(FrameworkMethod.java:59)\r\n\tat org.junit.internal.runners.model.ReflectiveCallable.run(ReflectiveCallable.java:12)\r\n\tat org.junit.runners.model.FrameworkMethod.invokeExplosively(FrameworkMethod.java:56)\r\n\tat org.junit.internal.runners.statements.InvokeMethod.evaluate(InvokeMethod.java:17)\r\n\tat org.junit.runners.ParentRunner$3.evaluate(ParentRunner.java:306)\r\n\tat org.junit.runners.BlockJUnit4ClassRunner$1.evaluate(BlockJUnit4ClassRunner.java:100)\r\n\tat org.junit.runners.ParentRunner.runLeaf(ParentRunner.java:366)\r\n\tat org.junit.runners.BlockJUnit4ClassRunner.runChild(BlockJUnit4ClassRunner.java:103)\r\n\tat org.junit.runners.BlockJUnit4ClassRunner.runChild(BlockJUnit4ClassRunner.java:63)\r\n\tat org.junit.runners.ParentRunner$4.run(ParentRunner.java:331)\r\n\tat org.junit.runners.ParentRunner$1.schedule(ParentRunner.java:79)\r\n\tat org.junit.runners.ParentRunner.runChildren(ParentRunner.java:329)\r\n\tat org.junit.runners.ParentRunner.access$100(ParentRunner.java:66)\r\n\tat org.junit.runners.ParentRunner$2.evaluate(ParentRunner.java:293)\r\n\tat org.junit.internal.runners.statements.RunBefores.evaluate(RunBefores.java:26)\r\n\tat org.junit.runners.ParentRunner$3.evaluate(ParentRunner.java:306)\r\n\tat org.junit.runners.ParentRunner.run(ParentRunner.java:413)\r\n\tat org.junit.runners.Suite.runChild(Suite.java:128)\r\n\tat org.junit.runners.Suite.runChild(Suite.java:27)\r\n\tat org.junit.runners.ParentRunner$4.run(ParentRunner.java:331)\r\n\tat org.junit.runners.ParentRunner$1.schedule(ParentRunner.java:79)\r\n\tat org.junit.runners.ParentRunner.runChildren(ParentRunner.java:329)\r\n\tat org.junit.runners.ParentRunner.access$100(ParentRunner.java:66)\r\n\tat org.junit.runners.ParentRunner$2.evaluate(ParentRunner.java:293)\r\n\tat org.junit.runners.ParentRunner$3.evaluate(ParentRunner.java:306)\r\n\tat org.junit.runners.ParentRunner.run(ParentRunner.java:413)\r\n\tat org.junit.runner.JUnitCore.run(JUnitCore.java:137)\r\n\tat org.junit.runner.JUnitCore.run(JUnitCore.java:115)\r\n\tat org.junit.runner.JUnitCore.run(JUnitCore.java:105)\r\n\tat org.junit.runner.JUnitCore.run(JUnitCore.java:94)\r\n\tat es.us.isa.restest.runners.RESTestWorkflow.testExecution(RESTestWorkflow.java:121)\r\n\tat es.us.isa.restest.runners.RESTestWorkflow.run(RESTestWorkflow.java:69)\r\n\tat es.us.isa.restest.main.TestGenerationAndExecution.main(TestGenerationAndExecution.java:152)\r\n"},"stage":"finished","description":"Microservice test scenario with 3 steps. Generated using two-stage LLM + semantic expansion approach.","steps":[{"name":"Login","status":"passed","stage":"finished","steps":[],"attachments":[{"name":"Request","source":"98a88f85-7aa2-4835-a3b2-f95c4b8427bf-attachment.html","type":"text/html"},{"name":"HTTP/1.1 200 ","source":"25b85717-60e4-45e8-8530-4107a22b8b7e-attachment.html","type":"text/html"}],"parameters":[],"start":1752107139389,"stop":1752107139549},{"name":"Step 1: ts-admin-route-service POST /api/v1/adminrouteservice/adminroute","status":"failed","stage":"finished","description":"Service: ts-admin-route-service | Method: POST | Path: /api/v1/adminrouteservice/adminroute | Expected Status: 200","steps":[],"attachments":[{"name":"Request Body","source":"0fa3e428-5f7c-4a5a-b9b8-43c160cd5855-attachment.txt","type":"application/json"},{"name":"Request","source":"d2462270-4e18-4a06-99a7-8966354af935-attachment.html","type":"text/html"},{"name":"HTTP/1.1 400 ","source":"13773279-309a-452c-a1a1-9ac1611fdf5b-attachment.html","type":"text/html"},{"name":"Detailed Error Report • Step 1: ts-admin-route-service POST /api/v1/adminrouteservice/adminroute","source":"5ab44d9e-21cb-4f65-bdcf-12e42b964baf-attachment.txt","type":"text/plain"}],"parameters":[],"start":1752107139549,"stop":1752107139572},{"name":"Step 2: ts-station-service POST /api/v1/stationservice/stations/idlist","status":"failed","stage":"finished","description":"Service: ts-station-service | Method: POST | Path: /api/v1/stationservice/stations/idlist | Expected Status: 200","steps":[],"attachments":[{"name":"Request","source":"ac4ca060-fe60-48c6-b20b-e7ad12c54318-attachment.html","type":"text/html"},{"name":"HTTP/1.1 415 ","source":"1a8e10ef-6cf5-414d-b037-0be12996b73a-attachment.html","type":"text/html"},{"name":"Detailed Error Report • Step 2: ts-station-service POST /api/v1/stationservice/stations/idlist","source":"98cca450-b038-406b-b83f-a4ecac74cc3f-attachment.txt","type":"text/plain"}],"parameters":[],"start":1752107139572,"stop":1752107139593},{"name":"Step 3: ts-route-service POST /api/v1/routeservice/routes","status":"failed","stage":"finished","description":"Service: ts-route-service | Method: POST | Path: /api/v1/routeservice/routes | Expected Status: 200","steps":[],"attachments":[{"name":"Request Body","source":"74dad14e-df41-424d-8a53-85c2f4b97510-attachment.txt","type":"application/json"},{"name":"Request","source":"f0241196-0228-41cb-910e-a43c75525da6-attachment.html","type":"text/html"},{"name":"HTTP/1.1 500 ","source":"cbdc3d33-f1bf-40a2-880b-ce073bd24aae-attachment.html","type":"text/html"},{"name":"Detailed Error Report • Step 3: ts-route-service POST /api/v1/routeservice/routes","source":"e48ea2a1-9211-4a82-8c99-8897a33bea30-attachment.txt","type":"text/plain"}],"parameters":[],"start":1752107139593,"stop":1752107139626}],"attachments":[{"name":"Test Execution Summary","source":"1d85d3c2-4443-4e82-a815-2a560262e789-attachment.txt","type":"text/plain"}],"parameters":[{"name":"Service","value":"ts-admin-route-service"},{"name":"HTTP Method","value":"POST"},{"name":"Endpoint","value":"/api/v1/adminrouteservice/adminroute"},{"name":"Expected Status","value":"200"},{"name":"Error Category","value":"Assertion Failed - Unexpected Response"},{"name":"Service","value":"ts-station-service"},{"name":"HTTP Method","value":"POST"},{"name":"Endpoint","value":"/api/v1/stationservice/stations/idlist"},{"name":"Expected Status","value":"200"},{"name":"Error Category","value":"Assertion Failed - Unexpected Response"},{"name":"Service","value":"ts-route-service"},{"name":"HTTP Method","value":"POST"},{"name":"Endpoint","value":"/api/v1/routeservice/routes"},{"name":"Expected Status","value":"200"},{"name":"Error Category","value":"Assertion Failed - Unexpected Response"}],"start":1752107139389,"stop":1752107139626,"uuid":"10cbf75a-e639-483a-9045-39cfccda185e","historyId":"26a2ad0930518a09a2d3d33da493ec2b","fullName":"trainticket_twostage_test.TrainTicketTwoStageTest_1752105782555.testScenario3","labels":[{"name":"package","value":"trainticket_twostage_test"},{"name":"testClass","value":"trainticket_twostage_test.TrainTicketTwoStageTest_1752105782555"},{"name":"testMethod","value":"testScenario3"},{"name":"suite","value":"trainticket_twostage_test.TrainTicketTwoStageTest_1752105782555"},{"name":"host","value":"CSGRAD08"},{"name":"thread","value":"9292@CSGRAD08.main(1)"},{"name":"framework","value":"junit4"},{"name":"language","value":"java"},{"name":"testType","value":"Complete Failure"},{"name":"severity","value":"critical"},{"name":"feature","value":"Microservice Workflow"},{"name":"story","value":"test_POST_3"}],"links":[]}