{"name":"testScenario20","status":"failed","statusDetails":{"known":false,"muted":false,"flaky":false,"message":"Scenario FAILED: 3 out of 3 steps failed. In microservice testing, all workflow steps must succeed for end-to-end validation.","trace":"java.lang.AssertionError: Scenario FAILED: 3 out of 3 steps failed. In microservice testing, all workflow steps must succeed for end-to-end validation.\r\n\tat org.junit.Assert.fail(Assert.java:89)\r\n\tat trainticket_twostage_test.TrainTicketTwoStageTest_1752105782555.testScenario20(TrainTicketTwoStageTest_1752105782555.java:7293)\r\n\tat java.base/jdk.internal.reflect.NativeMethodAccessorImpl.invoke0(Native Method)\r\n\tat java.base/jdk.internal.reflect.NativeMethodAccessorImpl.invoke(NativeMethodAccessorImpl.java:62)\r\n\tat java.base/jdk.internal.reflect.DelegatingMethodAccessorImpl.invoke(DelegatingMethodAccessorImpl.java:43)\r\n\tat java.base/java.lang.reflect.Method.invoke(Method.java:566)\r\n\tat org.junit.runners.model.FrameworkMethod$1.runReflectiveCall(FrameworkMethod.java:59)\r\n\tat org.junit.internal.runners.model.ReflectiveCallable.run(ReflectiveCallable.java:12)\r\n\tat org.junit.runners.model.FrameworkMethod.invokeExplosively(FrameworkMethod.java:56)\r\n\tat org.junit.internal.runners.statements.InvokeMethod.evaluate(InvokeMethod.java:17)\r\n\tat org.junit.runners.ParentRunner$3.evaluate(ParentRunner.java:306)\r\n\tat org.junit.runners.BlockJUnit4ClassRunner$1.evaluate(BlockJUnit4ClassRunner.java:100)\r\n\tat org.junit.runners.ParentRunner.runLeaf(ParentRunner.java:366)\r\n\tat org.junit.runners.BlockJUnit4ClassRunner.runChild(BlockJUnit4ClassRunner.java:103)\r\n\tat org.junit.runners.BlockJUnit4ClassRunner.runChild(BlockJUnit4ClassRunner.java:63)\r\n\tat org.junit.runners.ParentRunner$4.run(ParentRunner.java:331)\r\n\tat org.junit.runners.ParentRunner$1.schedule(ParentRunner.java:79)\r\n\tat org.junit.runners.ParentRunner.runChildren(ParentRunner.java:329)\r\n\tat org.junit.runners.ParentRunner.access$100(ParentRunner.java:66)\r\n\tat org.junit.runners.ParentRunner$2.evaluate(ParentRunner.java:293)\r\n\tat org.junit.internal.runners.statements.RunBefores.evaluate(RunBefores.java:26)\r\n\tat org.junit.runners.ParentRunner$3.evaluate(ParentRunner.java:306)\r\n\tat org.junit.runners.ParentRunner.run(ParentRunner.java:413)\r\n\tat org.junit.runners.Suite.runChild(Suite.java:128)\r\n\tat org.junit.runners.Suite.runChild(Suite.java:27)\r\n\tat org.junit.runners.ParentRunner$4.run(ParentRunner.java:331)\r\n\tat org.junit.runners.ParentRunner$1.schedule(ParentRunner.java:79)\r\n\tat org.junit.runners.ParentRunner.runChildren(ParentRunner.java:329)\r\n\tat org.junit.runners.ParentRunner.access$100(ParentRunner.java:66)\r\n\tat org.junit.runners.ParentRunner$2.evaluate(ParentRunner.java:293)\r\n\tat org.junit.runners.ParentRunner$3.evaluate(ParentRunner.java:306)\r\n\tat org.junit.runners.ParentRunner.run(ParentRunner.java:413)\r\n\tat org.junit.runner.JUnitCore.run(JUnitCore.java:137)\r\n\tat org.junit.runner.JUnitCore.run(JUnitCore.java:115)\r\n\tat org.junit.runner.JUnitCore.run(JUnitCore.java:105)\r\n\tat org.junit.runner.JUnitCore.run(JUnitCore.java:94)\r\n\tat es.us.isa.restest.runners.RESTestWorkflow.testExecution(RESTestWorkflow.java:121)\r\n\tat es.us.isa.restest.runners.RESTestWorkflow.run(RESTestWorkflow.java:69)\r\n\tat es.us.isa.restest.main.TestGenerationAndExecution.main(TestGenerationAndExecution.java:152)\r\n"},"stage":"finished","description":"Microservice test scenario with 3 steps. Generated using two-stage LLM + semantic expansion approach.","steps":[{"name":"Login","status":"passed","stage":"finished","steps":[],"attachments":[{"name":"Request","source":"8587532a-8340-4b28-9b8c-dbae2339f53f-attachment.html","type":"text/html"},{"name":"HTTP/1.1 200 ","source":"11ead720-4c0e-4e30-a438-330771ac20f1-attachment.html","type":"text/html"}],"parameters":[],"start":1752107143126,"stop":1752107143276},{"name":"Step 1: ts-admin-route-service POST /api/v1/adminrouteservice/adminroute","status":"failed","stage":"finished","description":"Service: ts-admin-route-service | Method: POST | Path: /api/v1/adminrouteservice/adminroute | Expected Status: 200","steps":[],"attachments":[{"name":"Request Body","source":"9c06e9ef-47b5-4d74-95d4-3401f059094d-attachment.txt","type":"application/json"},{"name":"Request","source":"7783bf23-3731-4544-935c-db0dc099d2bf-attachment.html","type":"text/html"},{"name":"HTTP/1.1 400 ","source":"3dfd9ed1-1e2b-40eb-ab1f-91e5f53c9f12-attachment.html","type":"text/html"},{"name":"Detailed Error Report • Step 1: ts-admin-route-service POST /api/v1/adminrouteservice/adminroute","source":"79c0575d-f6c5-45a8-b054-dbea31ae9bc5-attachment.txt","type":"text/plain"}],"parameters":[],"start":1752107143276,"stop":1752107143310},{"name":"Step 2: ts-station-service POST /api/v1/stationservice/stations/idlist","status":"failed","stage":"finished","description":"Service: ts-station-service | Method: POST | Path: /api/v1/stationservice/stations/idlist | Expected Status: 200","steps":[],"attachments":[{"name":"Request","source":"2c540cb9-980b-4261-83b8-d47d7dee8f5b-attachment.html","type":"text/html"},{"name":"HTTP/1.1 415 ","source":"61e3af74-176f-4d1e-ba49-e7e2458e8c4d-attachment.html","type":"text/html"},{"name":"Detailed Error Report • Step 2: ts-station-service POST /api/v1/stationservice/stations/idlist","source":"c4981701-3079-46e0-8cbd-b959148b5a5d-attachment.txt","type":"text/plain"}],"parameters":[],"start":1752107143310,"stop":1752107143322},{"name":"Step 3: ts-route-service POST /api/v1/routeservice/routes","status":"failed","stage":"finished","description":"Service: ts-route-service | Method: POST | Path: /api/v1/routeservice/routes | Expected Status: 200","steps":[],"attachments":[{"name":"Request Body","source":"e45d7803-6953-438d-ade8-01d57888e8e5-attachment.txt","type":"application/json"},{"name":"Request","source":"72bfed2d-37e1-4413-8062-401bce45ce65-attachment.html","type":"text/html"},{"name":"HTTP/1.1 500 ","source":"85dc66cb-695b-4386-b4cc-f088bd802354-attachment.html","type":"text/html"},{"name":"Detailed Error Report • Step 3: ts-route-service POST /api/v1/routeservice/routes","source":"ee20947a-4a7e-422d-a388-6ec484345bb8-attachment.txt","type":"text/plain"}],"parameters":[],"start":1752107143322,"stop":1752107143356}],"attachments":[{"name":"Test Execution Summary","source":"7c58c822-12a6-4de8-84f3-23f4c1d63b36-attachment.txt","type":"text/plain"}],"parameters":[{"name":"Service","value":"ts-admin-route-service"},{"name":"HTTP Method","value":"POST"},{"name":"Endpoint","value":"/api/v1/adminrouteservice/adminroute"},{"name":"Expected Status","value":"200"},{"name":"Error Category","value":"Assertion Failed - Unexpected Response"},{"name":"Service","value":"ts-station-service"},{"name":"HTTP Method","value":"POST"},{"name":"Endpoint","value":"/api/v1/stationservice/stations/idlist"},{"name":"Expected Status","value":"200"},{"name":"Error Category","value":"Assertion Failed - Unexpected Response"},{"name":"Service","value":"ts-route-service"},{"name":"HTTP Method","value":"POST"},{"name":"Endpoint","value":"/api/v1/routeservice/routes"},{"name":"Expected Status","value":"200"},{"name":"Error Category","value":"Assertion Failed - Unexpected Response"}],"start":1752107143126,"stop":1752107143356,"uuid":"463a94ee-aa50-4e27-868d-3d56e636833b","historyId":"8832192bbfa627bd6cf145f0880b40a0","fullName":"trainticket_twostage_test.TrainTicketTwoStageTest_1752105782555.testScenario20","labels":[{"name":"package","value":"trainticket_twostage_test"},{"name":"testClass","value":"trainticket_twostage_test.TrainTicketTwoStageTest_1752105782555"},{"name":"testMethod","value":"testScenario20"},{"name":"suite","value":"trainticket_twostage_test.TrainTicketTwoStageTest_1752105782555"},{"name":"host","value":"CSGRAD08"},{"name":"thread","value":"9292@CSGRAD08.main(1)"},{"name":"framework","value":"junit4"},{"name":"language","value":"java"},{"name":"testType","value":"Complete Failure"},{"name":"severity","value":"critical"},{"name":"feature","value":"Microservice Workflow"},{"name":"story","value":"test_POST_10"}],"links":[]}