{"name":"testScenario38","status":"failed","statusDetails":{"known":false,"muted":false,"flaky":false,"message":"Scenario FAILED: 1 out of 2 steps failed. In microservice testing, all workflow steps must succeed for end-to-end validation.","trace":"java.lang.AssertionError: Scenario FAILED: 1 out of 2 steps failed. In microservice testing, all workflow steps must succeed for end-to-end validation.\r\n\tat org.junit.Assert.fail(Assert.java:89)\r\n\tat trainticket_twostage_test.TrainTicketTwoStageTest_1752105782555.testScenario38(TrainTicketTwoStageTest_1752105782555.java:12243)\r\n\tat java.base/jdk.internal.reflect.NativeMethodAccessorImpl.invoke0(Native Method)\r\n\tat java.base/jdk.internal.reflect.NativeMethodAccessorImpl.invoke(NativeMethodAccessorImpl.java:62)\r\n\tat java.base/jdk.internal.reflect.DelegatingMethodAccessorImpl.invoke(DelegatingMethodAccessorImpl.java:43)\r\n\tat java.base/java.lang.reflect.Method.invoke(Method.java:566)\r\n\tat org.junit.runners.model.FrameworkMethod$1.runReflectiveCall(FrameworkMethod.java:59)\r\n\tat org.junit.internal.runners.model.ReflectiveCallable.run(ReflectiveCallable.java:12)\r\n\tat org.junit.runners.model.FrameworkMethod.invokeExplosively(FrameworkMethod.java:56)\r\n\tat org.junit.internal.runners.statements.InvokeMethod.evaluate(InvokeMethod.java:17)\r\n\tat org.junit.runners.ParentRunner$3.evaluate(ParentRunner.java:306)\r\n\tat org.junit.runners.BlockJUnit4ClassRunner$1.evaluate(BlockJUnit4ClassRunner.java:100)\r\n\tat org.junit.runners.ParentRunner.runLeaf(ParentRunner.java:366)\r\n\tat org.junit.runners.BlockJUnit4ClassRunner.runChild(BlockJUnit4ClassRunner.java:103)\r\n\tat org.junit.runners.BlockJUnit4ClassRunner.runChild(BlockJUnit4ClassRunner.java:63)\r\n\tat org.junit.runners.ParentRunner$4.run(ParentRunner.java:331)\r\n\tat org.junit.runners.ParentRunner$1.schedule(ParentRunner.java:79)\r\n\tat org.junit.runners.ParentRunner.runChildren(ParentRunner.java:329)\r\n\tat org.junit.runners.ParentRunner.access$100(ParentRunner.java:66)\r\n\tat org.junit.runners.ParentRunner$2.evaluate(ParentRunner.java:293)\r\n\tat org.junit.internal.runners.statements.RunBefores.evaluate(RunBefores.java:26)\r\n\tat org.junit.runners.ParentRunner$3.evaluate(ParentRunner.java:306)\r\n\tat org.junit.runners.ParentRunner.run(ParentRunner.java:413)\r\n\tat org.junit.runners.Suite.runChild(Suite.java:128)\r\n\tat org.junit.runners.Suite.runChild(Suite.java:27)\r\n\tat org.junit.runners.ParentRunner$4.run(ParentRunner.java:331)\r\n\tat org.junit.runners.ParentRunner$1.schedule(ParentRunner.java:79)\r\n\tat org.junit.runners.ParentRunner.runChildren(ParentRunner.java:329)\r\n\tat org.junit.runners.ParentRunner.access$100(ParentRunner.java:66)\r\n\tat org.junit.runners.ParentRunner$2.evaluate(ParentRunner.java:293)\r\n\tat org.junit.runners.ParentRunner$3.evaluate(ParentRunner.java:306)\r\n\tat org.junit.runners.ParentRunner.run(ParentRunner.java:413)\r\n\tat org.junit.runner.JUnitCore.run(JUnitCore.java:137)\r\n\tat org.junit.runner.JUnitCore.run(JUnitCore.java:115)\r\n\tat org.junit.runner.JUnitCore.run(JUnitCore.java:105)\r\n\tat org.junit.runner.JUnitCore.run(JUnitCore.java:94)\r\n\tat es.us.isa.restest.runners.RESTestWorkflow.testExecution(RESTestWorkflow.java:121)\r\n\tat es.us.isa.restest.runners.RESTestWorkflow.run(RESTestWorkflow.java:69)\r\n\tat es.us.isa.restest.main.TestGenerationAndExecution.main(TestGenerationAndExecution.java:152)\r\n"},"stage":"finished","description":"Microservice test scenario with 2 steps. Generated using two-stage LLM + semantic expansion approach.","steps":[{"name":"Login","status":"passed","stage":"finished","steps":[],"attachments":[{"name":"Request","source":"a23f8ec5-0a55-4069-a66b-5818d28e3c63-attachment.html","type":"text/html"},{"name":"HTTP/1.1 200 ","source":"f46ca40c-74cd-4e98-af29-b2d5335b11c0-attachment.html","type":"text/html"}],"parameters":[],"start":1752107147342,"stop":1752107147477},{"name":"Step 1: ts-admin-basic-info-service POST /api/v1/adminbasicservice/adminbasic/prices","status":"passed","stage":"finished","description":"Service: ts-admin-basic-info-service | Method: POST | Path: /api/v1/adminbasicservice/adminbasic/prices | Expected Status: 200","steps":[],"attachments":[{"name":"Request Body","source":"032c7f3a-c213-4be0-912e-192784ec6c5c-attachment.txt","type":"application/json"},{"name":"Request","source":"c2f57e31-78b8-46ef-b50a-d5766926f60d-attachment.html","type":"text/html"},{"name":"HTTP/1.1 200 ","source":"200c3f14-c410-4ef6-8aae-e24df26c4267-attachment.html","type":"text/html"},{"name":"Response Body (Status: 200)","source":"b413a6e0-632f-4db6-a83d-99d91193e586-attachment.txt","type":"application/json"}],"parameters":[],"start":1752107147477,"stop":1752107147510},{"name":"Step 2: ts-price-service POST /api/v1/priceservice/prices","status":"failed","stage":"finished","description":"Service: ts-price-service | Method: POST | Path: /api/v1/priceservice/prices | Expected Status: 200","steps":[],"attachments":[{"name":"Request Body","source":"27a3d737-deac-4daa-b659-0f416ab87adc-attachment.txt","type":"application/json"},{"name":"Request","source":"bcf654a8-ea95-44fd-a570-f0c6aa62516e-attachment.html","type":"text/html"},{"name":"HTTP/1.1 500 ","source":"3566c1b8-1168-4327-9a6f-52f5f8b4bd37-attachment.html","type":"text/html"},{"name":"Detailed Error Report â€¢ Step 2: ts-price-service POST /api/v1/priceservice/prices","source":"96563043-f3dc-46a3-99f4-22b2b82c1ae9-attachment.txt","type":"text/plain"}],"parameters":[],"start":1752107147510,"stop":1752107147555}],"attachments":[{"name":"Test Execution Summary","source":"94d9553b-d30e-4454-bfa9-bd0fcd6fea33-attachment.txt","type":"text/plain"}],"parameters":[{"name":"Service","value":"ts-admin-basic-info-service"},{"name":"HTTP Method","value":"POST"},{"name":"Endpoint","value":"/api/v1/adminbasicservice/adminbasic/prices"},{"name":"Expected Status","value":"200"},{"name":"Actual Status Code","value":"200"},{"name":"Response Time (ms)","value":"33"},{"name":"Service","value":"ts-price-service"},{"name":"HTTP Method","value":"POST"},{"name":"Endpoint","value":"/api/v1/priceservice/prices"},{"name":"Expected Status","value":"200"},{"name":"Error Category","value":"Assertion Failed - Unexpected Response"}],"start":1752107147341,"stop":1752107147557,"uuid":"535a59db-593d-49a0-bdf4-331028e7b848","historyId":"a8422b667944746775fcc3e6a2ae4362","fullName":"trainticket_twostage_test.TrainTicketTwoStageTest_1752105782555.testScenario38","labels":[{"name":"package","value":"trainticket_twostage_test"},{"name":"testClass","value":"trainticket_twostage_test.TrainTicketTwoStageTest_1752105782555"},{"name":"testMethod","value":"testScenario38"},{"name":"suite","value":"trainticket_twostage_test.TrainTicketTwoStageTest_1752105782555"},{"name":"host","value":"CSGRAD08"},{"name":"thread","value":"9292@CSGRAD08.main(1)"},{"name":"framework","value":"junit4"},{"name":"language","value":"java"},{"name":"testType","value":"Partial Failure"},{"name":"severity","value":"major"},{"name":"feature","value":"Microservice Workflow"},{"name":"story","value":"test_POST_8"}],"links":[]}