{"name":"testScenario26","status":"failed","statusDetails":{"known":false,"muted":false,"flaky":false,"message":"Scenario FAILED: 1 out of 2 steps failed. In microservice testing, all workflow steps must succeed for end-to-end validation.","trace":"java.lang.AssertionError: Scenario FAILED: 1 out of 2 steps failed. In microservice testing, all workflow steps must succeed for end-to-end validation.\r\n\tat org.junit.Assert.fail(Assert.java:89)\r\n\tat trainticket_twostage_test.TrainTicketTwoStageTest_1752105782555.testScenario26(TrainTicketTwoStageTest_1752105782555.java:8943)\r\n\tat java.base/jdk.internal.reflect.NativeMethodAccessorImpl.invoke0(Native Method)\r\n\tat java.base/jdk.internal.reflect.NativeMethodAccessorImpl.invoke(NativeMethodAccessorImpl.java:62)\r\n\tat java.base/jdk.internal.reflect.DelegatingMethodAccessorImpl.invoke(DelegatingMethodAccessorImpl.java:43)\r\n\tat java.base/java.lang.reflect.Method.invoke(Method.java:566)\r\n\tat org.junit.runners.model.FrameworkMethod$1.runReflectiveCall(FrameworkMethod.java:59)\r\n\tat org.junit.internal.runners.model.ReflectiveCallable.run(ReflectiveCallable.java:12)\r\n\tat org.junit.runners.model.FrameworkMethod.invokeExplosively(FrameworkMethod.java:56)\r\n\tat org.junit.internal.runners.statements.InvokeMethod.evaluate(InvokeMethod.java:17)\r\n\tat org.junit.runners.ParentRunner$3.evaluate(ParentRunner.java:306)\r\n\tat org.junit.runners.BlockJUnit4ClassRunner$1.evaluate(BlockJUnit4ClassRunner.java:100)\r\n\tat org.junit.runners.ParentRunner.runLeaf(ParentRunner.java:366)\r\n\tat org.junit.runners.BlockJUnit4ClassRunner.runChild(BlockJUnit4ClassRunner.java:103)\r\n\tat org.junit.runners.BlockJUnit4ClassRunner.runChild(BlockJUnit4ClassRunner.java:63)\r\n\tat org.junit.runners.ParentRunner$4.run(ParentRunner.java:331)\r\n\tat org.junit.runners.ParentRunner$1.schedule(ParentRunner.java:79)\r\n\tat org.junit.runners.ParentRunner.runChildren(ParentRunner.java:329)\r\n\tat org.junit.runners.ParentRunner.access$100(ParentRunner.java:66)\r\n\tat org.junit.runners.ParentRunner$2.evaluate(ParentRunner.java:293)\r\n\tat org.junit.internal.runners.statements.RunBefores.evaluate(RunBefores.java:26)\r\n\tat org.junit.runners.ParentRunner$3.evaluate(ParentRunner.java:306)\r\n\tat org.junit.runners.ParentRunner.run(ParentRunner.java:413)\r\n\tat org.junit.runners.Suite.runChild(Suite.java:128)\r\n\tat org.junit.runners.Suite.runChild(Suite.java:27)\r\n\tat org.junit.runners.ParentRunner$4.run(ParentRunner.java:331)\r\n\tat org.junit.runners.ParentRunner$1.schedule(ParentRunner.java:79)\r\n\tat org.junit.runners.ParentRunner.runChildren(ParentRunner.java:329)\r\n\tat org.junit.runners.ParentRunner.access$100(ParentRunner.java:66)\r\n\tat org.junit.runners.ParentRunner$2.evaluate(ParentRunner.java:293)\r\n\tat org.junit.runners.ParentRunner$3.evaluate(ParentRunner.java:306)\r\n\tat org.junit.runners.ParentRunner.run(ParentRunner.java:413)\r\n\tat org.junit.runner.JUnitCore.run(JUnitCore.java:137)\r\n\tat org.junit.runner.JUnitCore.run(JUnitCore.java:115)\r\n\tat org.junit.runner.JUnitCore.run(JUnitCore.java:105)\r\n\tat org.junit.runner.JUnitCore.run(JUnitCore.java:94)\r\n\tat es.us.isa.restest.runners.RESTestWorkflow.testExecution(RESTestWorkflow.java:121)\r\n\tat es.us.isa.restest.runners.RESTestWorkflow.run(RESTestWorkflow.java:69)\r\n\tat es.us.isa.restest.main.TestGenerationAndExecution.main(TestGenerationAndExecution.java:152)\r\n"},"stage":"finished","description":"Microservice test scenario with 2 steps. Generated using two-stage LLM + semantic expansion approach.","steps":[{"name":"Login","status":"passed","stage":"finished","steps":[],"attachments":[{"name":"Request","source":"33d96d9d-9ee5-42f1-b3a3-d6258fb13a33-attachment.html","type":"text/html"},{"name":"HTTP/1.1 200 ","source":"fbf9cf33-d8dd-4041-a6bd-0e1518a5644f-attachment.html","type":"text/html"}],"parameters":[],"start":1752107144847,"stop":1752107144991},{"name":"Step 1: ts-admin-order-service POST /api/v1/adminorderservice/adminorder","status":"passed","stage":"finished","description":"Service: ts-admin-order-service | Method: POST | Path: /api/v1/adminorderservice/adminorder | Expected Status: 200","steps":[],"attachments":[{"name":"Request Body","source":"ac0aba06-777f-4e3a-86a3-5af5f1e7bb7f-attachment.txt","type":"application/json"},{"name":"Request","source":"f84778ca-9494-4b3b-bf51-78ae2ff2a8d4-attachment.html","type":"text/html"},{"name":"HTTP/1.1 200 ","source":"c91ad43d-debb-466f-a504-b1d89f61becb-attachment.html","type":"text/html"},{"name":"Response Body (Status: 200)","source":"a5d72fa5-8af7-410e-8e98-ec56649a5351-attachment.txt","type":"application/json"}],"parameters":[],"start":1752107144991,"stop":1752107145028},{"name":"Step 2: ts-order-other-service POST /api/v1/orderOtherService/orderOther/admin","status":"failed","stage":"finished","description":"Service: ts-order-other-service | Method: POST | Path: /api/v1/orderOtherService/orderOther/admin | Expected Status: 200","steps":[],"attachments":[{"name":"Request Body","source":"ca57bd2e-bd98-43ff-a0ec-c511ed883b37-attachment.txt","type":"application/json"},{"name":"Request","source":"e1b5ae91-5c66-4877-b958-325d484dd522-attachment.html","type":"text/html"},{"name":"HTTP/1.1 400 ","source":"35674c16-e459-4afc-a1ff-272aa6549887-attachment.html","type":"text/html"},{"name":"Detailed Error Report â€¢ Step 2: ts-order-other-service POST /api/v1/orderOtherService/orderOther/admin","source":"c328c13a-a2ef-45ef-b6d9-7cf42a80aab8-attachment.txt","type":"text/plain"}],"parameters":[],"start":1752107145028,"stop":1752107145052}],"attachments":[{"name":"Test Execution Summary","source":"53f05b79-f6e0-4c95-b3d8-6f4e87ff5c9b-attachment.txt","type":"text/plain"}],"parameters":[{"name":"Service","value":"ts-admin-order-service"},{"name":"HTTP Method","value":"POST"},{"name":"Endpoint","value":"/api/v1/adminorderservice/adminorder"},{"name":"Expected Status","value":"200"},{"name":"Actual Status Code","value":"200"},{"name":"Response Time (ms)","value":"31"},{"name":"Service","value":"ts-order-other-service"},{"name":"HTTP Method","value":"POST"},{"name":"Endpoint","value":"/api/v1/orderOtherService/orderOther/admin"},{"name":"Expected Status","value":"200"},{"name":"Error Category","value":"Assertion Failed - Unexpected Response"}],"start":1752107144847,"stop":1752107145053,"uuid":"53ff03c2-5240-46c9-a1e1-263c9c106573","historyId":"19d0a37b6f5e03cc41432e7adce31a95","fullName":"trainticket_twostage_test.TrainTicketTwoStageTest_1752105782555.testScenario26","labels":[{"name":"package","value":"trainticket_twostage_test"},{"name":"testClass","value":"trainticket_twostage_test.TrainTicketTwoStageTest_1752105782555"},{"name":"testMethod","value":"testScenario26"},{"name":"suite","value":"trainticket_twostage_test.TrainTicketTwoStageTest_1752105782555"},{"name":"host","value":"CSGRAD08"},{"name":"thread","value":"9292@CSGRAD08.main(1)"},{"name":"framework","value":"junit4"},{"name":"language","value":"java"},{"name":"testType","value":"Partial Failure"},{"name":"severity","value":"major"},{"name":"feature","value":"Microservice Workflow"},{"name":"story","value":"test_POST_6"}],"links":[]}