{"name":"testScenario24","status":"failed","statusDetails":{"known":false,"muted":false,"flaky":false,"message":"Scenario FAILED: 1 out of 2 steps failed. In microservice testing, all workflow steps must succeed for end-to-end validation.","trace":"java.lang.AssertionError: Scenario FAILED: 1 out of 2 steps failed. In microservice testing, all workflow steps must succeed for end-to-end validation.\r\n\tat org.junit.Assert.fail(Assert.java:89)\r\n\tat trainticket_twostage_test.TrainTicketTwoStageTest_1752105782555.testScenario24(TrainTicketTwoStageTest_1752105782555.java:8393)\r\n\tat java.base/jdk.internal.reflect.NativeMethodAccessorImpl.invoke0(Native Method)\r\n\tat java.base/jdk.internal.reflect.NativeMethodAccessorImpl.invoke(NativeMethodAccessorImpl.java:62)\r\n\tat java.base/jdk.internal.reflect.DelegatingMethodAccessorImpl.invoke(DelegatingMethodAccessorImpl.java:43)\r\n\tat java.base/java.lang.reflect.Method.invoke(Method.java:566)\r\n\tat org.junit.runners.model.FrameworkMethod$1.runReflectiveCall(FrameworkMethod.java:59)\r\n\tat org.junit.internal.runners.model.ReflectiveCallable.run(ReflectiveCallable.java:12)\r\n\tat org.junit.runners.model.FrameworkMethod.invokeExplosively(FrameworkMethod.java:56)\r\n\tat org.junit.internal.runners.statements.InvokeMethod.evaluate(InvokeMethod.java:17)\r\n\tat org.junit.runners.ParentRunner$3.evaluate(ParentRunner.java:306)\r\n\tat org.junit.runners.BlockJUnit4ClassRunner$1.evaluate(BlockJUnit4ClassRunner.java:100)\r\n\tat org.junit.runners.ParentRunner.runLeaf(ParentRunner.java:366)\r\n\tat org.junit.runners.BlockJUnit4ClassRunner.runChild(BlockJUnit4ClassRunner.java:103)\r\n\tat org.junit.runners.BlockJUnit4ClassRunner.runChild(BlockJUnit4ClassRunner.java:63)\r\n\tat org.junit.runners.ParentRunner$4.run(ParentRunner.java:331)\r\n\tat org.junit.runners.ParentRunner$1.schedule(ParentRunner.java:79)\r\n\tat org.junit.runners.ParentRunner.runChildren(ParentRunner.java:329)\r\n\tat org.junit.runners.ParentRunner.access$100(ParentRunner.java:66)\r\n\tat org.junit.runners.ParentRunner$2.evaluate(ParentRunner.java:293)\r\n\tat org.junit.internal.runners.statements.RunBefores.evaluate(RunBefores.java:26)\r\n\tat org.junit.runners.ParentRunner$3.evaluate(ParentRunner.java:306)\r\n\tat org.junit.runners.ParentRunner.run(ParentRunner.java:413)\r\n\tat org.junit.runners.Suite.runChild(Suite.java:128)\r\n\tat org.junit.runners.Suite.runChild(Suite.java:27)\r\n\tat org.junit.runners.ParentRunner$4.run(ParentRunner.java:331)\r\n\tat org.junit.runners.ParentRunner$1.schedule(ParentRunner.java:79)\r\n\tat org.junit.runners.ParentRunner.runChildren(ParentRunner.java:329)\r\n\tat org.junit.runners.ParentRunner.access$100(ParentRunner.java:66)\r\n\tat org.junit.runners.ParentRunner$2.evaluate(ParentRunner.java:293)\r\n\tat org.junit.runners.ParentRunner$3.evaluate(ParentRunner.java:306)\r\n\tat org.junit.runners.ParentRunner.run(ParentRunner.java:413)\r\n\tat org.junit.runner.JUnitCore.run(JUnitCore.java:137)\r\n\tat org.junit.runner.JUnitCore.run(JUnitCore.java:115)\r\n\tat org.junit.runner.JUnitCore.run(JUnitCore.java:105)\r\n\tat org.junit.runner.JUnitCore.run(JUnitCore.java:94)\r\n\tat es.us.isa.restest.runners.RESTestWorkflow.testExecution(RESTestWorkflow.java:121)\r\n\tat es.us.isa.restest.runners.RESTestWorkflow.run(RESTestWorkflow.java:69)\r\n\tat es.us.isa.restest.main.TestGenerationAndExecution.main(TestGenerationAndExecution.java:152)\r\n"},"stage":"finished","description":"Microservice test scenario with 2 steps. Generated using two-stage LLM + semantic expansion approach.","steps":[{"name":"Login","status":"passed","stage":"finished","steps":[],"attachments":[{"name":"Request","source":"f70e6c19-6f27-4b1d-b8e7-e8eb2857f088-attachment.html","type":"text/html"},{"name":"HTTP/1.1 200 ","source":"8be1da1e-e55e-4d56-8cb5-af12cca59977-attachment.html","type":"text/html"}],"parameters":[],"start":1752107144339,"stop":1752107144551},{"name":"Step 1: ts-admin-order-service POST /api/v1/adminorderservice/adminorder","status":"passed","stage":"finished","description":"Service: ts-admin-order-service | Method: POST | Path: /api/v1/adminorderservice/adminorder | Expected Status: 200","steps":[],"attachments":[{"name":"Request Body","source":"350686e9-2e19-4eb9-9406-6c9b537cb55a-attachment.txt","type":"application/json"},{"name":"Request","source":"d480974a-bfec-464c-8685-2a3eb8f79150-attachment.html","type":"text/html"},{"name":"HTTP/1.1 200 ","source":"fce48ae7-2766-4bcb-b773-2d9446f70c50-attachment.html","type":"text/html"},{"name":"Response Body (Status: 200)","source":"7cbd08d1-b4fc-4a9a-a1e2-3c049ff29ae0-attachment.txt","type":"application/json"}],"parameters":[],"start":1752107144551,"stop":1752107144587},{"name":"Step 2: ts-order-other-service POST /api/v1/orderOtherService/orderOther/admin","status":"failed","stage":"finished","description":"Service: ts-order-other-service | Method: POST | Path: /api/v1/orderOtherService/orderOther/admin | Expected Status: 200","steps":[],"attachments":[{"name":"Request Body","source":"b877014b-0c96-4224-a29f-79fbd36f459f-attachment.txt","type":"application/json"},{"name":"Request","source":"71e99a3c-6be5-4b02-b65b-017843e38e47-attachment.html","type":"text/html"},{"name":"HTTP/1.1 400 ","source":"5230f46c-5fff-462e-ae90-c699f312ed97-attachment.html","type":"text/html"},{"name":"Detailed Error Report â€¢ Step 2: ts-order-other-service POST /api/v1/orderOtherService/orderOther/admin","source":"159d813f-a0a0-4deb-9b41-0d2350b2acfd-attachment.txt","type":"text/plain"}],"parameters":[],"start":1752107144587,"stop":1752107144611}],"attachments":[{"name":"Test Execution Summary","source":"cc92d0e7-a603-4e25-8642-2b44160ea95f-attachment.txt","type":"text/plain"}],"parameters":[{"name":"Service","value":"ts-admin-order-service"},{"name":"HTTP Method","value":"POST"},{"name":"Endpoint","value":"/api/v1/adminorderservice/adminorder"},{"name":"Expected Status","value":"200"},{"name":"Actual Status Code","value":"200"},{"name":"Response Time (ms)","value":"30"},{"name":"Service","value":"ts-order-other-service"},{"name":"HTTP Method","value":"POST"},{"name":"Endpoint","value":"/api/v1/orderOtherService/orderOther/admin"},{"name":"Expected Status","value":"200"},{"name":"Error Category","value":"Assertion Failed - Unexpected Response"}],"start":1752107144338,"stop":1752107144611,"uuid":"7ab4efe4-f466-4786-9e6e-6ff591acb2c3","historyId":"8fedd15dfee3e12175e52712b6ec224a","fullName":"trainticket_twostage_test.TrainTicketTwoStageTest_1752105782555.testScenario24","labels":[{"name":"package","value":"trainticket_twostage_test"},{"name":"testClass","value":"trainticket_twostage_test.TrainTicketTwoStageTest_1752105782555"},{"name":"testMethod","value":"testScenario24"},{"name":"suite","value":"trainticket_twostage_test.TrainTicketTwoStageTest_1752105782555"},{"name":"host","value":"CSGRAD08"},{"name":"thread","value":"9292@CSGRAD08.main(1)"},{"name":"framework","value":"junit4"},{"name":"language","value":"java"},{"name":"testType","value":"Partial Failure"},{"name":"severity","value":"major"},{"name":"feature","value":"Microservice Workflow"},{"name":"story","value":"test_POST_4"}],"links":[]}