{"name":"testScenario12","status":"failed","statusDetails":{"known":false,"muted":false,"flaky":false,"message":"Scenario FAILED: 3 out of 3 steps failed. In microservice testing, all workflow steps must succeed for end-to-end validation.","trace":"java.lang.AssertionError: Scenario FAILED: 3 out of 3 steps failed. In microservice testing, all workflow steps must succeed for end-to-end validation.\r\n\tat org.junit.Assert.fail(Assert.java:89)\r\n\tat trainticket_twostage_test.TrainTicketTwoStageTest_1752105782555.testScenario12(TrainTicketTwoStageTest_1752105782555.java:4381)\r\n\tat java.base/jdk.internal.reflect.NativeMethodAccessorImpl.invoke0(Native Method)\r\n\tat java.base/jdk.internal.reflect.NativeMethodAccessorImpl.invoke(NativeMethodAccessorImpl.java:62)\r\n\tat java.base/jdk.internal.reflect.DelegatingMethodAccessorImpl.invoke(DelegatingMethodAccessorImpl.java:43)\r\n\tat java.base/java.lang.reflect.Method.invoke(Method.java:566)\r\n\tat org.junit.runners.model.FrameworkMethod$1.runReflectiveCall(FrameworkMethod.java:59)\r\n\tat org.junit.internal.runners.model.ReflectiveCallable.run(ReflectiveCallable.java:12)\r\n\tat org.junit.runners.model.FrameworkMethod.invokeExplosively(FrameworkMethod.java:56)\r\n\tat org.junit.internal.runners.statements.InvokeMethod.evaluate(InvokeMethod.java:17)\r\n\tat org.junit.runners.ParentRunner$3.evaluate(ParentRunner.java:306)\r\n\tat org.junit.runners.BlockJUnit4ClassRunner$1.evaluate(BlockJUnit4ClassRunner.java:100)\r\n\tat org.junit.runners.ParentRunner.runLeaf(ParentRunner.java:366)\r\n\tat org.junit.runners.BlockJUnit4ClassRunner.runChild(BlockJUnit4ClassRunner.java:103)\r\n\tat org.junit.runners.BlockJUnit4ClassRunner.runChild(BlockJUnit4ClassRunner.java:63)\r\n\tat org.junit.runners.ParentRunner$4.run(ParentRunner.java:331)\r\n\tat org.junit.runners.ParentRunner$1.schedule(ParentRunner.java:79)\r\n\tat org.junit.runners.ParentRunner.runChildren(ParentRunner.java:329)\r\n\tat org.junit.runners.ParentRunner.access$100(ParentRunner.java:66)\r\n\tat org.junit.runners.ParentRunner$2.evaluate(ParentRunner.java:293)\r\n\tat org.junit.internal.runners.statements.RunBefores.evaluate(RunBefores.java:26)\r\n\tat org.junit.runners.ParentRunner$3.evaluate(ParentRunner.java:306)\r\n\tat org.junit.runners.ParentRunner.run(ParentRunner.java:413)\r\n\tat org.junit.runners.Suite.runChild(Suite.java:128)\r\n\tat org.junit.runners.Suite.runChild(Suite.java:27)\r\n\tat org.junit.runners.ParentRunner$4.run(ParentRunner.java:331)\r\n\tat org.junit.runners.ParentRunner$1.schedule(ParentRunner.java:79)\r\n\tat org.junit.runners.ParentRunner.runChildren(ParentRunner.java:329)\r\n\tat org.junit.runners.ParentRunner.access$100(ParentRunner.java:66)\r\n\tat org.junit.runners.ParentRunner$2.evaluate(ParentRunner.java:293)\r\n\tat org.junit.runners.ParentRunner$3.evaluate(ParentRunner.java:306)\r\n\tat org.junit.runners.ParentRunner.run(ParentRunner.java:413)\r\n\tat org.junit.runner.JUnitCore.run(JUnitCore.java:137)\r\n\tat org.junit.runner.JUnitCore.run(JUnitCore.java:115)\r\n\tat org.junit.runner.JUnitCore.run(JUnitCore.java:105)\r\n\tat org.junit.runner.JUnitCore.run(JUnitCore.java:94)\r\n\tat es.us.isa.restest.runners.RESTestWorkflow.testExecution(RESTestWorkflow.java:121)\r\n\tat es.us.isa.restest.runners.RESTestWorkflow.run(RESTestWorkflow.java:69)\r\n\tat es.us.isa.restest.main.TestGenerationAndExecution.main(TestGenerationAndExecution.java:152)\r\n"},"stage":"finished","description":"Microservice test scenario with 3 steps. Generated using two-stage LLM + semantic expansion approach.","steps":[{"name":"Login","status":"passed","stage":"finished","steps":[],"attachments":[{"name":"Request","source":"4a382b93-0dff-442b-8702-e4453bbd96a0-attachment.html","type":"text/html"},{"name":"HTTP/1.1 200 ","source":"2414cb0c-5e8a-4a3c-8091-96f0b5fe7a50-attachment.html","type":"text/html"}],"parameters":[],"start":1752107141381,"stop":1752107141493},{"name":"Step 1: ts-admin-route-service POST /api/v1/adminrouteservice/adminroute","status":"failed","stage":"finished","description":"Service: ts-admin-route-service | Method: POST | Path: /api/v1/adminrouteservice/adminroute | Expected Status: 200","steps":[],"attachments":[{"name":"Request Body","source":"0fb001cd-21fc-421f-ab75-7142e75e5560-attachment.txt","type":"application/json"},{"name":"Request","source":"12e6c21f-d6cd-42ad-ab59-dd181af97e8b-attachment.html","type":"text/html"},{"name":"HTTP/1.1 400 ","source":"7ec975b3-d825-4e87-af01-d15270e77f1f-attachment.html","type":"text/html"},{"name":"Detailed Error Report • Step 1: ts-admin-route-service POST /api/v1/adminrouteservice/adminroute","source":"172592c1-655f-4f4c-9548-6999d889f1a3-attachment.txt","type":"text/plain"}],"parameters":[],"start":1752107141493,"stop":1752107141518},{"name":"Step 2: ts-station-service POST /api/v1/stationservice/stations/idlist","status":"failed","stage":"finished","description":"Service: ts-station-service | Method: POST | Path: /api/v1/stationservice/stations/idlist | Expected Status: 200","steps":[],"attachments":[{"name":"Request","source":"c4bf2f0a-f1dd-4752-be6b-24c01bd7dab5-attachment.html","type":"text/html"},{"name":"HTTP/1.1 415 ","source":"5d4a01c7-3f0a-416d-a381-7179465394d0-attachment.html","type":"text/html"},{"name":"Detailed Error Report • Step 2: ts-station-service POST /api/v1/stationservice/stations/idlist","source":"999dc922-a689-4307-97c2-1415ed465ec3-attachment.txt","type":"text/plain"}],"parameters":[],"start":1752107141518,"stop":1752107141538},{"name":"Step 3: ts-route-service POST /api/v1/routeservice/routes","status":"failed","stage":"finished","description":"Service: ts-route-service | Method: POST | Path: /api/v1/routeservice/routes | Expected Status: 200","steps":[],"attachments":[{"name":"Request Body","source":"f8c6ff37-ff50-499f-90e9-1d19629cdebd-attachment.txt","type":"application/json"},{"name":"Request","source":"f2019e38-da1c-4221-8eeb-81f31dac7f89-attachment.html","type":"text/html"},{"name":"HTTP/1.1 500 ","source":"d8f3a03d-4c9e-4982-8689-c899bcb4e28a-attachment.html","type":"text/html"},{"name":"Detailed Error Report • Step 3: ts-route-service POST /api/v1/routeservice/routes","source":"2bfd2249-1d7d-4a16-8d72-a6ad70f941c0-attachment.txt","type":"text/plain"}],"parameters":[],"start":1752107141538,"stop":1752107141559}],"attachments":[{"name":"Test Execution Summary","source":"5ce4b7d7-747a-463c-a47b-60d22293e255-attachment.txt","type":"text/plain"}],"parameters":[{"name":"Service","value":"ts-admin-route-service"},{"name":"HTTP Method","value":"POST"},{"name":"Endpoint","value":"/api/v1/adminrouteservice/adminroute"},{"name":"Expected Status","value":"200"},{"name":"Error Category","value":"Assertion Failed - Unexpected Response"},{"name":"Service","value":"ts-station-service"},{"name":"HTTP Method","value":"POST"},{"name":"Endpoint","value":"/api/v1/stationservice/stations/idlist"},{"name":"Expected Status","value":"200"},{"name":"Error Category","value":"Assertion Failed - Unexpected Response"},{"name":"Service","value":"ts-route-service"},{"name":"HTTP Method","value":"POST"},{"name":"Endpoint","value":"/api/v1/routeservice/routes"},{"name":"Expected Status","value":"200"},{"name":"Error Category","value":"Assertion Failed - Unexpected Response"}],"start":1752107141381,"stop":1752107141559,"uuid":"95786494-2915-4417-bb54-04ec115e75f7","historyId":"1e9d03c877373b3edef0201c97a15956","fullName":"trainticket_twostage_test.TrainTicketTwoStageTest_1752105782555.testScenario12","labels":[{"name":"package","value":"trainticket_twostage_test"},{"name":"testClass","value":"trainticket_twostage_test.TrainTicketTwoStageTest_1752105782555"},{"name":"testMethod","value":"testScenario12"},{"name":"suite","value":"trainticket_twostage_test.TrainTicketTwoStageTest_1752105782555"},{"name":"host","value":"CSGRAD08"},{"name":"thread","value":"9292@CSGRAD08.main(1)"},{"name":"framework","value":"junit4"},{"name":"language","value":"java"},{"name":"testType","value":"Complete Failure"},{"name":"severity","value":"critical"},{"name":"feature","value":"Microservice Workflow"},{"name":"story","value":"test_POST_2"}],"links":[]}