{"name":"testScenario37","status":"failed","statusDetails":{"known":false,"muted":false,"flaky":false,"message":"Scenario FAILED: 1 out of 2 steps failed. In microservice testing, all workflow steps must succeed for end-to-end validation.","trace":"java.lang.AssertionError: Scenario FAILED: 1 out of 2 steps failed. In microservice testing, all workflow steps must succeed for end-to-end validation.\r\n\tat org.junit.Assert.fail(Assert.java:89)\r\n\tat trainticket_twostage_test.TrainTicketTwoStageTest_1752105782555.testScenario37(TrainTicketTwoStageTest_1752105782555.java:11968)\r\n\tat java.base/jdk.internal.reflect.NativeMethodAccessorImpl.invoke0(Native Method)\r\n\tat java.base/jdk.internal.reflect.NativeMethodAccessorImpl.invoke(NativeMethodAccessorImpl.java:62)\r\n\tat java.base/jdk.internal.reflect.DelegatingMethodAccessorImpl.invoke(DelegatingMethodAccessorImpl.java:43)\r\n\tat java.base/java.lang.reflect.Method.invoke(Method.java:566)\r\n\tat org.junit.runners.model.FrameworkMethod$1.runReflectiveCall(FrameworkMethod.java:59)\r\n\tat org.junit.internal.runners.model.ReflectiveCallable.run(ReflectiveCallable.java:12)\r\n\tat org.junit.runners.model.FrameworkMethod.invokeExplosively(FrameworkMethod.java:56)\r\n\tat org.junit.internal.runners.statements.InvokeMethod.evaluate(InvokeMethod.java:17)\r\n\tat org.junit.runners.ParentRunner$3.evaluate(ParentRunner.java:306)\r\n\tat org.junit.runners.BlockJUnit4ClassRunner$1.evaluate(BlockJUnit4ClassRunner.java:100)\r\n\tat org.junit.runners.ParentRunner.runLeaf(ParentRunner.java:366)\r\n\tat org.junit.runners.BlockJUnit4ClassRunner.runChild(BlockJUnit4ClassRunner.java:103)\r\n\tat org.junit.runners.BlockJUnit4ClassRunner.runChild(BlockJUnit4ClassRunner.java:63)\r\n\tat org.junit.runners.ParentRunner$4.run(ParentRunner.java:331)\r\n\tat org.junit.runners.ParentRunner$1.schedule(ParentRunner.java:79)\r\n\tat org.junit.runners.ParentRunner.runChildren(ParentRunner.java:329)\r\n\tat org.junit.runners.ParentRunner.access$100(ParentRunner.java:66)\r\n\tat org.junit.runners.ParentRunner$2.evaluate(ParentRunner.java:293)\r\n\tat org.junit.internal.runners.statements.RunBefores.evaluate(RunBefores.java:26)\r\n\tat org.junit.runners.ParentRunner$3.evaluate(ParentRunner.java:306)\r\n\tat org.junit.runners.ParentRunner.run(ParentRunner.java:413)\r\n\tat org.junit.runners.Suite.runChild(Suite.java:128)\r\n\tat org.junit.runners.Suite.runChild(Suite.java:27)\r\n\tat org.junit.runners.ParentRunner$4.run(ParentRunner.java:331)\r\n\tat org.junit.runners.ParentRunner$1.schedule(ParentRunner.java:79)\r\n\tat org.junit.runners.ParentRunner.runChildren(ParentRunner.java:329)\r\n\tat org.junit.runners.ParentRunner.access$100(ParentRunner.java:66)\r\n\tat org.junit.runners.ParentRunner$2.evaluate(ParentRunner.java:293)\r\n\tat org.junit.runners.ParentRunner$3.evaluate(ParentRunner.java:306)\r\n\tat org.junit.runners.ParentRunner.run(ParentRunner.java:413)\r\n\tat org.junit.runner.JUnitCore.run(JUnitCore.java:137)\r\n\tat org.junit.runner.JUnitCore.run(JUnitCore.java:115)\r\n\tat org.junit.runner.JUnitCore.run(JUnitCore.java:105)\r\n\tat org.junit.runner.JUnitCore.run(JUnitCore.java:94)\r\n\tat es.us.isa.restest.runners.RESTestWorkflow.testExecution(RESTestWorkflow.java:121)\r\n\tat es.us.isa.restest.runners.RESTestWorkflow.run(RESTestWorkflow.java:69)\r\n\tat es.us.isa.restest.main.TestGenerationAndExecution.main(TestGenerationAndExecution.java:152)\r\n"},"stage":"finished","description":"Microservice test scenario with 2 steps. Generated using two-stage LLM + semantic expansion approach.","steps":[{"name":"Login","status":"passed","stage":"finished","steps":[],"attachments":[{"name":"Request","source":"16c89da4-5de0-4744-844c-90ca32837af5-attachment.html","type":"text/html"},{"name":"HTTP/1.1 200 ","source":"535a2148-b36c-47bd-af51-1d1e507e9463-attachment.html","type":"text/html"}],"parameters":[],"start":1752107147159,"stop":1752107147279},{"name":"Step 1: ts-admin-basic-info-service POST /api/v1/adminbasicservice/adminbasic/prices","status":"passed","stage":"finished","description":"Service: ts-admin-basic-info-service | Method: POST | Path: /api/v1/adminbasicservice/adminbasic/prices | Expected Status: 200","steps":[],"attachments":[{"name":"Request Body","source":"fadb1eed-be2c-40f8-a469-be520fa953d8-attachment.txt","type":"application/json"},{"name":"Request","source":"a0d1ecec-882f-47cd-ab1b-cfcc0253aeb0-attachment.html","type":"text/html"},{"name":"HTTP/1.1 200 ","source":"eea5c0a8-5e24-4347-8c0e-326afbb5f1aa-attachment.html","type":"text/html"},{"name":"Response Body (Status: 200)","source":"a4d42ca1-e75d-441e-ac61-743fb24a3763-attachment.txt","type":"application/json"}],"parameters":[],"start":1752107147279,"stop":1752107147310},{"name":"Step 2: ts-price-service POST /api/v1/priceservice/prices","status":"failed","stage":"finished","description":"Service: ts-price-service | Method: POST | Path: /api/v1/priceservice/prices | Expected Status: 200","steps":[],"attachments":[{"name":"Request Body","source":"d0470bde-0f97-4fd9-9645-9f7a1e8c18d1-attachment.txt","type":"application/json"},{"name":"Request","source":"16d51346-ba41-4275-abbc-49fd2e2b1a38-attachment.html","type":"text/html"},{"name":"HTTP/1.1 201 ","source":"963d6e7c-e359-481d-a0fb-b08eab06bb99-attachment.html","type":"text/html"},{"name":"Detailed Error Report â€¢ Step 2: ts-price-service POST /api/v1/priceservice/prices","source":"8015e448-1ed3-4986-b3b8-7e241f5b57da-attachment.txt","type":"text/plain"}],"parameters":[],"start":1752107147310,"stop":1752107147339}],"attachments":[{"name":"Test Execution Summary","source":"ebd1c0b8-3aec-42e1-b74f-83c6dade0972-attachment.txt","type":"text/plain"}],"parameters":[{"name":"Service","value":"ts-admin-basic-info-service"},{"name":"HTTP Method","value":"POST"},{"name":"Endpoint","value":"/api/v1/adminbasicservice/adminbasic/prices"},{"name":"Expected Status","value":"200"},{"name":"Actual Status Code","value":"200"},{"name":"Response Time (ms)","value":"27"},{"name":"Service","value":"ts-price-service"},{"name":"HTTP Method","value":"POST"},{"name":"Endpoint","value":"/api/v1/priceservice/prices"},{"name":"Expected Status","value":"200"},{"name":"Error Category","value":"Assertion Failed - Unexpected Response"}],"start":1752107147159,"stop":1752107147340,"uuid":"b3836407-9705-456f-9cb7-13a81f6740e8","historyId":"25bf2d0f5d502907ced4e924cda560eb","fullName":"trainticket_twostage_test.TrainTicketTwoStageTest_1752105782555.testScenario37","labels":[{"name":"package","value":"trainticket_twostage_test"},{"name":"testClass","value":"trainticket_twostage_test.TrainTicketTwoStageTest_1752105782555"},{"name":"testMethod","value":"testScenario37"},{"name":"suite","value":"trainticket_twostage_test.TrainTicketTwoStageTest_1752105782555"},{"name":"host","value":"CSGRAD08"},{"name":"thread","value":"9292@CSGRAD08.main(1)"},{"name":"framework","value":"junit4"},{"name":"language","value":"java"},{"name":"testType","value":"Partial Failure"},{"name":"severity","value":"major"},{"name":"feature","value":"Microservice Workflow"},{"name":"story","value":"test_POST_7"}],"links":[]}