{"name":"test_POST_21_9","status":"failed","statusDetails":{"known":false,"muted":false,"flaky":false,"message":"Scenario FAILED: 2 out of 2 steps failed. In microservice testing, all workflow steps must succeed for end-to-end validation.","trace":"java.lang.AssertionError: Scenario FAILED: 2 out of 2 steps failed. In microservice testing, all workflow steps must succeed for end-to-end validation.\r\n\tat org.junit.Assert.fail(Assert.java:89)\r\n\tat trainticket_twostage_test.TrainTicketTwoStageTest_1752575459253.POST_api_v1_adminorderservice_adminorder_21.test_POST_21_9(Unknown Source)\r\n\tat java.base/jdk.internal.reflect.NativeMethodAccessorImpl.invoke0(Native Method)\r\n\tat java.base/jdk.internal.reflect.NativeMethodAccessorImpl.invoke(NativeMethodAccessorImpl.java:62)\r\n\tat java.base/jdk.internal.reflect.DelegatingMethodAccessorImpl.invoke(DelegatingMethodAccessorImpl.java:43)\r\n\tat java.base/java.lang.reflect.Method.invoke(Method.java:566)\r\n\tat org.junit.runners.model.FrameworkMethod$1.runReflectiveCall(FrameworkMethod.java:59)\r\n\tat org.junit.internal.runners.model.ReflectiveCallable.run(ReflectiveCallable.java:12)\r\n\tat org.junit.runners.model.FrameworkMethod.invokeExplosively(FrameworkMethod.java:56)\r\n\tat org.junit.internal.runners.statements.InvokeMethod.evaluate(InvokeMethod.java:17)\r\n\tat org.junit.runners.ParentRunner$3.evaluate(ParentRunner.java:306)\r\n\tat org.junit.runners.BlockJUnit4ClassRunner$1.evaluate(BlockJUnit4ClassRunner.java:100)\r\n\tat org.junit.runners.ParentRunner.runLeaf(ParentRunner.java:366)\r\n\tat org.junit.runners.BlockJUnit4ClassRunner.runChild(BlockJUnit4ClassRunner.java:103)\r\n\tat org.junit.runners.BlockJUnit4ClassRunner.runChild(BlockJUnit4ClassRunner.java:63)\r\n\tat org.junit.runners.ParentRunner$4.run(ParentRunner.java:331)\r\n\tat org.junit.runners.ParentRunner$1.schedule(ParentRunner.java:79)\r\n\tat org.junit.runners.ParentRunner.runChildren(ParentRunner.java:329)\r\n\tat org.junit.runners.ParentRunner.access$100(ParentRunner.java:66)\r\n\tat org.junit.runners.ParentRunner$2.evaluate(ParentRunner.java:293)\r\n\tat org.junit.internal.runners.statements.RunBefores.evaluate(RunBefores.java:26)\r\n\tat org.junit.runners.ParentRunner$3.evaluate(ParentRunner.java:306)\r\n\tat org.junit.runners.ParentRunner.run(ParentRunner.java:413)\r\n\tat org.junit.runners.Suite.runChild(Suite.java:128)\r\n\tat org.junit.runners.Suite.runChild(Suite.java:27)\r\n\tat org.junit.runners.ParentRunner$4.run(ParentRunner.java:331)\r\n\tat org.junit.runners.ParentRunner$1.schedule(ParentRunner.java:79)\r\n\tat org.junit.runners.ParentRunner.runChildren(ParentRunner.java:329)\r\n\tat org.junit.runners.ParentRunner.access$100(ParentRunner.java:66)\r\n\tat org.junit.runners.ParentRunner$2.evaluate(ParentRunner.java:293)\r\n\tat org.junit.runners.ParentRunner$3.evaluate(ParentRunner.java:306)\r\n\tat org.junit.runners.ParentRunner.run(ParentRunner.java:413)\r\n\tat org.junit.runner.JUnitCore.run(JUnitCore.java:137)\r\n\tat org.junit.runner.JUnitCore.run(JUnitCore.java:115)\r\n\tat org.junit.runner.JUnitCore.run(JUnitCore.java:105)\r\n\tat org.junit.runner.JUnitCore.run(JUnitCore.java:94)\r\n\tat es.us.isa.restest.main.TestGenerationAndExecution.executeGeneratedTestsWithJUnit(TestGenerationAndExecution.java:814)\r\n\tat es.us.isa.restest.main.TestGenerationAndExecution.main(TestGenerationAndExecution.java:198)\r\n"},"stage":"finished","description":"Microservice test scenario with 2 steps. Generated using two-stage LLM + semantic expansion approach.","steps":[{"name":"\uD83D\uDD10 Step 0: Authentication (Login)","status":"passed","stage":"finished","steps":[],"attachments":[{"name":"Request","source":"b60e621c-bd8d-4fdd-b7fa-a01e27c40c65-attachment.html","type":"text/html"},{"name":"Request","source":"ef4d320b-401a-48d8-a4d9-7376bea544f7-attachment.html","type":"text/html"},{"name":"Request","source":"e1cf04d4-40f2-4e08-8ef8-3051fab52975-attachment.html","type":"text/html"},{"name":"HTTP/1.1 200 ","source":"1a0cc712-808d-49b2-8f21-5eb00d5ef303-attachment.html","type":"text/html"},{"name":"HTTP/1.1 200 ","source":"d3be6f13-9af3-4f07-b6e4-9f180588530f-attachment.html","type":"text/html"},{"name":"HTTP/1.1 200 ","source":"941ffd51-be70-4a49-816c-7e4a7950a332-attachment.html","type":"text/html"},{"name":"\uD83D\uDD10 Login Response","source":"84faa7e1-a623-49f3-aed0-0515c1be2959-attachment.txt","type":"application/json"}],"parameters":[],"start":1752576769336,"stop":1752576769485},{"name":"Step 1: ts-admin-order-service POST /api/v1/adminorderservice/adminorder (expect 200)","status":"passed","stage":"finished","steps":[],"attachments":[{"name":"\uD83D\uDCCB Request Body","source":"181b4cbf-40ee-411d-81ef-46a0a617bca7-attachment.txt","type":"application/json"},{"name":"Request","source":"1042b6c4-f753-4070-87c4-1856d1a24ed9-attachment.html","type":"text/html"},{"name":"Request","source":"cc025bd2-5871-4a1d-968f-35366b709efd-attachment.html","type":"text/html"},{"name":"Request","source":"3b6227db-15ce-4e3d-8fc8-2d1ea9a8b2d8-attachment.html","type":"text/html"},{"name":"HTTP/1.1 415 ","source":"1cf7b1db-eab2-4dff-a9b2-e8a661a19b1f-attachment.html","type":"text/html"},{"name":"HTTP/1.1 415 ","source":"aac101c0-eb9c-4072-8b72-50d672e21fbd-attachment.html","type":"text/html"},{"name":"HTTP/1.1 415 ","source":"5e0e71f5-73f4-4423-996b-4a298eeac4fa-attachment.html","type":"text/html"},{"name":"\uD83D\uDEA8 Step Failure Details","source":"28697afe-2678-40c6-849f-55003e1448cd-attachment.txt","type":"text/plain"}],"parameters":[],"start":1752576769485,"stop":1752576769511},{"name":"Step 2: ts-order-other-service POST /api/v1/orderOtherService/orderOther/admin (expect 200)","status":"passed","stage":"finished","steps":[],"attachments":[{"name":"\uD83D\uDCCB Request Body","source":"6e495b88-42c8-4acb-9ea8-404e27a22e2c-attachment.txt","type":"application/json"},{"name":"Request","source":"f6e5fa25-ff20-49a3-8c48-a0c114219b09-attachment.html","type":"text/html"},{"name":"Request","source":"2af35036-1513-4542-8421-d0328a270b92-attachment.html","type":"text/html"},{"name":"Request","source":"1f03c246-3a89-431b-be6e-5d328aaef096-attachment.html","type":"text/html"},{"name":"HTTP/1.1 415 ","source":"9103b8c4-cab0-475f-852a-e85ff4c38dac-attachment.html","type":"text/html"},{"name":"HTTP/1.1 415 ","source":"d14b0b06-4ac2-4bdd-afaf-bdce6c57c22a-attachment.html","type":"text/html"},{"name":"HTTP/1.1 415 ","source":"7a08ab33-01c7-44a1-80da-1c3ef4c775bb-attachment.html","type":"text/html"},{"name":"\uD83D\uDEA8 Step Failure Details","source":"e5d539e6-9e16-4e49-b7fe-b1aafd0318be-attachment.txt","type":"text/plain"}],"parameters":[],"start":1752576769511,"stop":1752576769538}],"attachments":[{"name":"Test Execution Summary","source":"17ed6f6d-a5f0-4bc1-a818-c00fba514282-attachment.txt","type":"text/plain"}],"parameters":[{"name":"\uD83C\uDFE2 Service","value":"Authentication Service"},{"name":"\uD83D\uDCE1 HTTP Method","value":"POST"},{"name":"\uD83D\uDD17 Endpoint","value":"/api/v1/users/login"},{"name":"\uD83C\uDFAF Expected Status","value":"200"},{"name":"\uD83D\uDC64 Username","value":"admin"},{"name":"\uD83D\uDEA6 Execution Decision","value":"▶️ EXECUTE - Authentication required"},{"name":"✅ Login Status","value":"SUCCESS"},{"name":"\uD83D\uDD11 Token Obtained","value":"Yes"},{"name":"\uD83D\uDCCA Final Result","value":"✅ SUCCESS"},{"name":"\uD83C\uDFE2 Service","value":"ts-admin-order-service"},{"name":"\uD83D\uDCE1 HTTP Method","value":"POST"},{"name":"\uD83D\uDD17 Endpoint","value":"/api/v1/adminorderservice/adminorder"},{"name":"\uD83C\uDFAF Expected Status","value":"200"},{"name":"\uD83D\uDD17 Dependency Type","value":"INDEPENDENT (can execute regardless of other step results)"},{"name":"\uD83D\uDEA6 Execution Decision","value":"▶️ EXECUTE - All dependencies satisfied"},{"name":"❌ Error Category","value":"❗ Assertion Failed - Unexpected Response"},{"name":"\uD83D\uDCA5 Error Message","value":"1 expectation failed.\nExpected status code <200> but was <415>.\n"},{"name":"\uD83D\uDD0D Exception Type","value":"AssertionError"},{"name":"\uD83D\uDCCA Final Result","value":"❌ FAILED"},{"name":"\uD83C\uDFE2 Service","value":"ts-order-other-service"},{"name":"\uD83D\uDCE1 HTTP Method","value":"POST"},{"name":"\uD83D\uDD17 Endpoint","value":"/api/v1/orderOtherService/orderOther/admin"},{"name":"\uD83C\uDFAF Expected Status","value":"200"},{"name":"\uD83D\uDD17 Dependency Type","value":"INDEPENDENT (can execute regardless of other step results)"},{"name":"\uD83D\uDEA6 Execution Decision","value":"▶️ EXECUTE - All dependencies satisfied"},{"name":"❌ Error Category","value":"❗ Assertion Failed - Unexpected Response"},{"name":"\uD83D\uDCA5 Error Message","value":"1 expectation failed.\nExpected status code <200> but was <415>.\n"},{"name":"\uD83D\uDD0D Exception Type","value":"AssertionError"},{"name":"\uD83D\uDCCA Final Result","value":"❌ FAILED"}],"start":1752576769336,"stop":1752576769539,"uuid":"02fc58d4-defb-485c-9dfb-ab09db851ed7","historyId":"f2267f43574b456b43538c37a6edfc80","fullName":"trainticket_twostage_test.TrainTicketTwoStageTest_1752575459253.POST_api_v1_adminorderservice_adminorder_21.test_POST_21_9","labels":[{"name":"package","value":"trainticket_twostage_test.TrainTicketTwoStageTest_1752575459253"},{"name":"testClass","value":"trainticket_twostage_test.TrainTicketTwoStageTest_1752575459253.POST_api_v1_adminorderservice_adminorder_21"},{"name":"testMethod","value":"test_POST_21_9"},{"name":"suite","value":"trainticket_twostage_test.TrainTicketTwoStageTest_1752575459253.POST_api_v1_adminorderservice_adminorder_21"},{"name":"host","value":"CSGRAD08"},{"name":"thread","value":"49992@CSGRAD08.main(1)"},{"name":"framework","value":"junit4"},{"name":"language","value":"java"},{"name":"testType","value":"Complete Failure"},{"name":"severity","value":"critical"},{"name":"feature","value":"Microservice Workflow"},{"name":"story","value":"test_POST_21_9"}],"links":[]}