{"name":"test_POST_1_9","status":"failed","statusDetails":{"known":false,"muted":false,"flaky":false,"message":"Scenario FAILED: 2 out of 3 steps failed. In microservice testing, all workflow steps must succeed for end-to-end validation.","trace":"java.lang.AssertionError: Scenario FAILED: 2 out of 3 steps failed. In microservice testing, all workflow steps must succeed for end-to-end validation.\r\n\tat org.junit.Assert.fail(Assert.java:89)\r\n\tat trainticket_twostage_test.TrainTicketTwoStageTest_1753320955420.POST_api_v1_adminrouteservice_adminroute_1.test_POST_1_9(Unknown Source)\r\n\tat java.base/jdk.internal.reflect.NativeMethodAccessorImpl.invoke0(Native Method)\r\n\tat java.base/jdk.internal.reflect.NativeMethodAccessorImpl.invoke(NativeMethodAccessorImpl.java:62)\r\n\tat java.base/jdk.internal.reflect.DelegatingMethodAccessorImpl.invoke(DelegatingMethodAccessorImpl.java:43)\r\n\tat java.base/java.lang.reflect.Method.invoke(Method.java:566)\r\n\tat org.junit.runners.model.FrameworkMethod$1.runReflectiveCall(FrameworkMethod.java:59)\r\n\tat org.junit.internal.runners.model.ReflectiveCallable.run(ReflectiveCallable.java:12)\r\n\tat org.junit.runners.model.FrameworkMethod.invokeExplosively(FrameworkMethod.java:56)\r\n\tat org.junit.internal.runners.statements.InvokeMethod.evaluate(InvokeMethod.java:17)\r\n\tat org.junit.runners.ParentRunner$3.evaluate(ParentRunner.java:306)\r\n\tat org.junit.runners.BlockJUnit4ClassRunner$1.evaluate(BlockJUnit4ClassRunner.java:100)\r\n\tat org.junit.runners.ParentRunner.runLeaf(ParentRunner.java:366)\r\n\tat org.junit.runners.BlockJUnit4ClassRunner.runChild(BlockJUnit4ClassRunner.java:103)\r\n\tat org.junit.runners.BlockJUnit4ClassRunner.runChild(BlockJUnit4ClassRunner.java:63)\r\n\tat org.junit.runners.ParentRunner$4.run(ParentRunner.java:331)\r\n\tat org.junit.runners.ParentRunner$1.schedule(ParentRunner.java:79)\r\n\tat org.junit.runners.ParentRunner.runChildren(ParentRunner.java:329)\r\n\tat org.junit.runners.ParentRunner.access$100(ParentRunner.java:66)\r\n\tat org.junit.runners.ParentRunner$2.evaluate(ParentRunner.java:293)\r\n\tat org.junit.internal.runners.statements.RunBefores.evaluate(RunBefores.java:26)\r\n\tat org.junit.runners.ParentRunner$3.evaluate(ParentRunner.java:306)\r\n\tat org.junit.runners.ParentRunner.run(ParentRunner.java:413)\r\n\tat org.junit.runners.Suite.runChild(Suite.java:128)\r\n\tat org.junit.runners.Suite.runChild(Suite.java:27)\r\n\tat org.junit.runners.ParentRunner$4.run(ParentRunner.java:331)\r\n\tat org.junit.runners.ParentRunner$1.schedule(ParentRunner.java:79)\r\n\tat org.junit.runners.ParentRunner.runChildren(ParentRunner.java:329)\r\n\tat org.junit.runners.ParentRunner.access$100(ParentRunner.java:66)\r\n\tat org.junit.runners.ParentRunner$2.evaluate(ParentRunner.java:293)\r\n\tat org.junit.runners.ParentRunner$3.evaluate(ParentRunner.java:306)\r\n\tat org.junit.runners.ParentRunner.run(ParentRunner.java:413)\r\n\tat org.junit.runner.JUnitCore.run(JUnitCore.java:137)\r\n\tat org.junit.runner.JUnitCore.run(JUnitCore.java:115)\r\n\tat org.junit.runner.JUnitCore.run(JUnitCore.java:105)\r\n\tat org.junit.runner.JUnitCore.run(JUnitCore.java:94)\r\n\tat es.us.isa.restest.main.TestGenerationAndExecution.executeGeneratedTestsWithJUnit(TestGenerationAndExecution.java:876)\r\n\tat es.us.isa.restest.main.TestGenerationAndExecution.main(TestGenerationAndExecution.java:198)\r\n"},"stage":"finished","description":"Microservice test scenario with 3 steps.","steps":[{"name":"\uD83D\uDD10 Step 0: Authentication (Login)","status":"passed","stage":"finished","steps":[],"attachments":[{"name":"Request","source":"c982b1dd-9003-4dd2-aa6d-33e94653196e-attachment.html","type":"text/html"},{"name":"Request","source":"a3a76167-3980-49fc-a1b8-810856415e4b-attachment.html","type":"text/html"},{"name":"Request","source":"bffa2419-d477-406e-b055-48450a43cc12-attachment.html","type":"text/html"},{"name":"Request","source":"9d184178-938e-4799-9a42-33ac8b46a089-attachment.html","type":"text/html"},{"name":"HTTP/1.1 200 ","source":"7c72ebc7-50af-412b-a2a4-bb714af00276-attachment.html","type":"text/html"},{"name":"HTTP/1.1 200 ","source":"5669e859-73c2-4562-9d38-c67cff08aa1e-attachment.html","type":"text/html"},{"name":"HTTP/1.1 200 ","source":"fc14ea5f-a06f-4051-8af0-2a1ff9171427-attachment.html","type":"text/html"},{"name":"HTTP/1.1 200 ","source":"a9df0361-bad6-4e99-88d5-737e9b3866b8-attachment.html","type":"text/html"},{"name":"\uD83D\uDD10 Login Response","source":"35a3c4ca-07c2-45ec-9c20-391ec08b4518-attachment.txt","type":"application/json"}],"parameters":[],"start":1753322635762,"stop":1753322635873},{"name":"Step 1: ts-admin-route-service POST /api/v1/adminrouteservice/adminroute (expect 200)","status":"broken","statusDetails":{"known":false,"muted":false,"flaky":false,"message":"Step failed: Status Code Mismatch","trace":"java.lang.RuntimeException: Step failed: Status Code Mismatch\r\n\tat trainticket_twostage_test.TrainTicketTwoStageTest_1753320955420.POST_api_v1_adminrouteservice_adminroute_1.lambda$test_POST_1_9$49(Unknown Source)\r\n\tat io.qameta.allure.Allure.lambda$step$0(Allure.java:113)\r\n\tat io.qameta.allure.Allure.lambda$step$1(Allure.java:127)\r\n\tat io.qameta.allure.Allure.step(Allure.java:181)\r\n\tat io.qameta.allure.Allure.step(Allure.java:125)\r\n\tat io.qameta.allure.Allure.step(Allure.java:112)\r\n\tat trainticket_twostage_test.TrainTicketTwoStageTest_1753320955420.POST_api_v1_adminrouteservice_adminroute_1.test_POST_1_9(Unknown Source)\r\n\tat java.base/jdk.internal.reflect.NativeMethodAccessorImpl.invoke0(Native Method)\r\n\tat java.base/jdk.internal.reflect.NativeMethodAccessorImpl.invoke(NativeMethodAccessorImpl.java:62)\r\n\tat java.base/jdk.internal.reflect.DelegatingMethodAccessorImpl.invoke(DelegatingMethodAccessorImpl.java:43)\r\n\tat java.base/java.lang.reflect.Method.invoke(Method.java:566)\r\n\tat org.junit.runners.model.FrameworkMethod$1.runReflectiveCall(FrameworkMethod.java:59)\r\n\tat org.junit.internal.runners.model.ReflectiveCallable.run(ReflectiveCallable.java:12)\r\n\tat org.junit.runners.model.FrameworkMethod.invokeExplosively(FrameworkMethod.java:56)\r\n\tat org.junit.internal.runners.statements.InvokeMethod.evaluate(InvokeMethod.java:17)\r\n\tat org.junit.runners.ParentRunner$3.evaluate(ParentRunner.java:306)\r\n\tat org.junit.runners.BlockJUnit4ClassRunner$1.evaluate(BlockJUnit4ClassRunner.java:100)\r\n\tat org.junit.runners.ParentRunner.runLeaf(ParentRunner.java:366)\r\n\tat org.junit.runners.BlockJUnit4ClassRunner.runChild(BlockJUnit4ClassRunner.java:103)\r\n\tat org.junit.runners.BlockJUnit4ClassRunner.runChild(BlockJUnit4ClassRunner.java:63)\r\n\tat org.junit.runners.ParentRunner$4.run(ParentRunner.java:331)\r\n\tat org.junit.runners.ParentRunner$1.schedule(ParentRunner.java:79)\r\n\tat org.junit.runners.ParentRunner.runChildren(ParentRunner.java:329)\r\n\tat org.junit.runners.ParentRunner.access$100(ParentRunner.java:66)\r\n\tat org.junit.runners.ParentRunner$2.evaluate(ParentRunner.java:293)\r\n\tat org.junit.internal.runners.statements.RunBefores.evaluate(RunBefores.java:26)\r\n\tat org.junit.runners.ParentRunner$3.evaluate(ParentRunner.java:306)\r\n\tat org.junit.runners.ParentRunner.run(ParentRunner.java:413)\r\n\tat org.junit.runners.Suite.runChild(Suite.java:128)\r\n\tat org.junit.runners.Suite.runChild(Suite.java:27)\r\n\tat org.junit.runners.ParentRunner$4.run(ParentRunner.java:331)\r\n\tat org.junit.runners.ParentRunner$1.schedule(ParentRunner.java:79)\r\n\tat org.junit.runners.ParentRunner.runChildren(ParentRunner.java:329)\r\n\tat org.junit.runners.ParentRunner.access$100(ParentRunner.java:66)\r\n\tat org.junit.runners.ParentRunner$2.evaluate(ParentRunner.java:293)\r\n\tat org.junit.runners.ParentRunner$3.evaluate(ParentRunner.java:306)\r\n\tat org.junit.runners.ParentRunner.run(ParentRunner.java:413)\r\n\tat org.junit.runner.JUnitCore.run(JUnitCore.java:137)\r\n\tat org.junit.runner.JUnitCore.run(JUnitCore.java:115)\r\n\tat org.junit.runner.JUnitCore.run(JUnitCore.java:105)\r\n\tat org.junit.runner.JUnitCore.run(JUnitCore.java:94)\r\n\tat es.us.isa.restest.main.TestGenerationAndExecution.executeGeneratedTestsWithJUnit(TestGenerationAndExecution.java:876)\r\n\tat es.us.isa.restest.main.TestGenerationAndExecution.main(TestGenerationAndExecution.java:198)\r\nCaused by: java.lang.AssertionError: 1 expectation failed.\nExpected status code <200> but was <400>.\n\r\n\tat java.base/jdk.internal.reflect.GeneratedConstructorAccessor85.newInstance(Unknown Source)\r\n\tat java.base/jdk.internal.reflect.DelegatingConstructorAccessorImpl.newInstance(DelegatingConstructorAccessorImpl.java:45)\r\n\tat java.base/java.lang.reflect.Constructor.newInstance(Constructor.java:490)\r\n\tat org.codehaus.groovy.reflection.CachedConstructor.invoke(CachedConstructor.java:80)\r\n\tat org.codehaus.groovy.reflection.CachedConstructor.doConstructorInvoke(CachedConstructor.java:74)\r\n\tat org.codehaus.groovy.runtime.callsite.ConstructorSite$ConstructorSiteNoUnwrap.callConstructor(ConstructorSite.java:84)\r\n\tat org.codehaus.groovy.runtime.callsite.AbstractCallSite.callConstructor(AbstractCallSite.java:249)\r\n\tat io.restassured.internal.ResponseSpecificationImpl$HamcrestAssertionClosure.validate(ResponseSpecificationImpl.groovy:493)\r\n\tat io.restassured.internal.ResponseSpecificationImpl$HamcrestAssertionClosure$validate$1.call(Unknown Source)\r\n\tat io.restassured.internal.ResponseSpecificationImpl.validateResponseIfRequired(ResponseSpecificationImpl.groovy:674)\r\n\tat jdk.internal.reflect.GeneratedMethodAccessor167.invoke(Unknown Source)\r\n\tat java.base/jdk.internal.reflect.DelegatingMethodAccessorImpl.invoke(DelegatingMethodAccessorImpl.java:43)\r\n\tat java.base/java.lang.reflect.Method.invoke(Method.java:566)\r\n\tat org.codehaus.groovy.runtime.callsite.PlainObjectMetaMethodSite.doInvoke(PlainObjectMetaMethodSite.java:43)\r\n\tat org.codehaus.groovy.runtime.callsite.PogoMetaMethodSite$PogoCachedMethodSiteNoUnwrapNoCoerce.invoke(PogoMetaMethodSite.java:190)\r\n\tat org.codehaus.groovy.runtime.callsite.PogoMetaMethodSite.callCurrent(PogoMetaMethodSite.java:58)\r\n\tat org.codehaus.groovy.runtime.callsite.AbstractCallSite.callCurrent(AbstractCallSite.java:168)\r\n\tat io.restassured.internal.ResponseSpecificationImpl.statusCode(ResponseSpecificationImpl.groovy:126)\r\n\tat io.restassured.specification.ResponseSpecification$statusCode$0.callCurrent(Unknown Source)\r\n\tat io.restassured.internal.ResponseSpecificationImpl.statusCode(ResponseSpecificationImpl.groovy:134)\r\n\tat io.restassured.internal.ValidatableResponseOptionsImpl.statusCode(ValidatableResponseOptionsImpl.java:89)\r\n\tat io.restassured.internal.ValidatableResponseImpl.super$2$statusCode(ValidatableResponseImpl.groovy)\r\n\tat jdk.internal.reflect.GeneratedMethodAccessor166.invoke(Unknown Source)\r\n\tat java.base/jdk.internal.reflect.DelegatingMethodAccessorImpl.invoke(DelegatingMethodAccessorImpl.java:43)\r\n\tat java.base/java.lang.reflect.Method.invoke(Method.java:566)\r\n\tat org.codehaus.groovy.reflection.CachedMethod.invoke(CachedMethod.java:101)\r\n\tat groovy.lang.MetaMethod.doMethodInvoke(MetaMethod.java:323)\r\n\tat groovy.lang.MetaClassImpl.invokeMethod(MetaClassImpl.java:1217)\r\n\tat org.codehaus.groovy.runtime.ScriptBytecodeAdapter.invokeMethodOnSuperN(ScriptBytecodeAdapter.java:144)\r\n\tat io.restassured.internal.ValidatableResponseImpl.statusCode(ValidatableResponseImpl.groovy:142)\r\n\tat io.restassured.internal.ValidatableResponseImpl.statusCode(ValidatableResponseImpl.groovy)\r\n\t... 43 more\r\n"},"stage":"finished","steps":[],"attachments":[{"name":"\uD83D\uDCE4 Request Body","source":"d5786786-da0f-44a8-b64a-ce3f0de7742b-attachment.txt","type":"application/json"},{"name":"Request","source":"f03d8128-5caf-458d-a9ef-91564cbeb2bf-attachment.html","type":"text/html"},{"name":"Request","source":"b00fee27-4758-41a4-89ec-ee6fe3ba343a-attachment.html","type":"text/html"},{"name":"Request","source":"b831da08-3dda-426c-9efc-fe273f5ff2d9-attachment.html","type":"text/html"},{"name":"Request","source":"f05850cb-198b-4e2f-92b9-5d5b5ef1b58f-attachment.html","type":"text/html"},{"name":"HTTP/1.1 400 ","source":"50e65ae5-6cf0-4974-afeb-88c4f9d5af78-attachment.html","type":"text/html"},{"name":"HTTP/1.1 400 ","source":"b9df444c-635a-40e8-885a-8bfa5562a7e3-attachment.html","type":"text/html"},{"name":"HTTP/1.1 400 ","source":"e634ce0c-d4ab-46ff-b7b9-77c3d530e730-attachment.html","type":"text/html"},{"name":"HTTP/1.1 400 ","source":"a5d93646-878a-454f-817a-f36242b1218d-attachment.html","type":"text/html"},{"name":"\uD83D\uDCA5 Error Details","source":"d6663a03-bead-41f8-8507-1043ff8b024f-attachment.txt","type":"text/plain"}],"parameters":[],"start":1753322635873,"stop":1753322635900},{"name":"Step 2: ts-station-service POST /api/v1/stationservice/stations/idlist (expect 200)","status":"passed","stage":"finished","steps":[],"attachments":[{"name":"\uD83D\uDCE4 Request Body","source":"6e67acac-4bfe-499b-b6e5-946c4c390f27-attachment.txt","type":"application/json"},{"name":"Request","source":"1923199a-1bc3-4cd7-a357-9955082a002a-attachment.html","type":"text/html"},{"name":"Request","source":"4fe5ae91-7540-424e-b482-15e8229f7083-attachment.html","type":"text/html"},{"name":"Request","source":"37a32fb4-ec26-44de-acd1-61c3a5ec4f86-attachment.html","type":"text/html"},{"name":"Request","source":"e809ff42-d007-4039-96c0-51e5b39b83dd-attachment.html","type":"text/html"},{"name":"HTTP/1.1 200 ","source":"7554ea6b-488c-40ce-b4d5-b7374f204430-attachment.html","type":"text/html"},{"name":"HTTP/1.1 200 ","source":"52c8e9ea-ac84-4f76-96f1-315340418de0-attachment.html","type":"text/html"},{"name":"HTTP/1.1 200 ","source":"d44a2f75-87a5-44c1-a0a1-cbcc2d8af7f3-attachment.html","type":"text/html"},{"name":"HTTP/1.1 200 ","source":"601ea17a-82c1-480c-adf7-8ba4da7c0bb8-attachment.html","type":"text/html"},{"name":"\uD83D\uDCE5 Response (200)","source":"9a47c161-4c51-439b-9181-f6a0622d4f0f-attachment.txt","type":"application/json"}],"parameters":[],"start":1753322635900,"stop":1753322635927},{"name":"Step 3: ts-route-service POST /api/v1/routeservice/routes (expect 200)","status":"broken","statusDetails":{"known":false,"muted":false,"flaky":false,"message":"Step failed: Status Code Mismatch","trace":"java.lang.RuntimeException: Step failed: Status Code Mismatch\r\n\tat trainticket_twostage_test.TrainTicketTwoStageTest_1753320955420.POST_api_v1_adminrouteservice_adminroute_1.lambda$test_POST_1_9$51(Unknown Source)\r\n\tat io.qameta.allure.Allure.lambda$step$0(Allure.java:113)\r\n\tat io.qameta.allure.Allure.lambda$step$1(Allure.java:127)\r\n\tat io.qameta.allure.Allure.step(Allure.java:181)\r\n\tat io.qameta.allure.Allure.step(Allure.java:125)\r\n\tat io.qameta.allure.Allure.step(Allure.java:112)\r\n\tat trainticket_twostage_test.TrainTicketTwoStageTest_1753320955420.POST_api_v1_adminrouteservice_adminroute_1.test_POST_1_9(Unknown Source)\r\n\tat java.base/jdk.internal.reflect.NativeMethodAccessorImpl.invoke0(Native Method)\r\n\tat java.base/jdk.internal.reflect.NativeMethodAccessorImpl.invoke(NativeMethodAccessorImpl.java:62)\r\n\tat java.base/jdk.internal.reflect.DelegatingMethodAccessorImpl.invoke(DelegatingMethodAccessorImpl.java:43)\r\n\tat java.base/java.lang.reflect.Method.invoke(Method.java:566)\r\n\tat org.junit.runners.model.FrameworkMethod$1.runReflectiveCall(FrameworkMethod.java:59)\r\n\tat org.junit.internal.runners.model.ReflectiveCallable.run(ReflectiveCallable.java:12)\r\n\tat org.junit.runners.model.FrameworkMethod.invokeExplosively(FrameworkMethod.java:56)\r\n\tat org.junit.internal.runners.statements.InvokeMethod.evaluate(InvokeMethod.java:17)\r\n\tat org.junit.runners.ParentRunner$3.evaluate(ParentRunner.java:306)\r\n\tat org.junit.runners.BlockJUnit4ClassRunner$1.evaluate(BlockJUnit4ClassRunner.java:100)\r\n\tat org.junit.runners.ParentRunner.runLeaf(ParentRunner.java:366)\r\n\tat org.junit.runners.BlockJUnit4ClassRunner.runChild(BlockJUnit4ClassRunner.java:103)\r\n\tat org.junit.runners.BlockJUnit4ClassRunner.runChild(BlockJUnit4ClassRunner.java:63)\r\n\tat org.junit.runners.ParentRunner$4.run(ParentRunner.java:331)\r\n\tat org.junit.runners.ParentRunner$1.schedule(ParentRunner.java:79)\r\n\tat org.junit.runners.ParentRunner.runChildren(ParentRunner.java:329)\r\n\tat org.junit.runners.ParentRunner.access$100(ParentRunner.java:66)\r\n\tat org.junit.runners.ParentRunner$2.evaluate(ParentRunner.java:293)\r\n\tat org.junit.internal.runners.statements.RunBefores.evaluate(RunBefores.java:26)\r\n\tat org.junit.runners.ParentRunner$3.evaluate(ParentRunner.java:306)\r\n\tat org.junit.runners.ParentRunner.run(ParentRunner.java:413)\r\n\tat org.junit.runners.Suite.runChild(Suite.java:128)\r\n\tat org.junit.runners.Suite.runChild(Suite.java:27)\r\n\tat org.junit.runners.ParentRunner$4.run(ParentRunner.java:331)\r\n\tat org.junit.runners.ParentRunner$1.schedule(ParentRunner.java:79)\r\n\tat org.junit.runners.ParentRunner.runChildren(ParentRunner.java:329)\r\n\tat org.junit.runners.ParentRunner.access$100(ParentRunner.java:66)\r\n\tat org.junit.runners.ParentRunner$2.evaluate(ParentRunner.java:293)\r\n\tat org.junit.runners.ParentRunner$3.evaluate(ParentRunner.java:306)\r\n\tat org.junit.runners.ParentRunner.run(ParentRunner.java:413)\r\n\tat org.junit.runner.JUnitCore.run(JUnitCore.java:137)\r\n\tat org.junit.runner.JUnitCore.run(JUnitCore.java:115)\r\n\tat org.junit.runner.JUnitCore.run(JUnitCore.java:105)\r\n\tat org.junit.runner.JUnitCore.run(JUnitCore.java:94)\r\n\tat es.us.isa.restest.main.TestGenerationAndExecution.executeGeneratedTestsWithJUnit(TestGenerationAndExecution.java:876)\r\n\tat es.us.isa.restest.main.TestGenerationAndExecution.main(TestGenerationAndExecution.java:198)\r\nCaused by: java.lang.AssertionError: 1 expectation failed.\nExpected status code <200> but was <500>.\n\r\n\tat java.base/jdk.internal.reflect.GeneratedConstructorAccessor85.newInstance(Unknown Source)\r\n\tat java.base/jdk.internal.reflect.DelegatingConstructorAccessorImpl.newInstance(DelegatingConstructorAccessorImpl.java:45)\r\n\tat java.base/java.lang.reflect.Constructor.newInstance(Constructor.java:490)\r\n\tat org.codehaus.groovy.reflection.CachedConstructor.invoke(CachedConstructor.java:80)\r\n\tat org.codehaus.groovy.reflection.CachedConstructor.doConstructorInvoke(CachedConstructor.java:74)\r\n\tat org.codehaus.groovy.runtime.callsite.ConstructorSite$ConstructorSiteNoUnwrap.callConstructor(ConstructorSite.java:84)\r\n\tat org.codehaus.groovy.runtime.callsite.AbstractCallSite.callConstructor(AbstractCallSite.java:249)\r\n\tat io.restassured.internal.ResponseSpecificationImpl$HamcrestAssertionClosure.validate(ResponseSpecificationImpl.groovy:493)\r\n\tat io.restassured.internal.ResponseSpecificationImpl$HamcrestAssertionClosure$validate$1.call(Unknown Source)\r\n\tat io.restassured.internal.ResponseSpecificationImpl.validateResponseIfRequired(ResponseSpecificationImpl.groovy:674)\r\n\tat jdk.internal.reflect.GeneratedMethodAccessor167.invoke(Unknown Source)\r\n\tat java.base/jdk.internal.reflect.DelegatingMethodAccessorImpl.invoke(DelegatingMethodAccessorImpl.java:43)\r\n\tat java.base/java.lang.reflect.Method.invoke(Method.java:566)\r\n\tat org.codehaus.groovy.runtime.callsite.PlainObjectMetaMethodSite.doInvoke(PlainObjectMetaMethodSite.java:43)\r\n\tat org.codehaus.groovy.runtime.callsite.PogoMetaMethodSite$PogoCachedMethodSiteNoUnwrapNoCoerce.invoke(PogoMetaMethodSite.java:190)\r\n\tat org.codehaus.groovy.runtime.callsite.PogoMetaMethodSite.callCurrent(PogoMetaMethodSite.java:58)\r\n\tat org.codehaus.groovy.runtime.callsite.AbstractCallSite.callCurrent(AbstractCallSite.java:168)\r\n\tat io.restassured.internal.ResponseSpecificationImpl.statusCode(ResponseSpecificationImpl.groovy:126)\r\n\tat io.restassured.specification.ResponseSpecification$statusCode$0.callCurrent(Unknown Source)\r\n\tat io.restassured.internal.ResponseSpecificationImpl.statusCode(ResponseSpecificationImpl.groovy:134)\r\n\tat io.restassured.internal.ValidatableResponseOptionsImpl.statusCode(ValidatableResponseOptionsImpl.java:89)\r\n\tat io.restassured.internal.ValidatableResponseImpl.super$2$statusCode(ValidatableResponseImpl.groovy)\r\n\tat jdk.internal.reflect.GeneratedMethodAccessor166.invoke(Unknown Source)\r\n\tat java.base/jdk.internal.reflect.DelegatingMethodAccessorImpl.invoke(DelegatingMethodAccessorImpl.java:43)\r\n\tat java.base/java.lang.reflect.Method.invoke(Method.java:566)\r\n\tat org.codehaus.groovy.reflection.CachedMethod.invoke(CachedMethod.java:101)\r\n\tat groovy.lang.MetaMethod.doMethodInvoke(MetaMethod.java:323)\r\n\tat groovy.lang.MetaClassImpl.invokeMethod(MetaClassImpl.java:1217)\r\n\tat org.codehaus.groovy.runtime.ScriptBytecodeAdapter.invokeMethodOnSuperN(ScriptBytecodeAdapter.java:144)\r\n\tat io.restassured.internal.ValidatableResponseImpl.statusCode(ValidatableResponseImpl.groovy:142)\r\n\tat io.restassured.internal.ValidatableResponseImpl.statusCode(ValidatableResponseImpl.groovy)\r\n\t... 43 more\r\n"},"stage":"finished","steps":[],"attachments":[{"name":"\uD83D\uDCE4 Request Body","source":"fe9fb268-db38-440a-8ab6-23ac0f1358ff-attachment.txt","type":"application/json"},{"name":"Request","source":"608a33d3-a114-4736-bb01-4932a9e65687-attachment.html","type":"text/html"},{"name":"Request","source":"9b062c5d-deac-45a0-93b9-97ebda64145e-attachment.html","type":"text/html"},{"name":"Request","source":"85763ca0-5ee6-473c-ac8c-35c340f3c269-attachment.html","type":"text/html"},{"name":"Request","source":"09364871-d252-425a-958b-94f87cd060ac-attachment.html","type":"text/html"},{"name":"HTTP/1.1 500 ","source":"25268cff-ee18-4061-bf63-5a28c4cb9822-attachment.html","type":"text/html"},{"name":"HTTP/1.1 500 ","source":"267e2219-faea-4745-8d08-14d533ce6cd8-attachment.html","type":"text/html"},{"name":"HTTP/1.1 500 ","source":"8e03bff5-027e-44b8-a5a3-534e9946a218-attachment.html","type":"text/html"},{"name":"HTTP/1.1 500 ","source":"8dda7198-64c0-4b9e-9478-d7d955a9d5d0-attachment.html","type":"text/html"},{"name":"\uD83D\uDCA5 Error Details","source":"a4fb8698-612f-4795-b970-caf23612f6b1-attachment.txt","type":"text/plain"}],"parameters":[],"start":1753322635927,"stop":1753322635951}],"attachments":[],"parameters":[{"name":"\uD83C\uDFE2 Service","value":"Authentication Service"},{"name":"\uD83D\uDCE1 HTTP Method","value":"POST"},{"name":"\uD83D\uDD17 Endpoint","value":"/api/v1/users/login"},{"name":"\uD83C\uDFAF Expected Status","value":"200"},{"name":"\uD83D\uDC64 Username","value":"admin"},{"name":"\uD83D\uDEA6 Execution Decision","value":"▶️ EXECUTE - Authentication required"},{"name":"\uD83C\uDFAF Result","value":"✅ SUCCESS (Token: Yes)"},{"name":"\uD83C\uDFE2 Service","value":"ts-admin-route-service"},{"name":"\uD83D\uDCE1 HTTP Method","value":"POST"},{"name":"\uD83D\uDD17 Endpoint","value":"/api/v1/adminrouteservice/adminroute"},{"name":"\uD83C\uDFAF Expected Status","value":"200"},{"name":"\uD83D\uDD17 Dependency Type","value":"INDEPENDENT (can execute regardless of other step results)"},{"name":"\uD83D\uDEA6 Execution Decision","value":"▶️ EXECUTE - All dependencies satisfied"},{"name":"\uD83C\uDFAF Result","value":"❌ FAILED (Status Code Mismatch)"},{"name":"\uD83C\uDFE2 Service","value":"ts-station-service"},{"name":"\uD83D\uDCE1 HTTP Method","value":"POST"},{"name":"\uD83D\uDD17 Endpoint","value":"/api/v1/stationservice/stations/idlist"},{"name":"\uD83C\uDFAF Expected Status","value":"200"},{"name":"\uD83D\uDD17 Dependency Type","value":"INDEPENDENT (can execute regardless of other step results)"},{"name":"\uD83D\uDEA6 Execution Decision","value":"▶️ EXECUTE - All dependencies satisfied"},{"name":"\uD83C\uDFAF Result","value":"✅ SUCCESS (200 in 15ms)"},{"name":"\uD83C\uDFE2 Service","value":"ts-route-service"},{"name":"\uD83D\uDCE1 HTTP Method","value":"POST"},{"name":"\uD83D\uDD17 Endpoint","value":"/api/v1/routeservice/routes"},{"name":"\uD83C\uDFAF Expected Status","value":"200"},{"name":"\uD83D\uDD17 Dependency Type","value":"INDEPENDENT (can execute regardless of other step results)"},{"name":"\uD83D\uDEA6 Execution Decision","value":"▶️ EXECUTE - All dependencies satisfied"},{"name":"\uD83C\uDFAF Result","value":"❌ FAILED (Status Code Mismatch)"},{"name":"\uD83D\uDCCA Scenario Result","value":"⚠️ PARTIAL FAILURE (1/3 steps)"}],"start":1753322635762,"stop":1753322635951,"uuid":"0b61b7f7-34b2-4f17-8968-a3f5897d6399","historyId":"5e464c3c6383824893444dbba5bf68d","fullName":"trainticket_twostage_test.TrainTicketTwoStageTest_1753320955420.POST_api_v1_adminrouteservice_adminroute_1.test_POST_1_9","labels":[{"name":"package","value":"trainticket_twostage_test.TrainTicketTwoStageTest_1753320955420"},{"name":"testClass","value":"trainticket_twostage_test.TrainTicketTwoStageTest_1753320955420.POST_api_v1_adminrouteservice_adminroute_1"},{"name":"testMethod","value":"test_POST_1_9"},{"name":"suite","value":"trainticket_twostage_test.TrainTicketTwoStageTest_1753320955420.POST_api_v1_adminrouteservice_adminroute_1"},{"name":"host","value":"CSGRAD08"},{"name":"thread","value":"58308@CSGRAD08.main(1)"},{"name":"framework","value":"junit4"},{"name":"language","value":"java"},{"name":"severity","value":"major"},{"name":"feature","value":"Microservice Workflow"},{"name":"story","value":"test_POST_1_9"}],"links":[]}