{"name":"test_POST_21_6","status":"failed","statusDetails":{"known":false,"muted":false,"flaky":false,"message":"Scenario FAILED: 2 out of 2 steps failed. In microservice testing, all workflow steps must succeed for end-to-end validation.","trace":"java.lang.AssertionError: Scenario FAILED: 2 out of 2 steps failed. In microservice testing, all workflow steps must succeed for end-to-end validation.\r\n\tat org.junit.Assert.fail(Assert.java:89)\r\n\tat trainticket_twostage_test.TrainTicketTwoStageTest_1752572160127.POST_api_v1_adminorderservice_adminorder_21.test_POST_21_6(Unknown Source)\r\n\tat java.base/jdk.internal.reflect.NativeMethodAccessorImpl.invoke0(Native Method)\r\n\tat java.base/jdk.internal.reflect.NativeMethodAccessorImpl.invoke(NativeMethodAccessorImpl.java:62)\r\n\tat java.base/jdk.internal.reflect.DelegatingMethodAccessorImpl.invoke(DelegatingMethodAccessorImpl.java:43)\r\n\tat java.base/java.lang.reflect.Method.invoke(Method.java:566)\r\n\tat org.junit.runners.model.FrameworkMethod$1.runReflectiveCall(FrameworkMethod.java:59)\r\n\tat org.junit.internal.runners.model.ReflectiveCallable.run(ReflectiveCallable.java:12)\r\n\tat org.junit.runners.model.FrameworkMethod.invokeExplosively(FrameworkMethod.java:56)\r\n\tat org.junit.internal.runners.statements.InvokeMethod.evaluate(InvokeMethod.java:17)\r\n\tat org.junit.runners.ParentRunner$3.evaluate(ParentRunner.java:306)\r\n\tat org.junit.runners.BlockJUnit4ClassRunner$1.evaluate(BlockJUnit4ClassRunner.java:100)\r\n\tat org.junit.runners.ParentRunner.runLeaf(ParentRunner.java:366)\r\n\tat org.junit.runners.BlockJUnit4ClassRunner.runChild(BlockJUnit4ClassRunner.java:103)\r\n\tat org.junit.runners.BlockJUnit4ClassRunner.runChild(BlockJUnit4ClassRunner.java:63)\r\n\tat org.junit.runners.ParentRunner$4.run(ParentRunner.java:331)\r\n\tat org.junit.runners.ParentRunner$1.schedule(ParentRunner.java:79)\r\n\tat org.junit.runners.ParentRunner.runChildren(ParentRunner.java:329)\r\n\tat org.junit.runners.ParentRunner.access$100(ParentRunner.java:66)\r\n\tat org.junit.runners.ParentRunner$2.evaluate(ParentRunner.java:293)\r\n\tat org.junit.internal.runners.statements.RunBefores.evaluate(RunBefores.java:26)\r\n\tat org.junit.runners.ParentRunner$3.evaluate(ParentRunner.java:306)\r\n\tat org.junit.runners.ParentRunner.run(ParentRunner.java:413)\r\n\tat org.junit.runners.Suite.runChild(Suite.java:128)\r\n\tat org.junit.runners.Suite.runChild(Suite.java:27)\r\n\tat org.junit.runners.ParentRunner$4.run(ParentRunner.java:331)\r\n\tat org.junit.runners.ParentRunner$1.schedule(ParentRunner.java:79)\r\n\tat org.junit.runners.ParentRunner.runChildren(ParentRunner.java:329)\r\n\tat org.junit.runners.ParentRunner.access$100(ParentRunner.java:66)\r\n\tat org.junit.runners.ParentRunner$2.evaluate(ParentRunner.java:293)\r\n\tat org.junit.runners.ParentRunner$3.evaluate(ParentRunner.java:306)\r\n\tat org.junit.runners.ParentRunner.run(ParentRunner.java:413)\r\n\tat org.junit.runner.JUnitCore.run(JUnitCore.java:137)\r\n\tat org.junit.runner.JUnitCore.run(JUnitCore.java:115)\r\n\tat org.junit.runner.JUnitCore.run(JUnitCore.java:105)\r\n\tat org.junit.runner.JUnitCore.run(JUnitCore.java:94)\r\n\tat es.us.isa.restest.main.TestGenerationAndExecution.executeGeneratedTestsWithJUnit(TestGenerationAndExecution.java:814)\r\n\tat es.us.isa.restest.main.TestGenerationAndExecution.main(TestGenerationAndExecution.java:198)\r\n"},"stage":"finished","description":"Microservice test scenario with 2 steps. Generated using two-stage LLM + semantic expansion approach.","steps":[{"name":"\uD83D\uDD10 Step 0: Authentication (Login)","status":"passed","stage":"finished","steps":[],"attachments":[{"name":"Request","source":"e42dd36a-5a03-43e2-a0a8-3f5ef9e6ca8e-attachment.html","type":"text/html"},{"name":"Request","source":"021bb7fd-f248-43c2-83d9-6694817a723e-attachment.html","type":"text/html"},{"name":"Request","source":"d1f9481c-6fab-4991-bf29-c9b7f3ae6cdc-attachment.html","type":"text/html"},{"name":"HTTP/1.1 200 ","source":"f1a4ccd5-ed82-4577-a050-668d31b3621d-attachment.html","type":"text/html"},{"name":"HTTP/1.1 200 ","source":"c849d959-3865-41d0-9cfe-badabc23d604-attachment.html","type":"text/html"},{"name":"HTTP/1.1 200 ","source":"5cfe01b7-7280-4c63-8c16-b5442a469b95-attachment.html","type":"text/html"},{"name":"\uD83D\uDD10 Login Response","source":"cedae0b7-40df-489b-8f52-90cc83742130-attachment.txt","type":"application/json"}],"parameters":[],"start":1752573416807,"stop":1752573416949},{"name":"Step 1: ts-admin-order-service POST /api/v1/adminorderservice/adminorder (expect 200)","status":"passed","stage":"finished","steps":[],"attachments":[{"name":"\uD83D\uDCCB Request Body","source":"a3c70120-89b4-48e2-819d-8ede9eb3d113-attachment.txt","type":"application/json"},{"name":"Request","source":"cd99ed9e-8a19-492a-892a-3eccc21b31da-attachment.html","type":"text/html"},{"name":"Request","source":"37c571de-6728-4eed-90b8-6a1a3cbbea4d-attachment.html","type":"text/html"},{"name":"Request","source":"2c26e430-141e-4b72-a0b8-2a25feede3e5-attachment.html","type":"text/html"},{"name":"HTTP/1.1 415 ","source":"b65563e6-7639-425c-af69-f83cd3fc30d8-attachment.html","type":"text/html"},{"name":"HTTP/1.1 415 ","source":"6900b843-6fcc-4b23-ba01-41cc6222a87d-attachment.html","type":"text/html"},{"name":"HTTP/1.1 415 ","source":"f7d0d9c2-f9b1-4c1a-a39f-e25e4061353e-attachment.html","type":"text/html"},{"name":"\uD83D\uDEA8 Step Failure Details","source":"5bbc46b7-8a83-4f8d-8dec-d373045d5833-attachment.txt","type":"text/plain"}],"parameters":[],"start":1752573416950,"stop":1752573416975},{"name":"Step 2: ts-order-other-service POST /api/v1/orderOtherService/orderOther/admin (expect 200)","status":"passed","stage":"finished","steps":[],"attachments":[{"name":"\uD83D\uDCCB Request Body","source":"3db040ee-4b04-449a-b51f-18cb3ba21c40-attachment.txt","type":"application/json"},{"name":"Request","source":"d2d5d759-51f7-4822-aee3-f188143c12aa-attachment.html","type":"text/html"},{"name":"Request","source":"47495204-7d52-4217-88f5-54e776886f4b-attachment.html","type":"text/html"},{"name":"Request","source":"8852b063-aa44-4523-9df3-e29450a6b121-attachment.html","type":"text/html"},{"name":"HTTP/1.1 415 ","source":"b202b239-4bb2-4aad-b223-a3fdae62a87e-attachment.html","type":"text/html"},{"name":"HTTP/1.1 415 ","source":"2277c3ed-686d-42bf-add3-d2c3176fb852-attachment.html","type":"text/html"},{"name":"HTTP/1.1 415 ","source":"b75f14a4-f319-499c-a271-ff0c153cb916-attachment.html","type":"text/html"},{"name":"\uD83D\uDEA8 Step Failure Details","source":"3e67f3ad-7f0e-434d-a560-9c8553afce54-attachment.txt","type":"text/plain"}],"parameters":[],"start":1752573416975,"stop":1752573417000}],"attachments":[{"name":"Test Execution Summary","source":"3442110d-bfab-48d5-83bc-c1d44891fbbe-attachment.txt","type":"text/plain"}],"parameters":[{"name":"\uD83C\uDFE2 Service","value":"Authentication Service"},{"name":"\uD83D\uDCE1 HTTP Method","value":"POST"},{"name":"\uD83D\uDD17 Endpoint","value":"/api/v1/users/login"},{"name":"✅ Expected Status","value":"200"},{"name":"\uD83D\uDC64 Username","value":"admin"},{"name":"✅ Login Status","value":"SUCCESS"},{"name":"\uD83D\uDD11 Token Obtained","value":"Yes"},{"name":"\uD83C\uDFE2 Service","value":"ts-admin-order-service"},{"name":"\uD83D\uDCE1 HTTP Method","value":"POST"},{"name":"\uD83D\uDD17 Endpoint","value":"/api/v1/adminorderservice/adminorder"},{"name":"✅ Expected Status","value":"200"},{"name":"\uD83D\uDD17 Dependency Type","value":"INDEPENDENT (can execute regardless of other step results)"},{"name":"\uD83D\uDCCA Execution Decision","value":"EXECUTE - All dependencies satisfied"},{"name":"❌ Error Category","value":"❗ Assertion Failed - Unexpected Response"},{"name":"\uD83D\uDCA5 Error Message","value":"1 expectation failed.\nExpected status code <200> but was <415>.\n"},{"name":"\uD83D\uDD0D Exception Type","value":"AssertionError"},{"name":"\uD83D\uDCCA Result","value":"FAILED"},{"name":"\uD83C\uDFE2 Service","value":"ts-order-other-service"},{"name":"\uD83D\uDCE1 HTTP Method","value":"POST"},{"name":"\uD83D\uDD17 Endpoint","value":"/api/v1/orderOtherService/orderOther/admin"},{"name":"✅ Expected Status","value":"200"},{"name":"\uD83D\uDD17 Dependency Type","value":"INDEPENDENT (can execute regardless of other step results)"},{"name":"\uD83D\uDCCA Execution Decision","value":"EXECUTE - All dependencies satisfied"},{"name":"❌ Error Category","value":"❗ Assertion Failed - Unexpected Response"},{"name":"\uD83D\uDCA5 Error Message","value":"1 expectation failed.\nExpected status code <200> but was <415>.\n"},{"name":"\uD83D\uDD0D Exception Type","value":"AssertionError"},{"name":"\uD83D\uDCCA Result","value":"FAILED"}],"start":1752573416806,"stop":1752573417001,"uuid":"0e33214d-3a13-42dd-854c-3124ff1d5fd6","historyId":"96eb4ca4161b2d912d8c30977cab16f1","fullName":"trainticket_twostage_test.TrainTicketTwoStageTest_1752572160127.POST_api_v1_adminorderservice_adminorder_21.test_POST_21_6","labels":[{"name":"package","value":"trainticket_twostage_test.TrainTicketTwoStageTest_1752572160127"},{"name":"testClass","value":"trainticket_twostage_test.TrainTicketTwoStageTest_1752572160127.POST_api_v1_adminorderservice_adminorder_21"},{"name":"testMethod","value":"test_POST_21_6"},{"name":"suite","value":"trainticket_twostage_test.TrainTicketTwoStageTest_1752572160127.POST_api_v1_adminorderservice_adminorder_21"},{"name":"host","value":"CSGRAD08"},{"name":"thread","value":"23740@CSGRAD08.main(1)"},{"name":"framework","value":"junit4"},{"name":"language","value":"java"},{"name":"testType","value":"Complete Failure"},{"name":"severity","value":"critical"},{"name":"feature","value":"Microservice Workflow"},{"name":"story","value":"test_POST_21_6"}],"links":[]}