{"name":"test_POST_21_3","status":"failed","statusDetails":{"known":false,"muted":false,"flaky":false,"message":"Scenario FAILED: 2 out of 2 steps failed. In microservice testing, all workflow steps must succeed for end-to-end validation.","trace":"java.lang.AssertionError: Scenario FAILED: 2 out of 2 steps failed. In microservice testing, all workflow steps must succeed for end-to-end validation.\r\n\tat org.junit.Assert.fail(Assert.java:89)\r\n\tat trainticket_twostage_test.TrainTicketTwoStageTest_1752572160127.POST_api_v1_adminorderservice_adminorder_21.test_POST_21_3(Unknown Source)\r\n\tat java.base/jdk.internal.reflect.NativeMethodAccessorImpl.invoke0(Native Method)\r\n\tat java.base/jdk.internal.reflect.NativeMethodAccessorImpl.invoke(NativeMethodAccessorImpl.java:62)\r\n\tat java.base/jdk.internal.reflect.DelegatingMethodAccessorImpl.invoke(DelegatingMethodAccessorImpl.java:43)\r\n\tat java.base/java.lang.reflect.Method.invoke(Method.java:566)\r\n\tat org.junit.runners.model.FrameworkMethod$1.runReflectiveCall(FrameworkMethod.java:59)\r\n\tat org.junit.internal.runners.model.ReflectiveCallable.run(ReflectiveCallable.java:12)\r\n\tat org.junit.runners.model.FrameworkMethod.invokeExplosively(FrameworkMethod.java:56)\r\n\tat org.junit.internal.runners.statements.InvokeMethod.evaluate(InvokeMethod.java:17)\r\n\tat org.junit.runners.ParentRunner$3.evaluate(ParentRunner.java:306)\r\n\tat org.junit.runners.BlockJUnit4ClassRunner$1.evaluate(BlockJUnit4ClassRunner.java:100)\r\n\tat org.junit.runners.ParentRunner.runLeaf(ParentRunner.java:366)\r\n\tat org.junit.runners.BlockJUnit4ClassRunner.runChild(BlockJUnit4ClassRunner.java:103)\r\n\tat org.junit.runners.BlockJUnit4ClassRunner.runChild(BlockJUnit4ClassRunner.java:63)\r\n\tat org.junit.runners.ParentRunner$4.run(ParentRunner.java:331)\r\n\tat org.junit.runners.ParentRunner$1.schedule(ParentRunner.java:79)\r\n\tat org.junit.runners.ParentRunner.runChildren(ParentRunner.java:329)\r\n\tat org.junit.runners.ParentRunner.access$100(ParentRunner.java:66)\r\n\tat org.junit.runners.ParentRunner$2.evaluate(ParentRunner.java:293)\r\n\tat org.junit.internal.runners.statements.RunBefores.evaluate(RunBefores.java:26)\r\n\tat org.junit.runners.ParentRunner$3.evaluate(ParentRunner.java:306)\r\n\tat org.junit.runners.ParentRunner.run(ParentRunner.java:413)\r\n\tat org.junit.runners.Suite.runChild(Suite.java:128)\r\n\tat org.junit.runners.Suite.runChild(Suite.java:27)\r\n\tat org.junit.runners.ParentRunner$4.run(ParentRunner.java:331)\r\n\tat org.junit.runners.ParentRunner$1.schedule(ParentRunner.java:79)\r\n\tat org.junit.runners.ParentRunner.runChildren(ParentRunner.java:329)\r\n\tat org.junit.runners.ParentRunner.access$100(ParentRunner.java:66)\r\n\tat org.junit.runners.ParentRunner$2.evaluate(ParentRunner.java:293)\r\n\tat org.junit.runners.ParentRunner$3.evaluate(ParentRunner.java:306)\r\n\tat org.junit.runners.ParentRunner.run(ParentRunner.java:413)\r\n\tat org.junit.runner.JUnitCore.run(JUnitCore.java:137)\r\n\tat org.junit.runner.JUnitCore.run(JUnitCore.java:115)\r\n\tat org.junit.runner.JUnitCore.run(JUnitCore.java:105)\r\n\tat org.junit.runner.JUnitCore.run(JUnitCore.java:94)\r\n\tat es.us.isa.restest.main.TestGenerationAndExecution.executeGeneratedTestsWithJUnit(TestGenerationAndExecution.java:814)\r\n\tat es.us.isa.restest.main.TestGenerationAndExecution.main(TestGenerationAndExecution.java:198)\r\n"},"stage":"finished","description":"Microservice test scenario with 2 steps. Generated using two-stage LLM + semantic expansion approach.","steps":[{"name":"\uD83D\uDD10 Step 0: Authentication (Login)","status":"passed","stage":"finished","steps":[],"attachments":[{"name":"Request","source":"ea98aa66-ad0a-42b6-9381-e9a45d234aa0-attachment.html","type":"text/html"},{"name":"Request","source":"2ce23195-6462-4cfb-95bd-0e3b284e04a4-attachment.html","type":"text/html"},{"name":"Request","source":"47234348-e4c3-44e1-b149-d1df3c165495-attachment.html","type":"text/html"},{"name":"HTTP/1.1 200 ","source":"43bf8f59-d09e-4237-8868-05e5379c954a-attachment.html","type":"text/html"},{"name":"HTTP/1.1 200 ","source":"d9f62995-97dd-4c9d-bdc1-e5ad42f9d07d-attachment.html","type":"text/html"},{"name":"HTTP/1.1 200 ","source":"bf0b075f-00d1-49dc-97ad-87434e15f50d-attachment.html","type":"text/html"},{"name":"\uD83D\uDD10 Login Response","source":"ee5860b7-fda5-4ff2-b554-e2755004980b-attachment.txt","type":"application/json"}],"parameters":[],"start":1752573416192,"stop":1752573416345},{"name":"Step 1: ts-admin-order-service POST /api/v1/adminorderservice/adminorder (expect 200)","status":"passed","stage":"finished","steps":[],"attachments":[{"name":"\uD83D\uDCCB Request Body","source":"bdd0ee9d-c8d5-4bfc-ab63-e410cfc034bf-attachment.txt","type":"application/json"},{"name":"Request","source":"b020d455-6e1f-4037-bc76-115b345d9f55-attachment.html","type":"text/html"},{"name":"Request","source":"58632b8a-6f17-4f68-a02e-237fe1b3d882-attachment.html","type":"text/html"},{"name":"Request","source":"9fc4e3e9-d79f-446a-b253-8c1fd8c8f48a-attachment.html","type":"text/html"},{"name":"HTTP/1.1 415 ","source":"a1d56f73-8e17-4ac7-950a-2deb0a780f9f-attachment.html","type":"text/html"},{"name":"HTTP/1.1 415 ","source":"d9b3bb47-8e2b-43a7-974d-e47b303dc620-attachment.html","type":"text/html"},{"name":"HTTP/1.1 415 ","source":"6421b6e9-c783-43f0-844d-3a57b88bd1fe-attachment.html","type":"text/html"},{"name":"\uD83D\uDEA8 Step Failure Details","source":"da605b22-5238-40d6-b248-e0c84dc1ab50-attachment.txt","type":"text/plain"}],"parameters":[],"start":1752573416345,"stop":1752573416369},{"name":"Step 2: ts-order-other-service POST /api/v1/orderOtherService/orderOther/admin (expect 200)","status":"passed","stage":"finished","steps":[],"attachments":[{"name":"\uD83D\uDCCB Request Body","source":"b06aedbe-1890-4327-a1d2-d58291a807d3-attachment.txt","type":"application/json"},{"name":"Request","source":"2b9b54d5-42ea-4e48-a1a2-431d7bed4265-attachment.html","type":"text/html"},{"name":"Request","source":"6dfe240c-107a-4340-9703-15148cba9443-attachment.html","type":"text/html"},{"name":"Request","source":"fe0df300-0ab3-444c-83ba-77c63e804a49-attachment.html","type":"text/html"},{"name":"HTTP/1.1 415 ","source":"939ce04f-55f8-49b9-ad36-aed460c938dc-attachment.html","type":"text/html"},{"name":"HTTP/1.1 415 ","source":"98639390-1f90-4b79-bba7-819002d216c9-attachment.html","type":"text/html"},{"name":"HTTP/1.1 415 ","source":"1a31847c-2765-4a5d-80df-47cd2fb190cb-attachment.html","type":"text/html"},{"name":"\uD83D\uDEA8 Step Failure Details","source":"73796c04-72fc-45fc-8c02-87f2c1af7d9f-attachment.txt","type":"text/plain"}],"parameters":[],"start":1752573416369,"stop":1752573416397}],"attachments":[{"name":"Test Execution Summary","source":"4825d407-a8d8-4598-8ee1-5bb64135e13d-attachment.txt","type":"text/plain"}],"parameters":[{"name":"\uD83C\uDFE2 Service","value":"Authentication Service"},{"name":"\uD83D\uDCE1 HTTP Method","value":"POST"},{"name":"\uD83D\uDD17 Endpoint","value":"/api/v1/users/login"},{"name":"✅ Expected Status","value":"200"},{"name":"\uD83D\uDC64 Username","value":"admin"},{"name":"✅ Login Status","value":"SUCCESS"},{"name":"\uD83D\uDD11 Token Obtained","value":"Yes"},{"name":"\uD83C\uDFE2 Service","value":"ts-admin-order-service"},{"name":"\uD83D\uDCE1 HTTP Method","value":"POST"},{"name":"\uD83D\uDD17 Endpoint","value":"/api/v1/adminorderservice/adminorder"},{"name":"✅ Expected Status","value":"200"},{"name":"\uD83D\uDD17 Dependency Type","value":"INDEPENDENT (can execute regardless of other step results)"},{"name":"\uD83D\uDCCA Execution Decision","value":"EXECUTE - All dependencies satisfied"},{"name":"❌ Error Category","value":"❗ Assertion Failed - Unexpected Response"},{"name":"\uD83D\uDCA5 Error Message","value":"1 expectation failed.\nExpected status code <200> but was <415>.\n"},{"name":"\uD83D\uDD0D Exception Type","value":"AssertionError"},{"name":"\uD83D\uDCCA Result","value":"FAILED"},{"name":"\uD83C\uDFE2 Service","value":"ts-order-other-service"},{"name":"\uD83D\uDCE1 HTTP Method","value":"POST"},{"name":"\uD83D\uDD17 Endpoint","value":"/api/v1/orderOtherService/orderOther/admin"},{"name":"✅ Expected Status","value":"200"},{"name":"\uD83D\uDD17 Dependency Type","value":"INDEPENDENT (can execute regardless of other step results)"},{"name":"\uD83D\uDCCA Execution Decision","value":"EXECUTE - All dependencies satisfied"},{"name":"❌ Error Category","value":"❗ Assertion Failed - Unexpected Response"},{"name":"\uD83D\uDCA5 Error Message","value":"1 expectation failed.\nExpected status code <200> but was <415>.\n"},{"name":"\uD83D\uDD0D Exception Type","value":"AssertionError"},{"name":"\uD83D\uDCCA Result","value":"FAILED"}],"start":1752573416192,"stop":1752573416398,"uuid":"1225b42f-2c30-46e3-b221-889d46e57500","historyId":"f52300be4e02fbb9ab19d2292fcc3292","fullName":"trainticket_twostage_test.TrainTicketTwoStageTest_1752572160127.POST_api_v1_adminorderservice_adminorder_21.test_POST_21_3","labels":[{"name":"package","value":"trainticket_twostage_test.TrainTicketTwoStageTest_1752572160127"},{"name":"testClass","value":"trainticket_twostage_test.TrainTicketTwoStageTest_1752572160127.POST_api_v1_adminorderservice_adminorder_21"},{"name":"testMethod","value":"test_POST_21_3"},{"name":"suite","value":"trainticket_twostage_test.TrainTicketTwoStageTest_1752572160127.POST_api_v1_adminorderservice_adminorder_21"},{"name":"host","value":"CSGRAD08"},{"name":"thread","value":"23740@CSGRAD08.main(1)"},{"name":"framework","value":"junit4"},{"name":"language","value":"java"},{"name":"testType","value":"Complete Failure"},{"name":"severity","value":"critical"},{"name":"feature","value":"Microservice Workflow"},{"name":"story","value":"test_POST_21_3"}],"links":[]}