{"name":"test_POST_21_8","status":"failed","statusDetails":{"known":false,"muted":false,"flaky":false,"message":"Scenario FAILED: 2 out of 2 steps failed. In microservice testing, all workflow steps must succeed for end-to-end validation.","trace":"java.lang.AssertionError: Scenario FAILED: 2 out of 2 steps failed. In microservice testing, all workflow steps must succeed for end-to-end validation.\r\n\tat org.junit.Assert.fail(Assert.java:89)\r\n\tat trainticket_twostage_test.TrainTicketTwoStageTest_1752572160127.POST_api_v1_adminorderservice_adminorder_21.test_POST_21_8(Unknown Source)\r\n\tat java.base/jdk.internal.reflect.NativeMethodAccessorImpl.invoke0(Native Method)\r\n\tat java.base/jdk.internal.reflect.NativeMethodAccessorImpl.invoke(NativeMethodAccessorImpl.java:62)\r\n\tat java.base/jdk.internal.reflect.DelegatingMethodAccessorImpl.invoke(DelegatingMethodAccessorImpl.java:43)\r\n\tat java.base/java.lang.reflect.Method.invoke(Method.java:566)\r\n\tat org.junit.runners.model.FrameworkMethod$1.runReflectiveCall(FrameworkMethod.java:59)\r\n\tat org.junit.internal.runners.model.ReflectiveCallable.run(ReflectiveCallable.java:12)\r\n\tat org.junit.runners.model.FrameworkMethod.invokeExplosively(FrameworkMethod.java:56)\r\n\tat org.junit.internal.runners.statements.InvokeMethod.evaluate(InvokeMethod.java:17)\r\n\tat org.junit.runners.ParentRunner$3.evaluate(ParentRunner.java:306)\r\n\tat org.junit.runners.BlockJUnit4ClassRunner$1.evaluate(BlockJUnit4ClassRunner.java:100)\r\n\tat org.junit.runners.ParentRunner.runLeaf(ParentRunner.java:366)\r\n\tat org.junit.runners.BlockJUnit4ClassRunner.runChild(BlockJUnit4ClassRunner.java:103)\r\n\tat org.junit.runners.BlockJUnit4ClassRunner.runChild(BlockJUnit4ClassRunner.java:63)\r\n\tat org.junit.runners.ParentRunner$4.run(ParentRunner.java:331)\r\n\tat org.junit.runners.ParentRunner$1.schedule(ParentRunner.java:79)\r\n\tat org.junit.runners.ParentRunner.runChildren(ParentRunner.java:329)\r\n\tat org.junit.runners.ParentRunner.access$100(ParentRunner.java:66)\r\n\tat org.junit.runners.ParentRunner$2.evaluate(ParentRunner.java:293)\r\n\tat org.junit.internal.runners.statements.RunBefores.evaluate(RunBefores.java:26)\r\n\tat org.junit.runners.ParentRunner$3.evaluate(ParentRunner.java:306)\r\n\tat org.junit.runners.ParentRunner.run(ParentRunner.java:413)\r\n\tat org.junit.runners.Suite.runChild(Suite.java:128)\r\n\tat org.junit.runners.Suite.runChild(Suite.java:27)\r\n\tat org.junit.runners.ParentRunner$4.run(ParentRunner.java:331)\r\n\tat org.junit.runners.ParentRunner$1.schedule(ParentRunner.java:79)\r\n\tat org.junit.runners.ParentRunner.runChildren(ParentRunner.java:329)\r\n\tat org.junit.runners.ParentRunner.access$100(ParentRunner.java:66)\r\n\tat org.junit.runners.ParentRunner$2.evaluate(ParentRunner.java:293)\r\n\tat org.junit.runners.ParentRunner$3.evaluate(ParentRunner.java:306)\r\n\tat org.junit.runners.ParentRunner.run(ParentRunner.java:413)\r\n\tat org.junit.runner.JUnitCore.run(JUnitCore.java:137)\r\n\tat org.junit.runner.JUnitCore.run(JUnitCore.java:115)\r\n\tat org.junit.runner.JUnitCore.run(JUnitCore.java:105)\r\n\tat org.junit.runner.JUnitCore.run(JUnitCore.java:94)\r\n\tat es.us.isa.restest.main.TestGenerationAndExecution.executeGeneratedTestsWithJUnit(TestGenerationAndExecution.java:814)\r\n\tat es.us.isa.restest.main.TestGenerationAndExecution.main(TestGenerationAndExecution.java:198)\r\n"},"stage":"finished","description":"Microservice test scenario with 2 steps. Generated using two-stage LLM + semantic expansion approach.","steps":[{"name":"\uD83D\uDD10 Step 0: Authentication (Login)","status":"passed","stage":"finished","steps":[],"attachments":[{"name":"Request","source":"56b4e237-33d1-4592-8388-d3f7adc93d37-attachment.html","type":"text/html"},{"name":"Request","source":"a3cc4b46-051a-4361-a719-bb8c8521efb3-attachment.html","type":"text/html"},{"name":"Request","source":"ed4be903-c6d9-4d5a-a766-314cd4dd3e92-attachment.html","type":"text/html"},{"name":"HTTP/1.1 200 ","source":"6db19951-7e8b-4529-aaa7-9a4997fc374a-attachment.html","type":"text/html"},{"name":"HTTP/1.1 200 ","source":"ec66c57c-856d-469f-81e7-409b43a4c528-attachment.html","type":"text/html"},{"name":"HTTP/1.1 200 ","source":"2738adcd-d645-4689-81d7-7c5338fe9fc5-attachment.html","type":"text/html"},{"name":"\uD83D\uDD10 Login Response","source":"ff96951e-29b0-4068-89eb-5a7fb4b11612-attachment.txt","type":"application/json"}],"parameters":[],"start":1752573417186,"stop":1752573417336},{"name":"Step 1: ts-admin-order-service POST /api/v1/adminorderservice/adminorder (expect 200)","status":"passed","stage":"finished","steps":[],"attachments":[{"name":"\uD83D\uDCCB Request Body","source":"87f05d22-cbb8-4f3a-a14c-8b6f1c834664-attachment.txt","type":"application/json"},{"name":"Request","source":"1aaa3482-f140-4124-bb62-655350a1ac5a-attachment.html","type":"text/html"},{"name":"Request","source":"3aad18e1-6dd1-4dbb-be39-3326ae4605a6-attachment.html","type":"text/html"},{"name":"Request","source":"03aeaceb-851f-415d-8d95-22bbc9aa3c36-attachment.html","type":"text/html"},{"name":"HTTP/1.1 415 ","source":"3365d696-4533-47a1-81c6-501a89dd44ab-attachment.html","type":"text/html"},{"name":"HTTP/1.1 415 ","source":"54df2c35-4fc4-4ed1-9194-ddf9fc32fbaa-attachment.html","type":"text/html"},{"name":"HTTP/1.1 415 ","source":"ee18c2bd-13bc-402e-b237-951fca5d98a4-attachment.html","type":"text/html"},{"name":"\uD83D\uDEA8 Step Failure Details","source":"6de508f2-8507-4e4d-b123-c5f86fa54411-attachment.txt","type":"text/plain"}],"parameters":[],"start":1752573417336,"stop":1752573417359},{"name":"Step 2: ts-order-other-service POST /api/v1/orderOtherService/orderOther/admin (expect 200)","status":"passed","stage":"finished","steps":[],"attachments":[{"name":"\uD83D\uDCCB Request Body","source":"e4d7500e-98ce-45a0-a341-a089fd48a101-attachment.txt","type":"application/json"},{"name":"Request","source":"b3bc87de-df92-42b9-aa8c-4962cffe0b80-attachment.html","type":"text/html"},{"name":"Request","source":"f803efa9-d30c-4ab4-9f1f-e09b98d138fb-attachment.html","type":"text/html"},{"name":"Request","source":"3f4b935b-8c83-4c7f-9258-c3f3cfce3307-attachment.html","type":"text/html"},{"name":"HTTP/1.1 415 ","source":"ec412a53-3409-4aa8-bd38-d31e85982cbb-attachment.html","type":"text/html"},{"name":"HTTP/1.1 415 ","source":"44c02274-36b8-46e3-aa3d-274973c5913a-attachment.html","type":"text/html"},{"name":"HTTP/1.1 415 ","source":"fa59860c-95ac-4a42-8b77-c58f60cbce0d-attachment.html","type":"text/html"},{"name":"\uD83D\uDEA8 Step Failure Details","source":"64e1de98-5640-491f-81db-8c5ba25146c1-attachment.txt","type":"text/plain"}],"parameters":[],"start":1752573417359,"stop":1752573417382}],"attachments":[{"name":"Test Execution Summary","source":"6bae6b4b-1618-40a2-8513-ba2688c71e01-attachment.txt","type":"text/plain"}],"parameters":[{"name":"\uD83C\uDFE2 Service","value":"Authentication Service"},{"name":"\uD83D\uDCE1 HTTP Method","value":"POST"},{"name":"\uD83D\uDD17 Endpoint","value":"/api/v1/users/login"},{"name":"✅ Expected Status","value":"200"},{"name":"\uD83D\uDC64 Username","value":"admin"},{"name":"✅ Login Status","value":"SUCCESS"},{"name":"\uD83D\uDD11 Token Obtained","value":"Yes"},{"name":"\uD83C\uDFE2 Service","value":"ts-admin-order-service"},{"name":"\uD83D\uDCE1 HTTP Method","value":"POST"},{"name":"\uD83D\uDD17 Endpoint","value":"/api/v1/adminorderservice/adminorder"},{"name":"✅ Expected Status","value":"200"},{"name":"\uD83D\uDD17 Dependency Type","value":"INDEPENDENT (can execute regardless of other step results)"},{"name":"\uD83D\uDCCA Execution Decision","value":"EXECUTE - All dependencies satisfied"},{"name":"❌ Error Category","value":"❗ Assertion Failed - Unexpected Response"},{"name":"\uD83D\uDCA5 Error Message","value":"1 expectation failed.\nExpected status code <200> but was <415>.\n"},{"name":"\uD83D\uDD0D Exception Type","value":"AssertionError"},{"name":"\uD83D\uDCCA Result","value":"FAILED"},{"name":"\uD83C\uDFE2 Service","value":"ts-order-other-service"},{"name":"\uD83D\uDCE1 HTTP Method","value":"POST"},{"name":"\uD83D\uDD17 Endpoint","value":"/api/v1/orderOtherService/orderOther/admin"},{"name":"✅ Expected Status","value":"200"},{"name":"\uD83D\uDD17 Dependency Type","value":"INDEPENDENT (can execute regardless of other step results)"},{"name":"\uD83D\uDCCA Execution Decision","value":"EXECUTE - All dependencies satisfied"},{"name":"❌ Error Category","value":"❗ Assertion Failed - Unexpected Response"},{"name":"\uD83D\uDCA5 Error Message","value":"1 expectation failed.\nExpected status code <200> but was <415>.\n"},{"name":"\uD83D\uDD0D Exception Type","value":"AssertionError"},{"name":"\uD83D\uDCCA Result","value":"FAILED"}],"start":1752573417186,"stop":1752573417383,"uuid":"21d7c702-7b93-47ac-85d7-68a51f590f79","historyId":"cf6b7242cb10ea71f891183013f05586","fullName":"trainticket_twostage_test.TrainTicketTwoStageTest_1752572160127.POST_api_v1_adminorderservice_adminorder_21.test_POST_21_8","labels":[{"name":"package","value":"trainticket_twostage_test.TrainTicketTwoStageTest_1752572160127"},{"name":"testClass","value":"trainticket_twostage_test.TrainTicketTwoStageTest_1752572160127.POST_api_v1_adminorderservice_adminorder_21"},{"name":"testMethod","value":"test_POST_21_8"},{"name":"suite","value":"trainticket_twostage_test.TrainTicketTwoStageTest_1752572160127.POST_api_v1_adminorderservice_adminorder_21"},{"name":"host","value":"CSGRAD08"},{"name":"thread","value":"23740@CSGRAD08.main(1)"},{"name":"framework","value":"junit4"},{"name":"language","value":"java"},{"name":"testType","value":"Complete Failure"},{"name":"severity","value":"critical"},{"name":"feature","value":"Microservice Workflow"},{"name":"story","value":"test_POST_21_8"}],"links":[]}