{"name":"test_POST_31_8","status":"failed","statusDetails":{"known":false,"muted":false,"flaky":false,"message":"Scenario FAILED: 1 out of 2 steps failed. In microservice testing, all workflow steps must succeed for end-to-end validation.","trace":"java.lang.AssertionError: Scenario FAILED: 1 out of 2 steps failed. In microservice testing, all workflow steps must succeed for end-to-end validation.\r\n\tat org.junit.Assert.fail(Assert.java:89)\r\n\tat trainticket_twostage_test.TrainTicketTwoStageTest_1753320955420.POST_api_v1_adminbasicservice_adminbasic_prices_31.test_POST_31_8(Unknown Source)\r\n\tat java.base/jdk.internal.reflect.NativeMethodAccessorImpl.invoke0(Native Method)\r\n\tat java.base/jdk.internal.reflect.NativeMethodAccessorImpl.invoke(NativeMethodAccessorImpl.java:62)\r\n\tat java.base/jdk.internal.reflect.DelegatingMethodAccessorImpl.invoke(DelegatingMethodAccessorImpl.java:43)\r\n\tat java.base/java.lang.reflect.Method.invoke(Method.java:566)\r\n\tat org.junit.runners.model.FrameworkMethod$1.runReflectiveCall(FrameworkMethod.java:59)\r\n\tat org.junit.internal.runners.model.ReflectiveCallable.run(ReflectiveCallable.java:12)\r\n\tat org.junit.runners.model.FrameworkMethod.invokeExplosively(FrameworkMethod.java:56)\r\n\tat org.junit.internal.runners.statements.InvokeMethod.evaluate(InvokeMethod.java:17)\r\n\tat org.junit.runners.ParentRunner$3.evaluate(ParentRunner.java:306)\r\n\tat org.junit.runners.BlockJUnit4ClassRunner$1.evaluate(BlockJUnit4ClassRunner.java:100)\r\n\tat org.junit.runners.ParentRunner.runLeaf(ParentRunner.java:366)\r\n\tat org.junit.runners.BlockJUnit4ClassRunner.runChild(BlockJUnit4ClassRunner.java:103)\r\n\tat org.junit.runners.BlockJUnit4ClassRunner.runChild(BlockJUnit4ClassRunner.java:63)\r\n\tat org.junit.runners.ParentRunner$4.run(ParentRunner.java:331)\r\n\tat org.junit.runners.ParentRunner$1.schedule(ParentRunner.java:79)\r\n\tat org.junit.runners.ParentRunner.runChildren(ParentRunner.java:329)\r\n\tat org.junit.runners.ParentRunner.access$100(ParentRunner.java:66)\r\n\tat org.junit.runners.ParentRunner$2.evaluate(ParentRunner.java:293)\r\n\tat org.junit.internal.runners.statements.RunBefores.evaluate(RunBefores.java:26)\r\n\tat org.junit.runners.ParentRunner$3.evaluate(ParentRunner.java:306)\r\n\tat org.junit.runners.ParentRunner.run(ParentRunner.java:413)\r\n\tat org.junit.runners.Suite.runChild(Suite.java:128)\r\n\tat org.junit.runners.Suite.runChild(Suite.java:27)\r\n\tat org.junit.runners.ParentRunner$4.run(ParentRunner.java:331)\r\n\tat org.junit.runners.ParentRunner$1.schedule(ParentRunner.java:79)\r\n\tat org.junit.runners.ParentRunner.runChildren(ParentRunner.java:329)\r\n\tat org.junit.runners.ParentRunner.access$100(ParentRunner.java:66)\r\n\tat org.junit.runners.ParentRunner$2.evaluate(ParentRunner.java:293)\r\n\tat org.junit.runners.ParentRunner$3.evaluate(ParentRunner.java:306)\r\n\tat org.junit.runners.ParentRunner.run(ParentRunner.java:413)\r\n\tat org.junit.runner.JUnitCore.run(JUnitCore.java:137)\r\n\tat org.junit.runner.JUnitCore.run(JUnitCore.java:115)\r\n\tat org.junit.runner.JUnitCore.run(JUnitCore.java:105)\r\n\tat org.junit.runner.JUnitCore.run(JUnitCore.java:94)\r\n\tat es.us.isa.restest.main.TestGenerationAndExecution.executeGeneratedTestsWithJUnit(TestGenerationAndExecution.java:876)\r\n\tat es.us.isa.restest.main.TestGenerationAndExecution.main(TestGenerationAndExecution.java:198)\r\n"},"stage":"finished","description":"Microservice test scenario with 2 steps.","steps":[{"name":"\uD83D\uDD10 Step 0: Authentication (Login)","status":"passed","stage":"finished","steps":[],"attachments":[{"name":"Request","source":"07f7cb07-e248-4064-8387-8a0594722a52-attachment.html","type":"text/html"},{"name":"Request","source":"248d6b95-13f4-48d5-a786-501ec2a9e97a-attachment.html","type":"text/html"},{"name":"HTTP/1.1 200 ","source":"2043c832-266d-4453-b0a9-a2c7055bb8fc-attachment.html","type":"text/html"},{"name":"HTTP/1.1 200 ","source":"25c64538-c7cd-4d69-9829-18b4135286ff-attachment.html","type":"text/html"},{"name":"\uD83D\uDD10 Login Response","source":"031d1771-cf0c-44e7-bf4c-5bf50b65f7ed-attachment.txt","type":"application/json"}],"parameters":[],"start":1753322630930,"stop":1753322631063},{"name":"Step 1: ts-admin-basic-info-service POST /api/v1/adminbasicservice/adminbasic/prices (expect 200)","status":"passed","stage":"finished","steps":[],"attachments":[{"name":"\uD83D\uDCE4 Request Body","source":"db78a99f-dfb1-4fc1-92f9-dc246314813f-attachment.txt","type":"application/json"},{"name":"Request","source":"7b23ff99-e849-4015-9b8e-d2b9742b8a7c-attachment.html","type":"text/html"},{"name":"Request","source":"09ad84c7-783c-47a1-96f5-e85559b1db25-attachment.html","type":"text/html"},{"name":"HTTP/1.1 200 ","source":"950afee5-8099-46c8-958c-24af91be6132-attachment.html","type":"text/html"},{"name":"HTTP/1.1 200 ","source":"2a619c0e-c304-4fe6-a6ea-70ea66b464cb-attachment.html","type":"text/html"},{"name":"\uD83D\uDCE5 Response (200)","source":"05d65538-d3a7-44e2-b9cd-991d25f80092-attachment.txt","type":"application/json"}],"parameters":[],"start":1753322631063,"stop":1753322631095},{"name":"Step 2: ts-price-service POST /api/v1/priceservice/prices (expect 201)","status":"broken","statusDetails":{"known":false,"muted":false,"flaky":false,"message":"Step failed: Status Code Mismatch","trace":"java.lang.RuntimeException: Step failed: Status Code Mismatch\r\n\tat trainticket_twostage_test.TrainTicketTwoStageTest_1753320955420.POST_api_v1_adminbasicservice_adminbasic_prices_31.lambda$test_POST_31_8$37(Unknown Source)\r\n\tat io.qameta.allure.Allure.lambda$step$0(Allure.java:113)\r\n\tat io.qameta.allure.Allure.lambda$step$1(Allure.java:127)\r\n\tat io.qameta.allure.Allure.step(Allure.java:181)\r\n\tat io.qameta.allure.Allure.step(Allure.java:125)\r\n\tat io.qameta.allure.Allure.step(Allure.java:112)\r\n\tat trainticket_twostage_test.TrainTicketTwoStageTest_1753320955420.POST_api_v1_adminbasicservice_adminbasic_prices_31.test_POST_31_8(Unknown Source)\r\n\tat java.base/jdk.internal.reflect.NativeMethodAccessorImpl.invoke0(Native Method)\r\n\tat java.base/jdk.internal.reflect.NativeMethodAccessorImpl.invoke(NativeMethodAccessorImpl.java:62)\r\n\tat java.base/jdk.internal.reflect.DelegatingMethodAccessorImpl.invoke(DelegatingMethodAccessorImpl.java:43)\r\n\tat java.base/java.lang.reflect.Method.invoke(Method.java:566)\r\n\tat org.junit.runners.model.FrameworkMethod$1.runReflectiveCall(FrameworkMethod.java:59)\r\n\tat org.junit.internal.runners.model.ReflectiveCallable.run(ReflectiveCallable.java:12)\r\n\tat org.junit.runners.model.FrameworkMethod.invokeExplosively(FrameworkMethod.java:56)\r\n\tat org.junit.internal.runners.statements.InvokeMethod.evaluate(InvokeMethod.java:17)\r\n\tat org.junit.runners.ParentRunner$3.evaluate(ParentRunner.java:306)\r\n\tat org.junit.runners.BlockJUnit4ClassRunner$1.evaluate(BlockJUnit4ClassRunner.java:100)\r\n\tat org.junit.runners.ParentRunner.runLeaf(ParentRunner.java:366)\r\n\tat org.junit.runners.BlockJUnit4ClassRunner.runChild(BlockJUnit4ClassRunner.java:103)\r\n\tat org.junit.runners.BlockJUnit4ClassRunner.runChild(BlockJUnit4ClassRunner.java:63)\r\n\tat org.junit.runners.ParentRunner$4.run(ParentRunner.java:331)\r\n\tat org.junit.runners.ParentRunner$1.schedule(ParentRunner.java:79)\r\n\tat org.junit.runners.ParentRunner.runChildren(ParentRunner.java:329)\r\n\tat org.junit.runners.ParentRunner.access$100(ParentRunner.java:66)\r\n\tat org.junit.runners.ParentRunner$2.evaluate(ParentRunner.java:293)\r\n\tat org.junit.internal.runners.statements.RunBefores.evaluate(RunBefores.java:26)\r\n\tat org.junit.runners.ParentRunner$3.evaluate(ParentRunner.java:306)\r\n\tat org.junit.runners.ParentRunner.run(ParentRunner.java:413)\r\n\tat org.junit.runners.Suite.runChild(Suite.java:128)\r\n\tat org.junit.runners.Suite.runChild(Suite.java:27)\r\n\tat org.junit.runners.ParentRunner$4.run(ParentRunner.java:331)\r\n\tat org.junit.runners.ParentRunner$1.schedule(ParentRunner.java:79)\r\n\tat org.junit.runners.ParentRunner.runChildren(ParentRunner.java:329)\r\n\tat org.junit.runners.ParentRunner.access$100(ParentRunner.java:66)\r\n\tat org.junit.runners.ParentRunner$2.evaluate(ParentRunner.java:293)\r\n\tat org.junit.runners.ParentRunner$3.evaluate(ParentRunner.java:306)\r\n\tat org.junit.runners.ParentRunner.run(ParentRunner.java:413)\r\n\tat org.junit.runner.JUnitCore.run(JUnitCore.java:137)\r\n\tat org.junit.runner.JUnitCore.run(JUnitCore.java:115)\r\n\tat org.junit.runner.JUnitCore.run(JUnitCore.java:105)\r\n\tat org.junit.runner.JUnitCore.run(JUnitCore.java:94)\r\n\tat es.us.isa.restest.main.TestGenerationAndExecution.executeGeneratedTestsWithJUnit(TestGenerationAndExecution.java:876)\r\n\tat es.us.isa.restest.main.TestGenerationAndExecution.main(TestGenerationAndExecution.java:198)\r\nCaused by: java.lang.AssertionError: 1 expectation failed.\nExpected status code <201> but was <500>.\n\r\n\tat java.base/jdk.internal.reflect.NativeConstructorAccessorImpl.newInstance0(Native Method)\r\n\tat java.base/jdk.internal.reflect.NativeConstructorAccessorImpl.newInstance(NativeConstructorAccessorImpl.java:62)\r\n\tat java.base/jdk.internal.reflect.DelegatingConstructorAccessorImpl.newInstance(DelegatingConstructorAccessorImpl.java:45)\r\n\tat java.base/java.lang.reflect.Constructor.newInstance(Constructor.java:490)\r\n\tat org.codehaus.groovy.reflection.CachedConstructor.invoke(CachedConstructor.java:80)\r\n\tat org.codehaus.groovy.reflection.CachedConstructor.doConstructorInvoke(CachedConstructor.java:74)\r\n\tat org.codehaus.groovy.runtime.callsite.ConstructorSite$ConstructorSiteNoUnwrap.callConstructor(ConstructorSite.java:84)\r\n\tat org.codehaus.groovy.runtime.callsite.AbstractCallSite.callConstructor(AbstractCallSite.java:249)\r\n\tat io.restassured.internal.ResponseSpecificationImpl$HamcrestAssertionClosure.validate(ResponseSpecificationImpl.groovy:493)\r\n\tat io.restassured.internal.ResponseSpecificationImpl$HamcrestAssertionClosure$validate$1.call(Unknown Source)\r\n\tat io.restassured.internal.ResponseSpecificationImpl.validateResponseIfRequired(ResponseSpecificationImpl.groovy:674)\r\n\tat jdk.internal.reflect.GeneratedMethodAccessor167.invoke(Unknown Source)\r\n\tat java.base/jdk.internal.reflect.DelegatingMethodAccessorImpl.invoke(DelegatingMethodAccessorImpl.java:43)\r\n\tat java.base/java.lang.reflect.Method.invoke(Method.java:566)\r\n\tat org.codehaus.groovy.runtime.callsite.PlainObjectMetaMethodSite.doInvoke(PlainObjectMetaMethodSite.java:43)\r\n\tat org.codehaus.groovy.runtime.callsite.PogoMetaMethodSite$PogoCachedMethodSiteNoUnwrapNoCoerce.invoke(PogoMetaMethodSite.java:190)\r\n\tat org.codehaus.groovy.runtime.callsite.PogoMetaMethodSite.callCurrent(PogoMetaMethodSite.java:58)\r\n\tat org.codehaus.groovy.runtime.callsite.AbstractCallSite.callCurrent(AbstractCallSite.java:168)\r\n\tat io.restassured.internal.ResponseSpecificationImpl.statusCode(ResponseSpecificationImpl.groovy:126)\r\n\tat io.restassured.specification.ResponseSpecification$statusCode$0.callCurrent(Unknown Source)\r\n\tat io.restassured.internal.ResponseSpecificationImpl.statusCode(ResponseSpecificationImpl.groovy:134)\r\n\tat io.restassured.internal.ValidatableResponseOptionsImpl.statusCode(ValidatableResponseOptionsImpl.java:89)\r\n\tat io.restassured.internal.ValidatableResponseImpl.super$2$statusCode(ValidatableResponseImpl.groovy)\r\n\tat jdk.internal.reflect.GeneratedMethodAccessor166.invoke(Unknown Source)\r\n\tat java.base/jdk.internal.reflect.DelegatingMethodAccessorImpl.invoke(DelegatingMethodAccessorImpl.java:43)\r\n\tat java.base/java.lang.reflect.Method.invoke(Method.java:566)\r\n\tat org.codehaus.groovy.reflection.CachedMethod.invoke(CachedMethod.java:101)\r\n\tat groovy.lang.MetaMethod.doMethodInvoke(MetaMethod.java:323)\r\n\tat groovy.lang.MetaClassImpl.invokeMethod(MetaClassImpl.java:1217)\r\n\tat org.codehaus.groovy.runtime.ScriptBytecodeAdapter.invokeMethodOnSuperN(ScriptBytecodeAdapter.java:144)\r\n\tat io.restassured.internal.ValidatableResponseImpl.statusCode(ValidatableResponseImpl.groovy:142)\r\n\tat io.restassured.internal.ValidatableResponseImpl.statusCode(ValidatableResponseImpl.groovy)\r\n\t... 43 more\r\n"},"stage":"finished","steps":[],"attachments":[{"name":"\uD83D\uDCE4 Request Body","source":"0c622733-6d86-4066-a134-279cd136cdfc-attachment.txt","type":"application/json"},{"name":"Request","source":"02970678-959a-4c79-84b3-e2e231f92c23-attachment.html","type":"text/html"},{"name":"Request","source":"90cb0c92-fcab-41ba-8c13-13f6d7384cd5-attachment.html","type":"text/html"},{"name":"HTTP/1.1 500 ","source":"7b97ba54-caf7-4ecc-a283-53861b25ef73-attachment.html","type":"text/html"},{"name":"HTTP/1.1 500 ","source":"931876f9-1a97-4187-8e35-f79859646c35-attachment.html","type":"text/html"},{"name":"\uD83D\uDCA5 Error Details","source":"5d34964f-f7dc-4f9a-819b-8a5d54ac333c-attachment.txt","type":"text/plain"}],"parameters":[],"start":1753322631095,"stop":1753322631129}],"attachments":[],"parameters":[{"name":"\uD83C\uDFE2 Service","value":"Authentication Service"},{"name":"\uD83D\uDCE1 HTTP Method","value":"POST"},{"name":"\uD83D\uDD17 Endpoint","value":"/api/v1/users/login"},{"name":"\uD83C\uDFAF Expected Status","value":"200"},{"name":"\uD83D\uDC64 Username","value":"admin"},{"name":"\uD83D\uDEA6 Execution Decision","value":"▶️ EXECUTE - Authentication required"},{"name":"\uD83C\uDFAF Result","value":"✅ SUCCESS (Token: Yes)"},{"name":"\uD83C\uDFE2 Service","value":"ts-admin-basic-info-service"},{"name":"\uD83D\uDCE1 HTTP Method","value":"POST"},{"name":"\uD83D\uDD17 Endpoint","value":"/api/v1/adminbasicservice/adminbasic/prices"},{"name":"\uD83C\uDFAF Expected Status","value":"200"},{"name":"\uD83D\uDD17 Dependency Type","value":"INDEPENDENT (can execute regardless of other step results)"},{"name":"\uD83D\uDEA6 Execution Decision","value":"▶️ EXECUTE - All dependencies satisfied"},{"name":"\uD83C\uDFAF Result","value":"✅ SUCCESS (200 in 22ms)"},{"name":"\uD83C\uDFE2 Service","value":"ts-price-service"},{"name":"\uD83D\uDCE1 HTTP Method","value":"POST"},{"name":"\uD83D\uDD17 Endpoint","value":"/api/v1/priceservice/prices"},{"name":"\uD83C\uDFAF Expected Status","value":"201"},{"name":"\uD83D\uDD17 Dependency Type","value":"INDEPENDENT (can execute regardless of other step results)"},{"name":"\uD83D\uDEA6 Execution Decision","value":"▶️ EXECUTE - All dependencies satisfied"},{"name":"\uD83C\uDFAF Result","value":"❌ FAILED (Status Code Mismatch)"},{"name":"\uD83D\uDCCA Scenario Result","value":"⚠️ PARTIAL FAILURE (1/2 steps)"}],"start":1753322630929,"stop":1753322631130,"uuid":"23be900f-ba61-4166-adba-dd567069d28d","historyId":"a64431f9eb8cba7723f1f8c7daf02241","fullName":"trainticket_twostage_test.TrainTicketTwoStageTest_1753320955420.POST_api_v1_adminbasicservice_adminbasic_prices_31.test_POST_31_8","labels":[{"name":"package","value":"trainticket_twostage_test.TrainTicketTwoStageTest_1753320955420"},{"name":"testClass","value":"trainticket_twostage_test.TrainTicketTwoStageTest_1753320955420.POST_api_v1_adminbasicservice_adminbasic_prices_31"},{"name":"testMethod","value":"test_POST_31_8"},{"name":"suite","value":"trainticket_twostage_test.TrainTicketTwoStageTest_1753320955420.POST_api_v1_adminbasicservice_adminbasic_prices_31"},{"name":"host","value":"CSGRAD08"},{"name":"thread","value":"58308@CSGRAD08.main(1)"},{"name":"framework","value":"junit4"},{"name":"language","value":"java"},{"name":"severity","value":"major"},{"name":"feature","value":"Microservice Workflow"},{"name":"story","value":"test_POST_31_8"}],"links":[]}