{"name":"test_POST_31_4","status":"failed","statusDetails":{"known":false,"muted":false,"flaky":false,"message":"Scenario FAILED: 2 out of 2 steps failed. In microservice testing, all workflow steps must succeed for end-to-end validation.","trace":"java.lang.AssertionError: Scenario FAILED: 2 out of 2 steps failed. In microservice testing, all workflow steps must succeed for end-to-end validation.\r\n\tat org.junit.Assert.fail(Assert.java:89)\r\n\tat trainticket_twostage_test.TrainTicketTwoStageTest_1754447499300.POST_api_v1_adminbasicservice_adminbasic_prices_31.test_POST_31_4(Unknown Source)\r\n\tat java.base/jdk.internal.reflect.NativeMethodAccessorImpl.invoke0(Native Method)\r\n\tat java.base/jdk.internal.reflect.NativeMethodAccessorImpl.invoke(NativeMethodAccessorImpl.java:62)\r\n\tat java.base/jdk.internal.reflect.DelegatingMethodAccessorImpl.invoke(DelegatingMethodAccessorImpl.java:43)\r\n\tat java.base/java.lang.reflect.Method.invoke(Method.java:566)\r\n\tat org.junit.runners.model.FrameworkMethod$1.runReflectiveCall(FrameworkMethod.java:59)\r\n\tat org.junit.internal.runners.model.ReflectiveCallable.run(ReflectiveCallable.java:12)\r\n\tat org.junit.runners.model.FrameworkMethod.invokeExplosively(FrameworkMethod.java:56)\r\n\tat org.junit.internal.runners.statements.InvokeMethod.evaluate(InvokeMethod.java:17)\r\n\tat org.junit.runners.ParentRunner$3.evaluate(ParentRunner.java:306)\r\n\tat org.junit.runners.BlockJUnit4ClassRunner$1.evaluate(BlockJUnit4ClassRunner.java:100)\r\n\tat org.junit.runners.ParentRunner.runLeaf(ParentRunner.java:366)\r\n\tat org.junit.runners.BlockJUnit4ClassRunner.runChild(BlockJUnit4ClassRunner.java:103)\r\n\tat org.junit.runners.BlockJUnit4ClassRunner.runChild(BlockJUnit4ClassRunner.java:63)\r\n\tat org.junit.runners.ParentRunner$4.run(ParentRunner.java:331)\r\n\tat org.junit.runners.ParentRunner$1.schedule(ParentRunner.java:79)\r\n\tat org.junit.runners.ParentRunner.runChildren(ParentRunner.java:329)\r\n\tat org.junit.runners.ParentRunner.access$100(ParentRunner.java:66)\r\n\tat org.junit.runners.ParentRunner$2.evaluate(ParentRunner.java:293)\r\n\tat org.junit.internal.runners.statements.RunBefores.evaluate(RunBefores.java:26)\r\n\tat org.junit.runners.ParentRunner$3.evaluate(ParentRunner.java:306)\r\n\tat org.junit.runners.ParentRunner.run(ParentRunner.java:413)\r\n\tat org.junit.runners.Suite.runChild(Suite.java:128)\r\n\tat org.junit.runners.Suite.runChild(Suite.java:27)\r\n\tat org.junit.runners.ParentRunner$4.run(ParentRunner.java:331)\r\n\tat org.junit.runners.ParentRunner$1.schedule(ParentRunner.java:79)\r\n\tat org.junit.runners.ParentRunner.runChildren(ParentRunner.java:329)\r\n\tat org.junit.runners.ParentRunner.access$100(ParentRunner.java:66)\r\n\tat org.junit.runners.ParentRunner$2.evaluate(ParentRunner.java:293)\r\n\tat org.junit.runners.ParentRunner$3.evaluate(ParentRunner.java:306)\r\n\tat org.junit.runners.ParentRunner.run(ParentRunner.java:413)\r\n\tat org.junit.runner.JUnitCore.run(JUnitCore.java:137)\r\n\tat org.junit.runner.JUnitCore.run(JUnitCore.java:115)\r\n\tat org.junit.runner.JUnitCore.run(JUnitCore.java:105)\r\n\tat org.junit.runner.JUnitCore.run(JUnitCore.java:94)\r\n\tat es.us.isa.restest.main.TestGenerationAndExecution.executeGeneratedTestsWithJUnit(TestGenerationAndExecution.java:910)\r\n\tat es.us.isa.restest.main.TestGenerationAndExecution.main(TestGenerationAndExecution.java:198)\r\n"},"stage":"finished","description":"Microservice test scenario with 2 steps.","steps":[{"name":"\uD83D\uDD10 Step 0: Authentication (Login)","status":"passed","stage":"finished","steps":[],"attachments":[{"name":"Request","source":"53b93f01-02e4-4f41-8bbb-82f475a48c41-attachment.html","type":"text/html"},{"name":"Request","source":"af45bcb3-31c4-4d34-b6c5-34a6f21a510f-attachment.html","type":"text/html"},{"name":"HTTP/1.1 200 ","source":"778b0303-d7fe-4fe3-bb86-1bb7fe222ff7-attachment.html","type":"text/html"},{"name":"HTTP/1.1 200 ","source":"1262bfb6-f253-410f-9a24-3c688702d414-attachment.html","type":"text/html"},{"name":"\uD83D\uDD10 Login Response","source":"8d9184d4-a4fd-4685-aeac-d2c2bcefe2f7-attachment.txt","type":"application/json"}],"parameters":[],"start":1754448133683,"stop":1754448133798},{"name":"Step 1: ts-admin-basic-info-service POST /api/v1/adminbasicservice/adminbasic/prices (expect 200)","status":"broken","statusDetails":{"known":false,"muted":false,"flaky":false,"message":"Step failed: Status Code Mismatch","trace":"java.lang.RuntimeException: Step failed: Status Code Mismatch\r\n\tat trainticket_twostage_test.TrainTicketTwoStageTest_1754447499300.POST_api_v1_adminbasicservice_adminbasic_prices_31.lambda$test_POST_31_4$16(Unknown Source)\r\n\tat io.qameta.allure.Allure.lambda$step$0(Allure.java:113)\r\n\tat io.qameta.allure.Allure.lambda$step$1(Allure.java:127)\r\n\tat io.qameta.allure.Allure.step(Allure.java:181)\r\n\tat io.qameta.allure.Allure.step(Allure.java:125)\r\n\tat io.qameta.allure.Allure.step(Allure.java:112)\r\n\tat trainticket_twostage_test.TrainTicketTwoStageTest_1754447499300.POST_api_v1_adminbasicservice_adminbasic_prices_31.test_POST_31_4(Unknown Source)\r\n\tat java.base/jdk.internal.reflect.NativeMethodAccessorImpl.invoke0(Native Method)\r\n\tat java.base/jdk.internal.reflect.NativeMethodAccessorImpl.invoke(NativeMethodAccessorImpl.java:62)\r\n\tat java.base/jdk.internal.reflect.DelegatingMethodAccessorImpl.invoke(DelegatingMethodAccessorImpl.java:43)\r\n\tat java.base/java.lang.reflect.Method.invoke(Method.java:566)\r\n\tat org.junit.runners.model.FrameworkMethod$1.runReflectiveCall(FrameworkMethod.java:59)\r\n\tat org.junit.internal.runners.model.ReflectiveCallable.run(ReflectiveCallable.java:12)\r\n\tat org.junit.runners.model.FrameworkMethod.invokeExplosively(FrameworkMethod.java:56)\r\n\tat org.junit.internal.runners.statements.InvokeMethod.evaluate(InvokeMethod.java:17)\r\n\tat org.junit.runners.ParentRunner$3.evaluate(ParentRunner.java:306)\r\n\tat org.junit.runners.BlockJUnit4ClassRunner$1.evaluate(BlockJUnit4ClassRunner.java:100)\r\n\tat org.junit.runners.ParentRunner.runLeaf(ParentRunner.java:366)\r\n\tat org.junit.runners.BlockJUnit4ClassRunner.runChild(BlockJUnit4ClassRunner.java:103)\r\n\tat org.junit.runners.BlockJUnit4ClassRunner.runChild(BlockJUnit4ClassRunner.java:63)\r\n\tat org.junit.runners.ParentRunner$4.run(ParentRunner.java:331)\r\n\tat org.junit.runners.ParentRunner$1.schedule(ParentRunner.java:79)\r\n\tat org.junit.runners.ParentRunner.runChildren(ParentRunner.java:329)\r\n\tat org.junit.runners.ParentRunner.access$100(ParentRunner.java:66)\r\n\tat org.junit.runners.ParentRunner$2.evaluate(ParentRunner.java:293)\r\n\tat org.junit.internal.runners.statements.RunBefores.evaluate(RunBefores.java:26)\r\n\tat org.junit.runners.ParentRunner$3.evaluate(ParentRunner.java:306)\r\n\tat org.junit.runners.ParentRunner.run(ParentRunner.java:413)\r\n\tat org.junit.runners.Suite.runChild(Suite.java:128)\r\n\tat org.junit.runners.Suite.runChild(Suite.java:27)\r\n\tat org.junit.runners.ParentRunner$4.run(ParentRunner.java:331)\r\n\tat org.junit.runners.ParentRunner$1.schedule(ParentRunner.java:79)\r\n\tat org.junit.runners.ParentRunner.runChildren(ParentRunner.java:329)\r\n\tat org.junit.runners.ParentRunner.access$100(ParentRunner.java:66)\r\n\tat org.junit.runners.ParentRunner$2.evaluate(ParentRunner.java:293)\r\n\tat org.junit.runners.ParentRunner$3.evaluate(ParentRunner.java:306)\r\n\tat org.junit.runners.ParentRunner.run(ParentRunner.java:413)\r\n\tat org.junit.runner.JUnitCore.run(JUnitCore.java:137)\r\n\tat org.junit.runner.JUnitCore.run(JUnitCore.java:115)\r\n\tat org.junit.runner.JUnitCore.run(JUnitCore.java:105)\r\n\tat org.junit.runner.JUnitCore.run(JUnitCore.java:94)\r\n\tat es.us.isa.restest.main.TestGenerationAndExecution.executeGeneratedTestsWithJUnit(TestGenerationAndExecution.java:910)\r\n\tat es.us.isa.restest.main.TestGenerationAndExecution.main(TestGenerationAndExecution.java:198)\r\nCaused by: java.lang.AssertionError: 1 expectation failed.\nExpected status code <200> but was <500>.\n\r\n\tat java.base/jdk.internal.reflect.NativeConstructorAccessorImpl.newInstance0(Native Method)\r\n\tat java.base/jdk.internal.reflect.NativeConstructorAccessorImpl.newInstance(NativeConstructorAccessorImpl.java:62)\r\n\tat java.base/jdk.internal.reflect.DelegatingConstructorAccessorImpl.newInstance(DelegatingConstructorAccessorImpl.java:45)\r\n\tat java.base/java.lang.reflect.Constructor.newInstance(Constructor.java:490)\r\n\tat org.codehaus.groovy.reflection.CachedConstructor.invoke(CachedConstructor.java:80)\r\n\tat org.codehaus.groovy.reflection.CachedConstructor.doConstructorInvoke(CachedConstructor.java:74)\r\n\tat org.codehaus.groovy.runtime.callsite.ConstructorSite$ConstructorSiteNoUnwrap.callConstructor(ConstructorSite.java:84)\r\n\tat org.codehaus.groovy.runtime.callsite.AbstractCallSite.callConstructor(AbstractCallSite.java:249)\r\n\tat io.restassured.internal.ResponseSpecificationImpl$HamcrestAssertionClosure.validate(ResponseSpecificationImpl.groovy:493)\r\n\tat io.restassured.internal.ResponseSpecificationImpl$HamcrestAssertionClosure$validate$1.call(Unknown Source)\r\n\tat io.restassured.internal.ResponseSpecificationImpl.validateResponseIfRequired(ResponseSpecificationImpl.groovy:674)\r\n\tat jdk.internal.reflect.GeneratedMethodAccessor167.invoke(Unknown Source)\r\n\tat java.base/jdk.internal.reflect.DelegatingMethodAccessorImpl.invoke(DelegatingMethodAccessorImpl.java:43)\r\n\tat java.base/java.lang.reflect.Method.invoke(Method.java:566)\r\n\tat org.codehaus.groovy.runtime.callsite.PlainObjectMetaMethodSite.doInvoke(PlainObjectMetaMethodSite.java:43)\r\n\tat org.codehaus.groovy.runtime.callsite.PogoMetaMethodSite$PogoCachedMethodSiteNoUnwrapNoCoerce.invoke(PogoMetaMethodSite.java:190)\r\n\tat org.codehaus.groovy.runtime.callsite.PogoMetaMethodSite.callCurrent(PogoMetaMethodSite.java:58)\r\n\tat org.codehaus.groovy.runtime.callsite.AbstractCallSite.callCurrent(AbstractCallSite.java:168)\r\n\tat io.restassured.internal.ResponseSpecificationImpl.statusCode(ResponseSpecificationImpl.groovy:126)\r\n\tat io.restassured.specification.ResponseSpecification$statusCode$0.callCurrent(Unknown Source)\r\n\tat io.restassured.internal.ResponseSpecificationImpl.statusCode(ResponseSpecificationImpl.groovy:134)\r\n\tat io.restassured.internal.ValidatableResponseOptionsImpl.statusCode(ValidatableResponseOptionsImpl.java:89)\r\n\tat io.restassured.internal.ValidatableResponseImpl.super$2$statusCode(ValidatableResponseImpl.groovy)\r\n\tat jdk.internal.reflect.GeneratedMethodAccessor166.invoke(Unknown Source)\r\n\tat java.base/jdk.internal.reflect.DelegatingMethodAccessorImpl.invoke(DelegatingMethodAccessorImpl.java:43)\r\n\tat java.base/java.lang.reflect.Method.invoke(Method.java:566)\r\n\tat org.codehaus.groovy.reflection.CachedMethod.invoke(CachedMethod.java:101)\r\n\tat groovy.lang.MetaMethod.doMethodInvoke(MetaMethod.java:323)\r\n\tat groovy.lang.MetaClassImpl.invokeMethod(MetaClassImpl.java:1217)\r\n\tat org.codehaus.groovy.runtime.ScriptBytecodeAdapter.invokeMethodOnSuperN(ScriptBytecodeAdapter.java:144)\r\n\tat io.restassured.internal.ValidatableResponseImpl.statusCode(ValidatableResponseImpl.groovy:142)\r\n\tat io.restassured.internal.ValidatableResponseImpl.statusCode(ValidatableResponseImpl.groovy)\r\n\t... 43 more\r\n"},"stage":"finished","steps":[],"attachments":[{"name":"\uD83D\uDCE4 Request Body","source":"7d76bc62-e843-4fef-a25a-3324d3821eaa-attachment.txt","type":"application/json"},{"name":"Request","source":"15911491-215d-4a37-ad39-24eb43734cab-attachment.html","type":"text/html"},{"name":"Request","source":"7470fd1b-47dd-4d24-b1ab-068f9c1a16a8-attachment.html","type":"text/html"},{"name":"HTTP/1.1 500 ","source":"9e034553-41fc-4b50-8e69-d3446f8fe817-attachment.html","type":"text/html"},{"name":"HTTP/1.1 500 ","source":"73cf94cc-fa0f-4371-aa15-0b38d64ade25-attachment.html","type":"text/html"},{"name":"\uD83D\uDCA5 Error Details","source":"f0947e8d-4f70-4f81-a2de-e75bb7fc0231-attachment.txt","type":"text/plain"}],"parameters":[],"start":1754448133799,"stop":1754448133843},{"name":"Step 2: ts-price-service POST /api/v1/priceservice/prices (expect 201)","status":"broken","statusDetails":{"known":false,"muted":false,"flaky":false,"message":"Step failed: Status Code Mismatch","trace":"java.lang.RuntimeException: Step failed: Status Code Mismatch\r\n\tat trainticket_twostage_test.TrainTicketTwoStageTest_1754447499300.POST_api_v1_adminbasicservice_adminbasic_prices_31.lambda$test_POST_31_4$17(Unknown Source)\r\n\tat io.qameta.allure.Allure.lambda$step$0(Allure.java:113)\r\n\tat io.qameta.allure.Allure.lambda$step$1(Allure.java:127)\r\n\tat io.qameta.allure.Allure.step(Allure.java:181)\r\n\tat io.qameta.allure.Allure.step(Allure.java:125)\r\n\tat io.qameta.allure.Allure.step(Allure.java:112)\r\n\tat trainticket_twostage_test.TrainTicketTwoStageTest_1754447499300.POST_api_v1_adminbasicservice_adminbasic_prices_31.test_POST_31_4(Unknown Source)\r\n\tat java.base/jdk.internal.reflect.NativeMethodAccessorImpl.invoke0(Native Method)\r\n\tat java.base/jdk.internal.reflect.NativeMethodAccessorImpl.invoke(NativeMethodAccessorImpl.java:62)\r\n\tat java.base/jdk.internal.reflect.DelegatingMethodAccessorImpl.invoke(DelegatingMethodAccessorImpl.java:43)\r\n\tat java.base/java.lang.reflect.Method.invoke(Method.java:566)\r\n\tat org.junit.runners.model.FrameworkMethod$1.runReflectiveCall(FrameworkMethod.java:59)\r\n\tat org.junit.internal.runners.model.ReflectiveCallable.run(ReflectiveCallable.java:12)\r\n\tat org.junit.runners.model.FrameworkMethod.invokeExplosively(FrameworkMethod.java:56)\r\n\tat org.junit.internal.runners.statements.InvokeMethod.evaluate(InvokeMethod.java:17)\r\n\tat org.junit.runners.ParentRunner$3.evaluate(ParentRunner.java:306)\r\n\tat org.junit.runners.BlockJUnit4ClassRunner$1.evaluate(BlockJUnit4ClassRunner.java:100)\r\n\tat org.junit.runners.ParentRunner.runLeaf(ParentRunner.java:366)\r\n\tat org.junit.runners.BlockJUnit4ClassRunner.runChild(BlockJUnit4ClassRunner.java:103)\r\n\tat org.junit.runners.BlockJUnit4ClassRunner.runChild(BlockJUnit4ClassRunner.java:63)\r\n\tat org.junit.runners.ParentRunner$4.run(ParentRunner.java:331)\r\n\tat org.junit.runners.ParentRunner$1.schedule(ParentRunner.java:79)\r\n\tat org.junit.runners.ParentRunner.runChildren(ParentRunner.java:329)\r\n\tat org.junit.runners.ParentRunner.access$100(ParentRunner.java:66)\r\n\tat org.junit.runners.ParentRunner$2.evaluate(ParentRunner.java:293)\r\n\tat org.junit.internal.runners.statements.RunBefores.evaluate(RunBefores.java:26)\r\n\tat org.junit.runners.ParentRunner$3.evaluate(ParentRunner.java:306)\r\n\tat org.junit.runners.ParentRunner.run(ParentRunner.java:413)\r\n\tat org.junit.runners.Suite.runChild(Suite.java:128)\r\n\tat org.junit.runners.Suite.runChild(Suite.java:27)\r\n\tat org.junit.runners.ParentRunner$4.run(ParentRunner.java:331)\r\n\tat org.junit.runners.ParentRunner$1.schedule(ParentRunner.java:79)\r\n\tat org.junit.runners.ParentRunner.runChildren(ParentRunner.java:329)\r\n\tat org.junit.runners.ParentRunner.access$100(ParentRunner.java:66)\r\n\tat org.junit.runners.ParentRunner$2.evaluate(ParentRunner.java:293)\r\n\tat org.junit.runners.ParentRunner$3.evaluate(ParentRunner.java:306)\r\n\tat org.junit.runners.ParentRunner.run(ParentRunner.java:413)\r\n\tat org.junit.runner.JUnitCore.run(JUnitCore.java:137)\r\n\tat org.junit.runner.JUnitCore.run(JUnitCore.java:115)\r\n\tat org.junit.runner.JUnitCore.run(JUnitCore.java:105)\r\n\tat org.junit.runner.JUnitCore.run(JUnitCore.java:94)\r\n\tat es.us.isa.restest.main.TestGenerationAndExecution.executeGeneratedTestsWithJUnit(TestGenerationAndExecution.java:910)\r\n\tat es.us.isa.restest.main.TestGenerationAndExecution.main(TestGenerationAndExecution.java:198)\r\nCaused by: java.lang.AssertionError: 1 expectation failed.\nExpected status code <201> but was <500>.\n\r\n\tat java.base/jdk.internal.reflect.NativeConstructorAccessorImpl.newInstance0(Native Method)\r\n\tat java.base/jdk.internal.reflect.NativeConstructorAccessorImpl.newInstance(NativeConstructorAccessorImpl.java:62)\r\n\tat java.base/jdk.internal.reflect.DelegatingConstructorAccessorImpl.newInstance(DelegatingConstructorAccessorImpl.java:45)\r\n\tat java.base/java.lang.reflect.Constructor.newInstance(Constructor.java:490)\r\n\tat org.codehaus.groovy.reflection.CachedConstructor.invoke(CachedConstructor.java:80)\r\n\tat org.codehaus.groovy.reflection.CachedConstructor.doConstructorInvoke(CachedConstructor.java:74)\r\n\tat org.codehaus.groovy.runtime.callsite.ConstructorSite$ConstructorSiteNoUnwrap.callConstructor(ConstructorSite.java:84)\r\n\tat org.codehaus.groovy.runtime.callsite.AbstractCallSite.callConstructor(AbstractCallSite.java:249)\r\n\tat io.restassured.internal.ResponseSpecificationImpl$HamcrestAssertionClosure.validate(ResponseSpecificationImpl.groovy:493)\r\n\tat io.restassured.internal.ResponseSpecificationImpl$HamcrestAssertionClosure$validate$1.call(Unknown Source)\r\n\tat io.restassured.internal.ResponseSpecificationImpl.validateResponseIfRequired(ResponseSpecificationImpl.groovy:674)\r\n\tat jdk.internal.reflect.GeneratedMethodAccessor167.invoke(Unknown Source)\r\n\tat java.base/jdk.internal.reflect.DelegatingMethodAccessorImpl.invoke(DelegatingMethodAccessorImpl.java:43)\r\n\tat java.base/java.lang.reflect.Method.invoke(Method.java:566)\r\n\tat org.codehaus.groovy.runtime.callsite.PlainObjectMetaMethodSite.doInvoke(PlainObjectMetaMethodSite.java:43)\r\n\tat org.codehaus.groovy.runtime.callsite.PogoMetaMethodSite$PogoCachedMethodSiteNoUnwrapNoCoerce.invoke(PogoMetaMethodSite.java:190)\r\n\tat org.codehaus.groovy.runtime.callsite.PogoMetaMethodSite.callCurrent(PogoMetaMethodSite.java:58)\r\n\tat org.codehaus.groovy.runtime.callsite.AbstractCallSite.callCurrent(AbstractCallSite.java:168)\r\n\tat io.restassured.internal.ResponseSpecificationImpl.statusCode(ResponseSpecificationImpl.groovy:126)\r\n\tat io.restassured.specification.ResponseSpecification$statusCode$0.callCurrent(Unknown Source)\r\n\tat io.restassured.internal.ResponseSpecificationImpl.statusCode(ResponseSpecificationImpl.groovy:134)\r\n\tat io.restassured.internal.ValidatableResponseOptionsImpl.statusCode(ValidatableResponseOptionsImpl.java:89)\r\n\tat io.restassured.internal.ValidatableResponseImpl.super$2$statusCode(ValidatableResponseImpl.groovy)\r\n\tat jdk.internal.reflect.GeneratedMethodAccessor166.invoke(Unknown Source)\r\n\tat java.base/jdk.internal.reflect.DelegatingMethodAccessorImpl.invoke(DelegatingMethodAccessorImpl.java:43)\r\n\tat java.base/java.lang.reflect.Method.invoke(Method.java:566)\r\n\tat org.codehaus.groovy.reflection.CachedMethod.invoke(CachedMethod.java:101)\r\n\tat groovy.lang.MetaMethod.doMethodInvoke(MetaMethod.java:323)\r\n\tat groovy.lang.MetaClassImpl.invokeMethod(MetaClassImpl.java:1217)\r\n\tat org.codehaus.groovy.runtime.ScriptBytecodeAdapter.invokeMethodOnSuperN(ScriptBytecodeAdapter.java:144)\r\n\tat io.restassured.internal.ValidatableResponseImpl.statusCode(ValidatableResponseImpl.groovy:142)\r\n\tat io.restassured.internal.ValidatableResponseImpl.statusCode(ValidatableResponseImpl.groovy)\r\n\t... 43 more\r\n"},"stage":"finished","steps":[],"attachments":[{"name":"\uD83D\uDCE4 Request Body","source":"3eb97473-bc82-4d53-800c-c138085308a7-attachment.txt","type":"application/json"},{"name":"Request","source":"3bd2d6fc-da8e-445a-b60c-8a80e81faa0a-attachment.html","type":"text/html"},{"name":"Request","source":"9a70fe6b-908d-489c-9e0c-ba9d4224a73a-attachment.html","type":"text/html"},{"name":"HTTP/1.1 500 ","source":"0a7d6033-ec28-4701-87d6-7a90c1fe3e94-attachment.html","type":"text/html"},{"name":"HTTP/1.1 500 ","source":"64c4f061-c2f4-4deb-b930-c12e62a11df7-attachment.html","type":"text/html"},{"name":"\uD83D\uDCA5 Error Details","source":"6ad531d6-4798-425f-9865-e715b92c2655-attachment.txt","type":"text/plain"}],"parameters":[],"start":1754448133843,"stop":1754448133873}],"attachments":[],"parameters":[{"name":"\uD83C\uDFE2 Service","value":"Authentication Service"},{"name":"\uD83D\uDCE1 HTTP Method","value":"POST"},{"name":"\uD83D\uDD17 Endpoint","value":"/api/v1/users/login"},{"name":"\uD83C\uDFAF Expected Status","value":"200"},{"name":"\uD83D\uDC64 Username","value":"admin"},{"name":"\uD83D\uDEA6 Execution Decision","value":"▶️ EXECUTE - Authentication required"},{"name":"\uD83C\uDFAF Result","value":"✅ SUCCESS (Token: Yes)"},{"name":"\uD83C\uDFE2 Service","value":"ts-admin-basic-info-service"},{"name":"\uD83D\uDCE1 HTTP Method","value":"POST"},{"name":"\uD83D\uDD17 Endpoint","value":"/api/v1/adminbasicservice/adminbasic/prices"},{"name":"\uD83C\uDFAF Expected Status","value":"200"},{"name":"\uD83D\uDD17 Dependency Type","value":"INDEPENDENT (can execute regardless of other step results)"},{"name":"\uD83D\uDEA6 Execution Decision","value":"▶️ EXECUTE - All dependencies satisfied"},{"name":"\uD83C\uDFAF Result","value":"❌ FAILED (Status Code Mismatch)"},{"name":"\uD83C\uDFE2 Service","value":"ts-price-service"},{"name":"\uD83D\uDCE1 HTTP Method","value":"POST"},{"name":"\uD83D\uDD17 Endpoint","value":"/api/v1/priceservice/prices"},{"name":"\uD83C\uDFAF Expected Status","value":"201"},{"name":"\uD83D\uDD17 Dependency Type","value":"INDEPENDENT (can execute regardless of other step results)"},{"name":"\uD83D\uDEA6 Execution Decision","value":"▶️ EXECUTE - All dependencies satisfied"},{"name":"\uD83C\uDFAF Result","value":"❌ FAILED (Status Code Mismatch)"},{"name":"\uD83D\uDCCA Scenario Result","value":"❌ ALL STEPS FAILED (0/2 steps)"}],"start":1754448133683,"stop":1754448133874,"uuid":"270fa868-40c2-4897-9144-b6c23b9fa228","historyId":"ab091819f9e0d5a1b83693d961eb926f","fullName":"trainticket_twostage_test.TrainTicketTwoStageTest_1754447499300.POST_api_v1_adminbasicservice_adminbasic_prices_31.test_POST_31_4","labels":[{"name":"package","value":"trainticket_twostage_test.TrainTicketTwoStageTest_1754447499300"},{"name":"testClass","value":"trainticket_twostage_test.TrainTicketTwoStageTest_1754447499300.POST_api_v1_adminbasicservice_adminbasic_prices_31"},{"name":"testMethod","value":"test_POST_31_4"},{"name":"suite","value":"trainticket_twostage_test.TrainTicketTwoStageTest_1754447499300.POST_api_v1_adminbasicservice_adminbasic_prices_31"},{"name":"host","value":"CSGRAD08"},{"name":"thread","value":"12448@CSGRAD08.main(1)"},{"name":"framework","value":"junit4"},{"name":"language","value":"java"},{"name":"severity","value":"critical"},{"name":"feature","value":"Microservice Workflow"},{"name":"story","value":"test_POST_31_4"}],"links":[]}