{"name":"test_POST_21_1","status":"failed","statusDetails":{"known":false,"muted":false,"flaky":false,"message":"Scenario FAILED: 2 out of 2 steps failed. In microservice testing, all workflow steps must succeed for end-to-end validation.","trace":"java.lang.AssertionError: Scenario FAILED: 2 out of 2 steps failed. In microservice testing, all workflow steps must succeed for end-to-end validation.\r\n\tat org.junit.Assert.fail(Assert.java:89)\r\n\tat trainticket_twostage_test.TrainTicketTwoStageTest_1752575459253.POST_api_v1_adminorderservice_adminorder_21.test_POST_21_1(Unknown Source)\r\n\tat java.base/jdk.internal.reflect.NativeMethodAccessorImpl.invoke0(Native Method)\r\n\tat java.base/jdk.internal.reflect.NativeMethodAccessorImpl.invoke(NativeMethodAccessorImpl.java:62)\r\n\tat java.base/jdk.internal.reflect.DelegatingMethodAccessorImpl.invoke(DelegatingMethodAccessorImpl.java:43)\r\n\tat java.base/java.lang.reflect.Method.invoke(Method.java:566)\r\n\tat org.junit.runners.model.FrameworkMethod$1.runReflectiveCall(FrameworkMethod.java:59)\r\n\tat org.junit.internal.runners.model.ReflectiveCallable.run(ReflectiveCallable.java:12)\r\n\tat org.junit.runners.model.FrameworkMethod.invokeExplosively(FrameworkMethod.java:56)\r\n\tat org.junit.internal.runners.statements.InvokeMethod.evaluate(InvokeMethod.java:17)\r\n\tat org.junit.runners.ParentRunner$3.evaluate(ParentRunner.java:306)\r\n\tat org.junit.runners.BlockJUnit4ClassRunner$1.evaluate(BlockJUnit4ClassRunner.java:100)\r\n\tat org.junit.runners.ParentRunner.runLeaf(ParentRunner.java:366)\r\n\tat org.junit.runners.BlockJUnit4ClassRunner.runChild(BlockJUnit4ClassRunner.java:103)\r\n\tat org.junit.runners.BlockJUnit4ClassRunner.runChild(BlockJUnit4ClassRunner.java:63)\r\n\tat org.junit.runners.ParentRunner$4.run(ParentRunner.java:331)\r\n\tat org.junit.runners.ParentRunner$1.schedule(ParentRunner.java:79)\r\n\tat org.junit.runners.ParentRunner.runChildren(ParentRunner.java:329)\r\n\tat org.junit.runners.ParentRunner.access$100(ParentRunner.java:66)\r\n\tat org.junit.runners.ParentRunner$2.evaluate(ParentRunner.java:293)\r\n\tat org.junit.internal.runners.statements.RunBefores.evaluate(RunBefores.java:26)\r\n\tat org.junit.runners.ParentRunner$3.evaluate(ParentRunner.java:306)\r\n\tat org.junit.runners.ParentRunner.run(ParentRunner.java:413)\r\n\tat org.junit.runners.Suite.runChild(Suite.java:128)\r\n\tat org.junit.runners.Suite.runChild(Suite.java:27)\r\n\tat org.junit.runners.ParentRunner$4.run(ParentRunner.java:331)\r\n\tat org.junit.runners.ParentRunner$1.schedule(ParentRunner.java:79)\r\n\tat org.junit.runners.ParentRunner.runChildren(ParentRunner.java:329)\r\n\tat org.junit.runners.ParentRunner.access$100(ParentRunner.java:66)\r\n\tat org.junit.runners.ParentRunner$2.evaluate(ParentRunner.java:293)\r\n\tat org.junit.runners.ParentRunner$3.evaluate(ParentRunner.java:306)\r\n\tat org.junit.runners.ParentRunner.run(ParentRunner.java:413)\r\n\tat org.junit.runner.JUnitCore.run(JUnitCore.java:137)\r\n\tat org.junit.runner.JUnitCore.run(JUnitCore.java:115)\r\n\tat org.junit.runner.JUnitCore.run(JUnitCore.java:105)\r\n\tat org.junit.runner.JUnitCore.run(JUnitCore.java:94)\r\n\tat es.us.isa.restest.main.TestGenerationAndExecution.executeGeneratedTestsWithJUnit(TestGenerationAndExecution.java:814)\r\n\tat es.us.isa.restest.main.TestGenerationAndExecution.main(TestGenerationAndExecution.java:198)\r\n"},"stage":"finished","description":"Microservice test scenario with 2 steps. Generated using two-stage LLM + semantic expansion approach.","steps":[{"name":"\uD83D\uDD10 Step 0: Authentication (Login)","status":"passed","stage":"finished","steps":[],"attachments":[{"name":"Request","source":"30b52d30-9263-435e-8a01-a707654c4ca1-attachment.html","type":"text/html"},{"name":"Request","source":"39bec74b-0b55-4195-9155-524f8de9babd-attachment.html","type":"text/html"},{"name":"Request","source":"7eed4ea9-327e-40bd-8b76-ee64591585b2-attachment.html","type":"text/html"},{"name":"HTTP/1.1 200 ","source":"adde1852-d8d6-4047-b0b4-9faa4fff85cf-attachment.html","type":"text/html"},{"name":"HTTP/1.1 200 ","source":"c59489ee-b314-4805-b625-668c59d9f4ab-attachment.html","type":"text/html"},{"name":"HTTP/1.1 200 ","source":"5e533fe5-82a6-4c62-ba7f-58579e6e559f-attachment.html","type":"text/html"},{"name":"\uD83D\uDD10 Login Response","source":"5a548562-15d8-4e93-9827-1478bb0156ff-attachment.txt","type":"application/json"}],"parameters":[],"start":1752576767736,"stop":1752576767887},{"name":"Step 1: ts-admin-order-service POST /api/v1/adminorderservice/adminorder (expect 200)","status":"passed","stage":"finished","steps":[],"attachments":[{"name":"\uD83D\uDCCB Request Body","source":"7424f515-6d5b-4b6b-b167-02e2c3fa9d6a-attachment.txt","type":"application/json"},{"name":"Request","source":"5e971610-f35e-4484-93f7-4d23630751b7-attachment.html","type":"text/html"},{"name":"Request","source":"0a460143-9c3a-48b6-92c2-adf7825f4abb-attachment.html","type":"text/html"},{"name":"Request","source":"2df9759c-eeb7-4b42-89d6-952510be5325-attachment.html","type":"text/html"},{"name":"HTTP/1.1 415 ","source":"67af968b-d8a9-491b-8995-fb37e1b3ed72-attachment.html","type":"text/html"},{"name":"HTTP/1.1 415 ","source":"7ee89048-9457-477a-a03e-c3112a14202b-attachment.html","type":"text/html"},{"name":"HTTP/1.1 415 ","source":"be53fa48-4e14-4b0e-8384-140bdfbb4eb8-attachment.html","type":"text/html"},{"name":"\uD83D\uDEA8 Step Failure Details","source":"a01ffa3a-585f-4a2b-8434-dade6112134a-attachment.txt","type":"text/plain"}],"parameters":[],"start":1752576767887,"stop":1752576767914},{"name":"Step 2: ts-order-other-service POST /api/v1/orderOtherService/orderOther/admin (expect 200)","status":"passed","stage":"finished","steps":[],"attachments":[{"name":"\uD83D\uDCCB Request Body","source":"d5c35ea5-0000-4a8e-aa0d-cd0ca968cdc6-attachment.txt","type":"application/json"},{"name":"Request","source":"4c0cfdda-b198-4968-a588-7e24bc94801c-attachment.html","type":"text/html"},{"name":"Request","source":"de0ecad0-e1a9-4098-92d5-563cf68d8ce1-attachment.html","type":"text/html"},{"name":"Request","source":"5a55b8b8-2e54-4b40-a2da-12bd1d98225e-attachment.html","type":"text/html"},{"name":"HTTP/1.1 415 ","source":"a47205bb-45c5-4ab1-b76a-a51afc8c9304-attachment.html","type":"text/html"},{"name":"HTTP/1.1 415 ","source":"2ac1309b-fa83-4097-ae70-e9dbbd7d7005-attachment.html","type":"text/html"},{"name":"HTTP/1.1 415 ","source":"715c2ef9-6d69-43b9-ba2c-07a29b58909f-attachment.html","type":"text/html"},{"name":"\uD83D\uDEA8 Step Failure Details","source":"5b2637b5-10e4-49a6-ae32-449ff0eceaa7-attachment.txt","type":"text/plain"}],"parameters":[],"start":1752576767914,"stop":1752576767944}],"attachments":[{"name":"Test Execution Summary","source":"c8bcf0c6-5f9a-409a-99f2-c80e5454b6f4-attachment.txt","type":"text/plain"}],"parameters":[{"name":"\uD83C\uDFE2 Service","value":"Authentication Service"},{"name":"\uD83D\uDCE1 HTTP Method","value":"POST"},{"name":"\uD83D\uDD17 Endpoint","value":"/api/v1/users/login"},{"name":"\uD83C\uDFAF Expected Status","value":"200"},{"name":"\uD83D\uDC64 Username","value":"admin"},{"name":"\uD83D\uDEA6 Execution Decision","value":"▶️ EXECUTE - Authentication required"},{"name":"✅ Login Status","value":"SUCCESS"},{"name":"\uD83D\uDD11 Token Obtained","value":"Yes"},{"name":"\uD83D\uDCCA Final Result","value":"✅ SUCCESS"},{"name":"\uD83C\uDFE2 Service","value":"ts-admin-order-service"},{"name":"\uD83D\uDCE1 HTTP Method","value":"POST"},{"name":"\uD83D\uDD17 Endpoint","value":"/api/v1/adminorderservice/adminorder"},{"name":"\uD83C\uDFAF Expected Status","value":"200"},{"name":"\uD83D\uDD17 Dependency Type","value":"INDEPENDENT (can execute regardless of other step results)"},{"name":"\uD83D\uDEA6 Execution Decision","value":"▶️ EXECUTE - All dependencies satisfied"},{"name":"❌ Error Category","value":"❗ Assertion Failed - Unexpected Response"},{"name":"\uD83D\uDCA5 Error Message","value":"1 expectation failed.\nExpected status code <200> but was <415>.\n"},{"name":"\uD83D\uDD0D Exception Type","value":"AssertionError"},{"name":"\uD83D\uDCCA Final Result","value":"❌ FAILED"},{"name":"\uD83C\uDFE2 Service","value":"ts-order-other-service"},{"name":"\uD83D\uDCE1 HTTP Method","value":"POST"},{"name":"\uD83D\uDD17 Endpoint","value":"/api/v1/orderOtherService/orderOther/admin"},{"name":"\uD83C\uDFAF Expected Status","value":"200"},{"name":"\uD83D\uDD17 Dependency Type","value":"INDEPENDENT (can execute regardless of other step results)"},{"name":"\uD83D\uDEA6 Execution Decision","value":"▶️ EXECUTE - All dependencies satisfied"},{"name":"❌ Error Category","value":"❗ Assertion Failed - Unexpected Response"},{"name":"\uD83D\uDCA5 Error Message","value":"1 expectation failed.\nExpected status code <200> but was <415>.\n"},{"name":"\uD83D\uDD0D Exception Type","value":"AssertionError"},{"name":"\uD83D\uDCCA Final Result","value":"❌ FAILED"}],"start":1752576767734,"stop":1752576767946,"uuid":"3532d0b2-ac61-4653-bfb8-5cf0a8f2da80","historyId":"982f777ee2b953a61e40145b8c20cd82","fullName":"trainticket_twostage_test.TrainTicketTwoStageTest_1752575459253.POST_api_v1_adminorderservice_adminorder_21.test_POST_21_1","labels":[{"name":"package","value":"trainticket_twostage_test.TrainTicketTwoStageTest_1752575459253"},{"name":"testClass","value":"trainticket_twostage_test.TrainTicketTwoStageTest_1752575459253.POST_api_v1_adminorderservice_adminorder_21"},{"name":"testMethod","value":"test_POST_21_1"},{"name":"suite","value":"trainticket_twostage_test.TrainTicketTwoStageTest_1752575459253.POST_api_v1_adminorderservice_adminorder_21"},{"name":"host","value":"CSGRAD08"},{"name":"thread","value":"49992@CSGRAD08.main(1)"},{"name":"framework","value":"junit4"},{"name":"language","value":"java"},{"name":"testType","value":"Complete Failure"},{"name":"severity","value":"critical"},{"name":"feature","value":"Microservice Workflow"},{"name":"story","value":"test_POST_21_1"}],"links":[]}