{"name":"test_POST_21_9","status":"failed","statusDetails":{"known":false,"muted":false,"flaky":false,"message":"Scenario FAILED: 2 out of 2 steps failed. In microservice testing, all workflow steps must succeed for end-to-end validation.","trace":"java.lang.AssertionError: Scenario FAILED: 2 out of 2 steps failed. In microservice testing, all workflow steps must succeed for end-to-end validation.\r\n\tat org.junit.Assert.fail(Assert.java:89)\r\n\tat trainticket_twostage_test.TrainTicketTwoStageTest_1752572160127.POST_api_v1_adminorderservice_adminorder_21.test_POST_21_9(Unknown Source)\r\n\tat java.base/jdk.internal.reflect.NativeMethodAccessorImpl.invoke0(Native Method)\r\n\tat java.base/jdk.internal.reflect.NativeMethodAccessorImpl.invoke(NativeMethodAccessorImpl.java:62)\r\n\tat java.base/jdk.internal.reflect.DelegatingMethodAccessorImpl.invoke(DelegatingMethodAccessorImpl.java:43)\r\n\tat java.base/java.lang.reflect.Method.invoke(Method.java:566)\r\n\tat org.junit.runners.model.FrameworkMethod$1.runReflectiveCall(FrameworkMethod.java:59)\r\n\tat org.junit.internal.runners.model.ReflectiveCallable.run(ReflectiveCallable.java:12)\r\n\tat org.junit.runners.model.FrameworkMethod.invokeExplosively(FrameworkMethod.java:56)\r\n\tat org.junit.internal.runners.statements.InvokeMethod.evaluate(InvokeMethod.java:17)\r\n\tat org.junit.runners.ParentRunner$3.evaluate(ParentRunner.java:306)\r\n\tat org.junit.runners.BlockJUnit4ClassRunner$1.evaluate(BlockJUnit4ClassRunner.java:100)\r\n\tat org.junit.runners.ParentRunner.runLeaf(ParentRunner.java:366)\r\n\tat org.junit.runners.BlockJUnit4ClassRunner.runChild(BlockJUnit4ClassRunner.java:103)\r\n\tat org.junit.runners.BlockJUnit4ClassRunner.runChild(BlockJUnit4ClassRunner.java:63)\r\n\tat org.junit.runners.ParentRunner$4.run(ParentRunner.java:331)\r\n\tat org.junit.runners.ParentRunner$1.schedule(ParentRunner.java:79)\r\n\tat org.junit.runners.ParentRunner.runChildren(ParentRunner.java:329)\r\n\tat org.junit.runners.ParentRunner.access$100(ParentRunner.java:66)\r\n\tat org.junit.runners.ParentRunner$2.evaluate(ParentRunner.java:293)\r\n\tat org.junit.internal.runners.statements.RunBefores.evaluate(RunBefores.java:26)\r\n\tat org.junit.runners.ParentRunner$3.evaluate(ParentRunner.java:306)\r\n\tat org.junit.runners.ParentRunner.run(ParentRunner.java:413)\r\n\tat org.junit.runners.Suite.runChild(Suite.java:128)\r\n\tat org.junit.runners.Suite.runChild(Suite.java:27)\r\n\tat org.junit.runners.ParentRunner$4.run(ParentRunner.java:331)\r\n\tat org.junit.runners.ParentRunner$1.schedule(ParentRunner.java:79)\r\n\tat org.junit.runners.ParentRunner.runChildren(ParentRunner.java:329)\r\n\tat org.junit.runners.ParentRunner.access$100(ParentRunner.java:66)\r\n\tat org.junit.runners.ParentRunner$2.evaluate(ParentRunner.java:293)\r\n\tat org.junit.runners.ParentRunner$3.evaluate(ParentRunner.java:306)\r\n\tat org.junit.runners.ParentRunner.run(ParentRunner.java:413)\r\n\tat org.junit.runner.JUnitCore.run(JUnitCore.java:137)\r\n\tat org.junit.runner.JUnitCore.run(JUnitCore.java:115)\r\n\tat org.junit.runner.JUnitCore.run(JUnitCore.java:105)\r\n\tat org.junit.runner.JUnitCore.run(JUnitCore.java:94)\r\n\tat es.us.isa.restest.main.TestGenerationAndExecution.executeGeneratedTestsWithJUnit(TestGenerationAndExecution.java:814)\r\n\tat es.us.isa.restest.main.TestGenerationAndExecution.main(TestGenerationAndExecution.java:198)\r\n"},"stage":"finished","description":"Microservice test scenario with 2 steps. Generated using two-stage LLM + semantic expansion approach.","steps":[{"name":"\uD83D\uDD10 Step 0: Authentication (Login)","status":"passed","stage":"finished","steps":[],"attachments":[{"name":"Request","source":"29af771a-63ab-40b4-8ca1-b08fae2c2a33-attachment.html","type":"text/html"},{"name":"Request","source":"fecc9c15-b173-4684-af32-dec76643c379-attachment.html","type":"text/html"},{"name":"Request","source":"6272391f-26f5-479e-a07d-a02e6f35d1f2-attachment.html","type":"text/html"},{"name":"HTTP/1.1 200 ","source":"d1ad997c-166b-4334-8475-61c115e61c88-attachment.html","type":"text/html"},{"name":"HTTP/1.1 200 ","source":"8eb9173f-6aac-46ef-8b21-918f744524a1-attachment.html","type":"text/html"},{"name":"HTTP/1.1 200 ","source":"aaa4d70f-547e-4feb-8079-e8ef6c8b0871-attachment.html","type":"text/html"},{"name":"\uD83D\uDD10 Login Response","source":"b125a16d-2b1b-40ce-9976-93aabcf1dd54-attachment.txt","type":"application/json"}],"parameters":[],"start":1752573417385,"stop":1752573417539},{"name":"Step 1: ts-admin-order-service POST /api/v1/adminorderservice/adminorder (expect 200)","status":"passed","stage":"finished","steps":[],"attachments":[{"name":"\uD83D\uDCCB Request Body","source":"ed6e42af-6508-4aba-8296-901eb02ef099-attachment.txt","type":"application/json"},{"name":"Request","source":"ee462012-b596-4a70-afa6-7aa02da74f54-attachment.html","type":"text/html"},{"name":"Request","source":"aa1a7fb0-f6db-45bb-9ffd-413b0640c5d5-attachment.html","type":"text/html"},{"name":"Request","source":"b749dbf9-3835-418b-84d2-c88dcfd42dbd-attachment.html","type":"text/html"},{"name":"HTTP/1.1 415 ","source":"7717c83c-d79a-4976-a03b-c556d241238b-attachment.html","type":"text/html"},{"name":"HTTP/1.1 415 ","source":"c58e957d-7767-4f41-bdeb-0ee64c3c6e88-attachment.html","type":"text/html"},{"name":"HTTP/1.1 415 ","source":"4b0451f3-9827-47f0-9037-71c00e1b0591-attachment.html","type":"text/html"},{"name":"\uD83D\uDEA8 Step Failure Details","source":"893de47e-0d54-4c88-8b80-d2c956cb11e8-attachment.txt","type":"text/plain"}],"parameters":[],"start":1752573417539,"stop":1752573417562},{"name":"Step 2: ts-order-other-service POST /api/v1/orderOtherService/orderOther/admin (expect 200)","status":"passed","stage":"finished","steps":[],"attachments":[{"name":"\uD83D\uDCCB Request Body","source":"8d330225-4bd1-4625-81c0-870ddf3665ac-attachment.txt","type":"application/json"},{"name":"Request","source":"8d63553d-21da-4f32-9a6a-9b267c291e3c-attachment.html","type":"text/html"},{"name":"Request","source":"8172d187-0d11-42da-9df7-9927c46bbc78-attachment.html","type":"text/html"},{"name":"Request","source":"d5102a04-7367-49b2-b782-9de340b3c87c-attachment.html","type":"text/html"},{"name":"HTTP/1.1 415 ","source":"7b2f8adc-4388-44c8-90b1-f6fc032a84dc-attachment.html","type":"text/html"},{"name":"HTTP/1.1 415 ","source":"67e0777d-7ce6-4f02-9c0e-dd9d65a0c4b6-attachment.html","type":"text/html"},{"name":"HTTP/1.1 415 ","source":"c490ae70-caf0-4940-8c13-22f24beffcf4-attachment.html","type":"text/html"},{"name":"\uD83D\uDEA8 Step Failure Details","source":"fc20cd6f-b951-40ca-bc94-50e9045e1884-attachment.txt","type":"text/plain"}],"parameters":[],"start":1752573417562,"stop":1752573417587}],"attachments":[{"name":"Test Execution Summary","source":"a5073303-0071-4191-9116-07b221ff5189-attachment.txt","type":"text/plain"}],"parameters":[{"name":"\uD83C\uDFE2 Service","value":"Authentication Service"},{"name":"\uD83D\uDCE1 HTTP Method","value":"POST"},{"name":"\uD83D\uDD17 Endpoint","value":"/api/v1/users/login"},{"name":"✅ Expected Status","value":"200"},{"name":"\uD83D\uDC64 Username","value":"admin"},{"name":"✅ Login Status","value":"SUCCESS"},{"name":"\uD83D\uDD11 Token Obtained","value":"Yes"},{"name":"\uD83C\uDFE2 Service","value":"ts-admin-order-service"},{"name":"\uD83D\uDCE1 HTTP Method","value":"POST"},{"name":"\uD83D\uDD17 Endpoint","value":"/api/v1/adminorderservice/adminorder"},{"name":"✅ Expected Status","value":"200"},{"name":"\uD83D\uDD17 Dependency Type","value":"INDEPENDENT (can execute regardless of other step results)"},{"name":"\uD83D\uDCCA Execution Decision","value":"EXECUTE - All dependencies satisfied"},{"name":"❌ Error Category","value":"❗ Assertion Failed - Unexpected Response"},{"name":"\uD83D\uDCA5 Error Message","value":"1 expectation failed.\nExpected status code <200> but was <415>.\n"},{"name":"\uD83D\uDD0D Exception Type","value":"AssertionError"},{"name":"\uD83D\uDCCA Result","value":"FAILED"},{"name":"\uD83C\uDFE2 Service","value":"ts-order-other-service"},{"name":"\uD83D\uDCE1 HTTP Method","value":"POST"},{"name":"\uD83D\uDD17 Endpoint","value":"/api/v1/orderOtherService/orderOther/admin"},{"name":"✅ Expected Status","value":"200"},{"name":"\uD83D\uDD17 Dependency Type","value":"INDEPENDENT (can execute regardless of other step results)"},{"name":"\uD83D\uDCCA Execution Decision","value":"EXECUTE - All dependencies satisfied"},{"name":"❌ Error Category","value":"❗ Assertion Failed - Unexpected Response"},{"name":"\uD83D\uDCA5 Error Message","value":"1 expectation failed.\nExpected status code <200> but was <415>.\n"},{"name":"\uD83D\uDD0D Exception Type","value":"AssertionError"},{"name":"\uD83D\uDCCA Result","value":"FAILED"}],"start":1752573417385,"stop":1752573417588,"uuid":"45600d02-63e0-4e0d-aae5-0d653a1a7fe3","historyId":"31d34d5562fbfe359064bbb030ad24ec","fullName":"trainticket_twostage_test.TrainTicketTwoStageTest_1752572160127.POST_api_v1_adminorderservice_adminorder_21.test_POST_21_9","labels":[{"name":"package","value":"trainticket_twostage_test.TrainTicketTwoStageTest_1752572160127"},{"name":"testClass","value":"trainticket_twostage_test.TrainTicketTwoStageTest_1752572160127.POST_api_v1_adminorderservice_adminorder_21"},{"name":"testMethod","value":"test_POST_21_9"},{"name":"suite","value":"trainticket_twostage_test.TrainTicketTwoStageTest_1752572160127.POST_api_v1_adminorderservice_adminorder_21"},{"name":"host","value":"CSGRAD08"},{"name":"thread","value":"23740@CSGRAD08.main(1)"},{"name":"framework","value":"junit4"},{"name":"language","value":"java"},{"name":"testType","value":"Complete Failure"},{"name":"severity","value":"critical"},{"name":"feature","value":"Microservice Workflow"},{"name":"story","value":"test_POST_21_9"}],"links":[]}