{"name":"test_POST_21_1","status":"failed","statusDetails":{"known":false,"muted":false,"flaky":false,"message":"Scenario FAILED: 2 out of 2 steps failed. In microservice testing, all workflow steps must succeed for end-to-end validation.","trace":"java.lang.AssertionError: Scenario FAILED: 2 out of 2 steps failed. In microservice testing, all workflow steps must succeed for end-to-end validation.\r\n\tat org.junit.Assert.fail(Assert.java:89)\r\n\tat trainticket_twostage_test.TrainTicketTwoStageTest_1752572160127.POST_api_v1_adminorderservice_adminorder_21.test_POST_21_1(Unknown Source)\r\n\tat java.base/jdk.internal.reflect.NativeMethodAccessorImpl.invoke0(Native Method)\r\n\tat java.base/jdk.internal.reflect.NativeMethodAccessorImpl.invoke(NativeMethodAccessorImpl.java:62)\r\n\tat java.base/jdk.internal.reflect.DelegatingMethodAccessorImpl.invoke(DelegatingMethodAccessorImpl.java:43)\r\n\tat java.base/java.lang.reflect.Method.invoke(Method.java:566)\r\n\tat org.junit.runners.model.FrameworkMethod$1.runReflectiveCall(FrameworkMethod.java:59)\r\n\tat org.junit.internal.runners.model.ReflectiveCallable.run(ReflectiveCallable.java:12)\r\n\tat org.junit.runners.model.FrameworkMethod.invokeExplosively(FrameworkMethod.java:56)\r\n\tat org.junit.internal.runners.statements.InvokeMethod.evaluate(InvokeMethod.java:17)\r\n\tat org.junit.runners.ParentRunner$3.evaluate(ParentRunner.java:306)\r\n\tat org.junit.runners.BlockJUnit4ClassRunner$1.evaluate(BlockJUnit4ClassRunner.java:100)\r\n\tat org.junit.runners.ParentRunner.runLeaf(ParentRunner.java:366)\r\n\tat org.junit.runners.BlockJUnit4ClassRunner.runChild(BlockJUnit4ClassRunner.java:103)\r\n\tat org.junit.runners.BlockJUnit4ClassRunner.runChild(BlockJUnit4ClassRunner.java:63)\r\n\tat org.junit.runners.ParentRunner$4.run(ParentRunner.java:331)\r\n\tat org.junit.runners.ParentRunner$1.schedule(ParentRunner.java:79)\r\n\tat org.junit.runners.ParentRunner.runChildren(ParentRunner.java:329)\r\n\tat org.junit.runners.ParentRunner.access$100(ParentRunner.java:66)\r\n\tat org.junit.runners.ParentRunner$2.evaluate(ParentRunner.java:293)\r\n\tat org.junit.internal.runners.statements.RunBefores.evaluate(RunBefores.java:26)\r\n\tat org.junit.runners.ParentRunner$3.evaluate(ParentRunner.java:306)\r\n\tat org.junit.runners.ParentRunner.run(ParentRunner.java:413)\r\n\tat org.junit.runners.Suite.runChild(Suite.java:128)\r\n\tat org.junit.runners.Suite.runChild(Suite.java:27)\r\n\tat org.junit.runners.ParentRunner$4.run(ParentRunner.java:331)\r\n\tat org.junit.runners.ParentRunner$1.schedule(ParentRunner.java:79)\r\n\tat org.junit.runners.ParentRunner.runChildren(ParentRunner.java:329)\r\n\tat org.junit.runners.ParentRunner.access$100(ParentRunner.java:66)\r\n\tat org.junit.runners.ParentRunner$2.evaluate(ParentRunner.java:293)\r\n\tat org.junit.runners.ParentRunner$3.evaluate(ParentRunner.java:306)\r\n\tat org.junit.runners.ParentRunner.run(ParentRunner.java:413)\r\n\tat org.junit.runner.JUnitCore.run(JUnitCore.java:137)\r\n\tat org.junit.runner.JUnitCore.run(JUnitCore.java:115)\r\n\tat org.junit.runner.JUnitCore.run(JUnitCore.java:105)\r\n\tat org.junit.runner.JUnitCore.run(JUnitCore.java:94)\r\n\tat es.us.isa.restest.main.TestGenerationAndExecution.executeGeneratedTestsWithJUnit(TestGenerationAndExecution.java:814)\r\n\tat es.us.isa.restest.main.TestGenerationAndExecution.main(TestGenerationAndExecution.java:198)\r\n"},"stage":"finished","description":"Microservice test scenario with 2 steps. Generated using two-stage LLM + semantic expansion approach.","steps":[{"name":"\uD83D\uDD10 Step 0: Authentication (Login)","status":"passed","stage":"finished","steps":[],"attachments":[{"name":"Request","source":"da3f3b91-7101-48bc-a42e-1249a7e87977-attachment.html","type":"text/html"},{"name":"Request","source":"88006393-a989-4d41-8364-f9016463870a-attachment.html","type":"text/html"},{"name":"Request","source":"c620e3ea-608b-4947-ad6b-fa443d1f720c-attachment.html","type":"text/html"},{"name":"HTTP/1.1 200 ","source":"f06adcd7-3d26-4b5b-808e-9a252723c668-attachment.html","type":"text/html"},{"name":"HTTP/1.1 200 ","source":"4dc38607-cf36-40c5-974c-3ab85de94a26-attachment.html","type":"text/html"},{"name":"HTTP/1.1 200 ","source":"3fa21fdc-59cd-4c9b-bc57-c915ba29413a-attachment.html","type":"text/html"},{"name":"\uD83D\uDD10 Login Response","source":"fbb09424-53a5-444f-a264-a2074a566c93-attachment.txt","type":"application/json"}],"parameters":[],"start":1752573415787,"stop":1752573415940},{"name":"Step 1: ts-admin-order-service POST /api/v1/adminorderservice/adminorder (expect 200)","status":"passed","stage":"finished","steps":[],"attachments":[{"name":"\uD83D\uDCCB Request Body","source":"aa1217ee-5ece-4698-ae22-498c6146737d-attachment.txt","type":"application/json"},{"name":"Request","source":"ac9a888c-29fa-4da1-a8af-ef53f480cf78-attachment.html","type":"text/html"},{"name":"Request","source":"b5c096df-3742-4419-92ae-6e0cf3d5e21e-attachment.html","type":"text/html"},{"name":"Request","source":"e78ca66c-e10d-4577-bb29-4cbf785cc09b-attachment.html","type":"text/html"},{"name":"HTTP/1.1 415 ","source":"05aaaaad-736c-495d-b7a8-4664e7c53898-attachment.html","type":"text/html"},{"name":"HTTP/1.1 415 ","source":"31600c17-f254-4bdc-a403-6d2d9c4a801d-attachment.html","type":"text/html"},{"name":"HTTP/1.1 415 ","source":"e6576e22-ce3f-47db-81e0-b4f70ecaf914-attachment.html","type":"text/html"},{"name":"\uD83D\uDEA8 Step Failure Details","source":"20606396-f4b0-47fe-90ed-1df6f8c90235-attachment.txt","type":"text/plain"}],"parameters":[],"start":1752573415940,"stop":1752573415968},{"name":"Step 2: ts-order-other-service POST /api/v1/orderOtherService/orderOther/admin (expect 200)","status":"passed","stage":"finished","steps":[],"attachments":[{"name":"\uD83D\uDCCB Request Body","source":"89738ec0-8487-4fc2-9d43-1d7f55334358-attachment.txt","type":"application/json"},{"name":"Request","source":"d712b8f9-baac-4c17-a30a-2b9c0fa5b077-attachment.html","type":"text/html"},{"name":"Request","source":"54a8a7ce-5e40-42af-929d-c49c857e56fd-attachment.html","type":"text/html"},{"name":"Request","source":"dbcba243-489b-4796-a1ca-9c14dff67b28-attachment.html","type":"text/html"},{"name":"HTTP/1.1 415 ","source":"76b9d65c-4d49-466d-a43c-df13fbd20da3-attachment.html","type":"text/html"},{"name":"HTTP/1.1 415 ","source":"92fd8449-6646-4b5d-b650-1eaba9258508-attachment.html","type":"text/html"},{"name":"HTTP/1.1 415 ","source":"0eced5fc-22af-4161-9559-a9b2fd6a4c25-attachment.html","type":"text/html"},{"name":"\uD83D\uDEA8 Step Failure Details","source":"909a9591-3150-415c-982e-7098482457ec-attachment.txt","type":"text/plain"}],"parameters":[],"start":1752573415968,"stop":1752573415996}],"attachments":[{"name":"Test Execution Summary","source":"45e508d4-1eea-4ce8-a246-b75377448d37-attachment.txt","type":"text/plain"}],"parameters":[{"name":"\uD83C\uDFE2 Service","value":"Authentication Service"},{"name":"\uD83D\uDCE1 HTTP Method","value":"POST"},{"name":"\uD83D\uDD17 Endpoint","value":"/api/v1/users/login"},{"name":"✅ Expected Status","value":"200"},{"name":"\uD83D\uDC64 Username","value":"admin"},{"name":"✅ Login Status","value":"SUCCESS"},{"name":"\uD83D\uDD11 Token Obtained","value":"Yes"},{"name":"\uD83C\uDFE2 Service","value":"ts-admin-order-service"},{"name":"\uD83D\uDCE1 HTTP Method","value":"POST"},{"name":"\uD83D\uDD17 Endpoint","value":"/api/v1/adminorderservice/adminorder"},{"name":"✅ Expected Status","value":"200"},{"name":"\uD83D\uDD17 Dependency Type","value":"INDEPENDENT (can execute regardless of other step results)"},{"name":"\uD83D\uDCCA Execution Decision","value":"EXECUTE - All dependencies satisfied"},{"name":"❌ Error Category","value":"❗ Assertion Failed - Unexpected Response"},{"name":"\uD83D\uDCA5 Error Message","value":"1 expectation failed.\nExpected status code <200> but was <415>.\n"},{"name":"\uD83D\uDD0D Exception Type","value":"AssertionError"},{"name":"\uD83D\uDCCA Result","value":"FAILED"},{"name":"\uD83C\uDFE2 Service","value":"ts-order-other-service"},{"name":"\uD83D\uDCE1 HTTP Method","value":"POST"},{"name":"\uD83D\uDD17 Endpoint","value":"/api/v1/orderOtherService/orderOther/admin"},{"name":"✅ Expected Status","value":"200"},{"name":"\uD83D\uDD17 Dependency Type","value":"INDEPENDENT (can execute regardless of other step results)"},{"name":"\uD83D\uDCCA Execution Decision","value":"EXECUTE - All dependencies satisfied"},{"name":"❌ Error Category","value":"❗ Assertion Failed - Unexpected Response"},{"name":"\uD83D\uDCA5 Error Message","value":"1 expectation failed.\nExpected status code <200> but was <415>.\n"},{"name":"\uD83D\uDD0D Exception Type","value":"AssertionError"},{"name":"\uD83D\uDCCA Result","value":"FAILED"}],"start":1752573415787,"stop":1752573415998,"uuid":"68a2b7d1-eaa7-4378-bd7f-5a0afd490962","historyId":"7e5129f573e4a8c3b15a862e52098812","fullName":"trainticket_twostage_test.TrainTicketTwoStageTest_1752572160127.POST_api_v1_adminorderservice_adminorder_21.test_POST_21_1","labels":[{"name":"package","value":"trainticket_twostage_test.TrainTicketTwoStageTest_1752572160127"},{"name":"testClass","value":"trainticket_twostage_test.TrainTicketTwoStageTest_1752572160127.POST_api_v1_adminorderservice_adminorder_21"},{"name":"testMethod","value":"test_POST_21_1"},{"name":"suite","value":"trainticket_twostage_test.TrainTicketTwoStageTest_1752572160127.POST_api_v1_adminorderservice_adminorder_21"},{"name":"host","value":"CSGRAD08"},{"name":"thread","value":"23740@CSGRAD08.main(1)"},{"name":"framework","value":"junit4"},{"name":"language","value":"java"},{"name":"testType","value":"Complete Failure"},{"name":"severity","value":"critical"},{"name":"feature","value":"Microservice Workflow"},{"name":"story","value":"test_POST_21_1"}],"links":[]}