{"name":"test_POST_21_7","status":"failed","statusDetails":{"known":false,"muted":false,"flaky":false,"message":"Scenario FAILED: 2 out of 2 steps failed. In microservice testing, all workflow steps must succeed for end-to-end validation.","trace":"java.lang.AssertionError: Scenario FAILED: 2 out of 2 steps failed. In microservice testing, all workflow steps must succeed for end-to-end validation.\r\n\tat org.junit.Assert.fail(Assert.java:89)\r\n\tat trainticket_twostage_test.TrainTicketTwoStageTest_1752572160127.POST_api_v1_adminorderservice_adminorder_21.test_POST_21_7(Unknown Source)\r\n\tat java.base/jdk.internal.reflect.NativeMethodAccessorImpl.invoke0(Native Method)\r\n\tat java.base/jdk.internal.reflect.NativeMethodAccessorImpl.invoke(NativeMethodAccessorImpl.java:62)\r\n\tat java.base/jdk.internal.reflect.DelegatingMethodAccessorImpl.invoke(DelegatingMethodAccessorImpl.java:43)\r\n\tat java.base/java.lang.reflect.Method.invoke(Method.java:566)\r\n\tat org.junit.runners.model.FrameworkMethod$1.runReflectiveCall(FrameworkMethod.java:59)\r\n\tat org.junit.internal.runners.model.ReflectiveCallable.run(ReflectiveCallable.java:12)\r\n\tat org.junit.runners.model.FrameworkMethod.invokeExplosively(FrameworkMethod.java:56)\r\n\tat org.junit.internal.runners.statements.InvokeMethod.evaluate(InvokeMethod.java:17)\r\n\tat org.junit.runners.ParentRunner$3.evaluate(ParentRunner.java:306)\r\n\tat org.junit.runners.BlockJUnit4ClassRunner$1.evaluate(BlockJUnit4ClassRunner.java:100)\r\n\tat org.junit.runners.ParentRunner.runLeaf(ParentRunner.java:366)\r\n\tat org.junit.runners.BlockJUnit4ClassRunner.runChild(BlockJUnit4ClassRunner.java:103)\r\n\tat org.junit.runners.BlockJUnit4ClassRunner.runChild(BlockJUnit4ClassRunner.java:63)\r\n\tat org.junit.runners.ParentRunner$4.run(ParentRunner.java:331)\r\n\tat org.junit.runners.ParentRunner$1.schedule(ParentRunner.java:79)\r\n\tat org.junit.runners.ParentRunner.runChildren(ParentRunner.java:329)\r\n\tat org.junit.runners.ParentRunner.access$100(ParentRunner.java:66)\r\n\tat org.junit.runners.ParentRunner$2.evaluate(ParentRunner.java:293)\r\n\tat org.junit.internal.runners.statements.RunBefores.evaluate(RunBefores.java:26)\r\n\tat org.junit.runners.ParentRunner$3.evaluate(ParentRunner.java:306)\r\n\tat org.junit.runners.ParentRunner.run(ParentRunner.java:413)\r\n\tat org.junit.runners.Suite.runChild(Suite.java:128)\r\n\tat org.junit.runners.Suite.runChild(Suite.java:27)\r\n\tat org.junit.runners.ParentRunner$4.run(ParentRunner.java:331)\r\n\tat org.junit.runners.ParentRunner$1.schedule(ParentRunner.java:79)\r\n\tat org.junit.runners.ParentRunner.runChildren(ParentRunner.java:329)\r\n\tat org.junit.runners.ParentRunner.access$100(ParentRunner.java:66)\r\n\tat org.junit.runners.ParentRunner$2.evaluate(ParentRunner.java:293)\r\n\tat org.junit.runners.ParentRunner$3.evaluate(ParentRunner.java:306)\r\n\tat org.junit.runners.ParentRunner.run(ParentRunner.java:413)\r\n\tat org.junit.runner.JUnitCore.run(JUnitCore.java:137)\r\n\tat org.junit.runner.JUnitCore.run(JUnitCore.java:115)\r\n\tat org.junit.runner.JUnitCore.run(JUnitCore.java:105)\r\n\tat org.junit.runner.JUnitCore.run(JUnitCore.java:94)\r\n\tat es.us.isa.restest.main.TestGenerationAndExecution.executeGeneratedTestsWithJUnit(TestGenerationAndExecution.java:814)\r\n\tat es.us.isa.restest.main.TestGenerationAndExecution.main(TestGenerationAndExecution.java:198)\r\n"},"stage":"finished","description":"Microservice test scenario with 2 steps. Generated using two-stage LLM + semantic expansion approach.","steps":[{"name":"\uD83D\uDD10 Step 0: Authentication (Login)","status":"passed","stage":"finished","steps":[],"attachments":[{"name":"Request","source":"7ae16942-8889-4f1e-980f-73d1fb22315e-attachment.html","type":"text/html"},{"name":"Request","source":"0cf55f41-0433-47ea-ad7d-e52d4b22f6b4-attachment.html","type":"text/html"},{"name":"Request","source":"0a0188e7-5eae-4c1b-94d6-d658b8207ee5-attachment.html","type":"text/html"},{"name":"HTTP/1.1 200 ","source":"68735a72-f137-4cb6-8349-2e5980c621f2-attachment.html","type":"text/html"},{"name":"HTTP/1.1 200 ","source":"1f945e92-43b5-4f35-99e4-90ca7fae0b0c-attachment.html","type":"text/html"},{"name":"HTTP/1.1 200 ","source":"14ab3e3e-e189-475b-af8c-0c912a20dd02-attachment.html","type":"text/html"},{"name":"\uD83D\uDD10 Login Response","source":"68b47bc1-11e1-469a-be56-28ac4941ac38-attachment.txt","type":"application/json"}],"parameters":[],"start":1752573417003,"stop":1752573417138},{"name":"Step 1: ts-admin-order-service POST /api/v1/adminorderservice/adminorder (expect 200)","status":"passed","stage":"finished","steps":[],"attachments":[{"name":"\uD83D\uDCCB Request Body","source":"29d56a32-5950-4445-9cd1-3ea8d5c27183-attachment.txt","type":"application/json"},{"name":"Request","source":"e5230d83-863f-4123-a373-10dd8df93f72-attachment.html","type":"text/html"},{"name":"Request","source":"82d53c49-2882-4079-9f69-69df87cfbd1d-attachment.html","type":"text/html"},{"name":"Request","source":"1526f5c6-0076-4313-ac6b-076d3fc060f2-attachment.html","type":"text/html"},{"name":"HTTP/1.1 415 ","source":"3481b77f-c39f-4e63-a27e-9a5781c4d674-attachment.html","type":"text/html"},{"name":"HTTP/1.1 415 ","source":"10002970-adf8-4fa3-b15d-02cae02179f0-attachment.html","type":"text/html"},{"name":"HTTP/1.1 415 ","source":"882c824c-6881-4c63-911d-012a95593347-attachment.html","type":"text/html"},{"name":"\uD83D\uDEA8 Step Failure Details","source":"f9476e94-089c-4466-8280-b57072ecc44a-attachment.txt","type":"text/plain"}],"parameters":[],"start":1752573417138,"stop":1752573417161},{"name":"Step 2: ts-order-other-service POST /api/v1/orderOtherService/orderOther/admin (expect 200)","status":"passed","stage":"finished","steps":[],"attachments":[{"name":"\uD83D\uDCCB Request Body","source":"2d1e3094-36b2-451e-8839-24047c79b727-attachment.txt","type":"application/json"},{"name":"Request","source":"c4173ce6-fa53-4e6b-9a3e-0975fab293dc-attachment.html","type":"text/html"},{"name":"Request","source":"14e4b09b-5e01-4ab1-b9c1-82ccf3be449b-attachment.html","type":"text/html"},{"name":"Request","source":"285f7cc5-0075-4440-b411-2c1bfaf770ff-attachment.html","type":"text/html"},{"name":"HTTP/1.1 415 ","source":"a42fb840-a5ef-41b5-8137-76b261df57fb-attachment.html","type":"text/html"},{"name":"HTTP/1.1 415 ","source":"f2b8172a-d786-4af2-8a35-c4c56a18613c-attachment.html","type":"text/html"},{"name":"HTTP/1.1 415 ","source":"10112e07-492e-4ac9-a802-c9032b099cce-attachment.html","type":"text/html"},{"name":"\uD83D\uDEA8 Step Failure Details","source":"993ccec7-9f0f-493a-bb87-28c78a760015-attachment.txt","type":"text/plain"}],"parameters":[],"start":1752573417161,"stop":1752573417184}],"attachments":[{"name":"Test Execution Summary","source":"b4e81d00-3548-4b30-8239-841308f8febe-attachment.txt","type":"text/plain"}],"parameters":[{"name":"\uD83C\uDFE2 Service","value":"Authentication Service"},{"name":"\uD83D\uDCE1 HTTP Method","value":"POST"},{"name":"\uD83D\uDD17 Endpoint","value":"/api/v1/users/login"},{"name":"✅ Expected Status","value":"200"},{"name":"\uD83D\uDC64 Username","value":"admin"},{"name":"✅ Login Status","value":"SUCCESS"},{"name":"\uD83D\uDD11 Token Obtained","value":"Yes"},{"name":"\uD83C\uDFE2 Service","value":"ts-admin-order-service"},{"name":"\uD83D\uDCE1 HTTP Method","value":"POST"},{"name":"\uD83D\uDD17 Endpoint","value":"/api/v1/adminorderservice/adminorder"},{"name":"✅ Expected Status","value":"200"},{"name":"\uD83D\uDD17 Dependency Type","value":"INDEPENDENT (can execute regardless of other step results)"},{"name":"\uD83D\uDCCA Execution Decision","value":"EXECUTE - All dependencies satisfied"},{"name":"❌ Error Category","value":"❗ Assertion Failed - Unexpected Response"},{"name":"\uD83D\uDCA5 Error Message","value":"1 expectation failed.\nExpected status code <200> but was <415>.\n"},{"name":"\uD83D\uDD0D Exception Type","value":"AssertionError"},{"name":"\uD83D\uDCCA Result","value":"FAILED"},{"name":"\uD83C\uDFE2 Service","value":"ts-order-other-service"},{"name":"\uD83D\uDCE1 HTTP Method","value":"POST"},{"name":"\uD83D\uDD17 Endpoint","value":"/api/v1/orderOtherService/orderOther/admin"},{"name":"✅ Expected Status","value":"200"},{"name":"\uD83D\uDD17 Dependency Type","value":"INDEPENDENT (can execute regardless of other step results)"},{"name":"\uD83D\uDCCA Execution Decision","value":"EXECUTE - All dependencies satisfied"},{"name":"❌ Error Category","value":"❗ Assertion Failed - Unexpected Response"},{"name":"\uD83D\uDCA5 Error Message","value":"1 expectation failed.\nExpected status code <200> but was <415>.\n"},{"name":"\uD83D\uDD0D Exception Type","value":"AssertionError"},{"name":"\uD83D\uDCCA Result","value":"FAILED"}],"start":1752573417002,"stop":1752573417184,"uuid":"702bf11c-9717-4b4b-9482-80ce3b6ee7bb","historyId":"2d885cce3b124721aab005f1e3794276","fullName":"trainticket_twostage_test.TrainTicketTwoStageTest_1752572160127.POST_api_v1_adminorderservice_adminorder_21.test_POST_21_7","labels":[{"name":"package","value":"trainticket_twostage_test.TrainTicketTwoStageTest_1752572160127"},{"name":"testClass","value":"trainticket_twostage_test.TrainTicketTwoStageTest_1752572160127.POST_api_v1_adminorderservice_adminorder_21"},{"name":"testMethod","value":"test_POST_21_7"},{"name":"suite","value":"trainticket_twostage_test.TrainTicketTwoStageTest_1752572160127.POST_api_v1_adminorderservice_adminorder_21"},{"name":"host","value":"CSGRAD08"},{"name":"thread","value":"23740@CSGRAD08.main(1)"},{"name":"framework","value":"junit4"},{"name":"language","value":"java"},{"name":"testType","value":"Complete Failure"},{"name":"severity","value":"critical"},{"name":"feature","value":"Microservice Workflow"},{"name":"story","value":"test_POST_21_7"}],"links":[]}