{"name":"test_POST_21_3","status":"failed","statusDetails":{"known":false,"muted":false,"flaky":false,"message":"Scenario FAILED: 2 out of 2 steps failed. In microservice testing, all workflow steps must succeed for end-to-end validation.","trace":"java.lang.AssertionError: Scenario FAILED: 2 out of 2 steps failed. In microservice testing, all workflow steps must succeed for end-to-end validation.\r\n\tat org.junit.Assert.fail(Assert.java:89)\r\n\tat trainticket_twostage_test.TrainTicketTwoStageTest_1752575459253.POST_api_v1_adminorderservice_adminorder_21.test_POST_21_3(Unknown Source)\r\n\tat java.base/jdk.internal.reflect.NativeMethodAccessorImpl.invoke0(Native Method)\r\n\tat java.base/jdk.internal.reflect.NativeMethodAccessorImpl.invoke(NativeMethodAccessorImpl.java:62)\r\n\tat java.base/jdk.internal.reflect.DelegatingMethodAccessorImpl.invoke(DelegatingMethodAccessorImpl.java:43)\r\n\tat java.base/java.lang.reflect.Method.invoke(Method.java:566)\r\n\tat org.junit.runners.model.FrameworkMethod$1.runReflectiveCall(FrameworkMethod.java:59)\r\n\tat org.junit.internal.runners.model.ReflectiveCallable.run(ReflectiveCallable.java:12)\r\n\tat org.junit.runners.model.FrameworkMethod.invokeExplosively(FrameworkMethod.java:56)\r\n\tat org.junit.internal.runners.statements.InvokeMethod.evaluate(InvokeMethod.java:17)\r\n\tat org.junit.runners.ParentRunner$3.evaluate(ParentRunner.java:306)\r\n\tat org.junit.runners.BlockJUnit4ClassRunner$1.evaluate(BlockJUnit4ClassRunner.java:100)\r\n\tat org.junit.runners.ParentRunner.runLeaf(ParentRunner.java:366)\r\n\tat org.junit.runners.BlockJUnit4ClassRunner.runChild(BlockJUnit4ClassRunner.java:103)\r\n\tat org.junit.runners.BlockJUnit4ClassRunner.runChild(BlockJUnit4ClassRunner.java:63)\r\n\tat org.junit.runners.ParentRunner$4.run(ParentRunner.java:331)\r\n\tat org.junit.runners.ParentRunner$1.schedule(ParentRunner.java:79)\r\n\tat org.junit.runners.ParentRunner.runChildren(ParentRunner.java:329)\r\n\tat org.junit.runners.ParentRunner.access$100(ParentRunner.java:66)\r\n\tat org.junit.runners.ParentRunner$2.evaluate(ParentRunner.java:293)\r\n\tat org.junit.internal.runners.statements.RunBefores.evaluate(RunBefores.java:26)\r\n\tat org.junit.runners.ParentRunner$3.evaluate(ParentRunner.java:306)\r\n\tat org.junit.runners.ParentRunner.run(ParentRunner.java:413)\r\n\tat org.junit.runners.Suite.runChild(Suite.java:128)\r\n\tat org.junit.runners.Suite.runChild(Suite.java:27)\r\n\tat org.junit.runners.ParentRunner$4.run(ParentRunner.java:331)\r\n\tat org.junit.runners.ParentRunner$1.schedule(ParentRunner.java:79)\r\n\tat org.junit.runners.ParentRunner.runChildren(ParentRunner.java:329)\r\n\tat org.junit.runners.ParentRunner.access$100(ParentRunner.java:66)\r\n\tat org.junit.runners.ParentRunner$2.evaluate(ParentRunner.java:293)\r\n\tat org.junit.runners.ParentRunner$3.evaluate(ParentRunner.java:306)\r\n\tat org.junit.runners.ParentRunner.run(ParentRunner.java:413)\r\n\tat org.junit.runner.JUnitCore.run(JUnitCore.java:137)\r\n\tat org.junit.runner.JUnitCore.run(JUnitCore.java:115)\r\n\tat org.junit.runner.JUnitCore.run(JUnitCore.java:105)\r\n\tat org.junit.runner.JUnitCore.run(JUnitCore.java:94)\r\n\tat es.us.isa.restest.main.TestGenerationAndExecution.executeGeneratedTestsWithJUnit(TestGenerationAndExecution.java:814)\r\n\tat es.us.isa.restest.main.TestGenerationAndExecution.main(TestGenerationAndExecution.java:198)\r\n"},"stage":"finished","description":"Microservice test scenario with 2 steps. Generated using two-stage LLM + semantic expansion approach.","steps":[{"name":"\uD83D\uDD10 Step 0: Authentication (Login)","status":"passed","stage":"finished","steps":[],"attachments":[{"name":"Request","source":"47caf651-bb40-4e7e-9201-ab76125689fc-attachment.html","type":"text/html"},{"name":"Request","source":"40a5e59a-c1aa-4f2c-87b9-2daafedbdd3a-attachment.html","type":"text/html"},{"name":"Request","source":"52be1c0e-274c-477d-84d0-428a86a987c8-attachment.html","type":"text/html"},{"name":"HTTP/1.1 200 ","source":"3887a966-5d27-4940-a6fa-edd4af3ea61d-attachment.html","type":"text/html"},{"name":"HTTP/1.1 200 ","source":"2a85c1be-1a34-4273-83d8-9c552f826f26-attachment.html","type":"text/html"},{"name":"HTTP/1.1 200 ","source":"73326097-151f-45ce-8bd9-aeda4739a3f5-attachment.html","type":"text/html"},{"name":"\uD83D\uDD10 Login Response","source":"8eb7edd6-eff3-435b-87e7-f8dffda122f0-attachment.txt","type":"application/json"}],"parameters":[],"start":1752576768138,"stop":1752576768285},{"name":"Step 1: ts-admin-order-service POST /api/v1/adminorderservice/adminorder (expect 200)","status":"passed","stage":"finished","steps":[],"attachments":[{"name":"\uD83D\uDCCB Request Body","source":"a5cd631b-e057-4d25-a8ee-b704f033a4f4-attachment.txt","type":"application/json"},{"name":"Request","source":"3f5265a3-bca4-4618-8533-36f49955bfca-attachment.html","type":"text/html"},{"name":"Request","source":"f0f97ac7-dfd9-4774-9670-8a286d5dae96-attachment.html","type":"text/html"},{"name":"Request","source":"318a21ea-3aab-4a7e-8d75-dbd1820cf761-attachment.html","type":"text/html"},{"name":"HTTP/1.1 415 ","source":"bbcae18c-d959-4674-857a-b7a5449782a5-attachment.html","type":"text/html"},{"name":"HTTP/1.1 415 ","source":"44cd1bd0-89b5-4688-8323-0c18f438188c-attachment.html","type":"text/html"},{"name":"HTTP/1.1 415 ","source":"61498e94-2348-476a-83bf-907d097b6549-attachment.html","type":"text/html"},{"name":"\uD83D\uDEA8 Step Failure Details","source":"ef181300-3193-47d6-a474-d82984ac3c52-attachment.txt","type":"text/plain"}],"parameters":[],"start":1752576768285,"stop":1752576768310},{"name":"Step 2: ts-order-other-service POST /api/v1/orderOtherService/orderOther/admin (expect 200)","status":"passed","stage":"finished","steps":[],"attachments":[{"name":"\uD83D\uDCCB Request Body","source":"5b791e19-bb43-49af-aba6-28c070251d93-attachment.txt","type":"application/json"},{"name":"Request","source":"8d80a3f1-1173-41c7-af21-187db5379a41-attachment.html","type":"text/html"},{"name":"Request","source":"2477e058-342e-46e2-bbf2-5773f0463db2-attachment.html","type":"text/html"},{"name":"Request","source":"1af420d1-22d4-4cf9-a1cb-9b93102b1efc-attachment.html","type":"text/html"},{"name":"HTTP/1.1 415 ","source":"b2d97835-5407-42df-9c68-00217ca4bb30-attachment.html","type":"text/html"},{"name":"HTTP/1.1 415 ","source":"60a6b5df-8633-47c2-b0e7-689fff2c7daf-attachment.html","type":"text/html"},{"name":"HTTP/1.1 415 ","source":"62f32be1-b0c6-4df1-b2a1-f6984c00657c-attachment.html","type":"text/html"},{"name":"\uD83D\uDEA8 Step Failure Details","source":"c67e7ec5-a5ef-4561-8b32-a9fe52945beb-attachment.txt","type":"text/plain"}],"parameters":[],"start":1752576768310,"stop":1752576768335}],"attachments":[{"name":"Test Execution Summary","source":"f8773fd1-12c5-4510-baed-354b1c7f4f9b-attachment.txt","type":"text/plain"}],"parameters":[{"name":"\uD83C\uDFE2 Service","value":"Authentication Service"},{"name":"\uD83D\uDCE1 HTTP Method","value":"POST"},{"name":"\uD83D\uDD17 Endpoint","value":"/api/v1/users/login"},{"name":"\uD83C\uDFAF Expected Status","value":"200"},{"name":"\uD83D\uDC64 Username","value":"admin"},{"name":"\uD83D\uDEA6 Execution Decision","value":"▶️ EXECUTE - Authentication required"},{"name":"✅ Login Status","value":"SUCCESS"},{"name":"\uD83D\uDD11 Token Obtained","value":"Yes"},{"name":"\uD83D\uDCCA Final Result","value":"✅ SUCCESS"},{"name":"\uD83C\uDFE2 Service","value":"ts-admin-order-service"},{"name":"\uD83D\uDCE1 HTTP Method","value":"POST"},{"name":"\uD83D\uDD17 Endpoint","value":"/api/v1/adminorderservice/adminorder"},{"name":"\uD83C\uDFAF Expected Status","value":"200"},{"name":"\uD83D\uDD17 Dependency Type","value":"INDEPENDENT (can execute regardless of other step results)"},{"name":"\uD83D\uDEA6 Execution Decision","value":"▶️ EXECUTE - All dependencies satisfied"},{"name":"❌ Error Category","value":"❗ Assertion Failed - Unexpected Response"},{"name":"\uD83D\uDCA5 Error Message","value":"1 expectation failed.\nExpected status code <200> but was <415>.\n"},{"name":"\uD83D\uDD0D Exception Type","value":"AssertionError"},{"name":"\uD83D\uDCCA Final Result","value":"❌ FAILED"},{"name":"\uD83C\uDFE2 Service","value":"ts-order-other-service"},{"name":"\uD83D\uDCE1 HTTP Method","value":"POST"},{"name":"\uD83D\uDD17 Endpoint","value":"/api/v1/orderOtherService/orderOther/admin"},{"name":"\uD83C\uDFAF Expected Status","value":"200"},{"name":"\uD83D\uDD17 Dependency Type","value":"INDEPENDENT (can execute regardless of other step results)"},{"name":"\uD83D\uDEA6 Execution Decision","value":"▶️ EXECUTE - All dependencies satisfied"},{"name":"❌ Error Category","value":"❗ Assertion Failed - Unexpected Response"},{"name":"\uD83D\uDCA5 Error Message","value":"1 expectation failed.\nExpected status code <200> but was <415>.\n"},{"name":"\uD83D\uDD0D Exception Type","value":"AssertionError"},{"name":"\uD83D\uDCCA Final Result","value":"❌ FAILED"}],"start":1752576768137,"stop":1752576768336,"uuid":"869e6807-0ee8-4ec9-9f57-f6fa412975d5","historyId":"523b1d706dfe1d612e53fb0e89cfd051","fullName":"trainticket_twostage_test.TrainTicketTwoStageTest_1752575459253.POST_api_v1_adminorderservice_adminorder_21.test_POST_21_3","labels":[{"name":"package","value":"trainticket_twostage_test.TrainTicketTwoStageTest_1752575459253"},{"name":"testClass","value":"trainticket_twostage_test.TrainTicketTwoStageTest_1752575459253.POST_api_v1_adminorderservice_adminorder_21"},{"name":"testMethod","value":"test_POST_21_3"},{"name":"suite","value":"trainticket_twostage_test.TrainTicketTwoStageTest_1752575459253.POST_api_v1_adminorderservice_adminorder_21"},{"name":"host","value":"CSGRAD08"},{"name":"thread","value":"49992@CSGRAD08.main(1)"},{"name":"framework","value":"junit4"},{"name":"language","value":"java"},{"name":"testType","value":"Complete Failure"},{"name":"severity","value":"critical"},{"name":"feature","value":"Microservice Workflow"},{"name":"story","value":"test_POST_21_3"}],"links":[]}