{"name":"test_POST_21_4","status":"failed","statusDetails":{"known":false,"muted":false,"flaky":false,"message":"Scenario FAILED: 2 out of 2 steps failed. In microservice testing, all workflow steps must succeed for end-to-end validation.","trace":"java.lang.AssertionError: Scenario FAILED: 2 out of 2 steps failed. In microservice testing, all workflow steps must succeed for end-to-end validation.\r\n\tat org.junit.Assert.fail(Assert.java:89)\r\n\tat trainticket_twostage_test.TrainTicketTwoStageTest_1752572160127.POST_api_v1_adminorderservice_adminorder_21.test_POST_21_4(Unknown Source)\r\n\tat java.base/jdk.internal.reflect.NativeMethodAccessorImpl.invoke0(Native Method)\r\n\tat java.base/jdk.internal.reflect.NativeMethodAccessorImpl.invoke(NativeMethodAccessorImpl.java:62)\r\n\tat java.base/jdk.internal.reflect.DelegatingMethodAccessorImpl.invoke(DelegatingMethodAccessorImpl.java:43)\r\n\tat java.base/java.lang.reflect.Method.invoke(Method.java:566)\r\n\tat org.junit.runners.model.FrameworkMethod$1.runReflectiveCall(FrameworkMethod.java:59)\r\n\tat org.junit.internal.runners.model.ReflectiveCallable.run(ReflectiveCallable.java:12)\r\n\tat org.junit.runners.model.FrameworkMethod.invokeExplosively(FrameworkMethod.java:56)\r\n\tat org.junit.internal.runners.statements.InvokeMethod.evaluate(InvokeMethod.java:17)\r\n\tat org.junit.runners.ParentRunner$3.evaluate(ParentRunner.java:306)\r\n\tat org.junit.runners.BlockJUnit4ClassRunner$1.evaluate(BlockJUnit4ClassRunner.java:100)\r\n\tat org.junit.runners.ParentRunner.runLeaf(ParentRunner.java:366)\r\n\tat org.junit.runners.BlockJUnit4ClassRunner.runChild(BlockJUnit4ClassRunner.java:103)\r\n\tat org.junit.runners.BlockJUnit4ClassRunner.runChild(BlockJUnit4ClassRunner.java:63)\r\n\tat org.junit.runners.ParentRunner$4.run(ParentRunner.java:331)\r\n\tat org.junit.runners.ParentRunner$1.schedule(ParentRunner.java:79)\r\n\tat org.junit.runners.ParentRunner.runChildren(ParentRunner.java:329)\r\n\tat org.junit.runners.ParentRunner.access$100(ParentRunner.java:66)\r\n\tat org.junit.runners.ParentRunner$2.evaluate(ParentRunner.java:293)\r\n\tat org.junit.internal.runners.statements.RunBefores.evaluate(RunBefores.java:26)\r\n\tat org.junit.runners.ParentRunner$3.evaluate(ParentRunner.java:306)\r\n\tat org.junit.runners.ParentRunner.run(ParentRunner.java:413)\r\n\tat org.junit.runners.Suite.runChild(Suite.java:128)\r\n\tat org.junit.runners.Suite.runChild(Suite.java:27)\r\n\tat org.junit.runners.ParentRunner$4.run(ParentRunner.java:331)\r\n\tat org.junit.runners.ParentRunner$1.schedule(ParentRunner.java:79)\r\n\tat org.junit.runners.ParentRunner.runChildren(ParentRunner.java:329)\r\n\tat org.junit.runners.ParentRunner.access$100(ParentRunner.java:66)\r\n\tat org.junit.runners.ParentRunner$2.evaluate(ParentRunner.java:293)\r\n\tat org.junit.runners.ParentRunner$3.evaluate(ParentRunner.java:306)\r\n\tat org.junit.runners.ParentRunner.run(ParentRunner.java:413)\r\n\tat org.junit.runner.JUnitCore.run(JUnitCore.java:137)\r\n\tat org.junit.runner.JUnitCore.run(JUnitCore.java:115)\r\n\tat org.junit.runner.JUnitCore.run(JUnitCore.java:105)\r\n\tat org.junit.runner.JUnitCore.run(JUnitCore.java:94)\r\n\tat es.us.isa.restest.main.TestGenerationAndExecution.executeGeneratedTestsWithJUnit(TestGenerationAndExecution.java:814)\r\n\tat es.us.isa.restest.main.TestGenerationAndExecution.main(TestGenerationAndExecution.java:198)\r\n"},"stage":"finished","description":"Microservice test scenario with 2 steps. Generated using two-stage LLM + semantic expansion approach.","steps":[{"name":"\uD83D\uDD10 Step 0: Authentication (Login)","status":"passed","stage":"finished","steps":[],"attachments":[{"name":"Request","source":"bbd50286-763d-4089-a3cb-51e31644b008-attachment.html","type":"text/html"},{"name":"Request","source":"60856078-9c15-40fd-9dd2-4b828ce91200-attachment.html","type":"text/html"},{"name":"Request","source":"366be83e-f422-43b6-baa3-e1dd91ce1976-attachment.html","type":"text/html"},{"name":"HTTP/1.1 200 ","source":"ed346129-6e85-4aea-8190-c1fbea76b94c-attachment.html","type":"text/html"},{"name":"HTTP/1.1 200 ","source":"b03fac49-7f2c-40ed-928c-25bd3c13cca6-attachment.html","type":"text/html"},{"name":"HTTP/1.1 200 ","source":"db66452c-3aed-47c0-a1e9-74ee869dfb22-attachment.html","type":"text/html"},{"name":"\uD83D\uDD10 Login Response","source":"df9fdf19-6b91-493f-8fe6-c21eaef6c325-attachment.txt","type":"application/json"}],"parameters":[],"start":1752573416399,"stop":1752573416545},{"name":"Step 1: ts-admin-order-service POST /api/v1/adminorderservice/adminorder (expect 200)","status":"passed","stage":"finished","steps":[],"attachments":[{"name":"\uD83D\uDCCB Request Body","source":"5a8a34d5-31f9-4a2b-9a6c-0ff7a87ca9ef-attachment.txt","type":"application/json"},{"name":"Request","source":"f46afc88-c0bc-4b13-905b-7084db426af6-attachment.html","type":"text/html"},{"name":"Request","source":"610740fd-111f-4eb4-89c7-a573ba7d4371-attachment.html","type":"text/html"},{"name":"Request","source":"8c380575-e425-4c9e-8015-d2a2087c8454-attachment.html","type":"text/html"},{"name":"HTTP/1.1 415 ","source":"6f9b9890-05bd-459a-a746-ba4e06864170-attachment.html","type":"text/html"},{"name":"HTTP/1.1 415 ","source":"464d980a-4f79-4c1a-98bf-7caa88b5b8a7-attachment.html","type":"text/html"},{"name":"HTTP/1.1 415 ","source":"7091aab1-7734-49d8-91ee-66364abcdff2-attachment.html","type":"text/html"},{"name":"\uD83D\uDEA8 Step Failure Details","source":"a63e8e8b-8ba5-4c93-ae1e-437828c3690f-attachment.txt","type":"text/plain"}],"parameters":[],"start":1752573416545,"stop":1752573416569},{"name":"Step 2: ts-order-other-service POST /api/v1/orderOtherService/orderOther/admin (expect 200)","status":"passed","stage":"finished","steps":[],"attachments":[{"name":"\uD83D\uDCCB Request Body","source":"08c77219-87f3-4f44-8e03-7ae315c3bab1-attachment.txt","type":"application/json"},{"name":"Request","source":"fbe1bd6c-84c9-4035-b076-98fd25251535-attachment.html","type":"text/html"},{"name":"Request","source":"24e9d2af-4725-447a-afe9-3de0cc28db64-attachment.html","type":"text/html"},{"name":"Request","source":"086cd015-eea4-4caf-b109-0bc93d75f057-attachment.html","type":"text/html"},{"name":"HTTP/1.1 415 ","source":"cf8c1d44-b710-485f-884e-fd149352508c-attachment.html","type":"text/html"},{"name":"HTTP/1.1 415 ","source":"3377be5d-ff89-496f-95a3-0c0e39ab1f19-attachment.html","type":"text/html"},{"name":"HTTP/1.1 415 ","source":"8ee47153-ba32-403f-a1a1-b3e6d8e294dc-attachment.html","type":"text/html"},{"name":"\uD83D\uDEA8 Step Failure Details","source":"59d680fa-0c4f-4636-8faf-559743333b3e-attachment.txt","type":"text/plain"}],"parameters":[],"start":1752573416570,"stop":1752573416593}],"attachments":[{"name":"Test Execution Summary","source":"afc7a003-bae7-4b0f-8925-e1ea63731c15-attachment.txt","type":"text/plain"}],"parameters":[{"name":"\uD83C\uDFE2 Service","value":"Authentication Service"},{"name":"\uD83D\uDCE1 HTTP Method","value":"POST"},{"name":"\uD83D\uDD17 Endpoint","value":"/api/v1/users/login"},{"name":"✅ Expected Status","value":"200"},{"name":"\uD83D\uDC64 Username","value":"admin"},{"name":"✅ Login Status","value":"SUCCESS"},{"name":"\uD83D\uDD11 Token Obtained","value":"Yes"},{"name":"\uD83C\uDFE2 Service","value":"ts-admin-order-service"},{"name":"\uD83D\uDCE1 HTTP Method","value":"POST"},{"name":"\uD83D\uDD17 Endpoint","value":"/api/v1/adminorderservice/adminorder"},{"name":"✅ Expected Status","value":"200"},{"name":"\uD83D\uDD17 Dependency Type","value":"INDEPENDENT (can execute regardless of other step results)"},{"name":"\uD83D\uDCCA Execution Decision","value":"EXECUTE - All dependencies satisfied"},{"name":"❌ Error Category","value":"❗ Assertion Failed - Unexpected Response"},{"name":"\uD83D\uDCA5 Error Message","value":"1 expectation failed.\nExpected status code <200> but was <415>.\n"},{"name":"\uD83D\uDD0D Exception Type","value":"AssertionError"},{"name":"\uD83D\uDCCA Result","value":"FAILED"},{"name":"\uD83C\uDFE2 Service","value":"ts-order-other-service"},{"name":"\uD83D\uDCE1 HTTP Method","value":"POST"},{"name":"\uD83D\uDD17 Endpoint","value":"/api/v1/orderOtherService/orderOther/admin"},{"name":"✅ Expected Status","value":"200"},{"name":"\uD83D\uDD17 Dependency Type","value":"INDEPENDENT (can execute regardless of other step results)"},{"name":"\uD83D\uDCCA Execution Decision","value":"EXECUTE - All dependencies satisfied"},{"name":"❌ Error Category","value":"❗ Assertion Failed - Unexpected Response"},{"name":"\uD83D\uDCA5 Error Message","value":"1 expectation failed.\nExpected status code <200> but was <415>.\n"},{"name":"\uD83D\uDD0D Exception Type","value":"AssertionError"},{"name":"\uD83D\uDCCA Result","value":"FAILED"}],"start":1752573416399,"stop":1752573416594,"uuid":"8f626408-9cca-489f-b5e1-fdfafd928e5f","historyId":"4b73524ce0f83d04ab98243908b82861","fullName":"trainticket_twostage_test.TrainTicketTwoStageTest_1752572160127.POST_api_v1_adminorderservice_adminorder_21.test_POST_21_4","labels":[{"name":"package","value":"trainticket_twostage_test.TrainTicketTwoStageTest_1752572160127"},{"name":"testClass","value":"trainticket_twostage_test.TrainTicketTwoStageTest_1752572160127.POST_api_v1_adminorderservice_adminorder_21"},{"name":"testMethod","value":"test_POST_21_4"},{"name":"suite","value":"trainticket_twostage_test.TrainTicketTwoStageTest_1752572160127.POST_api_v1_adminorderservice_adminorder_21"},{"name":"host","value":"CSGRAD08"},{"name":"thread","value":"23740@CSGRAD08.main(1)"},{"name":"framework","value":"junit4"},{"name":"language","value":"java"},{"name":"testType","value":"Complete Failure"},{"name":"severity","value":"critical"},{"name":"feature","value":"Microservice Workflow"},{"name":"story","value":"test_POST_21_4"}],"links":[]}