{"name":"test_POST_21_6","status":"failed","statusDetails":{"known":false,"muted":false,"flaky":false,"message":"Scenario FAILED: 2 out of 2 steps failed. In microservice testing, all workflow steps must succeed for end-to-end validation.","trace":"java.lang.AssertionError: Scenario FAILED: 2 out of 2 steps failed. In microservice testing, all workflow steps must succeed for end-to-end validation.\r\n\tat org.junit.Assert.fail(Assert.java:89)\r\n\tat trainticket_twostage_test.TrainTicketTwoStageTest_1752575459253.POST_api_v1_adminorderservice_adminorder_21.test_POST_21_6(Unknown Source)\r\n\tat java.base/jdk.internal.reflect.NativeMethodAccessorImpl.invoke0(Native Method)\r\n\tat java.base/jdk.internal.reflect.NativeMethodAccessorImpl.invoke(NativeMethodAccessorImpl.java:62)\r\n\tat java.base/jdk.internal.reflect.DelegatingMethodAccessorImpl.invoke(DelegatingMethodAccessorImpl.java:43)\r\n\tat java.base/java.lang.reflect.Method.invoke(Method.java:566)\r\n\tat org.junit.runners.model.FrameworkMethod$1.runReflectiveCall(FrameworkMethod.java:59)\r\n\tat org.junit.internal.runners.model.ReflectiveCallable.run(ReflectiveCallable.java:12)\r\n\tat org.junit.runners.model.FrameworkMethod.invokeExplosively(FrameworkMethod.java:56)\r\n\tat org.junit.internal.runners.statements.InvokeMethod.evaluate(InvokeMethod.java:17)\r\n\tat org.junit.runners.ParentRunner$3.evaluate(ParentRunner.java:306)\r\n\tat org.junit.runners.BlockJUnit4ClassRunner$1.evaluate(BlockJUnit4ClassRunner.java:100)\r\n\tat org.junit.runners.ParentRunner.runLeaf(ParentRunner.java:366)\r\n\tat org.junit.runners.BlockJUnit4ClassRunner.runChild(BlockJUnit4ClassRunner.java:103)\r\n\tat org.junit.runners.BlockJUnit4ClassRunner.runChild(BlockJUnit4ClassRunner.java:63)\r\n\tat org.junit.runners.ParentRunner$4.run(ParentRunner.java:331)\r\n\tat org.junit.runners.ParentRunner$1.schedule(ParentRunner.java:79)\r\n\tat org.junit.runners.ParentRunner.runChildren(ParentRunner.java:329)\r\n\tat org.junit.runners.ParentRunner.access$100(ParentRunner.java:66)\r\n\tat org.junit.runners.ParentRunner$2.evaluate(ParentRunner.java:293)\r\n\tat org.junit.internal.runners.statements.RunBefores.evaluate(RunBefores.java:26)\r\n\tat org.junit.runners.ParentRunner$3.evaluate(ParentRunner.java:306)\r\n\tat org.junit.runners.ParentRunner.run(ParentRunner.java:413)\r\n\tat org.junit.runners.Suite.runChild(Suite.java:128)\r\n\tat org.junit.runners.Suite.runChild(Suite.java:27)\r\n\tat org.junit.runners.ParentRunner$4.run(ParentRunner.java:331)\r\n\tat org.junit.runners.ParentRunner$1.schedule(ParentRunner.java:79)\r\n\tat org.junit.runners.ParentRunner.runChildren(ParentRunner.java:329)\r\n\tat org.junit.runners.ParentRunner.access$100(ParentRunner.java:66)\r\n\tat org.junit.runners.ParentRunner$2.evaluate(ParentRunner.java:293)\r\n\tat org.junit.runners.ParentRunner$3.evaluate(ParentRunner.java:306)\r\n\tat org.junit.runners.ParentRunner.run(ParentRunner.java:413)\r\n\tat org.junit.runner.JUnitCore.run(JUnitCore.java:137)\r\n\tat org.junit.runner.JUnitCore.run(JUnitCore.java:115)\r\n\tat org.junit.runner.JUnitCore.run(JUnitCore.java:105)\r\n\tat org.junit.runner.JUnitCore.run(JUnitCore.java:94)\r\n\tat es.us.isa.restest.main.TestGenerationAndExecution.executeGeneratedTestsWithJUnit(TestGenerationAndExecution.java:814)\r\n\tat es.us.isa.restest.main.TestGenerationAndExecution.main(TestGenerationAndExecution.java:198)\r\n"},"stage":"finished","description":"Microservice test scenario with 2 steps. Generated using two-stage LLM + semantic expansion approach.","steps":[{"name":"\uD83D\uDD10 Step 0: Authentication (Login)","status":"passed","stage":"finished","steps":[],"attachments":[{"name":"Request","source":"64a2bcef-1fbb-488d-b925-e05c8293bf9b-attachment.html","type":"text/html"},{"name":"Request","source":"95623951-bb07-40d6-b5c4-b7b2721ff2ea-attachment.html","type":"text/html"},{"name":"Request","source":"e8a12cd8-96bf-47de-a378-8fc54426ddba-attachment.html","type":"text/html"},{"name":"HTTP/1.1 200 ","source":"434fb693-9818-4eb1-9a44-dc9a3df1b5d2-attachment.html","type":"text/html"},{"name":"HTTP/1.1 200 ","source":"efedd606-1d9e-4f57-8c11-9e98fad65f1e-attachment.html","type":"text/html"},{"name":"HTTP/1.1 200 ","source":"ed0582a6-ebad-4ade-9687-6242ca7b5e57-attachment.html","type":"text/html"},{"name":"\uD83D\uDD10 Login Response","source":"c37f36ac-7dae-498f-92d2-2db214781386-attachment.txt","type":"application/json"}],"parameters":[],"start":1752576768739,"stop":1752576768885},{"name":"Step 1: ts-admin-order-service POST /api/v1/adminorderservice/adminorder (expect 200)","status":"passed","stage":"finished","steps":[],"attachments":[{"name":"\uD83D\uDCCB Request Body","source":"660260c3-6df0-4573-a75d-eb85505fdf8d-attachment.txt","type":"application/json"},{"name":"Request","source":"8030a2b1-e8ac-407a-ae4a-e9ee8a8613ad-attachment.html","type":"text/html"},{"name":"Request","source":"97f94049-57a0-4cee-866e-143a42f8fcff-attachment.html","type":"text/html"},{"name":"Request","source":"98d5e762-108a-47c5-a935-b56b9bc7080f-attachment.html","type":"text/html"},{"name":"HTTP/1.1 415 ","source":"832e7c91-71b9-4f35-9df9-5cebfe3d0f6c-attachment.html","type":"text/html"},{"name":"HTTP/1.1 415 ","source":"c072b679-5d1d-4759-947b-e82bd3a251b9-attachment.html","type":"text/html"},{"name":"HTTP/1.1 415 ","source":"de4679fd-cc7f-4705-b85c-e4c5ed5e7b55-attachment.html","type":"text/html"},{"name":"\uD83D\uDEA8 Step Failure Details","source":"912eef5d-8fdb-4ecf-80dd-a535b3547715-attachment.txt","type":"text/plain"}],"parameters":[],"start":1752576768885,"stop":1752576768911},{"name":"Step 2: ts-order-other-service POST /api/v1/orderOtherService/orderOther/admin (expect 200)","status":"passed","stage":"finished","steps":[],"attachments":[{"name":"\uD83D\uDCCB Request Body","source":"e1bc868b-8a22-468d-9434-09429154fa55-attachment.txt","type":"application/json"},{"name":"Request","source":"559db439-6f35-414c-9887-0c750a29f56c-attachment.html","type":"text/html"},{"name":"Request","source":"9c98b8e4-1087-4430-86bc-a1214f21d94f-attachment.html","type":"text/html"},{"name":"Request","source":"6d05525e-16ee-4b31-b354-fe7943cb6fc7-attachment.html","type":"text/html"},{"name":"HTTP/1.1 415 ","source":"30df7bb0-5611-49ab-8604-849d63beaf6f-attachment.html","type":"text/html"},{"name":"HTTP/1.1 415 ","source":"a83c79ab-ae55-4068-bb2a-8423f58ec566-attachment.html","type":"text/html"},{"name":"HTTP/1.1 415 ","source":"57c55434-4fb6-46f9-833b-99afdfa68b59-attachment.html","type":"text/html"},{"name":"\uD83D\uDEA8 Step Failure Details","source":"8ea9ee60-fe23-4759-935a-3208b5f31c46-attachment.txt","type":"text/plain"}],"parameters":[],"start":1752576768912,"stop":1752576768938}],"attachments":[{"name":"Test Execution Summary","source":"66331a99-b971-40f1-850a-1306d0941750-attachment.txt","type":"text/plain"}],"parameters":[{"name":"\uD83C\uDFE2 Service","value":"Authentication Service"},{"name":"\uD83D\uDCE1 HTTP Method","value":"POST"},{"name":"\uD83D\uDD17 Endpoint","value":"/api/v1/users/login"},{"name":"\uD83C\uDFAF Expected Status","value":"200"},{"name":"\uD83D\uDC64 Username","value":"admin"},{"name":"\uD83D\uDEA6 Execution Decision","value":"▶️ EXECUTE - Authentication required"},{"name":"✅ Login Status","value":"SUCCESS"},{"name":"\uD83D\uDD11 Token Obtained","value":"Yes"},{"name":"\uD83D\uDCCA Final Result","value":"✅ SUCCESS"},{"name":"\uD83C\uDFE2 Service","value":"ts-admin-order-service"},{"name":"\uD83D\uDCE1 HTTP Method","value":"POST"},{"name":"\uD83D\uDD17 Endpoint","value":"/api/v1/adminorderservice/adminorder"},{"name":"\uD83C\uDFAF Expected Status","value":"200"},{"name":"\uD83D\uDD17 Dependency Type","value":"INDEPENDENT (can execute regardless of other step results)"},{"name":"\uD83D\uDEA6 Execution Decision","value":"▶️ EXECUTE - All dependencies satisfied"},{"name":"❌ Error Category","value":"❗ Assertion Failed - Unexpected Response"},{"name":"\uD83D\uDCA5 Error Message","value":"1 expectation failed.\nExpected status code <200> but was <415>.\n"},{"name":"\uD83D\uDD0D Exception Type","value":"AssertionError"},{"name":"\uD83D\uDCCA Final Result","value":"❌ FAILED"},{"name":"\uD83C\uDFE2 Service","value":"ts-order-other-service"},{"name":"\uD83D\uDCE1 HTTP Method","value":"POST"},{"name":"\uD83D\uDD17 Endpoint","value":"/api/v1/orderOtherService/orderOther/admin"},{"name":"\uD83C\uDFAF Expected Status","value":"200"},{"name":"\uD83D\uDD17 Dependency Type","value":"INDEPENDENT (can execute regardless of other step results)"},{"name":"\uD83D\uDEA6 Execution Decision","value":"▶️ EXECUTE - All dependencies satisfied"},{"name":"❌ Error Category","value":"❗ Assertion Failed - Unexpected Response"},{"name":"\uD83D\uDCA5 Error Message","value":"1 expectation failed.\nExpected status code <200> but was <415>.\n"},{"name":"\uD83D\uDD0D Exception Type","value":"AssertionError"},{"name":"\uD83D\uDCCA Final Result","value":"❌ FAILED"}],"start":1752576768739,"stop":1752576768939,"uuid":"985f62ad-7e33-42ef-a7c5-813eda06d3e0","historyId":"cf27a98836599742e3c418c938be8d14","fullName":"trainticket_twostage_test.TrainTicketTwoStageTest_1752575459253.POST_api_v1_adminorderservice_adminorder_21.test_POST_21_6","labels":[{"name":"package","value":"trainticket_twostage_test.TrainTicketTwoStageTest_1752575459253"},{"name":"testClass","value":"trainticket_twostage_test.TrainTicketTwoStageTest_1752575459253.POST_api_v1_adminorderservice_adminorder_21"},{"name":"testMethod","value":"test_POST_21_6"},{"name":"suite","value":"trainticket_twostage_test.TrainTicketTwoStageTest_1752575459253.POST_api_v1_adminorderservice_adminorder_21"},{"name":"host","value":"CSGRAD08"},{"name":"thread","value":"49992@CSGRAD08.main(1)"},{"name":"framework","value":"junit4"},{"name":"language","value":"java"},{"name":"testType","value":"Complete Failure"},{"name":"severity","value":"critical"},{"name":"feature","value":"Microservice Workflow"},{"name":"story","value":"test_POST_21_6"}],"links":[]}