{"name":"test_POST_21_7","status":"failed","statusDetails":{"known":false,"muted":false,"flaky":false,"message":"Scenario FAILED: 2 out of 2 steps failed. In microservice testing, all workflow steps must succeed for end-to-end validation.","trace":"java.lang.AssertionError: Scenario FAILED: 2 out of 2 steps failed. In microservice testing, all workflow steps must succeed for end-to-end validation.\r\n\tat org.junit.Assert.fail(Assert.java:89)\r\n\tat trainticket_twostage_test.TrainTicketTwoStageTest_1752575459253.POST_api_v1_adminorderservice_adminorder_21.test_POST_21_7(Unknown Source)\r\n\tat java.base/jdk.internal.reflect.NativeMethodAccessorImpl.invoke0(Native Method)\r\n\tat java.base/jdk.internal.reflect.NativeMethodAccessorImpl.invoke(NativeMethodAccessorImpl.java:62)\r\n\tat java.base/jdk.internal.reflect.DelegatingMethodAccessorImpl.invoke(DelegatingMethodAccessorImpl.java:43)\r\n\tat java.base/java.lang.reflect.Method.invoke(Method.java:566)\r\n\tat org.junit.runners.model.FrameworkMethod$1.runReflectiveCall(FrameworkMethod.java:59)\r\n\tat org.junit.internal.runners.model.ReflectiveCallable.run(ReflectiveCallable.java:12)\r\n\tat org.junit.runners.model.FrameworkMethod.invokeExplosively(FrameworkMethod.java:56)\r\n\tat org.junit.internal.runners.statements.InvokeMethod.evaluate(InvokeMethod.java:17)\r\n\tat org.junit.runners.ParentRunner$3.evaluate(ParentRunner.java:306)\r\n\tat org.junit.runners.BlockJUnit4ClassRunner$1.evaluate(BlockJUnit4ClassRunner.java:100)\r\n\tat org.junit.runners.ParentRunner.runLeaf(ParentRunner.java:366)\r\n\tat org.junit.runners.BlockJUnit4ClassRunner.runChild(BlockJUnit4ClassRunner.java:103)\r\n\tat org.junit.runners.BlockJUnit4ClassRunner.runChild(BlockJUnit4ClassRunner.java:63)\r\n\tat org.junit.runners.ParentRunner$4.run(ParentRunner.java:331)\r\n\tat org.junit.runners.ParentRunner$1.schedule(ParentRunner.java:79)\r\n\tat org.junit.runners.ParentRunner.runChildren(ParentRunner.java:329)\r\n\tat org.junit.runners.ParentRunner.access$100(ParentRunner.java:66)\r\n\tat org.junit.runners.ParentRunner$2.evaluate(ParentRunner.java:293)\r\n\tat org.junit.internal.runners.statements.RunBefores.evaluate(RunBefores.java:26)\r\n\tat org.junit.runners.ParentRunner$3.evaluate(ParentRunner.java:306)\r\n\tat org.junit.runners.ParentRunner.run(ParentRunner.java:413)\r\n\tat org.junit.runners.Suite.runChild(Suite.java:128)\r\n\tat org.junit.runners.Suite.runChild(Suite.java:27)\r\n\tat org.junit.runners.ParentRunner$4.run(ParentRunner.java:331)\r\n\tat org.junit.runners.ParentRunner$1.schedule(ParentRunner.java:79)\r\n\tat org.junit.runners.ParentRunner.runChildren(ParentRunner.java:329)\r\n\tat org.junit.runners.ParentRunner.access$100(ParentRunner.java:66)\r\n\tat org.junit.runners.ParentRunner$2.evaluate(ParentRunner.java:293)\r\n\tat org.junit.runners.ParentRunner$3.evaluate(ParentRunner.java:306)\r\n\tat org.junit.runners.ParentRunner.run(ParentRunner.java:413)\r\n\tat org.junit.runner.JUnitCore.run(JUnitCore.java:137)\r\n\tat org.junit.runner.JUnitCore.run(JUnitCore.java:115)\r\n\tat org.junit.runner.JUnitCore.run(JUnitCore.java:105)\r\n\tat org.junit.runner.JUnitCore.run(JUnitCore.java:94)\r\n\tat es.us.isa.restest.main.TestGenerationAndExecution.executeGeneratedTestsWithJUnit(TestGenerationAndExecution.java:814)\r\n\tat es.us.isa.restest.main.TestGenerationAndExecution.main(TestGenerationAndExecution.java:198)\r\n"},"stage":"finished","description":"Microservice test scenario with 2 steps. Generated using two-stage LLM + semantic expansion approach.","steps":[{"name":"\uD83D\uDD10 Step 0: Authentication (Login)","status":"passed","stage":"finished","steps":[],"attachments":[{"name":"Request","source":"c923d9b0-1cd5-471f-b96a-b707d37b6017-attachment.html","type":"text/html"},{"name":"Request","source":"b355f9c8-9493-46a9-982e-001747c8e4ab-attachment.html","type":"text/html"},{"name":"Request","source":"aabd5d0f-2735-4990-a4da-db929bb29906-attachment.html","type":"text/html"},{"name":"HTTP/1.1 200 ","source":"4049764f-0970-4938-a1fd-b1317f4822e2-attachment.html","type":"text/html"},{"name":"HTTP/1.1 200 ","source":"56a811a1-3ca0-4212-baf8-5c95bfd05c1e-attachment.html","type":"text/html"},{"name":"HTTP/1.1 200 ","source":"6171b8ae-889f-41d1-b119-8c9dc2328239-attachment.html","type":"text/html"},{"name":"\uD83D\uDD10 Login Response","source":"bbc0ca2a-9eca-4d49-813c-ce01108001ef-attachment.txt","type":"application/json"}],"parameters":[],"start":1752576768942,"stop":1752576769089},{"name":"Step 1: ts-admin-order-service POST /api/v1/adminorderservice/adminorder (expect 200)","status":"passed","stage":"finished","steps":[],"attachments":[{"name":"\uD83D\uDCCB Request Body","source":"6f02dd25-a8d4-4355-a412-056e9dcf715d-attachment.txt","type":"application/json"},{"name":"Request","source":"0037d35d-975b-4a3f-9d88-117e83aefa3d-attachment.html","type":"text/html"},{"name":"Request","source":"52cb9690-7b0d-4af1-bc6d-f7424b74105d-attachment.html","type":"text/html"},{"name":"Request","source":"d99c771e-5e4a-4e46-938f-befe03170373-attachment.html","type":"text/html"},{"name":"HTTP/1.1 415 ","source":"7925885f-fd84-4c9b-96fb-4a72cfc1ce6a-attachment.html","type":"text/html"},{"name":"HTTP/1.1 415 ","source":"35f1e256-ddbd-4ef7-99e5-0a2d9a26cd57-attachment.html","type":"text/html"},{"name":"HTTP/1.1 415 ","source":"a61efe9e-0d67-4f0e-b9f0-0daa39485909-attachment.html","type":"text/html"},{"name":"\uD83D\uDEA8 Step Failure Details","source":"67b5558b-0cdd-412b-ae34-88e932ee797e-attachment.txt","type":"text/plain"}],"parameters":[],"start":1752576769089,"stop":1752576769115},{"name":"Step 2: ts-order-other-service POST /api/v1/orderOtherService/orderOther/admin (expect 200)","status":"passed","stage":"finished","steps":[],"attachments":[{"name":"\uD83D\uDCCB Request Body","source":"4f0f64e9-e58c-4969-9078-e04c395c6134-attachment.txt","type":"application/json"},{"name":"Request","source":"a2d24656-b499-453e-8d39-3161c95f9527-attachment.html","type":"text/html"},{"name":"Request","source":"8b007b8e-b5b4-47c3-badc-ebf907e9df23-attachment.html","type":"text/html"},{"name":"Request","source":"72c3d04b-8052-4528-b82b-a6ba3ab85cff-attachment.html","type":"text/html"},{"name":"HTTP/1.1 415 ","source":"b197cb45-7a7e-499e-9b56-53bc76bdc498-attachment.html","type":"text/html"},{"name":"HTTP/1.1 415 ","source":"60684e62-90e8-4bfa-b9eb-ac043d851e48-attachment.html","type":"text/html"},{"name":"HTTP/1.1 415 ","source":"f6d3a4d0-d849-4065-a5a8-25115ae81615-attachment.html","type":"text/html"},{"name":"\uD83D\uDEA8 Step Failure Details","source":"7886186c-d111-461e-8c27-d8c2dccb5679-attachment.txt","type":"text/plain"}],"parameters":[],"start":1752576769115,"stop":1752576769142}],"attachments":[{"name":"Test Execution Summary","source":"cfd131f2-fe49-490f-a2dd-5401c892ba91-attachment.txt","type":"text/plain"}],"parameters":[{"name":"\uD83C\uDFE2 Service","value":"Authentication Service"},{"name":"\uD83D\uDCE1 HTTP Method","value":"POST"},{"name":"\uD83D\uDD17 Endpoint","value":"/api/v1/users/login"},{"name":"\uD83C\uDFAF Expected Status","value":"200"},{"name":"\uD83D\uDC64 Username","value":"admin"},{"name":"\uD83D\uDEA6 Execution Decision","value":"▶️ EXECUTE - Authentication required"},{"name":"✅ Login Status","value":"SUCCESS"},{"name":"\uD83D\uDD11 Token Obtained","value":"Yes"},{"name":"\uD83D\uDCCA Final Result","value":"✅ SUCCESS"},{"name":"\uD83C\uDFE2 Service","value":"ts-admin-order-service"},{"name":"\uD83D\uDCE1 HTTP Method","value":"POST"},{"name":"\uD83D\uDD17 Endpoint","value":"/api/v1/adminorderservice/adminorder"},{"name":"\uD83C\uDFAF Expected Status","value":"200"},{"name":"\uD83D\uDD17 Dependency Type","value":"INDEPENDENT (can execute regardless of other step results)"},{"name":"\uD83D\uDEA6 Execution Decision","value":"▶️ EXECUTE - All dependencies satisfied"},{"name":"❌ Error Category","value":"❗ Assertion Failed - Unexpected Response"},{"name":"\uD83D\uDCA5 Error Message","value":"1 expectation failed.\nExpected status code <200> but was <415>.\n"},{"name":"\uD83D\uDD0D Exception Type","value":"AssertionError"},{"name":"\uD83D\uDCCA Final Result","value":"❌ FAILED"},{"name":"\uD83C\uDFE2 Service","value":"ts-order-other-service"},{"name":"\uD83D\uDCE1 HTTP Method","value":"POST"},{"name":"\uD83D\uDD17 Endpoint","value":"/api/v1/orderOtherService/orderOther/admin"},{"name":"\uD83C\uDFAF Expected Status","value":"200"},{"name":"\uD83D\uDD17 Dependency Type","value":"INDEPENDENT (can execute regardless of other step results)"},{"name":"\uD83D\uDEA6 Execution Decision","value":"▶️ EXECUTE - All dependencies satisfied"},{"name":"❌ Error Category","value":"❗ Assertion Failed - Unexpected Response"},{"name":"\uD83D\uDCA5 Error Message","value":"1 expectation failed.\nExpected status code <200> but was <415>.\n"},{"name":"\uD83D\uDD0D Exception Type","value":"AssertionError"},{"name":"\uD83D\uDCCA Final Result","value":"❌ FAILED"}],"start":1752576768941,"stop":1752576769143,"uuid":"9a2b135a-8f37-42ff-95e2-66cbd504444f","historyId":"779ad41c4f431140c1880379d87d9377","fullName":"trainticket_twostage_test.TrainTicketTwoStageTest_1752575459253.POST_api_v1_adminorderservice_adminorder_21.test_POST_21_7","labels":[{"name":"package","value":"trainticket_twostage_test.TrainTicketTwoStageTest_1752575459253"},{"name":"testClass","value":"trainticket_twostage_test.TrainTicketTwoStageTest_1752575459253.POST_api_v1_adminorderservice_adminorder_21"},{"name":"testMethod","value":"test_POST_21_7"},{"name":"suite","value":"trainticket_twostage_test.TrainTicketTwoStageTest_1752575459253.POST_api_v1_adminorderservice_adminorder_21"},{"name":"host","value":"CSGRAD08"},{"name":"thread","value":"49992@CSGRAD08.main(1)"},{"name":"framework","value":"junit4"},{"name":"language","value":"java"},{"name":"testType","value":"Complete Failure"},{"name":"severity","value":"critical"},{"name":"feature","value":"Microservice Workflow"},{"name":"story","value":"test_POST_21_7"}],"links":[]}