{"name":"test_POST_21_4","status":"failed","statusDetails":{"known":false,"muted":false,"flaky":false,"message":"Scenario FAILED: 2 out of 2 steps failed. In microservice testing, all workflow steps must succeed for end-to-end validation.","trace":"java.lang.AssertionError: Scenario FAILED: 2 out of 2 steps failed. In microservice testing, all workflow steps must succeed for end-to-end validation.\r\n\tat org.junit.Assert.fail(Assert.java:89)\r\n\tat trainticket_twostage_test.TrainTicketTwoStageTest_1752575459253.POST_api_v1_adminorderservice_adminorder_21.test_POST_21_4(Unknown Source)\r\n\tat java.base/jdk.internal.reflect.NativeMethodAccessorImpl.invoke0(Native Method)\r\n\tat java.base/jdk.internal.reflect.NativeMethodAccessorImpl.invoke(NativeMethodAccessorImpl.java:62)\r\n\tat java.base/jdk.internal.reflect.DelegatingMethodAccessorImpl.invoke(DelegatingMethodAccessorImpl.java:43)\r\n\tat java.base/java.lang.reflect.Method.invoke(Method.java:566)\r\n\tat org.junit.runners.model.FrameworkMethod$1.runReflectiveCall(FrameworkMethod.java:59)\r\n\tat org.junit.internal.runners.model.ReflectiveCallable.run(ReflectiveCallable.java:12)\r\n\tat org.junit.runners.model.FrameworkMethod.invokeExplosively(FrameworkMethod.java:56)\r\n\tat org.junit.internal.runners.statements.InvokeMethod.evaluate(InvokeMethod.java:17)\r\n\tat org.junit.runners.ParentRunner$3.evaluate(ParentRunner.java:306)\r\n\tat org.junit.runners.BlockJUnit4ClassRunner$1.evaluate(BlockJUnit4ClassRunner.java:100)\r\n\tat org.junit.runners.ParentRunner.runLeaf(ParentRunner.java:366)\r\n\tat org.junit.runners.BlockJUnit4ClassRunner.runChild(BlockJUnit4ClassRunner.java:103)\r\n\tat org.junit.runners.BlockJUnit4ClassRunner.runChild(BlockJUnit4ClassRunner.java:63)\r\n\tat org.junit.runners.ParentRunner$4.run(ParentRunner.java:331)\r\n\tat org.junit.runners.ParentRunner$1.schedule(ParentRunner.java:79)\r\n\tat org.junit.runners.ParentRunner.runChildren(ParentRunner.java:329)\r\n\tat org.junit.runners.ParentRunner.access$100(ParentRunner.java:66)\r\n\tat org.junit.runners.ParentRunner$2.evaluate(ParentRunner.java:293)\r\n\tat org.junit.internal.runners.statements.RunBefores.evaluate(RunBefores.java:26)\r\n\tat org.junit.runners.ParentRunner$3.evaluate(ParentRunner.java:306)\r\n\tat org.junit.runners.ParentRunner.run(ParentRunner.java:413)\r\n\tat org.junit.runners.Suite.runChild(Suite.java:128)\r\n\tat org.junit.runners.Suite.runChild(Suite.java:27)\r\n\tat org.junit.runners.ParentRunner$4.run(ParentRunner.java:331)\r\n\tat org.junit.runners.ParentRunner$1.schedule(ParentRunner.java:79)\r\n\tat org.junit.runners.ParentRunner.runChildren(ParentRunner.java:329)\r\n\tat org.junit.runners.ParentRunner.access$100(ParentRunner.java:66)\r\n\tat org.junit.runners.ParentRunner$2.evaluate(ParentRunner.java:293)\r\n\tat org.junit.runners.ParentRunner$3.evaluate(ParentRunner.java:306)\r\n\tat org.junit.runners.ParentRunner.run(ParentRunner.java:413)\r\n\tat org.junit.runner.JUnitCore.run(JUnitCore.java:137)\r\n\tat org.junit.runner.JUnitCore.run(JUnitCore.java:115)\r\n\tat org.junit.runner.JUnitCore.run(JUnitCore.java:105)\r\n\tat org.junit.runner.JUnitCore.run(JUnitCore.java:94)\r\n\tat es.us.isa.restest.main.TestGenerationAndExecution.executeGeneratedTestsWithJUnit(TestGenerationAndExecution.java:814)\r\n\tat es.us.isa.restest.main.TestGenerationAndExecution.main(TestGenerationAndExecution.java:198)\r\n"},"stage":"finished","description":"Microservice test scenario with 2 steps. Generated using two-stage LLM + semantic expansion approach.","steps":[{"name":"\uD83D\uDD10 Step 0: Authentication (Login)","status":"passed","stage":"finished","steps":[],"attachments":[{"name":"Request","source":"5b8a3fa8-2d14-4463-9371-bf4ceaa63dad-attachment.html","type":"text/html"},{"name":"Request","source":"bff6d8a7-288a-45c3-881c-c5da0eaf8833-attachment.html","type":"text/html"},{"name":"Request","source":"32fc596c-5e30-4e98-8546-ce0d7918b96f-attachment.html","type":"text/html"},{"name":"HTTP/1.1 200 ","source":"1202ac75-ae2a-423b-9a39-a8a63cdb4d99-attachment.html","type":"text/html"},{"name":"HTTP/1.1 200 ","source":"4343bfcd-5765-46ee-9b25-ebcd2ca1bdf1-attachment.html","type":"text/html"},{"name":"HTTP/1.1 200 ","source":"72ed14af-dba0-41fe-aa99-5a3fd0719729-attachment.html","type":"text/html"},{"name":"\uD83D\uDD10 Login Response","source":"80934058-fb9d-42e5-9071-b1dea8fce1f3-attachment.txt","type":"application/json"}],"parameters":[],"start":1752576768338,"stop":1752576768491},{"name":"Step 1: ts-admin-order-service POST /api/v1/adminorderservice/adminorder (expect 200)","status":"passed","stage":"finished","steps":[],"attachments":[{"name":"\uD83D\uDCCB Request Body","source":"e8909264-3aa3-4357-a315-b596f592cf43-attachment.txt","type":"application/json"},{"name":"Request","source":"3067da67-1a68-473c-ae3c-5faaf652bccf-attachment.html","type":"text/html"},{"name":"Request","source":"23efff4a-3368-45d0-9eda-80d6875d000a-attachment.html","type":"text/html"},{"name":"Request","source":"b51f9bef-52b4-40ce-ba22-ff8e6f6fe77e-attachment.html","type":"text/html"},{"name":"HTTP/1.1 415 ","source":"56d754ef-6a16-40c5-adf2-a2db65611825-attachment.html","type":"text/html"},{"name":"HTTP/1.1 415 ","source":"63611f9d-99bb-46ea-b683-53b5718ad356-attachment.html","type":"text/html"},{"name":"HTTP/1.1 415 ","source":"a57865a2-07cb-46e0-bf2a-dfc59427b786-attachment.html","type":"text/html"},{"name":"\uD83D\uDEA8 Step Failure Details","source":"8ed9eff8-9f55-4d10-8da5-11e6b3f8a812-attachment.txt","type":"text/plain"}],"parameters":[],"start":1752576768491,"stop":1752576768516},{"name":"Step 2: ts-order-other-service POST /api/v1/orderOtherService/orderOther/admin (expect 200)","status":"passed","stage":"finished","steps":[],"attachments":[{"name":"\uD83D\uDCCB Request Body","source":"eb9e1c4e-2bbb-4b79-857f-2771e4f3a34b-attachment.txt","type":"application/json"},{"name":"Request","source":"7abd23a0-b8ab-4c0c-8a4a-a11b2aedae1b-attachment.html","type":"text/html"},{"name":"Request","source":"477652f9-fbc4-45da-b82b-191351d0814e-attachment.html","type":"text/html"},{"name":"Request","source":"0211d9be-c472-445b-ac18-aa4d0911aabe-attachment.html","type":"text/html"},{"name":"HTTP/1.1 415 ","source":"800db9ae-3c04-4e7c-91e1-c41350fb9fd7-attachment.html","type":"text/html"},{"name":"HTTP/1.1 415 ","source":"0360fc13-f94d-4bdd-a635-cdb9ced47eb0-attachment.html","type":"text/html"},{"name":"HTTP/1.1 415 ","source":"0d478666-01e4-4cea-8c3b-6b028a8d0dc1-attachment.html","type":"text/html"},{"name":"\uD83D\uDEA8 Step Failure Details","source":"bdab56b7-a704-4260-bfe3-56f9cc1164ba-attachment.txt","type":"text/plain"}],"parameters":[],"start":1752576768516,"stop":1752576768541}],"attachments":[{"name":"Test Execution Summary","source":"0d9e0740-6351-4341-b9d9-36901c07265e-attachment.txt","type":"text/plain"}],"parameters":[{"name":"\uD83C\uDFE2 Service","value":"Authentication Service"},{"name":"\uD83D\uDCE1 HTTP Method","value":"POST"},{"name":"\uD83D\uDD17 Endpoint","value":"/api/v1/users/login"},{"name":"\uD83C\uDFAF Expected Status","value":"200"},{"name":"\uD83D\uDC64 Username","value":"admin"},{"name":"\uD83D\uDEA6 Execution Decision","value":"▶️ EXECUTE - Authentication required"},{"name":"✅ Login Status","value":"SUCCESS"},{"name":"\uD83D\uDD11 Token Obtained","value":"Yes"},{"name":"\uD83D\uDCCA Final Result","value":"✅ SUCCESS"},{"name":"\uD83C\uDFE2 Service","value":"ts-admin-order-service"},{"name":"\uD83D\uDCE1 HTTP Method","value":"POST"},{"name":"\uD83D\uDD17 Endpoint","value":"/api/v1/adminorderservice/adminorder"},{"name":"\uD83C\uDFAF Expected Status","value":"200"},{"name":"\uD83D\uDD17 Dependency Type","value":"INDEPENDENT (can execute regardless of other step results)"},{"name":"\uD83D\uDEA6 Execution Decision","value":"▶️ EXECUTE - All dependencies satisfied"},{"name":"❌ Error Category","value":"❗ Assertion Failed - Unexpected Response"},{"name":"\uD83D\uDCA5 Error Message","value":"1 expectation failed.\nExpected status code <200> but was <415>.\n"},{"name":"\uD83D\uDD0D Exception Type","value":"AssertionError"},{"name":"\uD83D\uDCCA Final Result","value":"❌ FAILED"},{"name":"\uD83C\uDFE2 Service","value":"ts-order-other-service"},{"name":"\uD83D\uDCE1 HTTP Method","value":"POST"},{"name":"\uD83D\uDD17 Endpoint","value":"/api/v1/orderOtherService/orderOther/admin"},{"name":"\uD83C\uDFAF Expected Status","value":"200"},{"name":"\uD83D\uDD17 Dependency Type","value":"INDEPENDENT (can execute regardless of other step results)"},{"name":"\uD83D\uDEA6 Execution Decision","value":"▶️ EXECUTE - All dependencies satisfied"},{"name":"❌ Error Category","value":"❗ Assertion Failed - Unexpected Response"},{"name":"\uD83D\uDCA5 Error Message","value":"1 expectation failed.\nExpected status code <200> but was <415>.\n"},{"name":"\uD83D\uDD0D Exception Type","value":"AssertionError"},{"name":"\uD83D\uDCCA Final Result","value":"❌ FAILED"}],"start":1752576768337,"stop":1752576768542,"uuid":"dbcc550b-65d1-4571-b6b9-93d0dcaf67b5","historyId":"dcf0dd9887b85d69e920949913010fd4","fullName":"trainticket_twostage_test.TrainTicketTwoStageTest_1752575459253.POST_api_v1_adminorderservice_adminorder_21.test_POST_21_4","labels":[{"name":"package","value":"trainticket_twostage_test.TrainTicketTwoStageTest_1752575459253"},{"name":"testClass","value":"trainticket_twostage_test.TrainTicketTwoStageTest_1752575459253.POST_api_v1_adminorderservice_adminorder_21"},{"name":"testMethod","value":"test_POST_21_4"},{"name":"suite","value":"trainticket_twostage_test.TrainTicketTwoStageTest_1752575459253.POST_api_v1_adminorderservice_adminorder_21"},{"name":"host","value":"CSGRAD08"},{"name":"thread","value":"49992@CSGRAD08.main(1)"},{"name":"framework","value":"junit4"},{"name":"language","value":"java"},{"name":"testType","value":"Complete Failure"},{"name":"severity","value":"critical"},{"name":"feature","value":"Microservice Workflow"},{"name":"story","value":"test_POST_21_4"}],"links":[]}