{"name":"test_POST_31_4","status":"broken","statusDetails":{"known":false,"muted":false,"flaky":false,"message":"Step failed: 1 expectation failed.\nExpected status code <200> but was <500>.\n","trace":"java.lang.RuntimeException: Step failed: 1 expectation failed.\nExpected status code <200> but was <500>.\n\r\n\tat trainticket_twostage_test.TrainTicketTwoStageTest_1752559667288.POST_api_v1_adminbasicservice_adminbasic_prices_31.lambda$test_POST_31_4$22(POST_api_v1_adminbasicservice_adminbasic_prices_31.java:974)\r\n\tat io.qameta.allure.Allure.lambda$step$0(Allure.java:113)\r\n\tat io.qameta.allure.Allure.lambda$step$1(Allure.java:127)\r\n\tat io.qameta.allure.Allure.step(Allure.java:181)\r\n\tat io.qameta.allure.Allure.step(Allure.java:125)\r\n\tat io.qameta.allure.Allure.step(Allure.java:112)\r\n\tat trainticket_twostage_test.TrainTicketTwoStageTest_1752559667288.POST_api_v1_adminbasicservice_adminbasic_prices_31.test_POST_31_4(POST_api_v1_adminbasicservice_adminbasic_prices_31.java:899)\r\n\tat java.base/jdk.internal.reflect.NativeMethodAccessorImpl.invoke0(Native Method)\r\n\tat java.base/jdk.internal.reflect.NativeMethodAccessorImpl.invoke(NativeMethodAccessorImpl.java:62)\r\n\tat java.base/jdk.internal.reflect.DelegatingMethodAccessorImpl.invoke(DelegatingMethodAccessorImpl.java:43)\r\n\tat java.base/java.lang.reflect.Method.invoke(Method.java:566)\r\n\tat org.junit.runners.model.FrameworkMethod$1.runReflectiveCall(FrameworkMethod.java:59)\r\n\tat org.junit.internal.runners.model.ReflectiveCallable.run(ReflectiveCallable.java:12)\r\n\tat org.junit.runners.model.FrameworkMethod.invokeExplosively(FrameworkMethod.java:56)\r\n\tat org.junit.internal.runners.statements.InvokeMethod.evaluate(InvokeMethod.java:17)\r\n\tat org.junit.runners.ParentRunner$3.evaluate(ParentRunner.java:306)\r\n\tat org.junit.runners.BlockJUnit4ClassRunner$1.evaluate(BlockJUnit4ClassRunner.java:100)\r\n\tat org.junit.runners.ParentRunner.runLeaf(ParentRunner.java:366)\r\n\tat org.junit.runners.BlockJUnit4ClassRunner.runChild(BlockJUnit4ClassRunner.java:103)\r\n\tat org.junit.runners.BlockJUnit4ClassRunner.runChild(BlockJUnit4ClassRunner.java:63)\r\n\tat org.junit.runners.ParentRunner$4.run(ParentRunner.java:331)\r\n\tat org.junit.runners.ParentRunner$1.schedule(ParentRunner.java:79)\r\n\tat org.junit.runners.ParentRunner.runChildren(ParentRunner.java:329)\r\n\tat org.junit.runners.ParentRunner.access$100(ParentRunner.java:66)\r\n\tat org.junit.runners.ParentRunner$2.evaluate(ParentRunner.java:293)\r\n\tat org.junit.internal.runners.statements.RunBefores.evaluate(RunBefores.java:26)\r\n\tat org.junit.runners.ParentRunner$3.evaluate(ParentRunner.java:306)\r\n\tat org.junit.runners.ParentRunner.run(ParentRunner.java:413)\r\n\tat org.junit.runners.Suite.runChild(Suite.java:128)\r\n\tat org.junit.runners.Suite.runChild(Suite.java:27)\r\n\tat org.junit.runners.ParentRunner$4.run(ParentRunner.java:331)\r\n\tat org.junit.runners.ParentRunner$1.schedule(ParentRunner.java:79)\r\n\tat org.junit.runners.ParentRunner.runChildren(ParentRunner.java:329)\r\n\tat org.junit.runners.ParentRunner.access$100(ParentRunner.java:66)\r\n\tat org.junit.runners.ParentRunner$2.evaluate(ParentRunner.java:293)\r\n\tat org.junit.runners.ParentRunner$3.evaluate(ParentRunner.java:306)\r\n\tat org.junit.runners.ParentRunner.run(ParentRunner.java:413)\r\n\tat org.junit.runner.JUnitCore.run(JUnitCore.java:137)\r\n\tat org.junit.runner.JUnitCore.run(JUnitCore.java:115)\r\n\tat org.junit.runner.JUnitCore.run(JUnitCore.java:105)\r\n\tat org.junit.runner.JUnitCore.run(JUnitCore.java:94)\r\n\tat es.us.isa.restest.main.TestGenerationAndExecution.executeGeneratedTestsWithJUnit(TestGenerationAndExecution.java:794)\r\n\tat es.us.isa.restest.main.TestGenerationAndExecution.main(TestGenerationAndExecution.java:191)\r\nCaused by: java.lang.AssertionError: 1 expectation failed.\nExpected status code <200> but was <500>.\n\r\n\tat java.base/jdk.internal.reflect.NativeConstructorAccessorImpl.newInstance0(Native Method)\r\n\tat java.base/jdk.internal.reflect.NativeConstructorAccessorImpl.newInstance(NativeConstructorAccessorImpl.java:62)\r\n\tat java.base/jdk.internal.reflect.DelegatingConstructorAccessorImpl.newInstance(DelegatingConstructorAccessorImpl.java:45)\r\n\tat java.base/java.lang.reflect.Constructor.newInstance(Constructor.java:490)\r\n\tat org.codehaus.groovy.reflection.CachedConstructor.invoke(CachedConstructor.java:80)\r\n\tat org.codehaus.groovy.reflection.CachedConstructor.doConstructorInvoke(CachedConstructor.java:74)\r\n\tat org.codehaus.groovy.runtime.callsite.ConstructorSite$ConstructorSiteNoUnwrap.callConstructor(ConstructorSite.java:84)\r\n\tat org.codehaus.groovy.runtime.callsite.AbstractCallSite.callConstructor(AbstractCallSite.java:249)\r\n\tat io.restassured.internal.ResponseSpecificationImpl$HamcrestAssertionClosure.validate(ResponseSpecificationImpl.groovy:493)\r\n\tat io.restassured.internal.ResponseSpecificationImpl$HamcrestAssertionClosure$validate$1.call(Unknown Source)\r\n\tat io.restassured.internal.ResponseSpecificationImpl.validateResponseIfRequired(ResponseSpecificationImpl.groovy:674)\r\n\tat jdk.internal.reflect.GeneratedMethodAccessor167.invoke(Unknown Source)\r\n\tat java.base/jdk.internal.reflect.DelegatingMethodAccessorImpl.invoke(DelegatingMethodAccessorImpl.java:43)\r\n\tat java.base/java.lang.reflect.Method.invoke(Method.java:566)\r\n\tat org.codehaus.groovy.runtime.callsite.PlainObjectMetaMethodSite.doInvoke(PlainObjectMetaMethodSite.java:43)\r\n\tat org.codehaus.groovy.runtime.callsite.PogoMetaMethodSite$PogoCachedMethodSiteNoUnwrapNoCoerce.invoke(PogoMetaMethodSite.java:190)\r\n\tat org.codehaus.groovy.runtime.callsite.PogoMetaMethodSite.callCurrent(PogoMetaMethodSite.java:58)\r\n\tat org.codehaus.groovy.runtime.callsite.AbstractCallSite.callCurrent(AbstractCallSite.java:168)\r\n\tat io.restassured.internal.ResponseSpecificationImpl.statusCode(ResponseSpecificationImpl.groovy:126)\r\n\tat io.restassured.specification.ResponseSpecification$statusCode$0.callCurrent(Unknown Source)\r\n\tat io.restassured.internal.ResponseSpecificationImpl.statusCode(ResponseSpecificationImpl.groovy:134)\r\n\tat io.restassured.internal.ValidatableResponseOptionsImpl.statusCode(ValidatableResponseOptionsImpl.java:89)\r\n\tat io.restassured.internal.ValidatableResponseImpl.super$2$statusCode(ValidatableResponseImpl.groovy)\r\n\tat jdk.internal.reflect.GeneratedMethodAccessor166.invoke(Unknown Source)\r\n\tat java.base/jdk.internal.reflect.DelegatingMethodAccessorImpl.invoke(DelegatingMethodAccessorImpl.java:43)\r\n\tat java.base/java.lang.reflect.Method.invoke(Method.java:566)\r\n\tat org.codehaus.groovy.reflection.CachedMethod.invoke(CachedMethod.java:101)\r\n\tat groovy.lang.MetaMethod.doMethodInvoke(MetaMethod.java:323)\r\n\tat groovy.lang.MetaClassImpl.invokeMethod(MetaClassImpl.java:1217)\r\n\tat org.codehaus.groovy.runtime.ScriptBytecodeAdapter.invokeMethodOnSuperN(ScriptBytecodeAdapter.java:144)\r\n\tat io.restassured.internal.ValidatableResponseImpl.statusCode(ValidatableResponseImpl.groovy:142)\r\n\tat io.restassured.internal.ValidatableResponseImpl.statusCode(ValidatableResponseImpl.groovy)\r\n\tat trainticket_twostage_test.TrainTicketTwoStageTest_1752559667288.POST_api_v1_adminbasicservice_adminbasic_prices_31.lambda$test_POST_31_4$22(POST_api_v1_adminbasicservice_adminbasic_prices_31.java:918)\r\n\t... 42 more\r\n"},"stage":"finished","description":"\uD83C\uDFAF **Testing**: ts-admin-basic-info-service\n\uD83D\uDCE1 **Method**: POST\n\uD83D\uDD17 **Path**: /api/v1/adminbasicservice/adminbasic/prices\n✅ **Expected**: 200","steps":[{"name":"Login","status":"passed","stage":"finished","steps":[],"attachments":[{"name":"Request","source":"6e58bdc3-8aeb-4538-9a66-aa4bfc345871-attachment.html","type":"text/html"},{"name":"Request","source":"21e33ec0-7138-44c9-8349-4cb31a0d264c-attachment.html","type":"text/html"},{"name":"HTTP/1.1 200 ","source":"04307e5c-0f53-47fe-b211-2cc8ad785705-attachment.html","type":"text/html"},{"name":"HTTP/1.1 200 ","source":"62f24e35-5544-49ed-ac5f-c3d8de32d0f5-attachment.html","type":"text/html"}],"parameters":[],"start":1752560924694,"stop":1752560924831},{"name":"Step 1: ts-admin-basic-info-service POST /api/v1/adminbasicservice/adminbasic/prices (expect 200)","status":"broken","statusDetails":{"known":false,"muted":false,"flaky":false,"message":"Step failed: 1 expectation failed.\nExpected status code <200> but was <500>.\n","trace":"java.lang.RuntimeException: Step failed: 1 expectation failed.\nExpected status code <200> but was <500>.\n\r\n\tat trainticket_twostage_test.TrainTicketTwoStageTest_1752559667288.POST_api_v1_adminbasicservice_adminbasic_prices_31.lambda$test_POST_31_4$22(POST_api_v1_adminbasicservice_adminbasic_prices_31.java:974)\r\n\tat io.qameta.allure.Allure.lambda$step$0(Allure.java:113)\r\n\tat io.qameta.allure.Allure.lambda$step$1(Allure.java:127)\r\n\tat io.qameta.allure.Allure.step(Allure.java:181)\r\n\tat io.qameta.allure.Allure.step(Allure.java:125)\r\n\tat io.qameta.allure.Allure.step(Allure.java:112)\r\n\tat trainticket_twostage_test.TrainTicketTwoStageTest_1752559667288.POST_api_v1_adminbasicservice_adminbasic_prices_31.test_POST_31_4(POST_api_v1_adminbasicservice_adminbasic_prices_31.java:899)\r\n\tat java.base/jdk.internal.reflect.NativeMethodAccessorImpl.invoke0(Native Method)\r\n\tat java.base/jdk.internal.reflect.NativeMethodAccessorImpl.invoke(NativeMethodAccessorImpl.java:62)\r\n\tat java.base/jdk.internal.reflect.DelegatingMethodAccessorImpl.invoke(DelegatingMethodAccessorImpl.java:43)\r\n\tat java.base/java.lang.reflect.Method.invoke(Method.java:566)\r\n\tat org.junit.runners.model.FrameworkMethod$1.runReflectiveCall(FrameworkMethod.java:59)\r\n\tat org.junit.internal.runners.model.ReflectiveCallable.run(ReflectiveCallable.java:12)\r\n\tat org.junit.runners.model.FrameworkMethod.invokeExplosively(FrameworkMethod.java:56)\r\n\tat org.junit.internal.runners.statements.InvokeMethod.evaluate(InvokeMethod.java:17)\r\n\tat org.junit.runners.ParentRunner$3.evaluate(ParentRunner.java:306)\r\n\tat org.junit.runners.BlockJUnit4ClassRunner$1.evaluate(BlockJUnit4ClassRunner.java:100)\r\n\tat org.junit.runners.ParentRunner.runLeaf(ParentRunner.java:366)\r\n\tat org.junit.runners.BlockJUnit4ClassRunner.runChild(BlockJUnit4ClassRunner.java:103)\r\n\tat org.junit.runners.BlockJUnit4ClassRunner.runChild(BlockJUnit4ClassRunner.java:63)\r\n\tat org.junit.runners.ParentRunner$4.run(ParentRunner.java:331)\r\n\tat org.junit.runners.ParentRunner$1.schedule(ParentRunner.java:79)\r\n\tat org.junit.runners.ParentRunner.runChildren(ParentRunner.java:329)\r\n\tat org.junit.runners.ParentRunner.access$100(ParentRunner.java:66)\r\n\tat org.junit.runners.ParentRunner$2.evaluate(ParentRunner.java:293)\r\n\tat org.junit.internal.runners.statements.RunBefores.evaluate(RunBefores.java:26)\r\n\tat org.junit.runners.ParentRunner$3.evaluate(ParentRunner.java:306)\r\n\tat org.junit.runners.ParentRunner.run(ParentRunner.java:413)\r\n\tat org.junit.runners.Suite.runChild(Suite.java:128)\r\n\tat org.junit.runners.Suite.runChild(Suite.java:27)\r\n\tat org.junit.runners.ParentRunner$4.run(ParentRunner.java:331)\r\n\tat org.junit.runners.ParentRunner$1.schedule(ParentRunner.java:79)\r\n\tat org.junit.runners.ParentRunner.runChildren(ParentRunner.java:329)\r\n\tat org.junit.runners.ParentRunner.access$100(ParentRunner.java:66)\r\n\tat org.junit.runners.ParentRunner$2.evaluate(ParentRunner.java:293)\r\n\tat org.junit.runners.ParentRunner$3.evaluate(ParentRunner.java:306)\r\n\tat org.junit.runners.ParentRunner.run(ParentRunner.java:413)\r\n\tat org.junit.runner.JUnitCore.run(JUnitCore.java:137)\r\n\tat org.junit.runner.JUnitCore.run(JUnitCore.java:115)\r\n\tat org.junit.runner.JUnitCore.run(JUnitCore.java:105)\r\n\tat org.junit.runner.JUnitCore.run(JUnitCore.java:94)\r\n\tat es.us.isa.restest.main.TestGenerationAndExecution.executeGeneratedTestsWithJUnit(TestGenerationAndExecution.java:794)\r\n\tat es.us.isa.restest.main.TestGenerationAndExecution.main(TestGenerationAndExecution.java:191)\r\nCaused by: java.lang.AssertionError: 1 expectation failed.\nExpected status code <200> but was <500>.\n\r\n\tat java.base/jdk.internal.reflect.NativeConstructorAccessorImpl.newInstance0(Native Method)\r\n\tat java.base/jdk.internal.reflect.NativeConstructorAccessorImpl.newInstance(NativeConstructorAccessorImpl.java:62)\r\n\tat java.base/jdk.internal.reflect.DelegatingConstructorAccessorImpl.newInstance(DelegatingConstructorAccessorImpl.java:45)\r\n\tat java.base/java.lang.reflect.Constructor.newInstance(Constructor.java:490)\r\n\tat org.codehaus.groovy.reflection.CachedConstructor.invoke(CachedConstructor.java:80)\r\n\tat org.codehaus.groovy.reflection.CachedConstructor.doConstructorInvoke(CachedConstructor.java:74)\r\n\tat org.codehaus.groovy.runtime.callsite.ConstructorSite$ConstructorSiteNoUnwrap.callConstructor(ConstructorSite.java:84)\r\n\tat org.codehaus.groovy.runtime.callsite.AbstractCallSite.callConstructor(AbstractCallSite.java:249)\r\n\tat io.restassured.internal.ResponseSpecificationImpl$HamcrestAssertionClosure.validate(ResponseSpecificationImpl.groovy:493)\r\n\tat io.restassured.internal.ResponseSpecificationImpl$HamcrestAssertionClosure$validate$1.call(Unknown Source)\r\n\tat io.restassured.internal.ResponseSpecificationImpl.validateResponseIfRequired(ResponseSpecificationImpl.groovy:674)\r\n\tat jdk.internal.reflect.GeneratedMethodAccessor167.invoke(Unknown Source)\r\n\tat java.base/jdk.internal.reflect.DelegatingMethodAccessorImpl.invoke(DelegatingMethodAccessorImpl.java:43)\r\n\tat java.base/java.lang.reflect.Method.invoke(Method.java:566)\r\n\tat org.codehaus.groovy.runtime.callsite.PlainObjectMetaMethodSite.doInvoke(PlainObjectMetaMethodSite.java:43)\r\n\tat org.codehaus.groovy.runtime.callsite.PogoMetaMethodSite$PogoCachedMethodSiteNoUnwrapNoCoerce.invoke(PogoMetaMethodSite.java:190)\r\n\tat org.codehaus.groovy.runtime.callsite.PogoMetaMethodSite.callCurrent(PogoMetaMethodSite.java:58)\r\n\tat org.codehaus.groovy.runtime.callsite.AbstractCallSite.callCurrent(AbstractCallSite.java:168)\r\n\tat io.restassured.internal.ResponseSpecificationImpl.statusCode(ResponseSpecificationImpl.groovy:126)\r\n\tat io.restassured.specification.ResponseSpecification$statusCode$0.callCurrent(Unknown Source)\r\n\tat io.restassured.internal.ResponseSpecificationImpl.statusCode(ResponseSpecificationImpl.groovy:134)\r\n\tat io.restassured.internal.ValidatableResponseOptionsImpl.statusCode(ValidatableResponseOptionsImpl.java:89)\r\n\tat io.restassured.internal.ValidatableResponseImpl.super$2$statusCode(ValidatableResponseImpl.groovy)\r\n\tat jdk.internal.reflect.GeneratedMethodAccessor166.invoke(Unknown Source)\r\n\tat java.base/jdk.internal.reflect.DelegatingMethodAccessorImpl.invoke(DelegatingMethodAccessorImpl.java:43)\r\n\tat java.base/java.lang.reflect.Method.invoke(Method.java:566)\r\n\tat org.codehaus.groovy.reflection.CachedMethod.invoke(CachedMethod.java:101)\r\n\tat groovy.lang.MetaMethod.doMethodInvoke(MetaMethod.java:323)\r\n\tat groovy.lang.MetaClassImpl.invokeMethod(MetaClassImpl.java:1217)\r\n\tat org.codehaus.groovy.runtime.ScriptBytecodeAdapter.invokeMethodOnSuperN(ScriptBytecodeAdapter.java:144)\r\n\tat io.restassured.internal.ValidatableResponseImpl.statusCode(ValidatableResponseImpl.groovy:142)\r\n\tat io.restassured.internal.ValidatableResponseImpl.statusCode(ValidatableResponseImpl.groovy)\r\n\tat trainticket_twostage_test.TrainTicketTwoStageTest_1752559667288.POST_api_v1_adminbasicservice_adminbasic_prices_31.lambda$test_POST_31_4$22(POST_api_v1_adminbasicservice_adminbasic_prices_31.java:918)\r\n\t... 42 more\r\n"},"stage":"finished","steps":[],"attachments":[{"name":"\uD83D\uDCCB Request Body","source":"d4aac0e3-3d12-4daa-9e85-2caab8063218-attachment.txt","type":"application/json"},{"name":"Request","source":"bed3b29e-0067-428e-b869-546387ce5791-attachment.html","type":"text/html"},{"name":"Request","source":"8f55fb9e-1d30-43d3-8b30-2400eda82ba3-attachment.html","type":"text/html"},{"name":"HTTP/1.1 500 ","source":"0ecf16a2-5d61-4f02-a01e-bdc8336cd1a1-attachment.html","type":"text/html"},{"name":"HTTP/1.1 500 ","source":"29e202e1-14e5-43ee-93cc-33e174bf0524-attachment.html","type":"text/html"},{"name":"\uD83D\uDEA8 Step Failure Details","source":"bd09d582-9b9d-4e4e-a0f4-e56a40ab6cee-attachment.txt","type":"text/plain"}],"parameters":[],"start":1752560924831,"stop":1752560924885}],"attachments":[],"parameters":[{"name":"\uD83C\uDFE2 Service","value":"ts-admin-basic-info-service"},{"name":"\uD83D\uDCE1 HTTP Method","value":"POST"},{"name":"\uD83D\uDD17 Endpoint","value":"/api/v1/adminbasicservice/adminbasic/prices"},{"name":"✅ Expected Status","value":"200"},{"name":"❌ Error Category","value":"❗ Assertion Failed - Unexpected Response"},{"name":"\uD83D\uDCA5 Error Message","value":"1 expectation failed.\nExpected status code <200> but was <500>.\n"},{"name":"\uD83D\uDD0D Exception Type","value":"AssertionError"}],"start":1752560924694,"stop":1752560924885,"uuid":"e36268e3-bacc-4e59-b0a6-e62b1e28c1a4","historyId":"7cd9fc6652ff1789a9bc0baa67d9dd7f","fullName":"trainticket_twostage_test.TrainTicketTwoStageTest_1752559667288.POST_api_v1_adminbasicservice_adminbasic_prices_31.test_POST_31_4","labels":[{"name":"package","value":"trainticket_twostage_test.TrainTicketTwoStageTest_1752559667288"},{"name":"testClass","value":"trainticket_twostage_test.TrainTicketTwoStageTest_1752559667288.POST_api_v1_adminbasicservice_adminbasic_prices_31"},{"name":"testMethod","value":"test_POST_31_4"},{"name":"suite","value":"trainticket_twostage_test.TrainTicketTwoStageTest_1752559667288.POST_api_v1_adminbasicservice_adminbasic_prices_31"},{"name":"host","value":"CSGRAD08"},{"name":"thread","value":"10852@CSGRAD08.main(1)"},{"name":"framework","value":"junit4"},{"name":"language","value":"java"}],"links":[]}